<?xml version="1.0" encoding="UTF-8"?>
<robot generator="Robot 4.0 (Python 3.8.5 on linux)" generated="20210524 19:54:39.186" rpa="false" schemaversion="2">
<suite id="s1" name="Remove" source="/home/edson/workspace/courses/qa_ninja/robot_framework/bodytest/tests/plans/remove.robot">
<test id="s1-t1" name="Cenario: Desistir da exclusão">
<kw name="Start Admin Session" library="base" type="SETUP">
<kw name="Start Browser Session" library="base">
<kw name="New Browser" library="Browser">
<arg>chromium</arg>
<arg>true</arg>
<tag>BrowserControl</tag>
<tag>Setter</tag>
<doc>Create a new playwright Browser with specified options.
See `Browser, Context and Page` for more information about Browser and related concepts.</doc>
<msg timestamp="20210524 19:54:39.997" level="INFO">{"browser": "chromium", "headless": true, "handleSIGINT": true, "handleSIGTERM": true, "handleSIGHUP": true, "timeout": 30000.0, "devtools": false, "slowMo": 0.0}</msg>
<msg timestamp="20210524 19:54:40.180" level="INFO">Successfully created browser with options: {"browser":"chromium","headless":true,"handleSIGINT":true,"handleSIGTERM":true,"handleSIGHUP":true,"timeout":30000,"devtools":false,"slowMo":0}</msg>
<status status="PASS" starttime="20210524 19:54:39.996" endtime="20210524 19:54:40.181"/>
</kw>
<kw name="New Page" library="Browser">
<arg>about:blank</arg>
<tag>BrowserControl</tag>
<tag>Setter</tag>
<doc>Open a new Page. A Page is the Playwright equivalent to a tab.
See `Browser, Context and Page` for more information about Page concept.
Returns a stable identifier for the created page.</doc>
<msg timestamp="20210524 19:54:40.287" level="INFO">Successfully initialized new page object and opened url: about:blank</msg>
<status status="PASS" starttime="20210524 19:54:40.181" endtime="20210524 19:54:40.287"/>
</kw>
<status status="PASS" starttime="20210524 19:54:39.995" endtime="20210524 19:54:40.288"/>
</kw>
<kw name="Go To Login Pages" library="auth">
<kw name="Go To" library="Browser">
<arg>https://theotokus-bodytest-web.herokuapp.com/</arg>
<tag>BrowserControl</tag>
<tag>Setter</tag>
<doc>Navigates to the given ``url``.</doc>
<msg timestamp="20210524 19:54:42.319" level="INFO">Succesfully opened URL https://theotokus-bodytest-web.herokuapp.com/</msg>
<status status="PASS" starttime="20210524 19:54:40.289" endtime="20210524 19:54:42.319"/>
</kw>
<status status="PASS" starttime="20210524 19:54:40.288" endtime="20210524 19:54:42.319"/>
</kw>
<kw name="Login With" library="auth">
<arg>admin@bodytest.com</arg>
<arg>pwd123</arg>
<kw name="Fill Text" library="Browser">
<arg>css=input[name=email]</arg>
<arg>${email}</arg>
<tag>PageContent</tag>
<tag>Setter</tag>
<doc>Clears and fills the given ``text`` into the text field found by ``selector``.</doc>
<msg timestamp="20210524 19:54:42.321" level="INFO">Fills the text 'admin@bodytest.com' in the given field.</msg>
<status status="PASS" starttime="20210524 19:54:42.320" endtime="20210524 19:54:42.394"/>
</kw>
<kw name="Fill Text" library="Browser">
<arg>css=input[name=password]</arg>
<arg>${pass}</arg>
<tag>PageContent</tag>
<tag>Setter</tag>
<doc>Clears and fills the given ``text`` into the text field found by ``selector``.</doc>
<msg timestamp="20210524 19:54:42.395" level="INFO">Fills the text 'pwd123' in the given field.</msg>
<status status="PASS" starttime="20210524 19:54:42.394" endtime="20210524 19:54:42.437"/>
</kw>
<kw name="Click" library="Browser">
<arg>text=Entrar</arg>
<tag>PageContent</tag>
<tag>Setter</tag>
<doc>Simulates mouse click on the element found by ``selector``.</doc>
<status status="PASS" starttime="20210524 19:54:42.437" endtime="20210524 19:54:42.529"/>
</kw>
<status status="PASS" starttime="20210524 19:54:42.320" endtime="20210524 19:54:42.530"/>
</kw>
<kw name="User Should Be Logged In" library="nav">
<arg>Administrador</arg>
<kw name="Get Text" library="Browser">
<arg>css=aside strong</arg>
<arg>should be</arg>
<arg>${user_name}</arg>
<tag>Assertion</tag>
<tag>Getter</tag>
<tag>PageContent</tag>
<doc>Returns text attribute of the element found by ``selector``.
See the `Finding elements` section for details about the selectors.</doc>
<status status="PASS" starttime="20210524 19:54:42.531" endtime="20210524 19:54:43.920"/>
</kw>
<status status="PASS" starttime="20210524 19:54:42.530" endtime="20210524 19:54:43.921"/>
</kw>
<status status="PASS" starttime="20210524 19:54:39.995" endtime="20210524 19:54:43.921"/>
</kw>
<kw name="Create Dictionary" library="BuiltIn">
<var>&amp;{plan}</var>
<arg>title=Plano Loyola</arg>
<arg>duration=12</arg>
<arg>price=19.99</arg>
<doc>Creates and returns a dictionary based on the given ``items``.</doc>
<msg timestamp="20210524 19:54:43.922" level="INFO">&amp;{plan} = { title=Plano Loyola | duration=12 | price=19.99 }</msg>
<status status="PASS" starttime="20210524 19:54:43.921" endtime="20210524 19:54:43.923"/>
</kw>
<kw name="Insert Plan" library="DeloreanLibrary">
<arg>${plan}</arg>
<msg timestamp="20210524 19:54:43.924" level="INFO">delete from plans where title = 'Plano Loyola'</msg>
<msg timestamp="20210524 19:54:45.158" level="INFO">insert into plans(title, duration, price, created_at, updated_at)values('Plano Loyola',12,19.99, NOW(), NOW());</msg>
<status status="PASS" starttime="20210524 19:54:43.923" endtime="20210524 19:54:46.416"/>
</kw>
<kw name="Go To Plans" library="nav">
<kw name="Click" library="Browser">
<arg>css=a[href$=planos]</arg>
<tag>PageContent</tag>
<tag>Setter</tag>
<doc>Simulates mouse click on the element found by ``selector``.</doc>
<status status="PASS" starttime="20210524 19:54:46.417" endtime="20210524 19:54:46.523"/>
</kw>
<kw name="Wait For Elements State" library="Browser">
<arg>css=h1 &gt;&gt; text=Gestão de Planos</arg>
<arg>visible</arg>
<arg>5</arg>
<tag>PageContent</tag>
<tag>Wait</tag>
<doc>Waits for the element found by ``selector`` to satisfy state option.</doc>
<msg timestamp="20210524 19:54:46.542" level="INFO">Wait for Element with selector: css=h1 &gt;&gt; text=Gestão de Planos</msg>
<status status="PASS" starttime="20210524 19:54:46.524" endtime="20210524 19:54:46.542"/>
</kw>
<status status="PASS" starttime="20210524 19:54:46.416" endtime="20210524 19:54:46.543"/>
</kw>
<kw name="Search Plan By Title" library="plans">
<arg>${plan.title}</arg>
<kw name="Fill Text" library="Browser">
<arg>css=input[placeholder="Buscar plano"]</arg>
<arg>${title}</arg>
<tag>PageContent</tag>
<tag>Setter</tag>
<doc>Clears and fills the given ``text`` into the text field found by ``selector``.</doc>
<msg timestamp="20210524 19:54:46.546" level="INFO">Fills the text 'Plano Loyola' in the given field.</msg>
<status status="PASS" starttime="20210524 19:54:46.545" endtime="20210524 19:54:46.590"/>
</kw>
<status status="PASS" starttime="20210524 19:54:46.543" endtime="20210524 19:54:46.591"/>
</kw>
<kw name="Request Removal By Title" library="plans">
<arg>${plan.title}</arg>
<kw name="Click" library="Browser">
<arg>xpath=//td[contains(text(),"${title}")]/../td/button[@id="trash"]</arg>
<tag>PageContent</tag>
<tag>Setter</tag>
<doc>Simulates mouse click on the element found by ``selector``.</doc>
<status status="PASS" starttime="20210524 19:54:46.594" endtime="20210524 19:54:46.991"/>
</kw>
<status status="PASS" starttime="20210524 19:54:46.591" endtime="20210524 19:54:46.991"/>
</kw>
<kw name="Cancel Removal" library="students">
<kw name="Click" library="Browser">
<arg>text=NÃO</arg>
<tag>PageContent</tag>
<tag>Setter</tag>
<doc>Simulates mouse click on the element found by ``selector``.</doc>
<status status="PASS" starttime="20210524 19:54:46.993" endtime="20210524 19:54:47.318"/>
</kw>
<status status="PASS" starttime="20210524 19:54:46.992" endtime="20210524 19:54:47.318"/>
</kw>
<kw name="Plan Should Be Visible" library="plans">
<arg>${plan.title}</arg>
<kw name="Wait For Elements State" library="Browser">
<arg>xpath=//td[contains(text(),"${title}")]</arg>
<arg>visible</arg>
<arg>5</arg>
<tag>PageContent</tag>
<tag>Wait</tag>
<doc>Waits for the element found by ``selector`` to satisfy state option.</doc>
<msg timestamp="20210524 19:54:47.442" level="INFO">Wait for Element with selector: xpath=//td[contains(text(),"Plano Loyola")]</msg>
<status status="PASS" starttime="20210524 19:54:47.321" endtime="20210524 19:54:47.443"/>
</kw>
<status status="PASS" starttime="20210524 19:54:47.318" endtime="20210524 19:54:47.444"/>
</kw>
<kw name="Take Screenshot" library="Browser" type="TEARDOWN">
<tag>PageContent</tag>
<doc>Takes a screenshot of the current window and saves it to ``path``. Saves it as a png.</doc>
<msg timestamp="20210524 19:54:47.578" level="INFO" html="true">&lt;/td&gt;&lt;/tr&gt;&lt;tr&gt;&lt;td colspan="3"&gt;&lt;a href="browser/screenshot/robotframework-browser-screenshot-1.png"&gt;&lt;img src="browser/screenshot/robotframework-browser-screenshot-1.png" width="800px"&gt;&lt;/a&gt;</msg>
<status status="PASS" starttime="20210524 19:54:47.444" endtime="20210524 19:54:47.578"/>
</kw>
<status status="PASS" starttime="20210524 19:54:39.989" endtime="20210524 19:54:47.579"/>
</test>
<test id="s1-t2" name="Cenario: Remover plano cadastrado">
<kw name="Start Admin Session" library="base" type="SETUP">
<kw name="Start Browser Session" library="base">
<kw name="New Browser" library="Browser">
<arg>chromium</arg>
<arg>true</arg>
<tag>BrowserControl</tag>
<tag>Setter</tag>
<doc>Create a new playwright Browser with specified options.
See `Browser, Context and Page` for more information about Browser and related concepts.</doc>
<msg timestamp="20210524 19:54:47.645" level="INFO">{"browser": "chromium", "headless": true, "handleSIGINT": true, "handleSIGTERM": true, "handleSIGHUP": true, "timeout": 30000.0, "devtools": false, "slowMo": 0.0}</msg>
<msg timestamp="20210524 19:54:47.823" level="INFO">Successfully created browser with options: {"browser":"chromium","headless":true,"handleSIGINT":true,"handleSIGTERM":true,"handleSIGHUP":true,"timeout":30000,"devtools":false,"slowMo":0}</msg>
<status status="PASS" starttime="20210524 19:54:47.644" endtime="20210524 19:54:47.823"/>
</kw>
<kw name="New Page" library="Browser">
<arg>about:blank</arg>
<tag>BrowserControl</tag>
<tag>Setter</tag>
<doc>Open a new Page. A Page is the Playwright equivalent to a tab.
See `Browser, Context and Page` for more information about Page concept.
Returns a stable identifier for the created page.</doc>
<msg timestamp="20210524 19:54:47.927" level="INFO">Successfully initialized new page object and opened url: about:blank</msg>
<status status="PASS" starttime="20210524 19:54:47.824" endtime="20210524 19:54:47.928"/>
</kw>
<status status="PASS" starttime="20210524 19:54:47.644" endtime="20210524 19:54:47.928"/>
</kw>
<kw name="Go To Login Pages" library="auth">
<kw name="Go To" library="Browser">
<arg>https://theotokus-bodytest-web.herokuapp.com/</arg>
<tag>BrowserControl</tag>
<tag>Setter</tag>
<doc>Navigates to the given ``url``.</doc>
<msg timestamp="20210524 19:54:49.885" level="INFO">Succesfully opened URL https://theotokus-bodytest-web.herokuapp.com/</msg>
<status status="PASS" starttime="20210524 19:54:47.929" endtime="20210524 19:54:49.885"/>
</kw>
<status status="PASS" starttime="20210524 19:54:47.929" endtime="20210524 19:54:49.886"/>
</kw>
<kw name="Login With" library="auth">
<arg>admin@bodytest.com</arg>
<arg>pwd123</arg>
<kw name="Fill Text" library="Browser">
<arg>css=input[name=email]</arg>
<arg>${email}</arg>
<tag>PageContent</tag>
<tag>Setter</tag>
<doc>Clears and fills the given ``text`` into the text field found by ``selector``.</doc>
<msg timestamp="20210524 19:54:49.888" level="INFO">Fills the text 'admin@bodytest.com' in the given field.</msg>
<status status="PASS" starttime="20210524 19:54:49.887" endtime="20210524 19:54:49.946"/>
</kw>
<kw name="Fill Text" library="Browser">
<arg>css=input[name=password]</arg>
<arg>${pass}</arg>
<tag>PageContent</tag>
<tag>Setter</tag>
<doc>Clears and fills the given ``text`` into the text field found by ``selector``.</doc>
<msg timestamp="20210524 19:54:49.947" level="INFO">Fills the text 'pwd123' in the given field.</msg>
<status status="PASS" starttime="20210524 19:54:49.946" endtime="20210524 19:54:49.975"/>
</kw>
<kw name="Click" library="Browser">
<arg>text=Entrar</arg>
<tag>PageContent</tag>
<tag>Setter</tag>
<doc>Simulates mouse click on the element found by ``selector``.</doc>
<status status="PASS" starttime="20210524 19:54:49.976" endtime="20210524 19:54:50.055"/>
</kw>
<status status="PASS" starttime="20210524 19:54:49.886" endtime="20210524 19:54:50.055"/>
</kw>
<kw name="User Should Be Logged In" library="nav">
<arg>Administrador</arg>
<kw name="Get Text" library="Browser">
<arg>css=aside strong</arg>
<arg>should be</arg>
<arg>${user_name}</arg>
<tag>Assertion</tag>
<tag>Getter</tag>
<tag>PageContent</tag>
<doc>Returns text attribute of the element found by ``selector``.
See the `Finding elements` section for details about the selectors.</doc>
<status status="PASS" starttime="20210524 19:54:50.056" endtime="20210524 19:54:50.897"/>
</kw>
<status status="PASS" starttime="20210524 19:54:50.055" endtime="20210524 19:54:50.897"/>
</kw>
<status status="PASS" starttime="20210524 19:54:47.643" endtime="20210524 19:54:50.898"/>
</kw>
<kw name="Create Dictionary" library="BuiltIn">
<var>&amp;{plan}</var>
<arg>title=Plano Loyola</arg>
<arg>duration=12</arg>
<arg>price=19.99</arg>
<doc>Creates and returns a dictionary based on the given ``items``.</doc>
<msg timestamp="20210524 19:54:50.899" level="INFO">&amp;{plan} = { title=Plano Loyola | duration=12 | price=19.99 }</msg>
<status status="PASS" starttime="20210524 19:54:50.898" endtime="20210524 19:54:50.899"/>
</kw>
<kw name="Insert Plan" library="DeloreanLibrary">
<arg>${plan}</arg>
<msg timestamp="20210524 19:54:50.900" level="INFO">delete from plans where title = 'Plano Loyola'</msg>
<msg timestamp="20210524 19:54:52.117" level="INFO">insert into plans(title, duration, price, created_at, updated_at)values('Plano Loyola',12,19.99, NOW(), NOW());</msg>
<status status="PASS" starttime="20210524 19:54:50.899" endtime="20210524 19:54:53.357"/>
</kw>
<kw name="Go To Plans" library="nav">
<kw name="Click" library="Browser">
<arg>css=a[href$=planos]</arg>
<tag>PageContent</tag>
<tag>Setter</tag>
<doc>Simulates mouse click on the element found by ``selector``.</doc>
<status status="PASS" starttime="20210524 19:54:53.359" endtime="20210524 19:54:53.467"/>
</kw>
<kw name="Wait For Elements State" library="Browser">
<arg>css=h1 &gt;&gt; text=Gestão de Planos</arg>
<arg>visible</arg>
<arg>5</arg>
<tag>PageContent</tag>
<tag>Wait</tag>
<doc>Waits for the element found by ``selector`` to satisfy state option.</doc>
<msg timestamp="20210524 19:54:53.489" level="INFO">Wait for Element with selector: css=h1 &gt;&gt; text=Gestão de Planos</msg>
<status status="PASS" starttime="20210524 19:54:53.468" endtime="20210524 19:54:53.490"/>
</kw>
<status status="PASS" starttime="20210524 19:54:53.357" endtime="20210524 19:54:53.490"/>
</kw>
<kw name="Search Plan By Title" library="plans">
<arg>${plan.title}</arg>
<kw name="Fill Text" library="Browser">
<arg>css=input[placeholder="Buscar plano"]</arg>
<arg>${title}</arg>
<tag>PageContent</tag>
<tag>Setter</tag>
<doc>Clears and fills the given ``text`` into the text field found by ``selector``.</doc>
<msg timestamp="20210524 19:54:53.493" level="INFO">Fills the text 'Plano Loyola' in the given field.</msg>
<status status="PASS" starttime="20210524 19:54:53.492" endtime="20210524 19:54:53.524"/>
</kw>
<status status="PASS" starttime="20210524 19:54:53.490" endtime="20210524 19:54:53.524"/>
</kw>
<kw name="Request Removal By Title" library="plans">
<arg>${plan.title}</arg>
<kw name="Click" library="Browser">
<arg>xpath=//td[contains(text(),"${title}")]/../td/button[@id="trash"]</arg>
<tag>PageContent</tag>
<tag>Setter</tag>
<doc>Simulates mouse click on the element found by ``selector``.</doc>
<status status="PASS" starttime="20210524 19:54:53.528" endtime="20210524 19:54:53.950"/>
</kw>
<status status="PASS" starttime="20210524 19:54:53.525" endtime="20210524 19:54:53.950"/>
</kw>
<kw name="Confirm Removal" library="students">
<kw name="Click" library="Browser">
<arg>text=SIM, pode apagar!</arg>
<tag>PageContent</tag>
<tag>Setter</tag>
<doc>Simulates mouse click on the element found by ``selector``.</doc>
<status status="PASS" starttime="20210524 19:54:53.952" endtime="20210524 19:54:54.286"/>
</kw>
<status status="PASS" starttime="20210524 19:54:53.951" endtime="20210524 19:54:54.286"/>
</kw>
<kw name="Toaster Text Should Be" library="components">
<arg>Plano removido com sucesso</arg>
<kw name="Wait For Elements State" library="Browser">
<arg>css=.Toastify__toast-body &gt;&gt; text=${expect_text}</arg>
<arg>visible</arg>
<arg>5</arg>
<tag>PageContent</tag>
<tag>Wait</tag>
<doc>Waits for the element found by ``selector`` to satisfy state option.</doc>
<msg timestamp="20210524 19:54:54.773" level="INFO">Wait for Element with selector: css=.Toastify__toast-body &gt;&gt; text=Plano removido com sucesso</msg>
<status status="PASS" starttime="20210524 19:54:54.287" endtime="20210524 19:54:54.773"/>
</kw>
<status status="PASS" starttime="20210524 19:54:54.286" endtime="20210524 19:54:54.774"/>
</kw>
<kw name="Plan Should Not Visible" library="plans">
<arg>${plan.title}</arg>
<kw name="Wait For Elements State" library="Browser">
<arg>xpath=//td[contains(text(),"${title}")]</arg>
<arg>detached</arg>
<arg>5</arg>
<tag>PageContent</tag>
<tag>Wait</tag>
<doc>Waits for the element found by ``selector`` to satisfy state option.</doc>
<msg timestamp="20210524 19:54:54.788" level="INFO">Wait for Element with selector: xpath=//td[contains(text(),"Plano Loyola")]</msg>
<status status="PASS" starttime="20210524 19:54:54.777" endtime="20210524 19:54:54.788"/>
</kw>
<status status="PASS" starttime="20210524 19:54:54.774" endtime="20210524 19:54:54.788"/>
</kw>
<kw name="Thinking And Take Screenshot" library="base" type="TEARDOWN">
<arg>2</arg>
<kw name="Sleep" library="BuiltIn">
<arg>${timeout}</arg>
<doc>Pauses the test executed for the given time.</doc>
<msg timestamp="20210524 19:54:56.791" level="INFO">Slept 2 seconds</msg>
<status status="PASS" starttime="20210524 19:54:54.790" endtime="20210524 19:54:56.791"/>
</kw>
<kw name="Take Screenshot" library="Browser">
<tag>PageContent</tag>
<doc>Takes a screenshot of the current window and saves it to ``path``. Saves it as a png.</doc>
<msg timestamp="20210524 19:54:56.919" level="INFO" html="true">&lt;/td&gt;&lt;/tr&gt;&lt;tr&gt;&lt;td colspan="3"&gt;&lt;a href="browser/screenshot/robotframework-browser-screenshot-2.png"&gt;&lt;img src="browser/screenshot/robotframework-browser-screenshot-2.png" width="800px"&gt;&lt;/a&gt;</msg>
<status status="PASS" starttime="20210524 19:54:56.792" endtime="20210524 19:54:56.919"/>
</kw>
<status status="PASS" starttime="20210524 19:54:54.789" endtime="20210524 19:54:56.920"/>
</kw>
<status status="PASS" starttime="20210524 19:54:47.636" endtime="20210524 19:54:56.920"/>
</test>
<doc>Remoção de planos</doc>
<status status="PASS" starttime="20210524 19:54:39.188" endtime="20210524 19:54:56.968"/>
</suite>
<statistics>
<total>
<stat pass="2" fail="0" skip="0">All Tests</stat>
</total>
<tag>
</tag>
<suite>
<stat pass="2" fail="0" skip="0" id="s1" name="Remove">Remove</stat>
</suite>
</statistics>
<errors>
</errors>
</robot>
