<?xml version="1.0" encoding="UTF-8"?>
<robot generator="Robot 4.0 (Python 3.8.5 on linux)" generated="20210503 14:45:36.761" rpa="false" schemaversion="2">
<suite id="s1" name="Cadastro Alunos" source="/home/edson/workspace/courses/qa_ninja/robot_framework/bodytest/tests/cadastro_alunos.robot">
<kw name="Start Admin Session" library="base" type="SETUP">
<kw name="Start Browser Session" library="base">
<kw name="New Browser" library="Browser">
<arg>chromium</arg>
<arg>true</arg>
<tag>BrowserControl</tag>
<tag>Setter</tag>
<doc>Create a new playwright Browser with specified options.
See `Browser, Context and Page` for more information about Browser and related concepts.</doc>
<msg timestamp="20210503 14:45:37.618" level="INFO">{"browser": "chromium", "headless": true, "handleSIGINT": true, "handleSIGTERM": true, "handleSIGHUP": true, "timeout": 30000.0, "devtools": false, "slowMo": 0.0}</msg>
<msg timestamp="20210503 14:45:37.802" level="INFO">Successfully created browser with options: {"browser":"chromium","headless":true,"handleSIGINT":true,"handleSIGTERM":true,"handleSIGHUP":true,"timeout":30000,"devtools":false,"slowMo":0}</msg>
<status status="PASS" starttime="20210503 14:45:37.617" endtime="20210503 14:45:37.802"/>
</kw>
<kw name="New Page" library="Browser">
<arg>about:blank</arg>
<tag>BrowserControl</tag>
<tag>Setter</tag>
<doc>Open a new Page. A Page is the Playwright equivalent to a tab.
See `Browser, Context and Page` for more information about Page concept.
Returns a stable identifier for the created page.</doc>
<msg timestamp="20210503 14:45:37.930" level="INFO">Successfully initialized new page object and opened url: about:blank</msg>
<status status="PASS" starttime="20210503 14:45:37.803" endtime="20210503 14:45:37.930"/>
</kw>
<status status="PASS" starttime="20210503 14:45:37.617" endtime="20210503 14:45:37.931"/>
</kw>
<kw name="Go To Login Pages" library="auth">
<kw name="Go To" library="Browser">
<arg>https://theotokus-bodytest-web.herokuapp.com/</arg>
<tag>BrowserControl</tag>
<tag>Setter</tag>
<doc>Navigates to the given ``url``.</doc>
<msg timestamp="20210503 14:45:39.844" level="INFO">Succesfully opened URL https://theotokus-bodytest-web.herokuapp.com/</msg>
<status status="PASS" starttime="20210503 14:45:37.932" endtime="20210503 14:45:39.845"/>
</kw>
<status status="PASS" starttime="20210503 14:45:37.931" endtime="20210503 14:45:39.845"/>
</kw>
<kw name="Login With" library="auth">
<arg>admin@bodytest.com</arg>
<arg>pwd123</arg>
<kw name="Fill Text" library="Browser">
<arg>css=input[name=email]</arg>
<arg>${email}</arg>
<tag>PageContent</tag>
<tag>Setter</tag>
<doc>Clears and fills the given ``text`` into the text field found by ``selector``.</doc>
<msg timestamp="20210503 14:45:39.848" level="INFO">Fills the text 'admin@bodytest.com' in the given field.</msg>
<status status="PASS" starttime="20210503 14:45:39.847" endtime="20210503 14:45:39.924"/>
</kw>
<kw name="Fill Text" library="Browser">
<arg>css=input[name=password]</arg>
<arg>${pass}</arg>
<tag>PageContent</tag>
<tag>Setter</tag>
<doc>Clears and fills the given ``text`` into the text field found by ``selector``.</doc>
<msg timestamp="20210503 14:45:39.925" level="INFO">Fills the text 'pwd123' in the given field.</msg>
<status status="PASS" starttime="20210503 14:45:39.924" endtime="20210503 14:45:39.961"/>
</kw>
<kw name="Click" library="Browser">
<arg>text=Entrar</arg>
<tag>PageContent</tag>
<tag>Setter</tag>
<doc>Simulates mouse click on the element found by ``selector``.</doc>
<status status="PASS" starttime="20210503 14:45:39.961" endtime="20210503 14:45:40.058"/>
</kw>
<status status="PASS" starttime="20210503 14:45:39.846" endtime="20210503 14:45:40.058"/>
</kw>
<kw name="User Should Be Logged In" library="nav">
<arg>Administrador</arg>
<kw name="Get Text" library="Browser">
<arg>css=aside strong</arg>
<arg>should be</arg>
<arg>${user_name}</arg>
<tag>Assertion</tag>
<tag>Getter</tag>
<tag>PageContent</tag>
<doc>Returns text attribute of the element found by ``selector``.
See the `Finding elements` section for details about the selectors.</doc>
<status status="PASS" starttime="20210503 14:45:40.059" endtime="20210503 14:45:41.027"/>
</kw>
<status status="PASS" starttime="20210503 14:45:40.058" endtime="20210503 14:45:41.027"/>
</kw>
<status status="PASS" starttime="20210503 14:45:37.616" endtime="20210503 14:45:41.027"/>
</kw>
<test id="s1-t1" name="Validate Number Type">
<kw name="Check Numeric Field On Student Form">
<arg>css=input[name=age]</arg>
<kw name="Go to Students" library="nav">
<kw name="Click" library="Browser">
<arg>css=a[href$=alunos]</arg>
<tag>PageContent</tag>
<tag>Setter</tag>
<doc>Simulates mouse click on the element found by ``selector``.</doc>
<status status="PASS" starttime="20210503 14:45:41.052" endtime="20210503 14:45:41.155"/>
</kw>
<kw name="Wait For Elements State" library="Browser">
<arg>css=h1 &gt;&gt; text=Gestão de Alunos</arg>
<arg>visible</arg>
<arg>5</arg>
<tag>PageContent</tag>
<tag>Wait</tag>
<doc>Waits for the element found by ``selector`` to satisfy state option.</doc>
<msg timestamp="20210503 14:45:41.181" level="INFO">Wait for Element with selector: css=h1 &gt;&gt; text=Gestão de Alunos</msg>
<status status="PASS" starttime="20210503 14:45:41.155" endtime="20210503 14:45:41.181"/>
</kw>
<status status="PASS" starttime="20210503 14:45:41.051" endtime="20210503 14:45:41.182"/>
</kw>
<kw name="Go to Form Student" library="students">
<kw name="Click" library="Browser">
<arg>css=a[href$="alunos/new"]</arg>
<tag>PageContent</tag>
<tag>Setter</tag>
<doc>Simulates mouse click on the element found by ``selector``.</doc>
<status status="PASS" starttime="20210503 14:45:41.182" endtime="20210503 14:45:41.263"/>
</kw>
<kw name="Wait For Elements State" library="Browser">
<arg>css=h1 &gt;&gt; text=Novo aluno</arg>
<arg>visible</arg>
<arg>5</arg>
<tag>PageContent</tag>
<tag>Wait</tag>
<doc>Waits for the element found by ``selector`` to satisfy state option.</doc>
<msg timestamp="20210503 14:45:41.280" level="INFO">Wait for Element with selector: css=h1 &gt;&gt; text=Novo aluno</msg>
<status status="PASS" starttime="20210503 14:45:41.264" endtime="20210503 14:45:41.281"/>
</kw>
<status status="PASS" starttime="20210503 14:45:41.182" endtime="20210503 14:45:41.281"/>
</kw>
<kw name="Field Should Be Number" library="components">
<arg>${element}</arg>
<kw name="Get Attribute" library="Browser">
<var>${attr}</var>
<arg>${element}</arg>
<arg>type</arg>
<tag>Assertion</tag>
<tag>Getter</tag>
<tag>PageContent</tag>
<doc>Returns the HTML ``attribute`` of the element found by ``selector``.</doc>
<msg timestamp="20210503 14:45:41.316" level="INFO">${attr} = number</msg>
<status status="PASS" starttime="20210503 14:45:41.282" endtime="20210503 14:45:41.316"/>
</kw>
<kw name="Should Be Equal" library="BuiltIn">
<arg>${attr}</arg>
<arg>number</arg>
<doc>Fails if the given objects are unequal.</doc>
<status status="PASS" starttime="20210503 14:45:41.317" endtime="20210503 14:45:41.318"/>
</kw>
<status status="PASS" starttime="20210503 14:45:41.281" endtime="20210503 14:45:41.318"/>
</kw>
<status status="PASS" starttime="20210503 14:45:41.050" endtime="20210503 14:45:41.319"/>
</kw>
<kw name="Check Numeric Field On Student Form">
<arg>css=input[name=weight]</arg>
<kw name="Go to Students" library="nav">
<kw name="Click" library="Browser">
<arg>css=a[href$=alunos]</arg>
<tag>PageContent</tag>
<tag>Setter</tag>
<doc>Simulates mouse click on the element found by ``selector``.</doc>
<status status="PASS" starttime="20210503 14:45:41.321" endtime="20210503 14:45:41.410"/>
</kw>
<kw name="Wait For Elements State" library="Browser">
<arg>css=h1 &gt;&gt; text=Gestão de Alunos</arg>
<arg>visible</arg>
<arg>5</arg>
<tag>PageContent</tag>
<tag>Wait</tag>
<doc>Waits for the element found by ``selector`` to satisfy state option.</doc>
<msg timestamp="20210503 14:45:41.424" level="INFO">Wait for Element with selector: css=h1 &gt;&gt; text=Gestão de Alunos</msg>
<status status="PASS" starttime="20210503 14:45:41.410" endtime="20210503 14:45:41.425"/>
</kw>
<status status="PASS" starttime="20210503 14:45:41.320" endtime="20210503 14:45:41.425"/>
</kw>
<kw name="Go to Form Student" library="students">
<kw name="Click" library="Browser">
<arg>css=a[href$="alunos/new"]</arg>
<tag>PageContent</tag>
<tag>Setter</tag>
<doc>Simulates mouse click on the element found by ``selector``.</doc>
<status status="PASS" starttime="20210503 14:45:41.426" endtime="20210503 14:45:41.523"/>
</kw>
<kw name="Wait For Elements State" library="Browser">
<arg>css=h1 &gt;&gt; text=Novo aluno</arg>
<arg>visible</arg>
<arg>5</arg>
<tag>PageContent</tag>
<tag>Wait</tag>
<doc>Waits for the element found by ``selector`` to satisfy state option.</doc>
<msg timestamp="20210503 14:45:41.544" level="INFO">Wait for Element with selector: css=h1 &gt;&gt; text=Novo aluno</msg>
<status status="PASS" starttime="20210503 14:45:41.523" endtime="20210503 14:45:41.545"/>
</kw>
<status status="PASS" starttime="20210503 14:45:41.426" endtime="20210503 14:45:41.545"/>
</kw>
<kw name="Field Should Be Number" library="components">
<arg>${element}</arg>
<kw name="Get Attribute" library="Browser">
<var>${attr}</var>
<arg>${element}</arg>
<arg>type</arg>
<tag>Assertion</tag>
<tag>Getter</tag>
<tag>PageContent</tag>
<doc>Returns the HTML ``attribute`` of the element found by ``selector``.</doc>
<msg timestamp="20210503 14:45:41.579" level="INFO">${attr} = number</msg>
<status status="PASS" starttime="20210503 14:45:41.546" endtime="20210503 14:45:41.579"/>
</kw>
<kw name="Should Be Equal" library="BuiltIn">
<arg>${attr}</arg>
<arg>number</arg>
<doc>Fails if the given objects are unequal.</doc>
<status status="PASS" starttime="20210503 14:45:41.579" endtime="20210503 14:45:41.580"/>
</kw>
<status status="PASS" starttime="20210503 14:45:41.546" endtime="20210503 14:45:41.580"/>
</kw>
<status status="PASS" starttime="20210503 14:45:41.319" endtime="20210503 14:45:41.580"/>
</kw>
<kw name="Check Numeric Field On Student Form">
<arg>css=input[name=feet_tall]</arg>
<kw name="Go to Students" library="nav">
<kw name="Click" library="Browser">
<arg>css=a[href$=alunos]</arg>
<tag>PageContent</tag>
<tag>Setter</tag>
<doc>Simulates mouse click on the element found by ``selector``.</doc>
<status status="PASS" starttime="20210503 14:45:41.583" endtime="20210503 14:45:41.665"/>
</kw>
<kw name="Wait For Elements State" library="Browser">
<arg>css=h1 &gt;&gt; text=Gestão de Alunos</arg>
<arg>visible</arg>
<arg>5</arg>
<tag>PageContent</tag>
<tag>Wait</tag>
<doc>Waits for the element found by ``selector`` to satisfy state option.</doc>
<msg timestamp="20210503 14:45:41.684" level="INFO">Wait for Element with selector: css=h1 &gt;&gt; text=Gestão de Alunos</msg>
<status status="PASS" starttime="20210503 14:45:41.665" endtime="20210503 14:45:41.685"/>
</kw>
<status status="PASS" starttime="20210503 14:45:41.581" endtime="20210503 14:45:41.685"/>
</kw>
<kw name="Go to Form Student" library="students">
<kw name="Click" library="Browser">
<arg>css=a[href$="alunos/new"]</arg>
<tag>PageContent</tag>
<tag>Setter</tag>
<doc>Simulates mouse click on the element found by ``selector``.</doc>
<status status="PASS" starttime="20210503 14:45:41.686" endtime="20210503 14:45:41.771"/>
</kw>
<kw name="Wait For Elements State" library="Browser">
<arg>css=h1 &gt;&gt; text=Novo aluno</arg>
<arg>visible</arg>
<arg>5</arg>
<tag>PageContent</tag>
<tag>Wait</tag>
<doc>Waits for the element found by ``selector`` to satisfy state option.</doc>
<msg timestamp="20210503 14:45:41.786" level="INFO">Wait for Element with selector: css=h1 &gt;&gt; text=Novo aluno</msg>
<status status="PASS" starttime="20210503 14:45:41.771" endtime="20210503 14:45:41.787"/>
</kw>
<status status="PASS" starttime="20210503 14:45:41.685" endtime="20210503 14:45:41.787"/>
</kw>
<kw name="Field Should Be Number" library="components">
<arg>${element}</arg>
<kw name="Get Attribute" library="Browser">
<var>${attr}</var>
<arg>${element}</arg>
<arg>type</arg>
<tag>Assertion</tag>
<tag>Getter</tag>
<tag>PageContent</tag>
<doc>Returns the HTML ``attribute`` of the element found by ``selector``.</doc>
<msg timestamp="20210503 14:45:41.824" level="INFO">${attr} = number</msg>
<status status="PASS" starttime="20210503 14:45:41.788" endtime="20210503 14:45:41.824"/>
</kw>
<kw name="Should Be Equal" library="BuiltIn">
<arg>${attr}</arg>
<arg>number</arg>
<doc>Fails if the given objects are unequal.</doc>
<status status="PASS" starttime="20210503 14:45:41.824" endtime="20210503 14:45:41.825"/>
</kw>
<status status="PASS" starttime="20210503 14:45:41.787" endtime="20210503 14:45:41.825"/>
</kw>
<status status="PASS" starttime="20210503 14:45:41.580" endtime="20210503 14:45:41.825"/>
</kw>
<tag>temp</tag>
<status status="PASS" starttime="20210503 14:45:41.028" endtime="20210503 14:45:41.825"/>
</test>
<doc>Cadastro de alunos</doc>
<status status="PASS" starttime="20210503 14:45:36.763" endtime="20210503 14:45:41.842"/>
</suite>
<statistics>
<total>
<stat pass="1" fail="0" skip="0">All Tests</stat>
</total>
<tag>
<stat pass="1" fail="0" skip="0">temp</stat>
</tag>
<suite>
<stat pass="1" fail="0" skip="0" id="s1" name="Cadastro Alunos">Cadastro Alunos</stat>
</suite>
</statistics>
<errors>
</errors>
</robot>
