<?xml version="1.0" encoding="UTF-8"?>
<robot generator="Robot 4.0 (Python 3.8.5 on linux)" generated="20210422 20:04:19.874" rpa="false" schemaversion="2">
<suite id="s1" name="Login" source="/home/edson/workspace/courses/qa_ninja/robot_framework/bodytest/tests/login.robot">
<test id="s1-t1" name="Senha incorreta">
<kw name="New Browser" library="Browser">
<arg>chromium</arg>
<arg>False</arg>
<tag>BrowserControl</tag>
<tag>Setter</tag>
<doc>Create a new playwright Browser with specified options.
See `Browser, Context and Page` for more information about Browser and related concepts.</doc>
<msg timestamp="20210422 20:04:20.900" level="INFO">{"browser": "chromium", "headless": false, "handleSIGINT": true, "handleSIGTERM": true, "handleSIGHUP": true, "timeout": 30000.0, "devtools": false, "slowMo": 0.0}</msg>
<msg timestamp="20210422 20:04:21.501" level="INFO">Successfully created browser with options: {"browser":"chromium","headless":false,"handleSIGINT":true,"handleSIGTERM":true,"handleSIGHUP":true,"timeout":30000,"devtools":false,"slowMo":0}</msg>
<status status="PASS" starttime="20210422 20:04:20.899" endtime="20210422 20:04:21.502"/>
</kw>
<kw name="New Page" library="Browser">
<arg>https://theotokus-bodytest-web.herokuapp.com/</arg>
<tag>BrowserControl</tag>
<tag>Setter</tag>
<doc>Open a new Page. A Page is the Playwright equivalent to a tab.
See `Browser, Context and Page` for more information about Page concept.
Returns a stable identifier for the created page.</doc>
<msg timestamp="20210422 20:04:24.065" level="INFO">Successfully initialized new page object and opened url: https://theotokus-bodytest-web.herokuapp.com/</msg>
<status status="PASS" starttime="20210422 20:04:21.505" endtime="20210422 20:04:24.066"/>
</kw>
<kw name="Fill Text" library="Browser">
<arg>css=input[name=email]</arg>
<arg>admin@bodytest.com</arg>
<tag>PageContent</tag>
<tag>Setter</tag>
<doc>Clears and fills the given ``text`` into the text field found by ``selector``.</doc>
<msg timestamp="20210422 20:04:24.067" level="INFO">Fills the text 'admin@bodytest.com' in the given field.</msg>
<status status="PASS" starttime="20210422 20:04:24.066" endtime="20210422 20:04:24.164"/>
</kw>
<kw name="Fill Text" library="Browser">
<arg>css=input[name=password]</arg>
<arg>abc123</arg>
<tag>PageContent</tag>
<tag>Setter</tag>
<doc>Clears and fills the given ``text`` into the text field found by ``selector``.</doc>
<msg timestamp="20210422 20:04:24.165" level="INFO">Fills the text 'abc123' in the given field.</msg>
<status status="PASS" starttime="20210422 20:04:24.164" endtime="20210422 20:04:24.220"/>
</kw>
<kw name="Click" library="Browser">
<arg>text=Entrar</arg>
<tag>PageContent</tag>
<tag>Setter</tag>
<doc>Simulates mouse click on the element found by ``selector``.</doc>
<status status="PASS" starttime="20210422 20:04:24.221" endtime="20210422 20:04:24.334"/>
</kw>
<kw name="Wait For Elements State" library="Browser">
<arg>css=.Toastify__toast-body</arg>
<arg>visible</arg>
<arg>5</arg>
<tag>PageContent</tag>
<tag>Wait</tag>
<doc>Waits for the element found by ``selector`` to satisfy state option.</doc>
<msg timestamp="20210422 20:04:25.104" level="INFO">Wait for Element with selector: css=.Toastify__toast-body</msg>
<status status="PASS" starttime="20210422 20:04:24.335" endtime="20210422 20:04:25.104"/>
</kw>
<kw name="Get Text" library="Browser">
<arg>css=.Toastify__toast-body</arg>
<arg>should be</arg>
<arg>Usuário ou senha inválido</arg>
<tag>Assertion</tag>
<tag>Getter</tag>
<tag>PageContent</tag>
<doc>Returns text attribute of the element found by ``selector``.
See the `Finding elements` section for details about the selectors.</doc>
<status status="PASS" starttime="20210422 20:04:25.105" endtime="20210422 20:04:25.178"/>
</kw>
<tag>temp</tag>
<status status="PASS" starttime="20210422 20:04:20.894" endtime="20210422 20:04:25.179"/>
</test>
<doc>Suite de testes de Login do Administrador</doc>
<status status="PASS" starttime="20210422 20:04:19.875" endtime="20210422 20:04:25.334"/>
</suite>
<statistics>
<total>
<stat pass="1" fail="0" skip="0">All Tests</stat>
</total>
<tag>
<stat pass="1" fail="0" skip="0">temp</stat>
</tag>
<suite>
<stat pass="1" fail="0" skip="0" id="s1" name="Login">Login</stat>
</suite>
</statistics>
<errors>
</errors>
</robot>
