<?xml version="1.0" encoding="UTF-8"?>
<robot generator="Robot 4.0 (Python 3.8.5 on linux)" generated="20210514 12:47:39.138" rpa="false" schemaversion="2">
<suite id="s1" name="Search" source="/home/edson/workspace/courses/qa_ninja/robot_framework/bodytest/tests/plans/search.robot">
<kw name="Start Admin Session" library="base" type="SETUP">
<kw name="Start Browser Session" library="base">
<kw name="New Browser" library="Browser">
<arg>chromium</arg>
<arg>false</arg>
<tag>BrowserControl</tag>
<tag>Setter</tag>
<doc>Create a new playwright Browser with specified options.
See `Browser, Context and Page` for more information about Browser and related concepts.</doc>
<msg timestamp="20210514 12:47:39.937" level="INFO">{"browser": "chromium", "headless": false, "handleSIGINT": true, "handleSIGTERM": true, "handleSIGHUP": true, "timeout": 30000.0, "devtools": false, "slowMo": 0.0}</msg>
<msg timestamp="20210514 12:47:40.368" level="INFO">Successfully created browser with options: {"browser":"chromium","headless":false,"handleSIGINT":true,"handleSIGTERM":true,"handleSIGHUP":true,"timeout":30000,"devtools":false,"slowMo":0}</msg>
<status status="PASS" starttime="20210514 12:47:39.936" endtime="20210514 12:47:40.368"/>
</kw>
<kw name="New Page" library="Browser">
<arg>about:blank</arg>
<tag>BrowserControl</tag>
<tag>Setter</tag>
<doc>Open a new Page. A Page is the Playwright equivalent to a tab.
See `Browser, Context and Page` for more information about Page concept.
Returns a stable identifier for the created page.</doc>
<msg timestamp="20210514 12:47:40.728" level="INFO">Successfully initialized new page object and opened url: about:blank</msg>
<status status="PASS" starttime="20210514 12:47:40.368" endtime="20210514 12:47:40.728"/>
</kw>
<status status="PASS" starttime="20210514 12:47:39.935" endtime="20210514 12:47:40.729"/>
</kw>
<kw name="Go To Login Pages" library="auth">
<kw name="Go To" library="Browser">
<arg>https://theotokus-bodytest-web.herokuapp.com/</arg>
<tag>BrowserControl</tag>
<tag>Setter</tag>
<doc>Navigates to the given ``url``.</doc>
<msg timestamp="20210514 12:47:42.789" level="INFO">Succesfully opened URL https://theotokus-bodytest-web.herokuapp.com/</msg>
<status status="PASS" starttime="20210514 12:47:40.730" endtime="20210514 12:47:42.789"/>
</kw>
<status status="PASS" starttime="20210514 12:47:40.729" endtime="20210514 12:47:42.790"/>
</kw>
<kw name="Login With" library="auth">
<arg>admin@bodytest.com</arg>
<arg>pwd123</arg>
<kw name="Fill Text" library="Browser">
<arg>css=input[name=email]</arg>
<arg>${email}</arg>
<tag>PageContent</tag>
<tag>Setter</tag>
<doc>Clears and fills the given ``text`` into the text field found by ``selector``.</doc>
<msg timestamp="20210514 12:47:42.792" level="INFO">Fills the text 'admin@bodytest.com' in the given field.</msg>
<status status="PASS" starttime="20210514 12:47:42.791" endtime="20210514 12:47:42.863"/>
</kw>
<kw name="Fill Text" library="Browser">
<arg>css=input[name=password]</arg>
<arg>${pass}</arg>
<tag>PageContent</tag>
<tag>Setter</tag>
<doc>Clears and fills the given ``text`` into the text field found by ``selector``.</doc>
<msg timestamp="20210514 12:47:42.864" level="INFO">Fills the text 'pwd123' in the given field.</msg>
<status status="PASS" starttime="20210514 12:47:42.863" endtime="20210514 12:47:42.899"/>
</kw>
<kw name="Click" library="Browser">
<arg>text=Entrar</arg>
<tag>PageContent</tag>
<tag>Setter</tag>
<doc>Simulates mouse click on the element found by ``selector``.</doc>
<status status="PASS" starttime="20210514 12:47:42.899" endtime="20210514 12:47:42.977"/>
</kw>
<status status="PASS" starttime="20210514 12:47:42.790" endtime="20210514 12:47:42.977"/>
</kw>
<kw name="User Should Be Logged In" library="nav">
<arg>Administrador</arg>
<kw name="Get Text" library="Browser">
<arg>css=aside strong</arg>
<arg>should be</arg>
<arg>${user_name}</arg>
<tag>Assertion</tag>
<tag>Getter</tag>
<tag>PageContent</tag>
<doc>Returns text attribute of the element found by ``selector``.
See the `Finding elements` section for details about the selectors.</doc>
<status status="PASS" starttime="20210514 12:47:42.978" endtime="20210514 12:47:43.980"/>
</kw>
<status status="PASS" starttime="20210514 12:47:42.978" endtime="20210514 12:47:43.981"/>
</kw>
<status status="PASS" starttime="20210514 12:47:39.934" endtime="20210514 12:47:43.981"/>
</kw>
<test id="s1-t1" name="Cenario: Buscar títulos por um único termo">
<kw name="Get JSON" library="base">
<var>${fixtures}</var>
<arg>plans-search.json</arg>
<kw name="Get File" library="OperatingSystem">
<var>${file}</var>
<arg>${EXECDIR}/resources/fixtures/${file_name}</arg>
<doc>Returns the contents of a specified file.</doc>
<msg timestamp="20210514 12:47:43.996" level="INFO" html="true">Getting file '&lt;a href="file:///home/edson/workspace/courses/qa_ninja/robot_framework/bodytest/resources/fixtures/plans-search.json"&gt;/home/edson/workspace/courses/qa_ninja/robot_framework/bodytest/resources/fixtures/plans-search.json&lt;/a&gt;'.</msg>
<msg timestamp="20210514 12:47:43.996" level="INFO">${file} = {
    "word":"Plano",
    "total":3,
    "plans":[
        {
            "title":"Plano Alpha",
            "duration":12,
            "price":50
        },

        {
            "title":"Plano Beta"...</msg>
<status status="PASS" starttime="20210514 12:47:43.995" endtime="20210514 12:47:43.996"/>
</kw>
<kw name="Evaluate" library="BuiltIn">
<var>${json_object}</var>
<arg>json.loads($file)</arg>
<arg>json</arg>
<doc>Evaluates the given expression in Python and returns the result.</doc>
<msg timestamp="20210514 12:47:44.006" level="INFO">${json_object} = {'word': 'Plano', 'total': 3, 'plans': [{'title': 'Plano Alpha', 'duration': 12, 'price': 50}, {'title': 'Plano Beta', 'duration': 12, 'price': 50}, {'title': 'Plano Omega', 'duration': 12, 'price': 5...</msg>
<status status="PASS" starttime="20210514 12:47:43.997" endtime="20210514 12:47:44.006"/>
</kw>
<msg timestamp="20210514 12:47:44.006" level="INFO">${fixtures} = {'word': 'Plano', 'total': 3, 'plans': [{'title': 'Plano Alpha', 'duration': 12, 'price': 50}, {'title': 'Plano Beta', 'duration': 12, 'price': 50}, {'title': 'Plano Omega', 'duration': 12, 'price': 5...</msg>
<status status="PASS" starttime="20210514 12:47:43.994" endtime="20210514 12:47:44.007"/>
</kw>
<kw name="Set Variable" library="BuiltIn">
<var>${plans}</var>
<arg>${fixtures['plans']}</arg>
<doc>Returns the given values which can then be assigned to a variables.</doc>
<msg timestamp="20210514 12:47:44.009" level="INFO">${plans} = [{'title': 'Plano Alpha', 'duration': 12, 'price': 50}, {'title': 'Plano Beta', 'duration': 12, 'price': 50}, {'title': 'Plano Omega', 'duration': 12, 'price': 50}]</msg>
<status status="PASS" starttime="20210514 12:47:44.007" endtime="20210514 12:47:44.009"/>
</kw>
<kw name="Set Variable" library="BuiltIn">
<var>${word}</var>
<arg>${fixtures['word']}</arg>
<doc>Returns the given values which can then be assigned to a variables.</doc>
<msg timestamp="20210514 12:47:44.010" level="INFO">${word} = Plano</msg>
<status status="PASS" starttime="20210514 12:47:44.009" endtime="20210514 12:47:44.011"/>
</kw>
<kw name="Set Variable" library="BuiltIn">
<var>${total}</var>
<arg>${fixtures['total']}</arg>
<doc>Returns the given values which can then be assigned to a variables.</doc>
<msg timestamp="20210514 12:47:44.012" level="INFO">${total} = 3</msg>
<status status="PASS" starttime="20210514 12:47:44.011" endtime="20210514 12:47:44.012"/>
</kw>
<for flavor="IN">
<var>${item}</var>
<value>@{plans}</value>
<iter>
<var name="${item}">{'title': 'Plano Alpha', 'duration': 12, 'price': 50}</var>
<kw name="Insert Plan" library="DeloreanLibrary">
<arg>${item}</arg>
<msg timestamp="20210514 12:47:44.014" level="INFO">delete from plans where title = 'Plano Alpha'</msg>
<msg timestamp="20210514 12:47:45.193" level="INFO">insert into plans(title, duration, price, created_at, updated_at)values('Plano Alpha',12,50, NOW(), NOW());</msg>
<status status="PASS" starttime="20210514 12:47:44.013" endtime="20210514 12:47:46.309"/>
</kw>
<status status="PASS" starttime="20210514 12:47:44.013" endtime="20210514 12:47:46.309"/>
</iter>
<iter>
<var name="${item}">{'title': 'Plano Beta', 'duration': 12, 'price': 50}</var>
<kw name="Insert Plan" library="DeloreanLibrary">
<arg>${item}</arg>
<msg timestamp="20210514 12:47:46.311" level="INFO">delete from plans where title = 'Plano Beta'</msg>
<msg timestamp="20210514 12:47:47.499" level="INFO">insert into plans(title, duration, price, created_at, updated_at)values('Plano Beta',12,50, NOW(), NOW());</msg>
<status status="PASS" starttime="20210514 12:47:46.310" endtime="20210514 12:47:48.742"/>
</kw>
<status status="PASS" starttime="20210514 12:47:46.310" endtime="20210514 12:47:48.742"/>
</iter>
<iter>
<var name="${item}">{'title': 'Plano Omega', 'duration': 12, 'price': 50}</var>
<kw name="Insert Plan" library="DeloreanLibrary">
<arg>${item}</arg>
<msg timestamp="20210514 12:47:48.743" level="INFO">delete from plans where title = 'Plano Omega'</msg>
<msg timestamp="20210514 12:47:49.869" level="INFO">insert into plans(title, duration, price, created_at, updated_at)values('Plano Omega',12,50, NOW(), NOW());</msg>
<status status="PASS" starttime="20210514 12:47:48.743" endtime="20210514 12:47:50.971"/>
</kw>
<status status="PASS" starttime="20210514 12:47:48.742" endtime="20210514 12:47:50.971"/>
</iter>
<status status="PASS" starttime="20210514 12:47:44.013" endtime="20210514 12:47:50.971"/>
</for>
<kw name="Go To Plans" library="nav">
<kw name="Click" library="Browser">
<arg>css=a[href$=planos]</arg>
<tag>PageContent</tag>
<tag>Setter</tag>
<doc>Simulates mouse click on the element found by ``selector``.</doc>
<status status="PASS" starttime="20210514 12:47:50.973" endtime="20210514 12:47:51.099"/>
</kw>
<kw name="Wait For Elements State" library="Browser">
<arg>css=h1 &gt;&gt; text=Gestão de Planos</arg>
<arg>visible</arg>
<arg>5</arg>
<tag>PageContent</tag>
<tag>Wait</tag>
<doc>Waits for the element found by ``selector`` to satisfy state option.</doc>
<msg timestamp="20210514 12:47:51.124" level="INFO">Wait for Element with selector: css=h1 &gt;&gt; text=Gestão de Planos</msg>
<status status="PASS" starttime="20210514 12:47:51.099" endtime="20210514 12:47:51.124"/>
</kw>
<status status="PASS" starttime="20210514 12:47:50.972" endtime="20210514 12:47:51.125"/>
</kw>
<kw name="Search Plan By Title" library="plans">
<arg>${word}</arg>
<kw name="Fill Text" library="Browser">
<arg>css=input[placeholder="Buscar plano"]</arg>
<arg>${title}</arg>
<tag>PageContent</tag>
<tag>Setter</tag>
<doc>Clears and fills the given ``text`` into the text field found by ``selector``.</doc>
<msg timestamp="20210514 12:47:51.127" level="INFO">Fills the text 'Plano' in the given field.</msg>
<status status="PASS" starttime="20210514 12:47:51.126" endtime="20210514 12:47:51.173"/>
</kw>
<status status="PASS" starttime="20210514 12:47:51.125" endtime="20210514 12:47:51.173"/>
</kw>
<for flavor="IN">
<var>${item}</var>
<value>@{plans}</value>
<iter>
<var name="${item}">{'title': 'Plano Alpha', 'duration': 12, 'price': 50}</var>
<kw name="Plan Title Should Be Visible" library="components">
<arg>${item['title']}</arg>
<kw name="Wait For Elements State" library="Browser">
<arg>css=table tbody tr &gt;&gt; text=${title}</arg>
<arg>visible</arg>
<arg>5</arg>
<tag>PageContent</tag>
<tag>Wait</tag>
<doc>Waits for the element found by ``selector`` to satisfy state option.</doc>
<msg timestamp="20210514 12:47:51.477" level="INFO">Wait for Element with selector: css=table tbody tr &gt;&gt; text=Plano Alpha</msg>
<status status="PASS" starttime="20210514 12:47:51.176" endtime="20210514 12:47:51.477"/>
</kw>
<status status="PASS" starttime="20210514 12:47:51.174" endtime="20210514 12:47:51.477"/>
</kw>
<status status="PASS" starttime="20210514 12:47:51.174" endtime="20210514 12:47:51.478"/>
</iter>
<iter>
<var name="${item}">{'title': 'Plano Beta', 'duration': 12, 'price': 50}</var>
<kw name="Plan Title Should Be Visible" library="components">
<arg>${item['title']}</arg>
<kw name="Wait For Elements State" library="Browser">
<arg>css=table tbody tr &gt;&gt; text=${title}</arg>
<arg>visible</arg>
<arg>5</arg>
<tag>PageContent</tag>
<tag>Wait</tag>
<doc>Waits for the element found by ``selector`` to satisfy state option.</doc>
<msg timestamp="20210514 12:47:51.501" level="INFO">Wait for Element with selector: css=table tbody tr &gt;&gt; text=Plano Beta</msg>
<status status="PASS" starttime="20210514 12:47:51.480" endtime="20210514 12:47:51.501"/>
</kw>
<status status="PASS" starttime="20210514 12:47:51.478" endtime="20210514 12:47:51.501"/>
</kw>
<status status="PASS" starttime="20210514 12:47:51.478" endtime="20210514 12:47:51.501"/>
</iter>
<iter>
<var name="${item}">{'title': 'Plano Omega', 'duration': 12, 'price': 50}</var>
<kw name="Plan Title Should Be Visible" library="components">
<arg>${item['title']}</arg>
<kw name="Wait For Elements State" library="Browser">
<arg>css=table tbody tr &gt;&gt; text=${title}</arg>
<arg>visible</arg>
<arg>5</arg>
<tag>PageContent</tag>
<tag>Wait</tag>
<doc>Waits for the element found by ``selector`` to satisfy state option.</doc>
<msg timestamp="20210514 12:47:51.520" level="INFO">Wait for Element with selector: css=table tbody tr &gt;&gt; text=Plano Omega</msg>
<status status="PASS" starttime="20210514 12:47:51.503" endtime="20210514 12:47:51.520"/>
</kw>
<status status="PASS" starttime="20210514 12:47:51.502" endtime="20210514 12:47:51.520"/>
</kw>
<status status="PASS" starttime="20210514 12:47:51.502" endtime="20210514 12:47:51.520"/>
</iter>
<status status="PASS" starttime="20210514 12:47:51.173" endtime="20210514 12:47:51.521"/>
</for>
<kw name="Total Items Should Be" library="components">
<arg>${total}</arg>
<kw name="Set Variable" library="BuiltIn">
<var>${element}</var>
<arg>css=#pagination .total</arg>
<doc>Returns the given values which can then be assigned to a variables.</doc>
<msg timestamp="20210514 12:47:51.522" level="INFO">${element} = css=#pagination .total</msg>
<status status="PASS" starttime="20210514 12:47:51.522" endtime="20210514 12:47:51.523"/>
</kw>
<kw name="Wait For Elements State" library="Browser">
<arg>${element}</arg>
<arg>visible</arg>
<arg>5</arg>
<tag>PageContent</tag>
<tag>Wait</tag>
<doc>Waits for the element found by ``selector`` to satisfy state option.</doc>
<msg timestamp="20210514 12:47:51.552" level="INFO">Wait for Element with selector: css=#pagination .total</msg>
<status status="PASS" starttime="20210514 12:47:51.523" endtime="20210514 12:47:51.552"/>
</kw>
<kw name="Get Text" library="Browser">
<arg>${element}</arg>
<arg>==</arg>
<arg>Total: ${number}</arg>
<tag>Assertion</tag>
<tag>Getter</tag>
<tag>PageContent</tag>
<doc>Returns text attribute of the element found by ``selector``.
See the `Finding elements` section for details about the selectors.</doc>
<status status="PASS" starttime="20210514 12:47:51.553" endtime="20210514 12:47:52.005"/>
</kw>
<status status="PASS" starttime="20210514 12:47:51.521" endtime="20210514 12:47:52.006"/>
</kw>
<kw name="Take Screenshot" library="Browser" type="TEARDOWN">
<tag>PageContent</tag>
<doc>Takes a screenshot of the current window and saves it to ``path``. Saves it as a png.</doc>
<msg timestamp="20210514 12:47:52.193" level="INFO" html="true">&lt;/td&gt;&lt;/tr&gt;&lt;tr&gt;&lt;td colspan="3"&gt;&lt;a href="browser/screenshot/robotframework-browser-screenshot-1.png"&gt;&lt;img src="browser/screenshot/robotframework-browser-screenshot-1.png" width="800px"&gt;&lt;/a&gt;</msg>
<status status="PASS" starttime="20210514 12:47:52.007" endtime="20210514 12:47:52.193"/>
</kw>
<tag>search</tag>
<status status="PASS" starttime="20210514 12:47:43.981" endtime="20210514 12:47:52.193"/>
</test>
<doc>Buscar planos</doc>
<status status="PASS" starttime="20210514 12:47:39.140" endtime="20210514 12:47:52.202"/>
</suite>
<statistics>
<total>
<stat pass="1" fail="0" skip="0">All Tests</stat>
</total>
<tag>
<stat pass="1" fail="0" skip="0">search</stat>
</tag>
<suite>
<stat pass="1" fail="0" skip="0" id="s1" name="Search">Search</stat>
</suite>
</statistics>
<errors>
</errors>
</robot>
