<?xml version="1.0" encoding="UTF-8"?>
<robot generator="Robot 4.0 (Python 3.8.5 on linux)" generated="20210429 11:26:29.378" rpa="false" schemaversion="2">
<suite id="s1" name="Cadastro Alunos" source="/home/edson/workspace/courses/qa_ninja/robot_framework/bodytest/tests/cadastro_alunos.robot">
<kw name="Start Admin Session" library="base" type="SETUP">
<kw name="Start Browser Session" library="base">
<kw name="New Browser" library="Browser">
<arg>chromium</arg>
<arg>true</arg>
<tag>BrowserControl</tag>
<tag>Setter</tag>
<doc>Create a new playwright Browser with specified options.
See `Browser, Context and Page` for more information about Browser and related concepts.</doc>
<msg timestamp="20210429 11:26:30.305" level="INFO">{"browser": "chromium", "headless": true, "handleSIGINT": true, "handleSIGTERM": true, "handleSIGHUP": true, "timeout": 30000.0, "devtools": false, "slowMo": 0.0}</msg>
<msg timestamp="20210429 11:26:30.507" level="INFO">Successfully created browser with options: {"browser":"chromium","headless":true,"handleSIGINT":true,"handleSIGTERM":true,"handleSIGHUP":true,"timeout":30000,"devtools":false,"slowMo":0}</msg>
<status status="PASS" starttime="20210429 11:26:30.304" endtime="20210429 11:26:30.507"/>
</kw>
<kw name="New Page" library="Browser">
<arg>about:blank</arg>
<tag>BrowserControl</tag>
<tag>Setter</tag>
<doc>Open a new Page. A Page is the Playwright equivalent to a tab.
See `Browser, Context and Page` for more information about Page concept.
Returns a stable identifier for the created page.</doc>
<msg timestamp="20210429 11:26:30.631" level="INFO">Successfully initialized new page object and opened url: about:blank</msg>
<status status="PASS" starttime="20210429 11:26:30.508" endtime="20210429 11:26:30.632"/>
</kw>
<status status="PASS" starttime="20210429 11:26:30.303" endtime="20210429 11:26:30.632"/>
</kw>
<kw name="Go To Login Pages" library="auth">
<kw name="Go To" library="Browser">
<arg>https://theotokus-bodytest-web.herokuapp.com/</arg>
<tag>BrowserControl</tag>
<tag>Setter</tag>
<doc>Navigates to the given ``url``.</doc>
<msg timestamp="20210429 11:26:32.473" level="INFO">Succesfully opened URL https://theotokus-bodytest-web.herokuapp.com/</msg>
<status status="PASS" starttime="20210429 11:26:30.633" endtime="20210429 11:26:32.473"/>
</kw>
<status status="PASS" starttime="20210429 11:26:30.632" endtime="20210429 11:26:32.473"/>
</kw>
<kw name="Login With" library="auth">
<arg>admin@bodytest.com</arg>
<arg>pwd123</arg>
<kw name="Fill Text" library="Browser">
<arg>css=input[name=email]</arg>
<arg>${email}</arg>
<tag>PageContent</tag>
<tag>Setter</tag>
<doc>Clears and fills the given ``text`` into the text field found by ``selector``.</doc>
<msg timestamp="20210429 11:26:32.474" level="INFO">Fills the text 'admin@bodytest.com' in the given field.</msg>
<status status="PASS" starttime="20210429 11:26:32.474" endtime="20210429 11:26:32.561"/>
</kw>
<kw name="Fill Text" library="Browser">
<arg>css=input[name=password]</arg>
<arg>${pass}</arg>
<tag>PageContent</tag>
<tag>Setter</tag>
<doc>Clears and fills the given ``text`` into the text field found by ``selector``.</doc>
<msg timestamp="20210429 11:26:32.562" level="INFO">Fills the text 'pwd123' in the given field.</msg>
<status status="PASS" starttime="20210429 11:26:32.561" endtime="20210429 11:26:32.621"/>
</kw>
<kw name="Click" library="Browser">
<arg>text=Entrar</arg>
<tag>PageContent</tag>
<tag>Setter</tag>
<doc>Simulates mouse click on the element found by ``selector``.</doc>
<status status="PASS" starttime="20210429 11:26:32.621" endtime="20210429 11:26:32.720"/>
</kw>
<status status="PASS" starttime="20210429 11:26:32.473" endtime="20210429 11:26:32.721"/>
</kw>
<kw name="User Should Be Logged In" library="nav">
<arg>Administrador</arg>
<kw name="Get Text" library="Browser">
<arg>css=aside strong</arg>
<arg>should be</arg>
<arg>${user_name}</arg>
<tag>Assertion</tag>
<tag>Getter</tag>
<tag>PageContent</tag>
<doc>Returns text attribute of the element found by ``selector``.
See the `Finding elements` section for details about the selectors.</doc>
<status status="PASS" starttime="20210429 11:26:32.722" endtime="20210429 11:26:33.552"/>
</kw>
<status status="PASS" starttime="20210429 11:26:32.721" endtime="20210429 11:26:33.553"/>
</kw>
<status status="PASS" starttime="20210429 11:26:30.302" endtime="20210429 11:26:33.553"/>
</kw>
<test id="s1-t1" name="Novo aluno">
<kw name="Create Dictionary" library="BuiltIn">
<var>&amp;{student}</var>
<arg>name=Edson José dos Santos</arg>
<arg>email=edson@theotokus.com</arg>
<arg>age=39</arg>
<arg>weight=81</arg>
<arg>feet_tall=1.82</arg>
<doc>Creates and returns a dictionary based on the given ``items``.</doc>
<msg timestamp="20210429 11:26:33.565" level="INFO">&amp;{student} = { name=Edson José dos Santos | email=edson@theotokus.com | age=39 | weight=81 | feet_tall=1.82 }</msg>
<status status="PASS" starttime="20210429 11:26:33.564" endtime="20210429 11:26:33.565"/>
</kw>
<kw name="Remove Student" library="DeloreanLibrary">
<arg>${student.email}</arg>
<msg timestamp="20210429 11:26:33.568" level="INFO">delete from students where email = 'edson@theotokus.com'</msg>
<status status="PASS" starttime="20210429 11:26:33.566" endtime="20210429 11:26:34.654"/>
</kw>
<kw name="Go to Students" library="nav">
<kw name="Click" library="Browser">
<arg>css=a[href$=alunos]</arg>
<tag>PageContent</tag>
<tag>Setter</tag>
<doc>Simulates mouse click on the element found by ``selector``.</doc>
<status status="PASS" starttime="20210429 11:26:34.656" endtime="20210429 11:26:34.760"/>
</kw>
<kw name="Wait For Elements State" library="Browser">
<arg>css=h1 &gt;&gt; text=Gestão de Alunos</arg>
<arg>visible</arg>
<arg>5</arg>
<tag>PageContent</tag>
<tag>Wait</tag>
<doc>Waits for the element found by ``selector`` to satisfy state option.</doc>
<msg timestamp="20210429 11:26:34.792" level="INFO">Wait for Element with selector: css=h1 &gt;&gt; text=Gestão de Alunos</msg>
<status status="PASS" starttime="20210429 11:26:34.760" endtime="20210429 11:26:34.792"/>
</kw>
<status status="PASS" starttime="20210429 11:26:34.655" endtime="20210429 11:26:34.792"/>
</kw>
<kw name="Go to Form Student" library="students">
<kw name="Click" library="Browser">
<arg>css=a[href$="alunos/new"]</arg>
<tag>PageContent</tag>
<tag>Setter</tag>
<doc>Simulates mouse click on the element found by ``selector``.</doc>
<status status="PASS" starttime="20210429 11:26:34.794" endtime="20210429 11:26:34.909"/>
</kw>
<kw name="Wait For Elements State" library="Browser">
<arg>css=h1 &gt;&gt; text=Novo aluno</arg>
<arg>visible</arg>
<arg>5</arg>
<tag>PageContent</tag>
<tag>Wait</tag>
<doc>Waits for the element found by ``selector`` to satisfy state option.</doc>
<msg timestamp="20210429 11:26:34.927" level="INFO">Wait for Element with selector: css=h1 &gt;&gt; text=Novo aluno</msg>
<status status="PASS" starttime="20210429 11:26:34.909" endtime="20210429 11:26:34.928"/>
</kw>
<status status="PASS" starttime="20210429 11:26:34.793" endtime="20210429 11:26:34.928"/>
</kw>
<kw name="New Student" library="students">
<arg>${student}</arg>
<kw name="Fill Text" library="Browser">
<arg>css=input[name=name]</arg>
<arg>${student.name}</arg>
<tag>PageContent</tag>
<tag>Setter</tag>
<doc>Clears and fills the given ``text`` into the text field found by ``selector``.</doc>
<msg timestamp="20210429 11:26:34.931" level="INFO">Fills the text 'Edson José dos Santos' in the given field.</msg>
<status status="PASS" starttime="20210429 11:26:34.929" endtime="20210429 11:26:34.978"/>
</kw>
<kw name="Fill Text" library="Browser">
<arg>css=input[name=email]</arg>
<arg>${student.email}</arg>
<tag>PageContent</tag>
<tag>Setter</tag>
<doc>Clears and fills the given ``text`` into the text field found by ``selector``.</doc>
<msg timestamp="20210429 11:26:34.980" level="INFO">Fills the text 'edson@theotokus.com' in the given field.</msg>
<status status="PASS" starttime="20210429 11:26:34.979" endtime="20210429 11:26:35.016"/>
</kw>
<kw name="Fill Text" library="Browser">
<arg>css=input[name=age]</arg>
<arg>${student.age}</arg>
<tag>PageContent</tag>
<tag>Setter</tag>
<doc>Clears and fills the given ``text`` into the text field found by ``selector``.</doc>
<msg timestamp="20210429 11:26:35.018" level="INFO">Fills the text '39' in the given field.</msg>
<status status="PASS" starttime="20210429 11:26:35.016" endtime="20210429 11:26:35.066"/>
</kw>
<kw name="Fill Text" library="Browser">
<arg>css=input[name=weight]</arg>
<arg>${student.weight}</arg>
<tag>PageContent</tag>
<tag>Setter</tag>
<doc>Clears and fills the given ``text`` into the text field found by ``selector``.</doc>
<msg timestamp="20210429 11:26:35.068" level="INFO">Fills the text '81' in the given field.</msg>
<status status="PASS" starttime="20210429 11:26:35.066" endtime="20210429 11:26:35.102"/>
</kw>
<kw name="Fill Text" library="Browser">
<arg>css=input[name=feet_tall]</arg>
<arg>${student.feet_tall}</arg>
<tag>PageContent</tag>
<tag>Setter</tag>
<doc>Clears and fills the given ``text`` into the text field found by ``selector``.</doc>
<msg timestamp="20210429 11:26:35.104" level="INFO">Fills the text '1.82' in the given field.</msg>
<status status="PASS" starttime="20210429 11:26:35.103" endtime="20210429 11:26:35.136"/>
</kw>
<kw name="Click" library="Browser">
<arg>css=button[form$=Student]</arg>
<tag>PageContent</tag>
<tag>Setter</tag>
<doc>Simulates mouse click on the element found by ``selector``.</doc>
<status status="PASS" starttime="20210429 11:26:35.137" endtime="20210429 11:26:35.199"/>
</kw>
<status status="PASS" starttime="20210429 11:26:34.929" endtime="20210429 11:26:35.199"/>
</kw>
<kw name="Toaster Text Should Be" library="components">
<arg>Aluno cadastrado com sucesso.</arg>
<kw name="Wait For Elements State" library="Browser">
<arg>css=.Toastify__toast-body &gt;&gt; text=${expect_text}</arg>
<arg>visible</arg>
<arg>5</arg>
<tag>PageContent</tag>
<tag>Wait</tag>
<doc>Waits for the element found by ``selector`` to satisfy state option.</doc>
<msg timestamp="20210429 11:26:35.574" level="INFO">Wait for Element with selector: css=.Toastify__toast-body &gt;&gt; text=Aluno cadastrado com sucesso.</msg>
<status status="PASS" starttime="20210429 11:26:35.200" endtime="20210429 11:26:35.574"/>
</kw>
<status status="PASS" starttime="20210429 11:26:35.200" endtime="20210429 11:26:35.574"/>
</kw>
<kw name="Thinking And Take Screenshot" library="base" type="TEARDOWN">
<arg>2</arg>
<kw name="Sleep" library="BuiltIn">
<arg>${timeout}</arg>
<doc>Pauses the test executed for the given time.</doc>
<msg timestamp="20210429 11:26:37.577" level="INFO">Slept 2 seconds</msg>
<status status="PASS" starttime="20210429 11:26:35.576" endtime="20210429 11:26:37.578"/>
</kw>
<kw name="Take Screenshot" library="Browser">
<tag>PageContent</tag>
<doc>Takes a screenshot of the current window and saves it to ``path``. Saves it as a png.</doc>
<msg timestamp="20210429 11:26:37.753" level="INFO" html="true">&lt;/td&gt;&lt;/tr&gt;&lt;tr&gt;&lt;td colspan="3"&gt;&lt;a href="browser/screenshot/robotframework-browser-screenshot-1.png"&gt;&lt;img src="browser/screenshot/robotframework-browser-screenshot-1.png" width="800px"&gt;&lt;/a&gt;</msg>
<status status="PASS" starttime="20210429 11:26:37.578" endtime="20210429 11:26:37.753"/>
</kw>
<status status="PASS" starttime="20210429 11:26:35.575" endtime="20210429 11:26:37.753"/>
</kw>
<status status="PASS" starttime="20210429 11:26:33.553" endtime="20210429 11:26:37.753"/>
</test>
<doc>Cadastro de alunos</doc>
<status status="PASS" starttime="20210429 11:26:29.380" endtime="20210429 11:26:37.766"/>
</suite>
<statistics>
<total>
<stat pass="1" fail="0" skip="0">All Tests</stat>
</total>
<tag>
</tag>
<suite>
<stat pass="1" fail="0" skip="0" id="s1" name="Cadastro Alunos">Cadastro Alunos</stat>
</suite>
</statistics>
<errors>
</errors>
</robot>
