<?xml version="1.0" encoding="UTF-8"?>
<robot generator="Robot 4.0 (Python 3.8.5 on linux)" generated="20210513 06:09:23.806" rpa="false" schemaversion="2">
<suite id="s1" name="Create" source="/home/edson/workspace/courses/qa_ninja/robot_framework/bodytest/tests/plans/create.robot">
<kw name="Start Admin Session" library="base" type="SETUP">
<kw name="Start Browser Session" library="base">
<kw name="New Browser" library="Browser">
<arg>chromium</arg>
<arg>false</arg>
<tag>BrowserControl</tag>
<tag>Setter</tag>
<doc>Create a new playwright Browser with specified options.
See `Browser, Context and Page` for more information about Browser and related concepts.</doc>
<msg timestamp="20210513 06:09:24.601" level="INFO">{"browser": "chromium", "headless": false, "handleSIGINT": true, "handleSIGTERM": true, "handleSIGHUP": true, "timeout": 30000.0, "devtools": false, "slowMo": 0.0}</msg>
<msg timestamp="20210513 06:09:25.009" level="INFO">Successfully created browser with options: {"browser":"chromium","headless":false,"handleSIGINT":true,"handleSIGTERM":true,"handleSIGHUP":true,"timeout":30000,"devtools":false,"slowMo":0}</msg>
<status status="PASS" starttime="20210513 06:09:24.601" endtime="20210513 06:09:25.009"/>
</kw>
<kw name="New Page" library="Browser">
<arg>about:blank</arg>
<tag>BrowserControl</tag>
<tag>Setter</tag>
<doc>Open a new Page. A Page is the Playwright equivalent to a tab.
See `Browser, Context and Page` for more information about Page concept.
Returns a stable identifier for the created page.</doc>
<msg timestamp="20210513 06:09:25.363" level="INFO">Successfully initialized new page object and opened url: about:blank</msg>
<status status="PASS" starttime="20210513 06:09:25.010" endtime="20210513 06:09:25.364"/>
</kw>
<status status="PASS" starttime="20210513 06:09:24.600" endtime="20210513 06:09:25.364"/>
</kw>
<kw name="Go To Login Pages" library="auth">
<kw name="Go To" library="Browser">
<arg>https://theotokus-bodytest-web.herokuapp.com/</arg>
<tag>BrowserControl</tag>
<tag>Setter</tag>
<doc>Navigates to the given ``url``.</doc>
<msg timestamp="20210513 06:09:27.218" level="INFO">Succesfully opened URL https://theotokus-bodytest-web.herokuapp.com/</msg>
<status status="PASS" starttime="20210513 06:09:25.365" endtime="20210513 06:09:27.218"/>
</kw>
<status status="PASS" starttime="20210513 06:09:25.365" endtime="20210513 06:09:27.219"/>
</kw>
<kw name="Login With" library="auth">
<arg>admin@bodytest.com</arg>
<arg>pwd123</arg>
<kw name="Fill Text" library="Browser">
<arg>css=input[name=email]</arg>
<arg>${email}</arg>
<tag>PageContent</tag>
<tag>Setter</tag>
<doc>Clears and fills the given ``text`` into the text field found by ``selector``.</doc>
<msg timestamp="20210513 06:09:27.220" level="INFO">Fills the text 'admin@bodytest.com' in the given field.</msg>
<status status="PASS" starttime="20210513 06:09:27.220" endtime="20210513 06:09:27.294"/>
</kw>
<kw name="Fill Text" library="Browser">
<arg>css=input[name=password]</arg>
<arg>${pass}</arg>
<tag>PageContent</tag>
<tag>Setter</tag>
<doc>Clears and fills the given ``text`` into the text field found by ``selector``.</doc>
<msg timestamp="20210513 06:09:27.296" level="INFO">Fills the text 'pwd123' in the given field.</msg>
<status status="PASS" starttime="20210513 06:09:27.295" endtime="20210513 06:09:27.331"/>
</kw>
<kw name="Click" library="Browser">
<arg>text=Entrar</arg>
<tag>PageContent</tag>
<tag>Setter</tag>
<doc>Simulates mouse click on the element found by ``selector``.</doc>
<status status="PASS" starttime="20210513 06:09:27.331" endtime="20210513 06:09:27.403"/>
</kw>
<status status="PASS" starttime="20210513 06:09:27.219" endtime="20210513 06:09:27.403"/>
</kw>
<kw name="User Should Be Logged In" library="nav">
<arg>Administrador</arg>
<kw name="Get Text" library="Browser">
<arg>css=aside strong</arg>
<arg>should be</arg>
<arg>${user_name}</arg>
<tag>Assertion</tag>
<tag>Getter</tag>
<tag>PageContent</tag>
<doc>Returns text attribute of the element found by ``selector``.
See the `Finding elements` section for details about the selectors.</doc>
<status status="PASS" starttime="20210513 06:09:27.404" endtime="20210513 06:09:28.189"/>
</kw>
<status status="PASS" starttime="20210513 06:09:27.404" endtime="20210513 06:09:28.189"/>
</kw>
<status status="PASS" starttime="20210513 06:09:24.599" endtime="20210513 06:09:28.189"/>
</kw>
<test id="s1-t1" name="Cenario: A duração deve ser no mínimo 1 mês">
<kw name="Create Dictionary" library="BuiltIn">
<var>&amp;{plan}</var>
<arg>title=Edson Teste</arg>
<arg>duration=0</arg>
<arg>price=19,99</arg>
<arg>total=R$ 239,88</arg>
<doc>Creates and returns a dictionary based on the given ``items``.</doc>
<msg timestamp="20210513 06:09:28.208" level="INFO">&amp;{plan} = { title=Edson Teste | duration=0 | price=19,99 | total=R$ 239,88 }</msg>
<status status="PASS" starttime="20210513 06:09:28.206" endtime="20210513 06:09:28.208"/>
</kw>
<kw name="Go To Plans" library="nav">
<kw name="Click" library="Browser">
<arg>css=a[href$=planos]</arg>
<tag>PageContent</tag>
<tag>Setter</tag>
<doc>Simulates mouse click on the element found by ``selector``.</doc>
<status status="PASS" starttime="20210513 06:09:28.208" endtime="20210513 06:09:28.315"/>
</kw>
<kw name="Wait For Elements State" library="Browser">
<arg>css=h1 &gt;&gt; text=Gestão de Planos</arg>
<arg>visible</arg>
<arg>5</arg>
<tag>PageContent</tag>
<tag>Wait</tag>
<doc>Waits for the element found by ``selector`` to satisfy state option.</doc>
<msg timestamp="20210513 06:09:28.334" level="INFO">Wait for Element with selector: css=h1 &gt;&gt; text=Gestão de Planos</msg>
<status status="PASS" starttime="20210513 06:09:28.315" endtime="20210513 06:09:28.334"/>
</kw>
<status status="PASS" starttime="20210513 06:09:28.208" endtime="20210513 06:09:28.335"/>
</kw>
<kw name="Go To Form Plan" library="plans">
<kw name="Click" library="Browser">
<arg>css=a[href$="planos/new"]</arg>
<tag>PageContent</tag>
<tag>Setter</tag>
<doc>Simulates mouse click on the element found by ``selector``.</doc>
<status status="PASS" starttime="20210513 06:09:28.336" endtime="20210513 06:09:28.452"/>
</kw>
<kw name="Wait For Elements State" library="Browser">
<arg>css=h1 &gt;&gt; text=Novo plano</arg>
<arg>visible</arg>
<arg>5</arg>
<tag>PageContent</tag>
<tag>Wait</tag>
<doc>Waits for the element found by ``selector`` to satisfy state option.</doc>
<msg timestamp="20210513 06:09:28.468" level="INFO">Wait for Element with selector: css=h1 &gt;&gt; text=Novo plano</msg>
<status status="PASS" starttime="20210513 06:09:28.453" endtime="20210513 06:09:28.468"/>
</kw>
<status status="PASS" starttime="20210513 06:09:28.335" endtime="20210513 06:09:28.468"/>
</kw>
<kw name="Fill Plan Forms" library="plans">
<arg>${plan}</arg>
<kw name="Fill Text" library="Browser">
<arg>${TITLE_FIELD}</arg>
<arg>${plan.title}</arg>
<tag>PageContent</tag>
<tag>Setter</tag>
<doc>Clears and fills the given ``text`` into the text field found by ``selector``.</doc>
<msg timestamp="20210513 06:09:28.472" level="INFO">Fills the text 'Edson Teste' in the given field.</msg>
<status status="PASS" starttime="20210513 06:09:28.470" endtime="20210513 06:09:28.521"/>
</kw>
<kw name="Fill Text" library="Browser">
<arg>${DURATION_FIELD}</arg>
<arg>${plan.duration}</arg>
<tag>PageContent</tag>
<tag>Setter</tag>
<doc>Clears and fills the given ``text`` into the text field found by ``selector``.</doc>
<msg timestamp="20210513 06:09:28.523" level="INFO">Fills the text '0' in the given field.</msg>
<status status="PASS" starttime="20210513 06:09:28.522" endtime="20210513 06:09:28.563"/>
</kw>
<kw name="Fill Text" library="Browser">
<arg>${PRICE_FIELD}</arg>
<arg>${plan.price}</arg>
<tag>PageContent</tag>
<tag>Setter</tag>
<doc>Clears and fills the given ``text`` into the text field found by ``selector``.</doc>
<msg timestamp="20210513 06:09:28.564" level="INFO">Fills the text '19,99' in the given field.</msg>
<status status="PASS" starttime="20210513 06:09:28.563" endtime="20210513 06:09:28.616"/>
</kw>
<status status="PASS" starttime="20210513 06:09:28.469" endtime="20210513 06:09:28.617"/>
</kw>
<kw name="Submit Plan Form" library="plans">
<kw name="Click" library="Browser">
<arg>xpath=//button[contains(text(), "Salvar")]</arg>
<tag>PageContent</tag>
<tag>Setter</tag>
<doc>Simulates mouse click on the element found by ``selector``.</doc>
<status status="PASS" starttime="20210513 06:09:28.618" endtime="20210513 06:09:28.702"/>
</kw>
<status status="PASS" starttime="20210513 06:09:28.617" endtime="20210513 06:09:28.703"/>
</kw>
<kw name="Alert Text Should Be" library="components">
<arg>A duração dever ser no mínimo 1 mês</arg>
<kw name="Wait For Elements State" library="Browser">
<arg>css=form span &gt;&gt; text=${expect_text}</arg>
<arg>visible</arg>
<arg>5</arg>
<tag>PageContent</tag>
<tag>Wait</tag>
<doc>Waits for the element found by ``selector`` to satisfy state option.</doc>
<msg timestamp="20210513 06:09:28.729" level="INFO">Wait for Element with selector: css=form span &gt;&gt; text=A duração dever ser no mínimo 1 mês</msg>
<status status="PASS" starttime="20210513 06:09:28.705" endtime="20210513 06:09:28.729"/>
</kw>
<status status="PASS" starttime="20210513 06:09:28.703" endtime="20210513 06:09:28.729"/>
</kw>
<kw name="Sleep" library="BuiltIn">
<arg>5</arg>
<doc>Pauses the test executed for the given time.</doc>
<msg timestamp="20210513 06:09:33.731" level="INFO">Slept 5 seconds</msg>
<status status="PASS" starttime="20210513 06:09:28.730" endtime="20210513 06:09:33.731"/>
</kw>
<kw name="Take Screenshot" library="Browser" type="TEARDOWN">
<tag>PageContent</tag>
<doc>Takes a screenshot of the current window and saves it to ``path``. Saves it as a png.</doc>
<msg timestamp="20210513 06:09:33.907" level="INFO" html="true">&lt;/td&gt;&lt;/tr&gt;&lt;tr&gt;&lt;td colspan="3"&gt;&lt;a href="browser/screenshot/robotframework-browser-screenshot-1.png"&gt;&lt;img src="browser/screenshot/robotframework-browser-screenshot-1.png" width="800px"&gt;&lt;/a&gt;</msg>
<status status="PASS" starttime="20210513 06:09:33.732" endtime="20210513 06:09:33.907"/>
</kw>
<tag>duration</tag>
<status status="PASS" starttime="20210513 06:09:28.190" endtime="20210513 06:09:33.908"/>
</test>
<doc>Cadastro de Planos</doc>
<status status="PASS" starttime="20210513 06:09:23.808" endtime="20210513 06:09:33.920"/>
</suite>
<statistics>
<total>
<stat pass="1" fail="0" skip="0">All Tests</stat>
</total>
<tag>
<stat pass="1" fail="0" skip="0">duration</stat>
</tag>
<suite>
<stat pass="1" fail="0" skip="0" id="s1" name="Create">Create</stat>
</suite>
</statistics>
<errors>
</errors>
</robot>
