<?xml version="1.0" encoding="UTF-8"?>
<robot generator="Robot 4.0 (Python 3.8.5 on linux)" generated="20210504 12:03:33.852" rpa="false" schemaversion="2">
<suite id="s1" name="Tests" source="/home/edson/workspace/courses/qa_ninja/robot_framework/bodytest/tests">
<suite id="s1-s1" name="Login" source="/home/edson/workspace/courses/qa_ninja/robot_framework/bodytest/tests/login">
<suite id="s1-s1-s1" name="Login" source="/home/edson/workspace/courses/qa_ninja/robot_framework/bodytest/tests/login/login.robot">
<kw name="Start Browser Session" library="base" type="SETUP">
<kw name="New Browser" library="Browser">
<arg>chromium</arg>
<arg>true</arg>
<tag>BrowserControl</tag>
<tag>Setter</tag>
<doc>Create a new playwright Browser with specified options.
See `Browser, Context and Page` for more information about Browser and related concepts.</doc>
<msg timestamp="20210504 12:03:34.694" level="INFO">{"browser": "chromium", "headless": true, "handleSIGINT": true, "handleSIGTERM": true, "handleSIGHUP": true, "timeout": 30000.0, "devtools": false, "slowMo": 0.0}</msg>
<msg timestamp="20210504 12:03:34.884" level="INFO">Successfully created browser with options: {"browser":"chromium","headless":true,"handleSIGINT":true,"handleSIGTERM":true,"handleSIGHUP":true,"timeout":30000,"devtools":false,"slowMo":0}</msg>
<status status="PASS" starttime="20210504 12:03:34.693" endtime="20210504 12:03:34.884"/>
</kw>
<kw name="New Page" library="Browser">
<arg>about:blank</arg>
<tag>BrowserControl</tag>
<tag>Setter</tag>
<doc>Open a new Page. A Page is the Playwright equivalent to a tab.
See `Browser, Context and Page` for more information about Page concept.
Returns a stable identifier for the created page.</doc>
<msg timestamp="20210504 12:03:34.983" level="INFO">Successfully initialized new page object and opened url: about:blank</msg>
<status status="PASS" starttime="20210504 12:03:34.885" endtime="20210504 12:03:34.984"/>
</kw>
<status status="PASS" starttime="20210504 12:03:34.692" endtime="20210504 12:03:34.984"/>
</kw>
<test id="s1-s1-s1-t1" name="Cenario: Login do Administrador">
<kw name="Go To Login Pages" library="auth">
<kw name="Go To" library="Browser">
<arg>https://theotokus-bodytest-web.herokuapp.com/</arg>
<tag>BrowserControl</tag>
<tag>Setter</tag>
<doc>Navigates to the given ``url``.</doc>
<msg timestamp="20210504 12:03:36.835" level="INFO">Succesfully opened URL https://theotokus-bodytest-web.herokuapp.com/</msg>
<status status="PASS" starttime="20210504 12:03:35.000" endtime="20210504 12:03:36.836"/>
</kw>
<status status="PASS" starttime="20210504 12:03:34.999" endtime="20210504 12:03:36.836"/>
</kw>
<kw name="Login With" library="auth">
<arg>admin@bodytest.com</arg>
<arg>pwd123</arg>
<kw name="Fill Text" library="Browser">
<arg>css=input[name=email]</arg>
<arg>${email}</arg>
<tag>PageContent</tag>
<tag>Setter</tag>
<doc>Clears and fills the given ``text`` into the text field found by ``selector``.</doc>
<msg timestamp="20210504 12:03:36.839" level="INFO">Fills the text 'admin@bodytest.com' in the given field.</msg>
<status status="PASS" starttime="20210504 12:03:36.838" endtime="20210504 12:03:36.908"/>
</kw>
<kw name="Fill Text" library="Browser">
<arg>css=input[name=password]</arg>
<arg>${pass}</arg>
<tag>PageContent</tag>
<tag>Setter</tag>
<doc>Clears and fills the given ``text`` into the text field found by ``selector``.</doc>
<msg timestamp="20210504 12:03:36.909" level="INFO">Fills the text 'pwd123' in the given field.</msg>
<status status="PASS" starttime="20210504 12:03:36.908" endtime="20210504 12:03:36.939"/>
</kw>
<kw name="Click" library="Browser">
<arg>text=Entrar</arg>
<tag>PageContent</tag>
<tag>Setter</tag>
<doc>Simulates mouse click on the element found by ``selector``.</doc>
<status status="PASS" starttime="20210504 12:03:36.939" endtime="20210504 12:03:37.018"/>
</kw>
<status status="PASS" starttime="20210504 12:03:36.837" endtime="20210504 12:03:37.018"/>
</kw>
<kw name="User Should Be Logged In" library="nav">
<arg>Administrador</arg>
<kw name="Get Text" library="Browser">
<arg>css=aside strong</arg>
<arg>should be</arg>
<arg>${user_name}</arg>
<tag>Assertion</tag>
<tag>Getter</tag>
<tag>PageContent</tag>
<doc>Returns text attribute of the element found by ``selector``.
See the `Finding elements` section for details about the selectors.</doc>
<status status="PASS" starttime="20210504 12:03:37.020" endtime="20210504 12:03:38.184"/>
</kw>
<status status="PASS" starttime="20210504 12:03:37.019" endtime="20210504 12:03:38.185"/>
</kw>
<kw name="Clean Local Storage And Take Screenshot" library="base" type="TEARDOWN">
<kw name="Take Screenshot" library="Browser">
<tag>PageContent</tag>
<doc>Takes a screenshot of the current window and saves it to ``path``. Saves it as a png.</doc>
<msg timestamp="20210504 12:03:38.305" level="INFO" html="true">&lt;/td&gt;&lt;/tr&gt;&lt;tr&gt;&lt;td colspan="3"&gt;&lt;a href="browser/screenshot/robotframework-browser-screenshot-1.png"&gt;&lt;img src="browser/screenshot/robotframework-browser-screenshot-1.png" width="800px"&gt;&lt;/a&gt;</msg>
<status status="PASS" starttime="20210504 12:03:38.187" endtime="20210504 12:03:38.305"/>
</kw>
<kw name="LocalStorage Clear" library="Browser">
<tag>PageContent</tag>
<tag>Setter</tag>
<doc>Remove all saved data from the local storage.</doc>
<msg timestamp="20210504 12:03:38.314" level="INFO"/>
<status status="PASS" starttime="20210504 12:03:38.305" endtime="20210504 12:03:38.315"/>
</kw>
<status status="PASS" starttime="20210504 12:03:38.186" endtime="20210504 12:03:38.315"/>
</kw>
<status status="PASS" starttime="20210504 12:03:34.984" endtime="20210504 12:03:38.315"/>
</test>
<test id="s1-s1-s1-t2" name="Cenario: Senha incorreta">
<kw name="Go To Login Pages" library="auth">
<kw name="Go To" library="Browser">
<arg>https://theotokus-bodytest-web.herokuapp.com/</arg>
<tag>BrowserControl</tag>
<tag>Setter</tag>
<doc>Navigates to the given ``url``.</doc>
<msg timestamp="20210504 12:03:38.878" level="INFO">Succesfully opened URL https://theotokus-bodytest-web.herokuapp.com/</msg>
<status status="PASS" starttime="20210504 12:03:38.332" endtime="20210504 12:03:38.879"/>
</kw>
<status status="PASS" starttime="20210504 12:03:38.331" endtime="20210504 12:03:38.879"/>
</kw>
<kw name="Login With" library="auth">
<arg>admin@bodytest.com</arg>
<arg>abc123</arg>
<kw name="Fill Text" library="Browser">
<arg>css=input[name=email]</arg>
<arg>${email}</arg>
<tag>PageContent</tag>
<tag>Setter</tag>
<doc>Clears and fills the given ``text`` into the text field found by ``selector``.</doc>
<msg timestamp="20210504 12:03:38.882" level="INFO">Fills the text 'admin@bodytest.com' in the given field.</msg>
<status status="PASS" starttime="20210504 12:03:38.881" endtime="20210504 12:03:38.926"/>
</kw>
<kw name="Fill Text" library="Browser">
<arg>css=input[name=password]</arg>
<arg>${pass}</arg>
<tag>PageContent</tag>
<tag>Setter</tag>
<doc>Clears and fills the given ``text`` into the text field found by ``selector``.</doc>
<msg timestamp="20210504 12:03:38.928" level="INFO">Fills the text 'abc123' in the given field.</msg>
<status status="PASS" starttime="20210504 12:03:38.927" endtime="20210504 12:03:38.964"/>
</kw>
<kw name="Click" library="Browser">
<arg>text=Entrar</arg>
<tag>PageContent</tag>
<tag>Setter</tag>
<doc>Simulates mouse click on the element found by ``selector``.</doc>
<status status="PASS" starttime="20210504 12:03:38.965" endtime="20210504 12:03:39.024"/>
</kw>
<status status="PASS" starttime="20210504 12:03:38.880" endtime="20210504 12:03:39.025"/>
</kw>
<kw name="Toaster Text Should Be" library="components">
<arg>Usuário e/ou senha inválidos.</arg>
<kw name="Wait For Elements State" library="Browser">
<arg>css=.Toastify__toast-body &gt;&gt; text=${expect_text}</arg>
<arg>visible</arg>
<arg>5</arg>
<tag>PageContent</tag>
<tag>Wait</tag>
<doc>Waits for the element found by ``selector`` to satisfy state option.</doc>
<msg timestamp="20210504 12:03:39.729" level="INFO">Wait for Element with selector: css=.Toastify__toast-body &gt;&gt; text=Usuário e/ou senha inválidos.</msg>
<status status="PASS" starttime="20210504 12:03:39.026" endtime="20210504 12:03:39.730"/>
</kw>
<status status="PASS" starttime="20210504 12:03:39.025" endtime="20210504 12:03:39.730"/>
</kw>
<kw name="Thinking And Take Screenshot" library="base" type="TEARDOWN">
<arg>2</arg>
<kw name="Sleep" library="BuiltIn">
<arg>${timeout}</arg>
<doc>Pauses the test executed for the given time.</doc>
<msg timestamp="20210504 12:03:41.733" level="INFO">Slept 2 seconds</msg>
<status status="PASS" starttime="20210504 12:03:39.732" endtime="20210504 12:03:41.734"/>
</kw>
<kw name="Take Screenshot" library="Browser">
<tag>PageContent</tag>
<doc>Takes a screenshot of the current window and saves it to ``path``. Saves it as a png.</doc>
<msg timestamp="20210504 12:03:41.859" level="INFO" html="true">&lt;/td&gt;&lt;/tr&gt;&lt;tr&gt;&lt;td colspan="3"&gt;&lt;a href="browser/screenshot/robotframework-browser-screenshot-2.png"&gt;&lt;img src="browser/screenshot/robotframework-browser-screenshot-2.png" width="800px"&gt;&lt;/a&gt;</msg>
<status status="PASS" starttime="20210504 12:03:41.734" endtime="20210504 12:03:41.860"/>
</kw>
<status status="PASS" starttime="20210504 12:03:39.731" endtime="20210504 12:03:41.860"/>
</kw>
<status status="PASS" starttime="20210504 12:03:38.323" endtime="20210504 12:03:41.860"/>
</test>
<test id="s1-s1-s1-t3" name="Cenario: Email não cadastrado">
<kw name="Go To Login Pages" library="auth">
<kw name="Go To" library="Browser">
<arg>https://theotokus-bodytest-web.herokuapp.com/</arg>
<tag>BrowserControl</tag>
<tag>Setter</tag>
<doc>Navigates to the given ``url``.</doc>
<msg timestamp="20210504 12:03:42.365" level="INFO">Succesfully opened URL https://theotokus-bodytest-web.herokuapp.com/</msg>
<status status="PASS" starttime="20210504 12:03:41.876" endtime="20210504 12:03:42.365"/>
</kw>
<status status="PASS" starttime="20210504 12:03:41.875" endtime="20210504 12:03:42.365"/>
</kw>
<kw name="Login With" library="auth">
<arg>edson@gmail.com</arg>
<arg>abc123</arg>
<kw name="Fill Text" library="Browser">
<arg>css=input[name=email]</arg>
<arg>${email}</arg>
<tag>PageContent</tag>
<tag>Setter</tag>
<doc>Clears and fills the given ``text`` into the text field found by ``selector``.</doc>
<msg timestamp="20210504 12:03:42.368" level="INFO">Fills the text 'edson@gmail.com' in the given field.</msg>
<status status="PASS" starttime="20210504 12:03:42.367" endtime="20210504 12:03:42.414"/>
</kw>
<kw name="Fill Text" library="Browser">
<arg>css=input[name=password]</arg>
<arg>${pass}</arg>
<tag>PageContent</tag>
<tag>Setter</tag>
<doc>Clears and fills the given ``text`` into the text field found by ``selector``.</doc>
<msg timestamp="20210504 12:03:42.415" level="INFO">Fills the text 'abc123' in the given field.</msg>
<status status="PASS" starttime="20210504 12:03:42.415" endtime="20210504 12:03:42.442"/>
</kw>
<kw name="Click" library="Browser">
<arg>text=Entrar</arg>
<tag>PageContent</tag>
<tag>Setter</tag>
<doc>Simulates mouse click on the element found by ``selector``.</doc>
<status status="PASS" starttime="20210504 12:03:42.442" endtime="20210504 12:03:42.500"/>
</kw>
<status status="PASS" starttime="20210504 12:03:42.366" endtime="20210504 12:03:42.500"/>
</kw>
<kw name="Toaster Text Should Be" library="components">
<arg>Usuário e/ou senha inválidos.</arg>
<kw name="Wait For Elements State" library="Browser">
<arg>css=.Toastify__toast-body &gt;&gt; text=${expect_text}</arg>
<arg>visible</arg>
<arg>5</arg>
<tag>PageContent</tag>
<tag>Wait</tag>
<doc>Waits for the element found by ``selector`` to satisfy state option.</doc>
<msg timestamp="20210504 12:03:42.951" level="INFO">Wait for Element with selector: css=.Toastify__toast-body &gt;&gt; text=Usuário e/ou senha inválidos.</msg>
<status status="PASS" starttime="20210504 12:03:42.502" endtime="20210504 12:03:42.951"/>
</kw>
<status status="PASS" starttime="20210504 12:03:42.501" endtime="20210504 12:03:42.952"/>
</kw>
<kw name="Thinking And Take Screenshot" library="base" type="TEARDOWN">
<arg>2</arg>
<kw name="Sleep" library="BuiltIn">
<arg>${timeout}</arg>
<doc>Pauses the test executed for the given time.</doc>
<msg timestamp="20210504 12:03:44.954" level="INFO">Slept 2 seconds</msg>
<status status="PASS" starttime="20210504 12:03:42.953" endtime="20210504 12:03:44.955"/>
</kw>
<kw name="Take Screenshot" library="Browser">
<tag>PageContent</tag>
<doc>Takes a screenshot of the current window and saves it to ``path``. Saves it as a png.</doc>
<msg timestamp="20210504 12:03:45.079" level="INFO" html="true">&lt;/td&gt;&lt;/tr&gt;&lt;tr&gt;&lt;td colspan="3"&gt;&lt;a href="browser/screenshot/robotframework-browser-screenshot-3.png"&gt;&lt;img src="browser/screenshot/robotframework-browser-screenshot-3.png" width="800px"&gt;&lt;/a&gt;</msg>
<status status="PASS" starttime="20210504 12:03:44.955" endtime="20210504 12:03:45.079"/>
</kw>
<status status="PASS" starttime="20210504 12:03:42.952" endtime="20210504 12:03:45.080"/>
</kw>
<status status="PASS" starttime="20210504 12:03:41.867" endtime="20210504 12:03:45.080"/>
</test>
<test id="s1-s1-s1-t4" name="Cenario: Email incorreto">
<kw name="Go To Login Pages" library="auth">
<kw name="Go To" library="Browser">
<arg>https://theotokus-bodytest-web.herokuapp.com/</arg>
<tag>BrowserControl</tag>
<tag>Setter</tag>
<doc>Navigates to the given ``url``.</doc>
<msg timestamp="20210504 12:03:45.586" level="INFO">Succesfully opened URL https://theotokus-bodytest-web.herokuapp.com/</msg>
<status status="PASS" starttime="20210504 12:03:45.096" endtime="20210504 12:03:45.586"/>
</kw>
<status status="PASS" starttime="20210504 12:03:45.095" endtime="20210504 12:03:45.587"/>
</kw>
<kw name="Login With" library="auth">
<arg>admin&amp;bodytest.com</arg>
<arg>abc123</arg>
<kw name="Fill Text" library="Browser">
<arg>css=input[name=email]</arg>
<arg>${email}</arg>
<tag>PageContent</tag>
<tag>Setter</tag>
<doc>Clears and fills the given ``text`` into the text field found by ``selector``.</doc>
<msg timestamp="20210504 12:03:45.589" level="INFO">Fills the text 'admin&amp;bodytest.com' in the given field.</msg>
<status status="PASS" starttime="20210504 12:03:45.589" endtime="20210504 12:03:45.635"/>
</kw>
<kw name="Fill Text" library="Browser">
<arg>css=input[name=password]</arg>
<arg>${pass}</arg>
<tag>PageContent</tag>
<tag>Setter</tag>
<doc>Clears and fills the given ``text`` into the text field found by ``selector``.</doc>
<msg timestamp="20210504 12:03:45.636" level="INFO">Fills the text 'abc123' in the given field.</msg>
<status status="PASS" starttime="20210504 12:03:45.636" endtime="20210504 12:03:45.662"/>
</kw>
<kw name="Click" library="Browser">
<arg>text=Entrar</arg>
<tag>PageContent</tag>
<tag>Setter</tag>
<doc>Simulates mouse click on the element found by ``selector``.</doc>
<status status="PASS" starttime="20210504 12:03:45.663" endtime="20210504 12:03:45.738"/>
</kw>
<status status="PASS" starttime="20210504 12:03:45.588" endtime="20210504 12:03:45.739"/>
</kw>
<kw name="Alert Text Should Be" library="components">
<arg>Informe um e-mail válido</arg>
<kw name="Wait For Elements State" library="Browser">
<arg>css=form span &gt;&gt; text=${expect_text}</arg>
<arg>visible</arg>
<arg>5</arg>
<tag>PageContent</tag>
<tag>Wait</tag>
<doc>Waits for the element found by ``selector`` to satisfy state option.</doc>
<msg timestamp="20210504 12:03:45.766" level="INFO">Wait for Element with selector: css=form span &gt;&gt; text=Informe um e-mail válido</msg>
<status status="PASS" starttime="20210504 12:03:45.741" endtime="20210504 12:03:45.766"/>
</kw>
<status status="PASS" starttime="20210504 12:03:45.740" endtime="20210504 12:03:45.767"/>
</kw>
<kw name="Take Screenshot" library="Browser" type="TEARDOWN">
<tag>PageContent</tag>
<doc>Takes a screenshot of the current window and saves it to ``path``. Saves it as a png.</doc>
<msg timestamp="20210504 12:03:45.926" level="INFO" html="true">&lt;/td&gt;&lt;/tr&gt;&lt;tr&gt;&lt;td colspan="3"&gt;&lt;a href="browser/screenshot/robotframework-browser-screenshot-4.png"&gt;&lt;img src="browser/screenshot/robotframework-browser-screenshot-4.png" width="800px"&gt;&lt;/a&gt;</msg>
<status status="PASS" starttime="20210504 12:03:45.767" endtime="20210504 12:03:45.926"/>
</kw>
<status status="PASS" starttime="20210504 12:03:45.087" endtime="20210504 12:03:45.927"/>
</test>
<test id="s1-s1-s1-t5" name="Cenario: Senha não informada">
<kw name="Go To Login Pages" library="auth">
<kw name="Go To" library="Browser">
<arg>https://theotokus-bodytest-web.herokuapp.com/</arg>
<tag>BrowserControl</tag>
<tag>Setter</tag>
<doc>Navigates to the given ``url``.</doc>
<msg timestamp="20210504 12:03:46.427" level="INFO">Succesfully opened URL https://theotokus-bodytest-web.herokuapp.com/</msg>
<status status="PASS" starttime="20210504 12:03:45.946" endtime="20210504 12:03:46.428"/>
</kw>
<status status="PASS" starttime="20210504 12:03:45.945" endtime="20210504 12:03:46.428"/>
</kw>
<kw name="Login With" library="auth">
<arg>admin@bodytest.com</arg>
<arg>${EMPTY}</arg>
<kw name="Fill Text" library="Browser">
<arg>css=input[name=email]</arg>
<arg>${email}</arg>
<tag>PageContent</tag>
<tag>Setter</tag>
<doc>Clears and fills the given ``text`` into the text field found by ``selector``.</doc>
<msg timestamp="20210504 12:03:46.431" level="INFO">Fills the text 'admin@bodytest.com' in the given field.</msg>
<status status="PASS" starttime="20210504 12:03:46.431" endtime="20210504 12:03:46.471"/>
</kw>
<kw name="Fill Text" library="Browser">
<arg>css=input[name=password]</arg>
<arg>${pass}</arg>
<tag>PageContent</tag>
<tag>Setter</tag>
<doc>Clears and fills the given ``text`` into the text field found by ``selector``.</doc>
<msg timestamp="20210504 12:03:46.473" level="INFO">Fills the text '' in the given field.</msg>
<status status="PASS" starttime="20210504 12:03:46.472" endtime="20210504 12:03:46.502"/>
</kw>
<kw name="Click" library="Browser">
<arg>text=Entrar</arg>
<tag>PageContent</tag>
<tag>Setter</tag>
<doc>Simulates mouse click on the element found by ``selector``.</doc>
<status status="PASS" starttime="20210504 12:03:46.503" endtime="20210504 12:03:46.570"/>
</kw>
<status status="PASS" starttime="20210504 12:03:46.429" endtime="20210504 12:03:46.571"/>
</kw>
<kw name="Alert Text Should Be" library="components">
<arg>A senha é obrigatória</arg>
<kw name="Wait For Elements State" library="Browser">
<arg>css=form span &gt;&gt; text=${expect_text}</arg>
<arg>visible</arg>
<arg>5</arg>
<tag>PageContent</tag>
<tag>Wait</tag>
<doc>Waits for the element found by ``selector`` to satisfy state option.</doc>
<msg timestamp="20210504 12:03:46.597" level="INFO">Wait for Element with selector: css=form span &gt;&gt; text=A senha é obrigatória</msg>
<status status="PASS" starttime="20210504 12:03:46.572" endtime="20210504 12:03:46.597"/>
</kw>
<status status="PASS" starttime="20210504 12:03:46.571" endtime="20210504 12:03:46.598"/>
</kw>
<kw name="Take Screenshot" library="Browser" type="TEARDOWN">
<tag>PageContent</tag>
<doc>Takes a screenshot of the current window and saves it to ``path``. Saves it as a png.</doc>
<msg timestamp="20210504 12:03:46.760" level="INFO" html="true">&lt;/td&gt;&lt;/tr&gt;&lt;tr&gt;&lt;td colspan="3"&gt;&lt;a href="browser/screenshot/robotframework-browser-screenshot-5.png"&gt;&lt;img src="browser/screenshot/robotframework-browser-screenshot-5.png" width="800px"&gt;&lt;/a&gt;</msg>
<status status="PASS" starttime="20210504 12:03:46.599" endtime="20210504 12:03:46.760"/>
</kw>
<status status="PASS" starttime="20210504 12:03:45.934" endtime="20210504 12:03:46.760"/>
</test>
<test id="s1-s1-s1-t6" name="Cenario: Email não informado">
<kw name="Go To Login Pages" library="auth">
<kw name="Go To" library="Browser">
<arg>https://theotokus-bodytest-web.herokuapp.com/</arg>
<tag>BrowserControl</tag>
<tag>Setter</tag>
<doc>Navigates to the given ``url``.</doc>
<msg timestamp="20210504 12:03:47.256" level="INFO">Succesfully opened URL https://theotokus-bodytest-web.herokuapp.com/</msg>
<status status="PASS" starttime="20210504 12:03:46.774" endtime="20210504 12:03:47.256"/>
</kw>
<status status="PASS" starttime="20210504 12:03:46.773" endtime="20210504 12:03:47.256"/>
</kw>
<kw name="Login With" library="auth">
<arg>${EMPTY}</arg>
<arg>pwd123</arg>
<kw name="Fill Text" library="Browser">
<arg>css=input[name=email]</arg>
<arg>${email}</arg>
<tag>PageContent</tag>
<tag>Setter</tag>
<doc>Clears and fills the given ``text`` into the text field found by ``selector``.</doc>
<msg timestamp="20210504 12:03:47.260" level="INFO">Fills the text '' in the given field.</msg>
<status status="PASS" starttime="20210504 12:03:47.259" endtime="20210504 12:03:47.300"/>
</kw>
<kw name="Fill Text" library="Browser">
<arg>css=input[name=password]</arg>
<arg>${pass}</arg>
<tag>PageContent</tag>
<tag>Setter</tag>
<doc>Clears and fills the given ``text`` into the text field found by ``selector``.</doc>
<msg timestamp="20210504 12:03:47.301" level="INFO">Fills the text 'pwd123' in the given field.</msg>
<status status="PASS" starttime="20210504 12:03:47.301" endtime="20210504 12:03:47.328"/>
</kw>
<kw name="Click" library="Browser">
<arg>text=Entrar</arg>
<tag>PageContent</tag>
<tag>Setter</tag>
<doc>Simulates mouse click on the element found by ``selector``.</doc>
<status status="PASS" starttime="20210504 12:03:47.328" endtime="20210504 12:03:47.404"/>
</kw>
<status status="PASS" starttime="20210504 12:03:47.257" endtime="20210504 12:03:47.405"/>
</kw>
<kw name="Alert Text Should Be" library="components">
<arg>O e-mail é obrigatório</arg>
<kw name="Wait For Elements State" library="Browser">
<arg>css=form span &gt;&gt; text=${expect_text}</arg>
<arg>visible</arg>
<arg>5</arg>
<tag>PageContent</tag>
<tag>Wait</tag>
<doc>Waits for the element found by ``selector`` to satisfy state option.</doc>
<msg timestamp="20210504 12:03:47.431" level="INFO">Wait for Element with selector: css=form span &gt;&gt; text=O e-mail é obrigatório</msg>
<status status="PASS" starttime="20210504 12:03:47.406" endtime="20210504 12:03:47.431"/>
</kw>
<status status="PASS" starttime="20210504 12:03:47.405" endtime="20210504 12:03:47.432"/>
</kw>
<kw name="Take Screenshot" library="Browser" type="TEARDOWN">
<tag>PageContent</tag>
<doc>Takes a screenshot of the current window and saves it to ``path``. Saves it as a png.</doc>
<msg timestamp="20210504 12:03:47.567" level="INFO" html="true">&lt;/td&gt;&lt;/tr&gt;&lt;tr&gt;&lt;td colspan="3"&gt;&lt;a href="browser/screenshot/robotframework-browser-screenshot-6.png"&gt;&lt;img src="browser/screenshot/robotframework-browser-screenshot-6.png" width="800px"&gt;&lt;/a&gt;</msg>
<status status="PASS" starttime="20210504 12:03:47.432" endtime="20210504 12:03:47.567"/>
</kw>
<status status="PASS" starttime="20210504 12:03:46.767" endtime="20210504 12:03:47.567"/>
</test>
<test id="s1-s1-s1-t7" name="Cenario: Email e Senha não informados">
<kw name="Go To Login Pages" library="auth">
<kw name="Go To" library="Browser">
<arg>https://theotokus-bodytest-web.herokuapp.com/</arg>
<tag>BrowserControl</tag>
<tag>Setter</tag>
<doc>Navigates to the given ``url``.</doc>
<msg timestamp="20210504 12:03:48.079" level="INFO">Succesfully opened URL https://theotokus-bodytest-web.herokuapp.com/</msg>
<status status="PASS" starttime="20210504 12:03:47.583" endtime="20210504 12:03:48.080"/>
</kw>
<status status="PASS" starttime="20210504 12:03:47.582" endtime="20210504 12:03:48.080"/>
</kw>
<kw name="Login With" library="auth">
<arg>${EMPTY}</arg>
<arg>${EMPTY}</arg>
<kw name="Fill Text" library="Browser">
<arg>css=input[name=email]</arg>
<arg>${email}</arg>
<tag>PageContent</tag>
<tag>Setter</tag>
<doc>Clears and fills the given ``text`` into the text field found by ``selector``.</doc>
<msg timestamp="20210504 12:03:48.086" level="INFO">Fills the text '' in the given field.</msg>
<status status="PASS" starttime="20210504 12:03:48.085" endtime="20210504 12:03:48.139"/>
</kw>
<kw name="Fill Text" library="Browser">
<arg>css=input[name=password]</arg>
<arg>${pass}</arg>
<tag>PageContent</tag>
<tag>Setter</tag>
<doc>Clears and fills the given ``text`` into the text field found by ``selector``.</doc>
<msg timestamp="20210504 12:03:48.140" level="INFO">Fills the text '' in the given field.</msg>
<status status="PASS" starttime="20210504 12:03:48.139" endtime="20210504 12:03:48.161"/>
</kw>
<kw name="Click" library="Browser">
<arg>text=Entrar</arg>
<tag>PageContent</tag>
<tag>Setter</tag>
<doc>Simulates mouse click on the element found by ``selector``.</doc>
<status status="PASS" starttime="20210504 12:03:48.162" endtime="20210504 12:03:48.221"/>
</kw>
<status status="PASS" starttime="20210504 12:03:48.081" endtime="20210504 12:03:48.222"/>
</kw>
<kw name="Alert Text Should Be" library="components">
<arg>O e-mail é obrigatório</arg>
<kw name="Wait For Elements State" library="Browser">
<arg>css=form span &gt;&gt; text=${expect_text}</arg>
<arg>visible</arg>
<arg>5</arg>
<tag>PageContent</tag>
<tag>Wait</tag>
<doc>Waits for the element found by ``selector`` to satisfy state option.</doc>
<msg timestamp="20210504 12:03:48.252" level="INFO">Wait for Element with selector: css=form span &gt;&gt; text=O e-mail é obrigatório</msg>
<status status="PASS" starttime="20210504 12:03:48.223" endtime="20210504 12:03:48.253"/>
</kw>
<status status="PASS" starttime="20210504 12:03:48.222" endtime="20210504 12:03:48.253"/>
</kw>
<kw name="Alert Text Should Be" library="components">
<arg>A senha é obrigatória</arg>
<kw name="Wait For Elements State" library="Browser">
<arg>css=form span &gt;&gt; text=${expect_text}</arg>
<arg>visible</arg>
<arg>5</arg>
<tag>PageContent</tag>
<tag>Wait</tag>
<doc>Waits for the element found by ``selector`` to satisfy state option.</doc>
<msg timestamp="20210504 12:03:48.279" level="INFO">Wait for Element with selector: css=form span &gt;&gt; text=A senha é obrigatória</msg>
<status status="PASS" starttime="20210504 12:03:48.254" endtime="20210504 12:03:48.280"/>
</kw>
<status status="PASS" starttime="20210504 12:03:48.253" endtime="20210504 12:03:48.280"/>
</kw>
<kw name="Take Screenshot" library="Browser" type="TEARDOWN">
<tag>PageContent</tag>
<doc>Takes a screenshot of the current window and saves it to ``path``. Saves it as a png.</doc>
<msg timestamp="20210504 12:03:48.407" level="INFO" html="true">&lt;/td&gt;&lt;/tr&gt;&lt;tr&gt;&lt;td colspan="3"&gt;&lt;a href="browser/screenshot/robotframework-browser-screenshot-7.png"&gt;&lt;img src="browser/screenshot/robotframework-browser-screenshot-7.png" width="800px"&gt;&lt;/a&gt;</msg>
<status status="PASS" starttime="20210504 12:03:48.281" endtime="20210504 12:03:48.407"/>
</kw>
<status status="PASS" starttime="20210504 12:03:47.575" endtime="20210504 12:03:48.407"/>
</test>
<doc>Suite de testes de Login do Administrador</doc>
<status status="PASS" starttime="20210504 12:03:33.884" endtime="20210504 12:03:48.415"/>
</suite>
<status status="PASS" starttime="20210504 12:03:33.881" endtime="20210504 12:03:48.462"/>
</suite>
<suite id="s1-s2" name="Students" source="/home/edson/workspace/courses/qa_ninja/robot_framework/bodytest/tests/students">
<suite id="s1-s2-s1" name="Create" source="/home/edson/workspace/courses/qa_ninja/robot_framework/bodytest/tests/students/create.robot">
<kw name="Start Admin Session" library="base" type="SETUP">
<kw name="Start Browser Session" library="base">
<kw name="New Browser" library="Browser">
<arg>chromium</arg>
<arg>true</arg>
<tag>BrowserControl</tag>
<tag>Setter</tag>
<doc>Create a new playwright Browser with specified options.
See `Browser, Context and Page` for more information about Browser and related concepts.</doc>
<msg timestamp="20210504 12:03:48.486" level="INFO">{"browser": "chromium", "headless": true, "handleSIGINT": true, "handleSIGTERM": true, "handleSIGHUP": true, "timeout": 30000.0, "devtools": false, "slowMo": 0.0}</msg>
<msg timestamp="20210504 12:03:48.668" level="INFO">Successfully created browser with options: {"browser":"chromium","headless":true,"handleSIGINT":true,"handleSIGTERM":true,"handleSIGHUP":true,"timeout":30000,"devtools":false,"slowMo":0}</msg>
<status status="PASS" starttime="20210504 12:03:48.485" endtime="20210504 12:03:48.668"/>
</kw>
<kw name="New Page" library="Browser">
<arg>about:blank</arg>
<tag>BrowserControl</tag>
<tag>Setter</tag>
<doc>Open a new Page. A Page is the Playwright equivalent to a tab.
See `Browser, Context and Page` for more information about Page concept.
Returns a stable identifier for the created page.</doc>
<msg timestamp="20210504 12:03:48.769" level="INFO">Successfully initialized new page object and opened url: about:blank</msg>
<status status="PASS" starttime="20210504 12:03:48.669" endtime="20210504 12:03:48.770"/>
</kw>
<status status="PASS" starttime="20210504 12:03:48.484" endtime="20210504 12:03:48.770"/>
</kw>
<kw name="Go To Login Pages" library="auth">
<kw name="Go To" library="Browser">
<arg>https://theotokus-bodytest-web.herokuapp.com/</arg>
<tag>BrowserControl</tag>
<tag>Setter</tag>
<doc>Navigates to the given ``url``.</doc>
<msg timestamp="20210504 12:03:50.586" level="INFO">Succesfully opened URL https://theotokus-bodytest-web.herokuapp.com/</msg>
<status status="PASS" starttime="20210504 12:03:48.770" endtime="20210504 12:03:50.587"/>
</kw>
<status status="PASS" starttime="20210504 12:03:48.770" endtime="20210504 12:03:50.587"/>
</kw>
<kw name="Login With" library="auth">
<arg>admin@bodytest.com</arg>
<arg>pwd123</arg>
<kw name="Fill Text" library="Browser">
<arg>css=input[name=email]</arg>
<arg>${email}</arg>
<tag>PageContent</tag>
<tag>Setter</tag>
<doc>Clears and fills the given ``text`` into the text field found by ``selector``.</doc>
<msg timestamp="20210504 12:03:50.589" level="INFO">Fills the text 'admin@bodytest.com' in the given field.</msg>
<status status="PASS" starttime="20210504 12:03:50.588" endtime="20210504 12:03:50.645"/>
</kw>
<kw name="Fill Text" library="Browser">
<arg>css=input[name=password]</arg>
<arg>${pass}</arg>
<tag>PageContent</tag>
<tag>Setter</tag>
<doc>Clears and fills the given ``text`` into the text field found by ``selector``.</doc>
<msg timestamp="20210504 12:03:50.646" level="INFO">Fills the text 'pwd123' in the given field.</msg>
<status status="PASS" starttime="20210504 12:03:50.645" endtime="20210504 12:03:50.673"/>
</kw>
<kw name="Click" library="Browser">
<arg>text=Entrar</arg>
<tag>PageContent</tag>
<tag>Setter</tag>
<doc>Simulates mouse click on the element found by ``selector``.</doc>
<status status="PASS" starttime="20210504 12:03:50.674" endtime="20210504 12:03:50.748"/>
</kw>
<status status="PASS" starttime="20210504 12:03:50.588" endtime="20210504 12:03:50.748"/>
</kw>
<kw name="User Should Be Logged In" library="nav">
<arg>Administrador</arg>
<kw name="Get Text" library="Browser">
<arg>css=aside strong</arg>
<arg>should be</arg>
<arg>${user_name}</arg>
<tag>Assertion</tag>
<tag>Getter</tag>
<tag>PageContent</tag>
<doc>Returns text attribute of the element found by ``selector``.
See the `Finding elements` section for details about the selectors.</doc>
<status status="PASS" starttime="20210504 12:03:50.749" endtime="20210504 12:03:51.806"/>
</kw>
<status status="PASS" starttime="20210504 12:03:50.749" endtime="20210504 12:03:51.807"/>
</kw>
<status status="PASS" starttime="20210504 12:03:48.484" endtime="20210504 12:03:51.807"/>
</kw>
<test id="s1-s2-s1-t1" name="Cenario: Novo aluno">
<kw name="Create Dictionary" library="BuiltIn">
<var>&amp;{student}</var>
<arg>name=Edson José dos Santos</arg>
<arg>email=edson@theotokus.com</arg>
<arg>age=39</arg>
<arg>weight=81</arg>
<arg>feet_tall=1.82</arg>
<doc>Creates and returns a dictionary based on the given ``items``.</doc>
<msg timestamp="20210504 12:03:51.822" level="INFO">&amp;{student} = { name=Edson José dos Santos | email=edson@theotokus.com | age=39 | weight=81 | feet_tall=1.82 }</msg>
<status status="PASS" starttime="20210504 12:03:51.818" endtime="20210504 12:03:51.822"/>
</kw>
<kw name="Remove Student" library="DeloreanLibrary">
<arg>${student.email}</arg>
<msg timestamp="20210504 12:03:51.824" level="INFO">delete from students where email = 'edson@theotokus.com'</msg>
<status status="PASS" starttime="20210504 12:03:51.822" endtime="20210504 12:03:52.913"/>
</kw>
<kw name="Go to Students" library="nav">
<kw name="Click" library="Browser">
<arg>css=a[href$=alunos]</arg>
<tag>PageContent</tag>
<tag>Setter</tag>
<doc>Simulates mouse click on the element found by ``selector``.</doc>
<status status="PASS" starttime="20210504 12:03:52.915" endtime="20210504 12:03:53.012"/>
</kw>
<kw name="Wait For Elements State" library="Browser">
<arg>css=h1 &gt;&gt; text=Gestão de Alunos</arg>
<arg>visible</arg>
<arg>5</arg>
<tag>PageContent</tag>
<tag>Wait</tag>
<doc>Waits for the element found by ``selector`` to satisfy state option.</doc>
<msg timestamp="20210504 12:03:53.031" level="INFO">Wait for Element with selector: css=h1 &gt;&gt; text=Gestão de Alunos</msg>
<status status="PASS" starttime="20210504 12:03:53.012" endtime="20210504 12:03:53.032"/>
</kw>
<status status="PASS" starttime="20210504 12:03:52.914" endtime="20210504 12:03:53.032"/>
</kw>
<kw name="Go to Form Student" library="students">
<kw name="Click" library="Browser">
<arg>css=a[href$="alunos/new"]</arg>
<tag>PageContent</tag>
<tag>Setter</tag>
<doc>Simulates mouse click on the element found by ``selector``.</doc>
<status status="PASS" starttime="20210504 12:03:53.033" endtime="20210504 12:03:53.116"/>
</kw>
<kw name="Wait For Elements State" library="Browser">
<arg>css=h1 &gt;&gt; text=Novo aluno</arg>
<arg>visible</arg>
<arg>5</arg>
<tag>PageContent</tag>
<tag>Wait</tag>
<doc>Waits for the element found by ``selector`` to satisfy state option.</doc>
<msg timestamp="20210504 12:03:53.135" level="INFO">Wait for Element with selector: css=h1 &gt;&gt; text=Novo aluno</msg>
<status status="PASS" starttime="20210504 12:03:53.116" endtime="20210504 12:03:53.135"/>
</kw>
<status status="PASS" starttime="20210504 12:03:53.032" endtime="20210504 12:03:53.135"/>
</kw>
<kw name="New Student" library="students">
<arg>${student}</arg>
<kw name="Fill Text" library="Browser">
<arg>${NAME_FIELD}</arg>
<arg>${student.name}</arg>
<tag>PageContent</tag>
<tag>Setter</tag>
<doc>Clears and fills the given ``text`` into the text field found by ``selector``.</doc>
<msg timestamp="20210504 12:03:53.138" level="INFO">Fills the text 'Edson José dos Santos' in the given field.</msg>
<status status="PASS" starttime="20210504 12:03:53.137" endtime="20210504 12:03:53.176"/>
</kw>
<kw name="Fill Text" library="Browser">
<arg>${EMAIL_FIELD}</arg>
<arg>${student.email}</arg>
<tag>PageContent</tag>
<tag>Setter</tag>
<doc>Clears and fills the given ``text`` into the text field found by ``selector``.</doc>
<msg timestamp="20210504 12:03:53.177" level="INFO">Fills the text 'edson@theotokus.com' in the given field.</msg>
<status status="PASS" starttime="20210504 12:03:53.176" endtime="20210504 12:03:53.204"/>
</kw>
<kw name="Fill Text" library="Browser">
<arg>${AGE_FIELD}</arg>
<arg>${student.age}</arg>
<tag>PageContent</tag>
<tag>Setter</tag>
<doc>Clears and fills the given ``text`` into the text field found by ``selector``.</doc>
<msg timestamp="20210504 12:03:53.206" level="INFO">Fills the text '39' in the given field.</msg>
<status status="PASS" starttime="20210504 12:03:53.205" endtime="20210504 12:03:53.232"/>
</kw>
<kw name="Fill Text" library="Browser">
<arg>${WEIGTH_FIELD}</arg>
<arg>${student.weight}</arg>
<tag>PageContent</tag>
<tag>Setter</tag>
<doc>Clears and fills the given ``text`` into the text field found by ``selector``.</doc>
<msg timestamp="20210504 12:03:53.233" level="INFO">Fills the text '81' in the given field.</msg>
<status status="PASS" starttime="20210504 12:03:53.232" endtime="20210504 12:03:53.258"/>
</kw>
<kw name="Fill Text" library="Browser">
<arg>${FEET_TALL_FIELD}</arg>
<arg>${student.feet_tall}</arg>
<tag>PageContent</tag>
<tag>Setter</tag>
<doc>Clears and fills the given ``text`` into the text field found by ``selector``.</doc>
<msg timestamp="20210504 12:03:53.260" level="INFO">Fills the text '1.82' in the given field.</msg>
<status status="PASS" starttime="20210504 12:03:53.258" endtime="20210504 12:03:53.285"/>
</kw>
<kw name="Submit Student Form" library="students">
<kw name="Click" library="Browser">
<arg>css=button[form$=Student]</arg>
<tag>PageContent</tag>
<tag>Setter</tag>
<doc>Simulates mouse click on the element found by ``selector``.</doc>
<status status="PASS" starttime="20210504 12:03:53.286" endtime="20210504 12:03:53.354"/>
</kw>
<status status="PASS" starttime="20210504 12:03:53.285" endtime="20210504 12:03:53.354"/>
</kw>
<status status="PASS" starttime="20210504 12:03:53.136" endtime="20210504 12:03:53.355"/>
</kw>
<kw name="Toaster Text Should Be" library="components">
<arg>Aluno cadastrado com sucesso.</arg>
<kw name="Wait For Elements State" library="Browser">
<arg>css=.Toastify__toast-body &gt;&gt; text=${expect_text}</arg>
<arg>visible</arg>
<arg>5</arg>
<tag>PageContent</tag>
<tag>Wait</tag>
<doc>Waits for the element found by ``selector`` to satisfy state option.</doc>
<msg timestamp="20210504 12:03:53.965" level="INFO">Wait for Element with selector: css=.Toastify__toast-body &gt;&gt; text=Aluno cadastrado com sucesso.</msg>
<status status="PASS" starttime="20210504 12:03:53.356" endtime="20210504 12:03:53.965"/>
</kw>
<status status="PASS" starttime="20210504 12:03:53.355" endtime="20210504 12:03:53.966"/>
</kw>
<kw name="Thinking And Take Screenshot" library="base" type="TEARDOWN">
<arg>2</arg>
<kw name="Sleep" library="BuiltIn">
<arg>${timeout}</arg>
<doc>Pauses the test executed for the given time.</doc>
<msg timestamp="20210504 12:03:55.968" level="INFO">Slept 2 seconds</msg>
<status status="PASS" starttime="20210504 12:03:53.967" endtime="20210504 12:03:55.969"/>
</kw>
<kw name="Take Screenshot" library="Browser">
<tag>PageContent</tag>
<doc>Takes a screenshot of the current window and saves it to ``path``. Saves it as a png.</doc>
<msg timestamp="20210504 12:03:56.103" level="INFO" html="true">&lt;/td&gt;&lt;/tr&gt;&lt;tr&gt;&lt;td colspan="3"&gt;&lt;a href="browser/screenshot/robotframework-browser-screenshot-8.png"&gt;&lt;img src="browser/screenshot/robotframework-browser-screenshot-8.png" width="800px"&gt;&lt;/a&gt;</msg>
<status status="PASS" starttime="20210504 12:03:55.969" endtime="20210504 12:03:56.103"/>
</kw>
<status status="PASS" starttime="20210504 12:03:53.967" endtime="20210504 12:03:56.104"/>
</kw>
<status status="PASS" starttime="20210504 12:03:51.807" endtime="20210504 12:03:56.104"/>
</test>
<test id="s1-s2-s1-t2" name="Cenario: Não deve permitir email duplicado">
<kw name="Create Dictionary" library="BuiltIn">
<var>&amp;{student}</var>
<arg>name=Ricardo de Mauro</arg>
<arg>email=ricardo@theotokus.com</arg>
<arg>age=34</arg>
<arg>weight=98</arg>
<arg>feet_tall=1.75</arg>
<doc>Creates and returns a dictionary based on the given ``items``.</doc>
<msg timestamp="20210504 12:03:56.123" level="INFO">&amp;{student} = { name=Ricardo de Mauro | email=ricardo@theotokus.com | age=34 | weight=98 | feet_tall=1.75 }</msg>
<status status="PASS" starttime="20210504 12:03:56.122" endtime="20210504 12:03:56.123"/>
</kw>
<kw name="Insert Student" library="DeloreanLibrary">
<arg>${student}</arg>
<msg timestamp="20210504 12:03:56.124" level="INFO">delete from students where email = 'ricardo@theotokus.com'</msg>
<msg timestamp="20210504 12:03:57.236" level="INFO">insert into students(name, email, age, weight, feet_tall, created_at, updated_at)values('Ricardo de Mauro','ricardo@theotokus.com',34,98,1.75,NOW(),NOW());</msg>
<status status="PASS" starttime="20210504 12:03:56.123" endtime="20210504 12:03:58.330"/>
</kw>
<kw name="Go to Students" library="nav">
<kw name="Click" library="Browser">
<arg>css=a[href$=alunos]</arg>
<tag>PageContent</tag>
<tag>Setter</tag>
<doc>Simulates mouse click on the element found by ``selector``.</doc>
<status status="PASS" starttime="20210504 12:03:58.331" endtime="20210504 12:03:58.413"/>
</kw>
<kw name="Wait For Elements State" library="Browser">
<arg>css=h1 &gt;&gt; text=Gestão de Alunos</arg>
<arg>visible</arg>
<arg>5</arg>
<tag>PageContent</tag>
<tag>Wait</tag>
<doc>Waits for the element found by ``selector`` to satisfy state option.</doc>
<msg timestamp="20210504 12:03:58.428" level="INFO">Wait for Element with selector: css=h1 &gt;&gt; text=Gestão de Alunos</msg>
<status status="PASS" starttime="20210504 12:03:58.413" endtime="20210504 12:03:58.429"/>
</kw>
<status status="PASS" starttime="20210504 12:03:58.330" endtime="20210504 12:03:58.429"/>
</kw>
<kw name="Go to Form Student" library="students">
<kw name="Click" library="Browser">
<arg>css=a[href$="alunos/new"]</arg>
<tag>PageContent</tag>
<tag>Setter</tag>
<doc>Simulates mouse click on the element found by ``selector``.</doc>
<status status="PASS" starttime="20210504 12:03:58.430" endtime="20210504 12:03:58.492"/>
</kw>
<kw name="Wait For Elements State" library="Browser">
<arg>css=h1 &gt;&gt; text=Novo aluno</arg>
<arg>visible</arg>
<arg>5</arg>
<tag>PageContent</tag>
<tag>Wait</tag>
<doc>Waits for the element found by ``selector`` to satisfy state option.</doc>
<msg timestamp="20210504 12:03:58.508" level="INFO">Wait for Element with selector: css=h1 &gt;&gt; text=Novo aluno</msg>
<status status="PASS" starttime="20210504 12:03:58.493" endtime="20210504 12:03:58.508"/>
</kw>
<status status="PASS" starttime="20210504 12:03:58.429" endtime="20210504 12:03:58.508"/>
</kw>
<kw name="New Student" library="students">
<arg>${student}</arg>
<kw name="Fill Text" library="Browser">
<arg>${NAME_FIELD}</arg>
<arg>${student.name}</arg>
<tag>PageContent</tag>
<tag>Setter</tag>
<doc>Clears and fills the given ``text`` into the text field found by ``selector``.</doc>
<msg timestamp="20210504 12:03:58.511" level="INFO">Fills the text 'Ricardo de Mauro' in the given field.</msg>
<status status="PASS" starttime="20210504 12:03:58.510" endtime="20210504 12:03:58.537"/>
</kw>
<kw name="Fill Text" library="Browser">
<arg>${EMAIL_FIELD}</arg>
<arg>${student.email}</arg>
<tag>PageContent</tag>
<tag>Setter</tag>
<doc>Clears and fills the given ``text`` into the text field found by ``selector``.</doc>
<msg timestamp="20210504 12:03:58.539" level="INFO">Fills the text 'ricardo@theotokus.com' in the given field.</msg>
<status status="PASS" starttime="20210504 12:03:58.537" endtime="20210504 12:03:58.568"/>
</kw>
<kw name="Fill Text" library="Browser">
<arg>${AGE_FIELD}</arg>
<arg>${student.age}</arg>
<tag>PageContent</tag>
<tag>Setter</tag>
<doc>Clears and fills the given ``text`` into the text field found by ``selector``.</doc>
<msg timestamp="20210504 12:03:58.570" level="INFO">Fills the text '34' in the given field.</msg>
<status status="PASS" starttime="20210504 12:03:58.568" endtime="20210504 12:03:58.594"/>
</kw>
<kw name="Fill Text" library="Browser">
<arg>${WEIGTH_FIELD}</arg>
<arg>${student.weight}</arg>
<tag>PageContent</tag>
<tag>Setter</tag>
<doc>Clears and fills the given ``text`` into the text field found by ``selector``.</doc>
<msg timestamp="20210504 12:03:58.595" level="INFO">Fills the text '98' in the given field.</msg>
<status status="PASS" starttime="20210504 12:03:58.594" endtime="20210504 12:03:58.620"/>
</kw>
<kw name="Fill Text" library="Browser">
<arg>${FEET_TALL_FIELD}</arg>
<arg>${student.feet_tall}</arg>
<tag>PageContent</tag>
<tag>Setter</tag>
<doc>Clears and fills the given ``text`` into the text field found by ``selector``.</doc>
<msg timestamp="20210504 12:03:58.622" level="INFO">Fills the text '1.75' in the given field.</msg>
<status status="PASS" starttime="20210504 12:03:58.620" endtime="20210504 12:03:58.649"/>
</kw>
<kw name="Submit Student Form" library="students">
<kw name="Click" library="Browser">
<arg>css=button[form$=Student]</arg>
<tag>PageContent</tag>
<tag>Setter</tag>
<doc>Simulates mouse click on the element found by ``selector``.</doc>
<status status="PASS" starttime="20210504 12:03:58.650" endtime="20210504 12:03:58.711"/>
</kw>
<status status="PASS" starttime="20210504 12:03:58.649" endtime="20210504 12:03:58.712"/>
</kw>
<status status="PASS" starttime="20210504 12:03:58.509" endtime="20210504 12:03:58.712"/>
</kw>
<kw name="Toaster Text Should Be" library="components">
<arg>Email já existe no sistema.</arg>
<kw name="Wait For Elements State" library="Browser">
<arg>css=.Toastify__toast-body &gt;&gt; text=${expect_text}</arg>
<arg>visible</arg>
<arg>5</arg>
<tag>PageContent</tag>
<tag>Wait</tag>
<doc>Waits for the element found by ``selector`` to satisfy state option.</doc>
<msg timestamp="20210504 12:03:59.097" level="INFO">Wait for Element with selector: css=.Toastify__toast-body &gt;&gt; text=Email já existe no sistema.</msg>
<status status="PASS" starttime="20210504 12:03:58.713" endtime="20210504 12:03:59.097"/>
</kw>
<status status="PASS" starttime="20210504 12:03:58.712" endtime="20210504 12:03:59.098"/>
</kw>
<kw name="Thinking And Take Screenshot" library="base" type="TEARDOWN">
<arg>2</arg>
<kw name="Sleep" library="BuiltIn">
<arg>${timeout}</arg>
<doc>Pauses the test executed for the given time.</doc>
<msg timestamp="20210504 12:04:01.100" level="INFO">Slept 2 seconds</msg>
<status status="PASS" starttime="20210504 12:03:59.099" endtime="20210504 12:04:01.101"/>
</kw>
<kw name="Take Screenshot" library="Browser">
<tag>PageContent</tag>
<doc>Takes a screenshot of the current window and saves it to ``path``. Saves it as a png.</doc>
<msg timestamp="20210504 12:04:01.229" level="INFO" html="true">&lt;/td&gt;&lt;/tr&gt;&lt;tr&gt;&lt;td colspan="3"&gt;&lt;a href="browser/screenshot/robotframework-browser-screenshot-9.png"&gt;&lt;img src="browser/screenshot/robotframework-browser-screenshot-9.png" width="800px"&gt;&lt;/a&gt;</msg>
<status status="PASS" starttime="20210504 12:04:01.102" endtime="20210504 12:04:01.230"/>
</kw>
<status status="PASS" starttime="20210504 12:03:59.098" endtime="20210504 12:04:01.230"/>
</kw>
<tag>duplicado</tag>
<status status="PASS" starttime="20210504 12:03:56.111" endtime="20210504 12:04:01.230"/>
</test>
<test id="s1-s2-s1-t3" name="Cenario: Todos os campos devem ser obrigatórios">
<kw name="Set Variable" library="BuiltIn">
<var>@{expected_alerts}</var>
<arg>Nome é obrigatório</arg>
<arg>O e-mail é obrigatório</arg>
<arg>idade é obrigatória</arg>
<arg>o peso é obrigatório</arg>
<arg>a Altura é obrigatória</arg>
<doc>Returns the given values which can then be assigned to a variables.</doc>
<msg timestamp="20210504 12:04:01.248" level="INFO">@{expected_alerts} = [ Nome é obrigatório | O e-mail é obrigatório | idade é obrigatória | o peso é obrigatório | a Altura é obrigatória ]</msg>
<status status="PASS" starttime="20210504 12:04:01.247" endtime="20210504 12:04:01.248"/>
</kw>
<kw name="Create List" library="BuiltIn">
<var>@{got_alerts}</var>
<doc>Returns a list containing given items.</doc>
<msg timestamp="20210504 12:04:01.249" level="INFO">@{got_alerts} = [ ]</msg>
<status status="PASS" starttime="20210504 12:04:01.248" endtime="20210504 12:04:01.249"/>
</kw>
<kw name="Go to Students" library="nav">
<kw name="Click" library="Browser">
<arg>css=a[href$=alunos]</arg>
<tag>PageContent</tag>
<tag>Setter</tag>
<doc>Simulates mouse click on the element found by ``selector``.</doc>
<status status="PASS" starttime="20210504 12:04:01.250" endtime="20210504 12:04:01.345"/>
</kw>
<kw name="Wait For Elements State" library="Browser">
<arg>css=h1 &gt;&gt; text=Gestão de Alunos</arg>
<arg>visible</arg>
<arg>5</arg>
<tag>PageContent</tag>
<tag>Wait</tag>
<doc>Waits for the element found by ``selector`` to satisfy state option.</doc>
<msg timestamp="20210504 12:04:01.362" level="INFO">Wait for Element with selector: css=h1 &gt;&gt; text=Gestão de Alunos</msg>
<status status="PASS" starttime="20210504 12:04:01.345" endtime="20210504 12:04:01.362"/>
</kw>
<status status="PASS" starttime="20210504 12:04:01.249" endtime="20210504 12:04:01.363"/>
</kw>
<kw name="Go to Form Student" library="students">
<kw name="Click" library="Browser">
<arg>css=a[href$="alunos/new"]</arg>
<tag>PageContent</tag>
<tag>Setter</tag>
<doc>Simulates mouse click on the element found by ``selector``.</doc>
<status status="PASS" starttime="20210504 12:04:01.364" endtime="20210504 12:04:01.450"/>
</kw>
<kw name="Wait For Elements State" library="Browser">
<arg>css=h1 &gt;&gt; text=Novo aluno</arg>
<arg>visible</arg>
<arg>5</arg>
<tag>PageContent</tag>
<tag>Wait</tag>
<doc>Waits for the element found by ``selector`` to satisfy state option.</doc>
<msg timestamp="20210504 12:04:01.470" level="INFO">Wait for Element with selector: css=h1 &gt;&gt; text=Novo aluno</msg>
<status status="PASS" starttime="20210504 12:04:01.451" endtime="20210504 12:04:01.471"/>
</kw>
<status status="PASS" starttime="20210504 12:04:01.363" endtime="20210504 12:04:01.471"/>
</kw>
<kw name="Submit Student Form" library="students">
<kw name="Click" library="Browser">
<arg>css=button[form$=Student]</arg>
<tag>PageContent</tag>
<tag>Setter</tag>
<doc>Simulates mouse click on the element found by ``selector``.</doc>
<status status="PASS" starttime="20210504 12:04:01.472" endtime="20210504 12:04:01.541"/>
</kw>
<status status="PASS" starttime="20210504 12:04:01.471" endtime="20210504 12:04:01.542"/>
</kw>
<for flavor="IN RANGE">
<var>${index}</var>
<value>1</value>
<value>6</value>
<iter>
<var name="${index}">1</var>
<kw name="Get Required Alerts" library="components">
<var>${span}</var>
<arg>${index}</arg>
<kw name="Get Text" library="Browser">
<var>${span}</var>
<arg>xpath=(//form//span)[${index}]</arg>
<tag>Assertion</tag>
<tag>Getter</tag>
<tag>PageContent</tag>
<doc>Returns text attribute of the element found by ``selector``.
See the `Finding elements` section for details about the selectors.</doc>
<msg timestamp="20210504 12:04:01.586" level="INFO">${span} = Nome é obrigatório</msg>
<status status="PASS" starttime="20210504 12:04:01.544" endtime="20210504 12:04:01.586"/>
</kw>
<msg timestamp="20210504 12:04:01.587" level="INFO">${span} = Nome é obrigatório</msg>
<status status="PASS" starttime="20210504 12:04:01.543" endtime="20210504 12:04:01.587"/>
</kw>
<kw name="Append To List" library="Collections">
<arg>${got_alerts}</arg>
<arg>${span}</arg>
<doc>Adds ``values`` to the end of ``list``.</doc>
<status status="PASS" starttime="20210504 12:04:01.587" endtime="20210504 12:04:01.588"/>
</kw>
<status status="PASS" starttime="20210504 12:04:01.543" endtime="20210504 12:04:01.588"/>
</iter>
<iter>
<var name="${index}">2</var>
<kw name="Get Required Alerts" library="components">
<var>${span}</var>
<arg>${index}</arg>
<kw name="Get Text" library="Browser">
<var>${span}</var>
<arg>xpath=(//form//span)[${index}]</arg>
<tag>Assertion</tag>
<tag>Getter</tag>
<tag>PageContent</tag>
<doc>Returns text attribute of the element found by ``selector``.
See the `Finding elements` section for details about the selectors.</doc>
<msg timestamp="20210504 12:04:01.617" level="INFO">${span} = O e-mail é obrigatório</msg>
<status status="PASS" starttime="20210504 12:04:01.590" endtime="20210504 12:04:01.617"/>
</kw>
<msg timestamp="20210504 12:04:01.618" level="INFO">${span} = O e-mail é obrigatório</msg>
<status status="PASS" starttime="20210504 12:04:01.589" endtime="20210504 12:04:01.618"/>
</kw>
<kw name="Append To List" library="Collections">
<arg>${got_alerts}</arg>
<arg>${span}</arg>
<doc>Adds ``values`` to the end of ``list``.</doc>
<status status="PASS" starttime="20210504 12:04:01.619" endtime="20210504 12:04:01.619"/>
</kw>
<status status="PASS" starttime="20210504 12:04:01.588" endtime="20210504 12:04:01.622"/>
</iter>
<iter>
<var name="${index}">3</var>
<kw name="Get Required Alerts" library="components">
<var>${span}</var>
<arg>${index}</arg>
<kw name="Get Text" library="Browser">
<var>${span}</var>
<arg>xpath=(//form//span)[${index}]</arg>
<tag>Assertion</tag>
<tag>Getter</tag>
<tag>PageContent</tag>
<doc>Returns text attribute of the element found by ``selector``.
See the `Finding elements` section for details about the selectors.</doc>
<msg timestamp="20210504 12:04:01.654" level="INFO">${span} = idade é obrigatória</msg>
<status status="PASS" starttime="20210504 12:04:01.624" endtime="20210504 12:04:01.655"/>
</kw>
<msg timestamp="20210504 12:04:01.655" level="INFO">${span} = idade é obrigatória</msg>
<status status="PASS" starttime="20210504 12:04:01.623" endtime="20210504 12:04:01.655"/>
</kw>
<kw name="Append To List" library="Collections">
<arg>${got_alerts}</arg>
<arg>${span}</arg>
<doc>Adds ``values`` to the end of ``list``.</doc>
<status status="PASS" starttime="20210504 12:04:01.655" endtime="20210504 12:04:01.656"/>
</kw>
<status status="PASS" starttime="20210504 12:04:01.623" endtime="20210504 12:04:01.656"/>
</iter>
<iter>
<var name="${index}">4</var>
<kw name="Get Required Alerts" library="components">
<var>${span}</var>
<arg>${index}</arg>
<kw name="Get Text" library="Browser">
<var>${span}</var>
<arg>xpath=(//form//span)[${index}]</arg>
<tag>Assertion</tag>
<tag>Getter</tag>
<tag>PageContent</tag>
<doc>Returns text attribute of the element found by ``selector``.
See the `Finding elements` section for details about the selectors.</doc>
<msg timestamp="20210504 12:04:01.687" level="INFO">${span} = o peso é obrigatório</msg>
<status status="PASS" starttime="20210504 12:04:01.657" endtime="20210504 12:04:01.687"/>
</kw>
<msg timestamp="20210504 12:04:01.687" level="INFO">${span} = o peso é obrigatório</msg>
<status status="PASS" starttime="20210504 12:04:01.656" endtime="20210504 12:04:01.688"/>
</kw>
<kw name="Append To List" library="Collections">
<arg>${got_alerts}</arg>
<arg>${span}</arg>
<doc>Adds ``values`` to the end of ``list``.</doc>
<status status="PASS" starttime="20210504 12:04:01.688" endtime="20210504 12:04:01.688"/>
</kw>
<status status="PASS" starttime="20210504 12:04:01.656" endtime="20210504 12:04:01.689"/>
</iter>
<iter>
<var name="${index}">5</var>
<kw name="Get Required Alerts" library="components">
<var>${span}</var>
<arg>${index}</arg>
<kw name="Get Text" library="Browser">
<var>${span}</var>
<arg>xpath=(//form//span)[${index}]</arg>
<tag>Assertion</tag>
<tag>Getter</tag>
<tag>PageContent</tag>
<doc>Returns text attribute of the element found by ``selector``.
See the `Finding elements` section for details about the selectors.</doc>
<msg timestamp="20210504 12:04:01.715" level="INFO">${span} = a Altura é obrigatória</msg>
<status status="PASS" starttime="20210504 12:04:01.690" endtime="20210504 12:04:01.716"/>
</kw>
<msg timestamp="20210504 12:04:01.716" level="INFO">${span} = a Altura é obrigatória</msg>
<status status="PASS" starttime="20210504 12:04:01.689" endtime="20210504 12:04:01.716"/>
</kw>
<kw name="Append To List" library="Collections">
<arg>${got_alerts}</arg>
<arg>${span}</arg>
<doc>Adds ``values`` to the end of ``list``.</doc>
<status status="PASS" starttime="20210504 12:04:01.717" endtime="20210504 12:04:01.718"/>
</kw>
<status status="PASS" starttime="20210504 12:04:01.689" endtime="20210504 12:04:01.718"/>
</iter>
<status status="PASS" starttime="20210504 12:04:01.542" endtime="20210504 12:04:01.718"/>
</for>
<kw name="Log" library="BuiltIn">
<arg>${expected_alerts}</arg>
<doc>Logs the given message with the given level.</doc>
<msg timestamp="20210504 12:04:01.719" level="INFO">['Nome é obrigatório', 'O e-mail é obrigatório', 'idade é obrigatória', 'o peso é obrigatório', 'a Altura é obrigatória']</msg>
<status status="PASS" starttime="20210504 12:04:01.718" endtime="20210504 12:04:01.720"/>
</kw>
<kw name="Log" library="BuiltIn">
<arg>${got_alerts}</arg>
<doc>Logs the given message with the given level.</doc>
<msg timestamp="20210504 12:04:01.722" level="INFO">['Nome é obrigatório', 'O e-mail é obrigatório', 'idade é obrigatória', 'o peso é obrigatório', 'a Altura é obrigatória']</msg>
<status status="PASS" starttime="20210504 12:04:01.720" endtime="20210504 12:04:01.722"/>
</kw>
<kw name="Lists Should Be Equal" library="Collections">
<arg>${expected_alerts}</arg>
<arg>${got_alerts}</arg>
<doc>Fails if given lists are unequal.</doc>
<status status="PASS" starttime="20210504 12:04:01.723" endtime="20210504 12:04:01.724"/>
</kw>
<kw name="Take Screenshot" library="Browser" type="TEARDOWN">
<tag>PageContent</tag>
<doc>Takes a screenshot of the current window and saves it to ``path``. Saves it as a png.</doc>
<msg timestamp="20210504 12:04:01.878" level="INFO" html="true">&lt;/td&gt;&lt;/tr&gt;&lt;tr&gt;&lt;td colspan="3"&gt;&lt;a href="browser/screenshot/robotframework-browser-screenshot-10.png"&gt;&lt;img src="browser/screenshot/robotframework-browser-screenshot-10.png" width="800px"&gt;&lt;/a&gt;</msg>
<status status="PASS" starttime="20210504 12:04:01.725" endtime="20210504 12:04:01.878"/>
</kw>
<tag>fail</tag>
<status status="PASS" starttime="20210504 12:04:01.239" endtime="20210504 12:04:01.878"/>
</test>
<test id="s1-s2-s1-t4" name="Cenario: Validação dos Campos Numéricos">
<kw name="Check Type Field On Student Form">
<arg>${AGE_FIELD}</arg>
<arg>number</arg>
<kw name="Go to Students" library="nav">
<kw name="Click" library="Browser">
<arg>css=a[href$=alunos]</arg>
<tag>PageContent</tag>
<tag>Setter</tag>
<doc>Simulates mouse click on the element found by ``selector``.</doc>
<status status="PASS" starttime="20210504 12:04:01.895" endtime="20210504 12:04:01.997"/>
</kw>
<kw name="Wait For Elements State" library="Browser">
<arg>css=h1 &gt;&gt; text=Gestão de Alunos</arg>
<arg>visible</arg>
<arg>5</arg>
<tag>PageContent</tag>
<tag>Wait</tag>
<doc>Waits for the element found by ``selector`` to satisfy state option.</doc>
<msg timestamp="20210504 12:04:02.019" level="INFO">Wait for Element with selector: css=h1 &gt;&gt; text=Gestão de Alunos</msg>
<status status="PASS" starttime="20210504 12:04:01.997" endtime="20210504 12:04:02.020"/>
</kw>
<status status="PASS" starttime="20210504 12:04:01.894" endtime="20210504 12:04:02.020"/>
</kw>
<kw name="Go to Form Student" library="students">
<kw name="Click" library="Browser">
<arg>css=a[href$="alunos/new"]</arg>
<tag>PageContent</tag>
<tag>Setter</tag>
<doc>Simulates mouse click on the element found by ``selector``.</doc>
<status status="PASS" starttime="20210504 12:04:02.021" endtime="20210504 12:04:02.106"/>
</kw>
<kw name="Wait For Elements State" library="Browser">
<arg>css=h1 &gt;&gt; text=Novo aluno</arg>
<arg>visible</arg>
<arg>5</arg>
<tag>PageContent</tag>
<tag>Wait</tag>
<doc>Waits for the element found by ``selector`` to satisfy state option.</doc>
<msg timestamp="20210504 12:04:02.131" level="INFO">Wait for Element with selector: css=h1 &gt;&gt; text=Novo aluno</msg>
<status status="PASS" starttime="20210504 12:04:02.107" endtime="20210504 12:04:02.132"/>
</kw>
<status status="PASS" starttime="20210504 12:04:02.021" endtime="20210504 12:04:02.132"/>
</kw>
<kw name="Field Should Be Type" library="components">
<arg>${element}</arg>
<arg>${type}</arg>
<kw name="Get Attribute" library="Browser">
<var>${attr}</var>
<arg>${element}</arg>
<arg>type</arg>
<tag>Assertion</tag>
<tag>Getter</tag>
<tag>PageContent</tag>
<doc>Returns the HTML ``attribute`` of the element found by ``selector``.</doc>
<msg timestamp="20210504 12:04:02.167" level="INFO">${attr} = number</msg>
<status status="PASS" starttime="20210504 12:04:02.134" endtime="20210504 12:04:02.167"/>
</kw>
<kw name="Should Be Equal" library="BuiltIn">
<arg>${attr}</arg>
<arg>${type}</arg>
<doc>Fails if the given objects are unequal.</doc>
<status status="PASS" starttime="20210504 12:04:02.167" endtime="20210504 12:04:02.168"/>
</kw>
<status status="PASS" starttime="20210504 12:04:02.133" endtime="20210504 12:04:02.169"/>
</kw>
<status status="PASS" starttime="20210504 12:04:01.893" endtime="20210504 12:04:02.169"/>
</kw>
<kw name="Check Type Field On Student Form">
<arg>${WEIGTH_FIELD}</arg>
<arg>number</arg>
<kw name="Go to Students" library="nav">
<kw name="Click" library="Browser">
<arg>css=a[href$=alunos]</arg>
<tag>PageContent</tag>
<tag>Setter</tag>
<doc>Simulates mouse click on the element found by ``selector``.</doc>
<status status="PASS" starttime="20210504 12:04:02.171" endtime="20210504 12:04:02.253"/>
</kw>
<kw name="Wait For Elements State" library="Browser">
<arg>css=h1 &gt;&gt; text=Gestão de Alunos</arg>
<arg>visible</arg>
<arg>5</arg>
<tag>PageContent</tag>
<tag>Wait</tag>
<doc>Waits for the element found by ``selector`` to satisfy state option.</doc>
<msg timestamp="20210504 12:04:02.268" level="INFO">Wait for Element with selector: css=h1 &gt;&gt; text=Gestão de Alunos</msg>
<status status="PASS" starttime="20210504 12:04:02.253" endtime="20210504 12:04:02.268"/>
</kw>
<status status="PASS" starttime="20210504 12:04:02.170" endtime="20210504 12:04:02.269"/>
</kw>
<kw name="Go to Form Student" library="students">
<kw name="Click" library="Browser">
<arg>css=a[href$="alunos/new"]</arg>
<tag>PageContent</tag>
<tag>Setter</tag>
<doc>Simulates mouse click on the element found by ``selector``.</doc>
<status status="PASS" starttime="20210504 12:04:02.270" endtime="20210504 12:04:02.359"/>
</kw>
<kw name="Wait For Elements State" library="Browser">
<arg>css=h1 &gt;&gt; text=Novo aluno</arg>
<arg>visible</arg>
<arg>5</arg>
<tag>PageContent</tag>
<tag>Wait</tag>
<doc>Waits for the element found by ``selector`` to satisfy state option.</doc>
<msg timestamp="20210504 12:04:02.374" level="INFO">Wait for Element with selector: css=h1 &gt;&gt; text=Novo aluno</msg>
<status status="PASS" starttime="20210504 12:04:02.359" endtime="20210504 12:04:02.375"/>
</kw>
<status status="PASS" starttime="20210504 12:04:02.269" endtime="20210504 12:04:02.375"/>
</kw>
<kw name="Field Should Be Type" library="components">
<arg>${element}</arg>
<arg>${type}</arg>
<kw name="Get Attribute" library="Browser">
<var>${attr}</var>
<arg>${element}</arg>
<arg>type</arg>
<tag>Assertion</tag>
<tag>Getter</tag>
<tag>PageContent</tag>
<doc>Returns the HTML ``attribute`` of the element found by ``selector``.</doc>
<msg timestamp="20210504 12:04:02.401" level="INFO">${attr} = number</msg>
<status status="PASS" starttime="20210504 12:04:02.376" endtime="20210504 12:04:02.401"/>
</kw>
<kw name="Should Be Equal" library="BuiltIn">
<arg>${attr}</arg>
<arg>${type}</arg>
<doc>Fails if the given objects are unequal.</doc>
<status status="PASS" starttime="20210504 12:04:02.401" endtime="20210504 12:04:02.402"/>
</kw>
<status status="PASS" starttime="20210504 12:04:02.375" endtime="20210504 12:04:02.403"/>
</kw>
<status status="PASS" starttime="20210504 12:04:02.169" endtime="20210504 12:04:02.403"/>
</kw>
<kw name="Check Type Field On Student Form">
<arg>${FEET_TALL_FIELD}</arg>
<arg>number</arg>
<kw name="Go to Students" library="nav">
<kw name="Click" library="Browser">
<arg>css=a[href$=alunos]</arg>
<tag>PageContent</tag>
<tag>Setter</tag>
<doc>Simulates mouse click on the element found by ``selector``.</doc>
<status status="PASS" starttime="20210504 12:04:02.405" endtime="20210504 12:04:02.487"/>
</kw>
<kw name="Wait For Elements State" library="Browser">
<arg>css=h1 &gt;&gt; text=Gestão de Alunos</arg>
<arg>visible</arg>
<arg>5</arg>
<tag>PageContent</tag>
<tag>Wait</tag>
<doc>Waits for the element found by ``selector`` to satisfy state option.</doc>
<msg timestamp="20210504 12:04:02.500" level="INFO">Wait for Element with selector: css=h1 &gt;&gt; text=Gestão de Alunos</msg>
<status status="PASS" starttime="20210504 12:04:02.488" endtime="20210504 12:04:02.500"/>
</kw>
<status status="PASS" starttime="20210504 12:04:02.404" endtime="20210504 12:04:02.501"/>
</kw>
<kw name="Go to Form Student" library="students">
<kw name="Click" library="Browser">
<arg>css=a[href$="alunos/new"]</arg>
<tag>PageContent</tag>
<tag>Setter</tag>
<doc>Simulates mouse click on the element found by ``selector``.</doc>
<status status="PASS" starttime="20210504 12:04:02.502" endtime="20210504 12:04:02.571"/>
</kw>
<kw name="Wait For Elements State" library="Browser">
<arg>css=h1 &gt;&gt; text=Novo aluno</arg>
<arg>visible</arg>
<arg>5</arg>
<tag>PageContent</tag>
<tag>Wait</tag>
<doc>Waits for the element found by ``selector`` to satisfy state option.</doc>
<msg timestamp="20210504 12:04:02.585" level="INFO">Wait for Element with selector: css=h1 &gt;&gt; text=Novo aluno</msg>
<status status="PASS" starttime="20210504 12:04:02.572" endtime="20210504 12:04:02.585"/>
</kw>
<status status="PASS" starttime="20210504 12:04:02.501" endtime="20210504 12:04:02.586"/>
</kw>
<kw name="Field Should Be Type" library="components">
<arg>${element}</arg>
<arg>${type}</arg>
<kw name="Get Attribute" library="Browser">
<var>${attr}</var>
<arg>${element}</arg>
<arg>type</arg>
<tag>Assertion</tag>
<tag>Getter</tag>
<tag>PageContent</tag>
<doc>Returns the HTML ``attribute`` of the element found by ``selector``.</doc>
<msg timestamp="20210504 12:04:02.612" level="INFO">${attr} = number</msg>
<status status="PASS" starttime="20210504 12:04:02.588" endtime="20210504 12:04:02.612"/>
</kw>
<kw name="Should Be Equal" library="BuiltIn">
<arg>${attr}</arg>
<arg>${type}</arg>
<doc>Fails if the given objects are unequal.</doc>
<status status="PASS" starttime="20210504 12:04:02.612" endtime="20210504 12:04:02.613"/>
</kw>
<status status="PASS" starttime="20210504 12:04:02.586" endtime="20210504 12:04:02.613"/>
</kw>
<status status="PASS" starttime="20210504 12:04:02.403" endtime="20210504 12:04:02.614"/>
</kw>
<kw name="Take Screenshot" library="Browser" type="TEARDOWN">
<tag>PageContent</tag>
<doc>Takes a screenshot of the current window and saves it to ``path``. Saves it as a png.</doc>
<msg timestamp="20210504 12:04:02.743" level="INFO" html="true">&lt;/td&gt;&lt;/tr&gt;&lt;tr&gt;&lt;td colspan="3"&gt;&lt;a href="browser/screenshot/robotframework-browser-screenshot-11.png"&gt;&lt;img src="browser/screenshot/robotframework-browser-screenshot-11.png" width="800px"&gt;&lt;/a&gt;</msg>
<status status="PASS" starttime="20210504 12:04:02.614" endtime="20210504 12:04:02.743"/>
</kw>
<tag>temp</tag>
<status status="PASS" starttime="20210504 12:04:01.886" endtime="20210504 12:04:02.744"/>
</test>
<test id="s1-s2-s1-t5" name="Cenario: Validação dos Campos do Tipo E-mail">
<kw name="Check Type Field On Student Form">
<arg>${EMAIL_FIELD}</arg>
<arg>email</arg>
<kw name="Go to Students" library="nav">
<kw name="Click" library="Browser">
<arg>css=a[href$=alunos]</arg>
<tag>PageContent</tag>
<tag>Setter</tag>
<doc>Simulates mouse click on the element found by ``selector``.</doc>
<status status="PASS" starttime="20210504 12:04:02.760" endtime="20210504 12:04:02.836"/>
</kw>
<kw name="Wait For Elements State" library="Browser">
<arg>css=h1 &gt;&gt; text=Gestão de Alunos</arg>
<arg>visible</arg>
<arg>5</arg>
<tag>PageContent</tag>
<tag>Wait</tag>
<doc>Waits for the element found by ``selector`` to satisfy state option.</doc>
<msg timestamp="20210504 12:04:02.849" level="INFO">Wait for Element with selector: css=h1 &gt;&gt; text=Gestão de Alunos</msg>
<status status="PASS" starttime="20210504 12:04:02.836" endtime="20210504 12:04:02.850"/>
</kw>
<status status="PASS" starttime="20210504 12:04:02.760" endtime="20210504 12:04:02.850"/>
</kw>
<kw name="Go to Form Student" library="students">
<kw name="Click" library="Browser">
<arg>css=a[href$="alunos/new"]</arg>
<tag>PageContent</tag>
<tag>Setter</tag>
<doc>Simulates mouse click on the element found by ``selector``.</doc>
<status status="PASS" starttime="20210504 12:04:02.851" endtime="20210504 12:04:02.958"/>
</kw>
<kw name="Wait For Elements State" library="Browser">
<arg>css=h1 &gt;&gt; text=Novo aluno</arg>
<arg>visible</arg>
<arg>5</arg>
<tag>PageContent</tag>
<tag>Wait</tag>
<doc>Waits for the element found by ``selector`` to satisfy state option.</doc>
<msg timestamp="20210504 12:04:02.975" level="INFO">Wait for Element with selector: css=h1 &gt;&gt; text=Novo aluno</msg>
<status status="PASS" starttime="20210504 12:04:02.958" endtime="20210504 12:04:02.975"/>
</kw>
<status status="PASS" starttime="20210504 12:04:02.851" endtime="20210504 12:04:02.975"/>
</kw>
<kw name="Field Should Be Type" library="components">
<arg>${element}</arg>
<arg>${type}</arg>
<kw name="Get Attribute" library="Browser">
<var>${attr}</var>
<arg>${element}</arg>
<arg>type</arg>
<tag>Assertion</tag>
<tag>Getter</tag>
<tag>PageContent</tag>
<doc>Returns the HTML ``attribute`` of the element found by ``selector``.</doc>
<msg timestamp="20210504 12:04:03.001" level="INFO">${attr} = email</msg>
<status status="PASS" starttime="20210504 12:04:02.976" endtime="20210504 12:04:03.001"/>
</kw>
<kw name="Should Be Equal" library="BuiltIn">
<arg>${attr}</arg>
<arg>${type}</arg>
<doc>Fails if the given objects are unequal.</doc>
<status status="PASS" starttime="20210504 12:04:03.002" endtime="20210504 12:04:03.003"/>
</kw>
<status status="PASS" starttime="20210504 12:04:02.975" endtime="20210504 12:04:03.003"/>
</kw>
<status status="PASS" starttime="20210504 12:04:02.759" endtime="20210504 12:04:03.003"/>
</kw>
<kw name="Take Screenshot" library="Browser" type="TEARDOWN">
<tag>PageContent</tag>
<doc>Takes a screenshot of the current window and saves it to ``path``. Saves it as a png.</doc>
<msg timestamp="20210504 12:04:03.143" level="INFO" html="true">&lt;/td&gt;&lt;/tr&gt;&lt;tr&gt;&lt;td colspan="3"&gt;&lt;a href="browser/screenshot/robotframework-browser-screenshot-12.png"&gt;&lt;img src="browser/screenshot/robotframework-browser-screenshot-12.png" width="800px"&gt;&lt;/a&gt;</msg>
<status status="PASS" starttime="20210504 12:04:03.004" endtime="20210504 12:04:03.143"/>
</kw>
<tag>temp</tag>
<status status="PASS" starttime="20210504 12:04:02.751" endtime="20210504 12:04:03.144"/>
</test>
<test id="s1-s2-s1-t6" name="Cenario: Menor de 14 anos não pode fazer cadastro">
<kw name="Create Dictionary" library="BuiltIn">
<var>&amp;{student}</var>
<arg>name=Livia da Silva</arg>
<arg>email=livia@theotokus.com</arg>
<arg>age=13</arg>
<arg>weight=50</arg>
<arg>feet_tall=1.65</arg>
<doc>Creates and returns a dictionary based on the given ``items``.</doc>
<msg timestamp="20210504 12:04:03.162" level="INFO">&amp;{student} = { name=Livia da Silva | email=livia@theotokus.com | age=13 | weight=50 | feet_tall=1.65 }</msg>
<status status="PASS" starttime="20210504 12:04:03.161" endtime="20210504 12:04:03.162"/>
</kw>
<kw name="Go to Students" library="nav">
<kw name="Click" library="Browser">
<arg>css=a[href$=alunos]</arg>
<tag>PageContent</tag>
<tag>Setter</tag>
<doc>Simulates mouse click on the element found by ``selector``.</doc>
<status status="PASS" starttime="20210504 12:04:03.164" endtime="20210504 12:04:03.257"/>
</kw>
<kw name="Wait For Elements State" library="Browser">
<arg>css=h1 &gt;&gt; text=Gestão de Alunos</arg>
<arg>visible</arg>
<arg>5</arg>
<tag>PageContent</tag>
<tag>Wait</tag>
<doc>Waits for the element found by ``selector`` to satisfy state option.</doc>
<msg timestamp="20210504 12:04:03.275" level="INFO">Wait for Element with selector: css=h1 &gt;&gt; text=Gestão de Alunos</msg>
<status status="PASS" starttime="20210504 12:04:03.257" endtime="20210504 12:04:03.276"/>
</kw>
<status status="PASS" starttime="20210504 12:04:03.163" endtime="20210504 12:04:03.276"/>
</kw>
<kw name="Go to Form Student" library="students">
<kw name="Click" library="Browser">
<arg>css=a[href$="alunos/new"]</arg>
<tag>PageContent</tag>
<tag>Setter</tag>
<doc>Simulates mouse click on the element found by ``selector``.</doc>
<status status="PASS" starttime="20210504 12:04:03.277" endtime="20210504 12:04:03.356"/>
</kw>
<kw name="Wait For Elements State" library="Browser">
<arg>css=h1 &gt;&gt; text=Novo aluno</arg>
<arg>visible</arg>
<arg>5</arg>
<tag>PageContent</tag>
<tag>Wait</tag>
<doc>Waits for the element found by ``selector`` to satisfy state option.</doc>
<msg timestamp="20210504 12:04:03.373" level="INFO">Wait for Element with selector: css=h1 &gt;&gt; text=Novo aluno</msg>
<status status="PASS" starttime="20210504 12:04:03.356" endtime="20210504 12:04:03.373"/>
</kw>
<status status="PASS" starttime="20210504 12:04:03.276" endtime="20210504 12:04:03.373"/>
</kw>
<kw name="New Student" library="students">
<arg>${student}</arg>
<kw name="Fill Text" library="Browser">
<arg>${NAME_FIELD}</arg>
<arg>${student.name}</arg>
<tag>PageContent</tag>
<tag>Setter</tag>
<doc>Clears and fills the given ``text`` into the text field found by ``selector``.</doc>
<msg timestamp="20210504 12:04:03.376" level="INFO">Fills the text 'Livia da Silva' in the given field.</msg>
<status status="PASS" starttime="20210504 12:04:03.375" endtime="20210504 12:04:03.403"/>
</kw>
<kw name="Fill Text" library="Browser">
<arg>${EMAIL_FIELD}</arg>
<arg>${student.email}</arg>
<tag>PageContent</tag>
<tag>Setter</tag>
<doc>Clears and fills the given ``text`` into the text field found by ``selector``.</doc>
<msg timestamp="20210504 12:04:03.405" level="INFO">Fills the text 'livia@theotokus.com' in the given field.</msg>
<status status="PASS" starttime="20210504 12:04:03.403" endtime="20210504 12:04:03.435"/>
</kw>
<kw name="Fill Text" library="Browser">
<arg>${AGE_FIELD}</arg>
<arg>${student.age}</arg>
<tag>PageContent</tag>
<tag>Setter</tag>
<doc>Clears and fills the given ``text`` into the text field found by ``selector``.</doc>
<msg timestamp="20210504 12:04:03.437" level="INFO">Fills the text '13' in the given field.</msg>
<status status="PASS" starttime="20210504 12:04:03.436" endtime="20210504 12:04:03.464"/>
</kw>
<kw name="Fill Text" library="Browser">
<arg>${WEIGTH_FIELD}</arg>
<arg>${student.weight}</arg>
<tag>PageContent</tag>
<tag>Setter</tag>
<doc>Clears and fills the given ``text`` into the text field found by ``selector``.</doc>
<msg timestamp="20210504 12:04:03.465" level="INFO">Fills the text '50' in the given field.</msg>
<status status="PASS" starttime="20210504 12:04:03.464" endtime="20210504 12:04:03.495"/>
</kw>
<kw name="Fill Text" library="Browser">
<arg>${FEET_TALL_FIELD}</arg>
<arg>${student.feet_tall}</arg>
<tag>PageContent</tag>
<tag>Setter</tag>
<doc>Clears and fills the given ``text`` into the text field found by ``selector``.</doc>
<msg timestamp="20210504 12:04:03.497" level="INFO">Fills the text '1.65' in the given field.</msg>
<status status="PASS" starttime="20210504 12:04:03.496" endtime="20210504 12:04:03.528"/>
</kw>
<kw name="Submit Student Form" library="students">
<kw name="Click" library="Browser">
<arg>css=button[form$=Student]</arg>
<tag>PageContent</tag>
<tag>Setter</tag>
<doc>Simulates mouse click on the element found by ``selector``.</doc>
<status status="PASS" starttime="20210504 12:04:03.529" endtime="20210504 12:04:03.595"/>
</kw>
<status status="PASS" starttime="20210504 12:04:03.528" endtime="20210504 12:04:03.595"/>
</kw>
<status status="PASS" starttime="20210504 12:04:03.374" endtime="20210504 12:04:03.596"/>
</kw>
<kw name="Alert Text Should Be" library="components">
<arg>A idade deve ser maior ou igual 14 anos</arg>
<kw name="Wait For Elements State" library="Browser">
<arg>css=form span &gt;&gt; text=${expect_text}</arg>
<arg>visible</arg>
<arg>5</arg>
<tag>PageContent</tag>
<tag>Wait</tag>
<doc>Waits for the element found by ``selector`` to satisfy state option.</doc>
<msg timestamp="20210504 12:04:03.625" level="INFO">Wait for Element with selector: css=form span &gt;&gt; text=A idade deve ser maior ou igual 14 anos</msg>
<status status="PASS" starttime="20210504 12:04:03.597" endtime="20210504 12:04:03.626"/>
</kw>
<status status="PASS" starttime="20210504 12:04:03.596" endtime="20210504 12:04:03.626"/>
</kw>
<kw name="Take Screenshot" library="Browser" type="TEARDOWN">
<tag>PageContent</tag>
<doc>Takes a screenshot of the current window and saves it to ``path``. Saves it as a png.</doc>
<msg timestamp="20210504 12:04:03.755" level="INFO" html="true">&lt;/td&gt;&lt;/tr&gt;&lt;tr&gt;&lt;td colspan="3"&gt;&lt;a href="browser/screenshot/robotframework-browser-screenshot-13.png"&gt;&lt;img src="browser/screenshot/robotframework-browser-screenshot-13.png" width="800px"&gt;&lt;/a&gt;</msg>
<status status="PASS" starttime="20210504 12:04:03.627" endtime="20210504 12:04:03.755"/>
</kw>
<status status="PASS" starttime="20210504 12:04:03.150" endtime="20210504 12:04:03.756"/>
</test>
<doc>Cadastro de alunos</doc>
<status status="PASS" starttime="20210504 12:03:48.470" endtime="20210504 12:04:03.765"/>
</suite>
<suite id="s1-s2-s2" name="Remove" source="/home/edson/workspace/courses/qa_ninja/robot_framework/bodytest/tests/students/remove.robot">
<test id="s1-s2-s2-t1" name="Cenario: Remover aluno cadastrado">
<kw name="Start Admin Session" library="base" type="SETUP">
<kw name="Start Browser Session" library="base">
<kw name="New Browser" library="Browser">
<arg>chromium</arg>
<arg>true</arg>
<tag>BrowserControl</tag>
<tag>Setter</tag>
<doc>Create a new playwright Browser with specified options.
See `Browser, Context and Page` for more information about Browser and related concepts.</doc>
<msg timestamp="20210504 12:04:03.827" level="INFO">{"browser": "chromium", "headless": true, "handleSIGINT": true, "handleSIGTERM": true, "handleSIGHUP": true, "timeout": 30000.0, "devtools": false, "slowMo": 0.0}</msg>
<msg timestamp="20210504 12:04:04.003" level="INFO">Successfully created browser with options: {"browser":"chromium","headless":true,"handleSIGINT":true,"handleSIGTERM":true,"handleSIGHUP":true,"timeout":30000,"devtools":false,"slowMo":0}</msg>
<status status="PASS" starttime="20210504 12:04:03.827" endtime="20210504 12:04:04.003"/>
</kw>
<kw name="New Page" library="Browser">
<arg>about:blank</arg>
<tag>BrowserControl</tag>
<tag>Setter</tag>
<doc>Open a new Page. A Page is the Playwright equivalent to a tab.
See `Browser, Context and Page` for more information about Page concept.
Returns a stable identifier for the created page.</doc>
<msg timestamp="20210504 12:04:04.093" level="INFO">Successfully initialized new page object and opened url: about:blank</msg>
<status status="PASS" starttime="20210504 12:04:04.004" endtime="20210504 12:04:04.093"/>
</kw>
<status status="PASS" starttime="20210504 12:04:03.826" endtime="20210504 12:04:04.094"/>
</kw>
<kw name="Go To Login Pages" library="auth">
<kw name="Go To" library="Browser">
<arg>https://theotokus-bodytest-web.herokuapp.com/</arg>
<tag>BrowserControl</tag>
<tag>Setter</tag>
<doc>Navigates to the given ``url``.</doc>
<msg timestamp="20210504 12:04:05.917" level="INFO">Succesfully opened URL https://theotokus-bodytest-web.herokuapp.com/</msg>
<status status="PASS" starttime="20210504 12:04:04.095" endtime="20210504 12:04:05.917"/>
</kw>
<status status="PASS" starttime="20210504 12:04:04.094" endtime="20210504 12:04:05.918"/>
</kw>
<kw name="Login With" library="auth">
<arg>admin@bodytest.com</arg>
<arg>pwd123</arg>
<kw name="Fill Text" library="Browser">
<arg>css=input[name=email]</arg>
<arg>${email}</arg>
<tag>PageContent</tag>
<tag>Setter</tag>
<doc>Clears and fills the given ``text`` into the text field found by ``selector``.</doc>
<msg timestamp="20210504 12:04:05.920" level="INFO">Fills the text 'admin@bodytest.com' in the given field.</msg>
<status status="PASS" starttime="20210504 12:04:05.919" endtime="20210504 12:04:05.975"/>
</kw>
<kw name="Fill Text" library="Browser">
<arg>css=input[name=password]</arg>
<arg>${pass}</arg>
<tag>PageContent</tag>
<tag>Setter</tag>
<doc>Clears and fills the given ``text`` into the text field found by ``selector``.</doc>
<msg timestamp="20210504 12:04:05.976" level="INFO">Fills the text 'pwd123' in the given field.</msg>
<status status="PASS" starttime="20210504 12:04:05.976" endtime="20210504 12:04:06.003"/>
</kw>
<kw name="Click" library="Browser">
<arg>text=Entrar</arg>
<tag>PageContent</tag>
<tag>Setter</tag>
<doc>Simulates mouse click on the element found by ``selector``.</doc>
<status status="PASS" starttime="20210504 12:04:06.004" endtime="20210504 12:04:06.080"/>
</kw>
<status status="PASS" starttime="20210504 12:04:05.918" endtime="20210504 12:04:06.081"/>
</kw>
<kw name="User Should Be Logged In" library="nav">
<arg>Administrador</arg>
<kw name="Get Text" library="Browser">
<arg>css=aside strong</arg>
<arg>should be</arg>
<arg>${user_name}</arg>
<tag>Assertion</tag>
<tag>Getter</tag>
<tag>PageContent</tag>
<doc>Returns text attribute of the element found by ``selector``.
See the `Finding elements` section for details about the selectors.</doc>
<status status="PASS" starttime="20210504 12:04:06.082" endtime="20210504 12:04:07.005"/>
</kw>
<status status="PASS" starttime="20210504 12:04:06.081" endtime="20210504 12:04:07.005"/>
</kw>
<status status="PASS" starttime="20210504 12:04:03.825" endtime="20210504 12:04:07.005"/>
</kw>
<kw name="Create Dictionary" library="BuiltIn">
<var>&amp;{student}</var>
<arg>name=Cintia Rodrigues</arg>
<arg>email=cintia@xpto.com</arg>
<arg>age=30</arg>
<arg>weight=60</arg>
<arg>feet_tall=1.71</arg>
<doc>Creates and returns a dictionary based on the given ``items``.</doc>
<msg timestamp="20210504 12:04:07.007" level="INFO">&amp;{student} = { name=Cintia Rodrigues | email=cintia@xpto.com | age=30 | weight=60 | feet_tall=1.71 }</msg>
<status status="PASS" starttime="20210504 12:04:07.006" endtime="20210504 12:04:07.007"/>
</kw>
<kw name="Insert Student" library="DeloreanLibrary">
<arg>${student}</arg>
<msg timestamp="20210504 12:04:07.008" level="INFO">delete from students where email = 'cintia@xpto.com'</msg>
<msg timestamp="20210504 12:04:08.113" level="INFO">insert into students(name, email, age, weight, feet_tall, created_at, updated_at)values('Cintia Rodrigues','cintia@xpto.com',30,60,1.71,NOW(),NOW());</msg>
<status status="PASS" starttime="20210504 12:04:07.008" endtime="20210504 12:04:09.224"/>
</kw>
<kw name="Go to Students" library="nav">
<kw name="Click" library="Browser">
<arg>css=a[href$=alunos]</arg>
<tag>PageContent</tag>
<tag>Setter</tag>
<doc>Simulates mouse click on the element found by ``selector``.</doc>
<status status="PASS" starttime="20210504 12:04:09.225" endtime="20210504 12:04:09.356"/>
</kw>
<kw name="Wait For Elements State" library="Browser">
<arg>css=h1 &gt;&gt; text=Gestão de Alunos</arg>
<arg>visible</arg>
<arg>5</arg>
<tag>PageContent</tag>
<tag>Wait</tag>
<doc>Waits for the element found by ``selector`` to satisfy state option.</doc>
<msg timestamp="20210504 12:04:09.376" level="INFO">Wait for Element with selector: css=h1 &gt;&gt; text=Gestão de Alunos</msg>
<status status="PASS" starttime="20210504 12:04:09.357" endtime="20210504 12:04:09.377"/>
</kw>
<status status="PASS" starttime="20210504 12:04:09.224" endtime="20210504 12:04:09.377"/>
</kw>
<kw name="Request Removal By Email" library="students">
<arg>${student.email}</arg>
<kw name="Click" library="Browser">
<arg>xpath=//td[contains(text(),"${email}")]/../td/button[@id="trash"]</arg>
<tag>PageContent</tag>
<tag>Setter</tag>
<doc>Simulates mouse click on the element found by ``selector``.</doc>
<status status="PASS" starttime="20210504 12:04:09.380" endtime="20210504 12:04:09.876"/>
</kw>
<status status="PASS" starttime="20210504 12:04:09.377" endtime="20210504 12:04:09.877"/>
</kw>
<kw name="Confirm Removal" library="students">
<kw name="Click" library="Browser">
<arg>text=SIM, pode apagar!</arg>
<tag>PageContent</tag>
<tag>Setter</tag>
<doc>Simulates mouse click on the element found by ``selector``.</doc>
<status status="PASS" starttime="20210504 12:04:09.878" endtime="20210504 12:04:10.220"/>
</kw>
<status status="PASS" starttime="20210504 12:04:09.877" endtime="20210504 12:04:10.220"/>
</kw>
<kw name="Toaster Text Should Be" library="components">
<arg>Aluno removido com sucesso.</arg>
<kw name="Wait For Elements State" library="Browser">
<arg>css=.Toastify__toast-body &gt;&gt; text=${expect_text}</arg>
<arg>visible</arg>
<arg>5</arg>
<tag>PageContent</tag>
<tag>Wait</tag>
<doc>Waits for the element found by ``selector`` to satisfy state option.</doc>
<msg timestamp="20210504 12:04:10.797" level="INFO">Wait for Element with selector: css=.Toastify__toast-body &gt;&gt; text=Aluno removido com sucesso.</msg>
<status status="PASS" starttime="20210504 12:04:10.223" endtime="20210504 12:04:10.798"/>
</kw>
<status status="PASS" starttime="20210504 12:04:10.221" endtime="20210504 12:04:10.798"/>
</kw>
<kw name="Student Should Not Visible" library="students">
<arg>${student.email}</arg>
<kw name="Wait For Elements State" library="Browser">
<arg>xpath=//td[contains(text(),"${email}")]</arg>
<arg>detached</arg>
<arg>5</arg>
<tag>PageContent</tag>
<tag>Wait</tag>
<doc>Waits for the element found by ``selector`` to satisfy state option.</doc>
<msg timestamp="20210504 12:04:10.812" level="INFO">Wait for Element with selector: xpath=//td[contains(text(),"cintia@xpto.com")]</msg>
<status status="PASS" starttime="20210504 12:04:10.801" endtime="20210504 12:04:10.812"/>
</kw>
<status status="PASS" starttime="20210504 12:04:10.799" endtime="20210504 12:04:10.813"/>
</kw>
<kw name="Thinking And Take Screenshot" library="base" type="TEARDOWN">
<arg>2</arg>
<kw name="Sleep" library="BuiltIn">
<arg>${timeout}</arg>
<doc>Pauses the test executed for the given time.</doc>
<msg timestamp="20210504 12:04:12.815" level="INFO">Slept 2 seconds</msg>
<status status="PASS" starttime="20210504 12:04:10.814" endtime="20210504 12:04:12.816"/>
</kw>
<kw name="Take Screenshot" library="Browser">
<tag>PageContent</tag>
<doc>Takes a screenshot of the current window and saves it to ``path``. Saves it as a png.</doc>
<msg timestamp="20210504 12:04:12.949" level="INFO" html="true">&lt;/td&gt;&lt;/tr&gt;&lt;tr&gt;&lt;td colspan="3"&gt;&lt;a href="browser/screenshot/robotframework-browser-screenshot-14.png"&gt;&lt;img src="browser/screenshot/robotframework-browser-screenshot-14.png" width="800px"&gt;&lt;/a&gt;</msg>
<status status="PASS" starttime="20210504 12:04:12.816" endtime="20210504 12:04:12.949"/>
</kw>
<status status="PASS" starttime="20210504 12:04:10.813" endtime="20210504 12:04:12.950"/>
</kw>
<status status="PASS" starttime="20210504 12:04:03.822" endtime="20210504 12:04:12.950"/>
</test>
<test id="s1-s2-s2-t2" name="Cenario: Desistir da exclusão">
<kw name="Start Admin Session" library="base" type="SETUP">
<kw name="Start Browser Session" library="base">
<kw name="New Browser" library="Browser">
<arg>chromium</arg>
<arg>true</arg>
<tag>BrowserControl</tag>
<tag>Setter</tag>
<doc>Create a new playwright Browser with specified options.
See `Browser, Context and Page` for more information about Browser and related concepts.</doc>
<msg timestamp="20210504 12:04:12.997" level="INFO">{"browser": "chromium", "headless": true, "handleSIGINT": true, "handleSIGTERM": true, "handleSIGHUP": true, "timeout": 30000.0, "devtools": false, "slowMo": 0.0}</msg>
<msg timestamp="20210504 12:04:13.166" level="INFO">Successfully created browser with options: {"browser":"chromium","headless":true,"handleSIGINT":true,"handleSIGTERM":true,"handleSIGHUP":true,"timeout":30000,"devtools":false,"slowMo":0}</msg>
<status status="PASS" starttime="20210504 12:04:12.997" endtime="20210504 12:04:13.166"/>
</kw>
<kw name="New Page" library="Browser">
<arg>about:blank</arg>
<tag>BrowserControl</tag>
<tag>Setter</tag>
<doc>Open a new Page. A Page is the Playwright equivalent to a tab.
See `Browser, Context and Page` for more information about Page concept.
Returns a stable identifier for the created page.</doc>
<msg timestamp="20210504 12:04:13.261" level="INFO">Successfully initialized new page object and opened url: about:blank</msg>
<status status="PASS" starttime="20210504 12:04:13.167" endtime="20210504 12:04:13.261"/>
</kw>
<status status="PASS" starttime="20210504 12:04:12.996" endtime="20210504 12:04:13.261"/>
</kw>
<kw name="Go To Login Pages" library="auth">
<kw name="Go To" library="Browser">
<arg>https://theotokus-bodytest-web.herokuapp.com/</arg>
<tag>BrowserControl</tag>
<tag>Setter</tag>
<doc>Navigates to the given ``url``.</doc>
<msg timestamp="20210504 12:04:15.063" level="INFO">Succesfully opened URL https://theotokus-bodytest-web.herokuapp.com/</msg>
<status status="PASS" starttime="20210504 12:04:13.262" endtime="20210504 12:04:15.063"/>
</kw>
<status status="PASS" starttime="20210504 12:04:13.262" endtime="20210504 12:04:15.064"/>
</kw>
<kw name="Login With" library="auth">
<arg>admin@bodytest.com</arg>
<arg>pwd123</arg>
<kw name="Fill Text" library="Browser">
<arg>css=input[name=email]</arg>
<arg>${email}</arg>
<tag>PageContent</tag>
<tag>Setter</tag>
<doc>Clears and fills the given ``text`` into the text field found by ``selector``.</doc>
<msg timestamp="20210504 12:04:15.066" level="INFO">Fills the text 'admin@bodytest.com' in the given field.</msg>
<status status="PASS" starttime="20210504 12:04:15.065" endtime="20210504 12:04:15.123"/>
</kw>
<kw name="Fill Text" library="Browser">
<arg>css=input[name=password]</arg>
<arg>${pass}</arg>
<tag>PageContent</tag>
<tag>Setter</tag>
<doc>Clears and fills the given ``text`` into the text field found by ``selector``.</doc>
<msg timestamp="20210504 12:04:15.124" level="INFO">Fills the text 'pwd123' in the given field.</msg>
<status status="PASS" starttime="20210504 12:04:15.124" endtime="20210504 12:04:15.155"/>
</kw>
<kw name="Click" library="Browser">
<arg>text=Entrar</arg>
<tag>PageContent</tag>
<tag>Setter</tag>
<doc>Simulates mouse click on the element found by ``selector``.</doc>
<status status="PASS" starttime="20210504 12:04:15.155" endtime="20210504 12:04:15.229"/>
</kw>
<status status="PASS" starttime="20210504 12:04:15.064" endtime="20210504 12:04:15.229"/>
</kw>
<kw name="User Should Be Logged In" library="nav">
<arg>Administrador</arg>
<kw name="Get Text" library="Browser">
<arg>css=aside strong</arg>
<arg>should be</arg>
<arg>${user_name}</arg>
<tag>Assertion</tag>
<tag>Getter</tag>
<tag>PageContent</tag>
<doc>Returns text attribute of the element found by ``selector``.
See the `Finding elements` section for details about the selectors.</doc>
<status status="PASS" starttime="20210504 12:04:15.231" endtime="20210504 12:04:16.297"/>
</kw>
<status status="PASS" starttime="20210504 12:04:15.230" endtime="20210504 12:04:16.298"/>
</kw>
<status status="PASS" starttime="20210504 12:04:12.995" endtime="20210504 12:04:16.298"/>
</kw>
<kw name="Create Dictionary" library="BuiltIn">
<var>&amp;{student}</var>
<arg>name=Izabel Santos</arg>
<arg>email=izabel@xpto.com</arg>
<arg>age=63</arg>
<arg>weight=80</arg>
<arg>feet_tall=1.56</arg>
<doc>Creates and returns a dictionary based on the given ``items``.</doc>
<msg timestamp="20210504 12:04:16.300" level="INFO">&amp;{student} = { name=Izabel Santos | email=izabel@xpto.com | age=63 | weight=80 | feet_tall=1.56 }</msg>
<status status="PASS" starttime="20210504 12:04:16.299" endtime="20210504 12:04:16.300"/>
</kw>
<kw name="Insert Student" library="DeloreanLibrary">
<arg>${student}</arg>
<msg timestamp="20210504 12:04:16.301" level="INFO">delete from students where email = 'izabel@xpto.com'</msg>
<msg timestamp="20210504 12:04:17.525" level="INFO">insert into students(name, email, age, weight, feet_tall, created_at, updated_at)values('Izabel Santos','izabel@xpto.com',63,80,1.56,NOW(),NOW());</msg>
<status status="PASS" starttime="20210504 12:04:16.301" endtime="20210504 12:04:18.619"/>
</kw>
<kw name="Go to Students" library="nav">
<kw name="Click" library="Browser">
<arg>css=a[href$=alunos]</arg>
<tag>PageContent</tag>
<tag>Setter</tag>
<doc>Simulates mouse click on the element found by ``selector``.</doc>
<status status="PASS" starttime="20210504 12:04:18.621" endtime="20210504 12:04:18.713"/>
</kw>
<kw name="Wait For Elements State" library="Browser">
<arg>css=h1 &gt;&gt; text=Gestão de Alunos</arg>
<arg>visible</arg>
<arg>5</arg>
<tag>PageContent</tag>
<tag>Wait</tag>
<doc>Waits for the element found by ``selector`` to satisfy state option.</doc>
<msg timestamp="20210504 12:04:18.727" level="INFO">Wait for Element with selector: css=h1 &gt;&gt; text=Gestão de Alunos</msg>
<status status="PASS" starttime="20210504 12:04:18.714" endtime="20210504 12:04:18.728"/>
</kw>
<status status="PASS" starttime="20210504 12:04:18.619" endtime="20210504 12:04:18.728"/>
</kw>
<kw name="Request Removal By Email" library="students">
<arg>${student.email}</arg>
<kw name="Click" library="Browser">
<arg>xpath=//td[contains(text(),"${email}")]/../td/button[@id="trash"]</arg>
<tag>PageContent</tag>
<tag>Setter</tag>
<doc>Simulates mouse click on the element found by ``selector``.</doc>
<status status="PASS" starttime="20210504 12:04:18.730" endtime="20210504 12:04:19.311"/>
</kw>
<status status="PASS" starttime="20210504 12:04:18.728" endtime="20210504 12:04:19.312"/>
</kw>
<kw name="Cancel Removal" library="students">
<kw name="Click" library="Browser">
<arg>text=NÃO</arg>
<tag>PageContent</tag>
<tag>Setter</tag>
<doc>Simulates mouse click on the element found by ``selector``.</doc>
<status status="PASS" starttime="20210504 12:04:19.313" endtime="20210504 12:04:19.645"/>
</kw>
<status status="PASS" starttime="20210504 12:04:19.312" endtime="20210504 12:04:19.646"/>
</kw>
<kw name="Student Should Be Visible" library="students">
<arg>${student.email}</arg>
<kw name="Wait For Elements State" library="Browser">
<arg>xpath=//td[contains(text(),"${email}")]</arg>
<arg>visible</arg>
<arg>5</arg>
<tag>PageContent</tag>
<tag>Wait</tag>
<doc>Waits for the element found by ``selector`` to satisfy state option.</doc>
<msg timestamp="20210504 12:04:19.673" level="INFO">Wait for Element with selector: xpath=//td[contains(text(),"izabel@xpto.com")]</msg>
<status status="PASS" starttime="20210504 12:04:19.648" endtime="20210504 12:04:19.674"/>
</kw>
<status status="PASS" starttime="20210504 12:04:19.646" endtime="20210504 12:04:19.674"/>
</kw>
<kw name="Take Screenshot" library="Browser" type="TEARDOWN">
<tag>PageContent</tag>
<doc>Takes a screenshot of the current window and saves it to ``path``. Saves it as a png.</doc>
<msg timestamp="20210504 12:04:19.821" level="INFO" html="true">&lt;/td&gt;&lt;/tr&gt;&lt;tr&gt;&lt;td colspan="3"&gt;&lt;a href="browser/screenshot/robotframework-browser-screenshot-15.png"&gt;&lt;img src="browser/screenshot/robotframework-browser-screenshot-15.png" width="800px"&gt;&lt;/a&gt;</msg>
<status status="PASS" starttime="20210504 12:04:19.675" endtime="20210504 12:04:19.821"/>
</kw>
<status status="PASS" starttime="20210504 12:04:12.991" endtime="20210504 12:04:19.821"/>
</test>
<doc>Remoção de alunos</doc>
<status status="PASS" starttime="20210504 12:04:03.806" endtime="20210504 12:04:19.865"/>
</suite>
<status status="PASS" starttime="20210504 12:03:48.466" endtime="20210504 12:04:19.873"/>
</suite>
<status status="PASS" starttime="20210504 12:03:33.853" endtime="20210504 12:04:19.880"/>
</suite>
<statistics>
<total>
<stat pass="15" fail="0" skip="0">All Tests</stat>
</total>
<tag>
<stat pass="1" fail="0" skip="0">duplicado</stat>
<stat pass="1" fail="0" skip="0">fail</stat>
<stat pass="2" fail="0" skip="0">temp</stat>
</tag>
<suite>
<stat pass="15" fail="0" skip="0" id="s1" name="Tests">Tests</stat>
<stat pass="7" fail="0" skip="0" id="s1-s1" name="Login">Tests.Login</stat>
<stat pass="7" fail="0" skip="0" id="s1-s1-s1" name="Login">Tests.Login.Login</stat>
<stat pass="8" fail="0" skip="0" id="s1-s2" name="Students">Tests.Students</stat>
<stat pass="6" fail="0" skip="0" id="s1-s2-s1" name="Create">Tests.Students.Create</stat>
<stat pass="2" fail="0" skip="0" id="s1-s2-s2" name="Remove">Tests.Students.Remove</stat>
</suite>
</statistics>
<errors>
</errors>
</robot>
