<?xml version="1.0" encoding="UTF-8"?>
<robot generator="Robot 4.0 (Python 3.8.5 on linux)" generated="20210503 16:07:29.923" rpa="false" schemaversion="2">
<suite id="s1" name="Cadastro Alunos" source="/home/edson/workspace/courses/qa_ninja/robot_framework/bodytest/tests/cadastro_alunos.robot">
<kw name="Start Admin Session" library="base" type="SETUP">
<kw name="Start Browser Session" library="base">
<kw name="New Browser" library="Browser">
<arg>chromium</arg>
<arg>true</arg>
<tag>BrowserControl</tag>
<tag>Setter</tag>
<doc>Create a new playwright Browser with specified options.
See `Browser, Context and Page` for more information about Browser and related concepts.</doc>
<msg timestamp="20210503 16:07:30.855" level="INFO">{"browser": "chromium", "headless": true, "handleSIGINT": true, "handleSIGTERM": true, "handleSIGHUP": true, "timeout": 30000.0, "devtools": false, "slowMo": 0.0}</msg>
<msg timestamp="20210503 16:07:31.060" level="INFO">Successfully created browser with options: {"browser":"chromium","headless":true,"handleSIGINT":true,"handleSIGTERM":true,"handleSIGHUP":true,"timeout":30000,"devtools":false,"slowMo":0}</msg>
<status status="PASS" starttime="20210503 16:07:30.854" endtime="20210503 16:07:31.060"/>
</kw>
<kw name="New Page" library="Browser">
<arg>about:blank</arg>
<tag>BrowserControl</tag>
<tag>Setter</tag>
<doc>Open a new Page. A Page is the Playwright equivalent to a tab.
See `Browser, Context and Page` for more information about Page concept.
Returns a stable identifier for the created page.</doc>
<msg timestamp="20210503 16:07:31.180" level="INFO">Successfully initialized new page object and opened url: about:blank</msg>
<status status="PASS" starttime="20210503 16:07:31.061" endtime="20210503 16:07:31.181"/>
</kw>
<status status="PASS" starttime="20210503 16:07:30.853" endtime="20210503 16:07:31.181"/>
</kw>
<kw name="Go To Login Pages" library="auth">
<kw name="Go To" library="Browser">
<arg>https://theotokus-bodytest-web.herokuapp.com/</arg>
<tag>BrowserControl</tag>
<tag>Setter</tag>
<doc>Navigates to the given ``url``.</doc>
<msg timestamp="20210503 16:07:34.078" level="INFO">Succesfully opened URL https://theotokus-bodytest-web.herokuapp.com/</msg>
<status status="PASS" starttime="20210503 16:07:31.182" endtime="20210503 16:07:34.079"/>
</kw>
<status status="PASS" starttime="20210503 16:07:31.182" endtime="20210503 16:07:34.079"/>
</kw>
<kw name="Login With" library="auth">
<arg>admin@bodytest.com</arg>
<arg>pwd123</arg>
<kw name="Fill Text" library="Browser">
<arg>css=input[name=email]</arg>
<arg>${email}</arg>
<tag>PageContent</tag>
<tag>Setter</tag>
<doc>Clears and fills the given ``text`` into the text field found by ``selector``.</doc>
<msg timestamp="20210503 16:07:34.081" level="INFO">Fills the text 'admin@bodytest.com' in the given field.</msg>
<status status="PASS" starttime="20210503 16:07:34.080" endtime="20210503 16:07:34.162"/>
</kw>
<kw name="Fill Text" library="Browser">
<arg>css=input[name=password]</arg>
<arg>${pass}</arg>
<tag>PageContent</tag>
<tag>Setter</tag>
<doc>Clears and fills the given ``text`` into the text field found by ``selector``.</doc>
<msg timestamp="20210503 16:07:34.163" level="INFO">Fills the text 'pwd123' in the given field.</msg>
<status status="PASS" starttime="20210503 16:07:34.163" endtime="20210503 16:07:34.199"/>
</kw>
<kw name="Click" library="Browser">
<arg>text=Entrar</arg>
<tag>PageContent</tag>
<tag>Setter</tag>
<doc>Simulates mouse click on the element found by ``selector``.</doc>
<status status="PASS" starttime="20210503 16:07:34.199" endtime="20210503 16:07:34.283"/>
</kw>
<status status="PASS" starttime="20210503 16:07:34.079" endtime="20210503 16:07:34.284"/>
</kw>
<kw name="User Should Be Logged In" library="nav">
<arg>Administrador</arg>
<kw name="Get Text" library="Browser">
<arg>css=aside strong</arg>
<arg>should be</arg>
<arg>${user_name}</arg>
<tag>Assertion</tag>
<tag>Getter</tag>
<tag>PageContent</tag>
<doc>Returns text attribute of the element found by ``selector``.
See the `Finding elements` section for details about the selectors.</doc>
<status status="PASS" starttime="20210503 16:07:34.285" endtime="20210503 16:07:35.080"/>
</kw>
<status status="PASS" starttime="20210503 16:07:34.284" endtime="20210503 16:07:35.081"/>
</kw>
<status status="PASS" starttime="20210503 16:07:30.852" endtime="20210503 16:07:35.081"/>
</kw>
<test id="s1-t1" name="Validate Number Type">
<kw name="Check Type Field On Student Form">
<arg>${AGE_FIELD}</arg>
<arg>number</arg>
<kw name="Go to Students" library="nav">
<kw name="Click" library="Browser">
<arg>css=a[href$=alunos]</arg>
<tag>PageContent</tag>
<tag>Setter</tag>
<doc>Simulates mouse click on the element found by ``selector``.</doc>
<status status="PASS" starttime="20210503 16:07:35.097" endtime="20210503 16:07:35.211"/>
</kw>
<kw name="Wait For Elements State" library="Browser">
<arg>css=h1 &gt;&gt; text=Gestão de Alunos</arg>
<arg>visible</arg>
<arg>5</arg>
<tag>PageContent</tag>
<tag>Wait</tag>
<doc>Waits for the element found by ``selector`` to satisfy state option.</doc>
<msg timestamp="20210503 16:07:35.236" level="INFO">Wait for Element with selector: css=h1 &gt;&gt; text=Gestão de Alunos</msg>
<status status="PASS" starttime="20210503 16:07:35.211" endtime="20210503 16:07:35.236"/>
</kw>
<status status="PASS" starttime="20210503 16:07:35.096" endtime="20210503 16:07:35.237"/>
</kw>
<kw name="Go to Form Student" library="students">
<kw name="Click" library="Browser">
<arg>css=a[href$="alunos/new"]</arg>
<tag>PageContent</tag>
<tag>Setter</tag>
<doc>Simulates mouse click on the element found by ``selector``.</doc>
<status status="PASS" starttime="20210503 16:07:35.237" endtime="20210503 16:07:35.337"/>
</kw>
<kw name="Wait For Elements State" library="Browser">
<arg>css=h1 &gt;&gt; text=Novo aluno</arg>
<arg>visible</arg>
<arg>5</arg>
<tag>PageContent</tag>
<tag>Wait</tag>
<doc>Waits for the element found by ``selector`` to satisfy state option.</doc>
<msg timestamp="20210503 16:07:35.352" level="INFO">Wait for Element with selector: css=h1 &gt;&gt; text=Novo aluno</msg>
<status status="PASS" starttime="20210503 16:07:35.337" endtime="20210503 16:07:35.352"/>
</kw>
<status status="PASS" starttime="20210503 16:07:35.237" endtime="20210503 16:07:35.352"/>
</kw>
<kw name="Field Should Be Type" library="components">
<arg>${element}</arg>
<arg>${type}</arg>
<kw name="Get Attribute" library="Browser">
<var>${attr}</var>
<arg>${element}</arg>
<arg>type</arg>
<tag>Assertion</tag>
<tag>Getter</tag>
<tag>PageContent</tag>
<doc>Returns the HTML ``attribute`` of the element found by ``selector``.</doc>
<msg timestamp="20210503 16:07:35.387" level="INFO">${attr} = number</msg>
<status status="PASS" starttime="20210503 16:07:35.354" endtime="20210503 16:07:35.387"/>
</kw>
<kw name="Should Be Equal" library="BuiltIn">
<arg>${attr}</arg>
<arg>${type}</arg>
<doc>Fails if the given objects are unequal.</doc>
<status status="PASS" starttime="20210503 16:07:35.387" endtime="20210503 16:07:35.388"/>
</kw>
<status status="PASS" starttime="20210503 16:07:35.353" endtime="20210503 16:07:35.388"/>
</kw>
<status status="PASS" starttime="20210503 16:07:35.095" endtime="20210503 16:07:35.389"/>
</kw>
<kw name="Check Type Field On Student Form">
<arg>${WEIGTH_FIELD}</arg>
<arg>number</arg>
<kw name="Go to Students" library="nav">
<kw name="Click" library="Browser">
<arg>css=a[href$=alunos]</arg>
<tag>PageContent</tag>
<tag>Setter</tag>
<doc>Simulates mouse click on the element found by ``selector``.</doc>
<status status="PASS" starttime="20210503 16:07:35.390" endtime="20210503 16:07:35.476"/>
</kw>
<kw name="Wait For Elements State" library="Browser">
<arg>css=h1 &gt;&gt; text=Gestão de Alunos</arg>
<arg>visible</arg>
<arg>5</arg>
<tag>PageContent</tag>
<tag>Wait</tag>
<doc>Waits for the element found by ``selector`` to satisfy state option.</doc>
<msg timestamp="20210503 16:07:35.498" level="INFO">Wait for Element with selector: css=h1 &gt;&gt; text=Gestão de Alunos</msg>
<status status="PASS" starttime="20210503 16:07:35.476" endtime="20210503 16:07:35.498"/>
</kw>
<status status="PASS" starttime="20210503 16:07:35.390" endtime="20210503 16:07:35.498"/>
</kw>
<kw name="Go to Form Student" library="students">
<kw name="Click" library="Browser">
<arg>css=a[href$="alunos/new"]</arg>
<tag>PageContent</tag>
<tag>Setter</tag>
<doc>Simulates mouse click on the element found by ``selector``.</doc>
<status status="PASS" starttime="20210503 16:07:35.500" endtime="20210503 16:07:35.594"/>
</kw>
<kw name="Wait For Elements State" library="Browser">
<arg>css=h1 &gt;&gt; text=Novo aluno</arg>
<arg>visible</arg>
<arg>5</arg>
<tag>PageContent</tag>
<tag>Wait</tag>
<doc>Waits for the element found by ``selector`` to satisfy state option.</doc>
<msg timestamp="20210503 16:07:35.618" level="INFO">Wait for Element with selector: css=h1 &gt;&gt; text=Novo aluno</msg>
<status status="PASS" starttime="20210503 16:07:35.595" endtime="20210503 16:07:35.618"/>
</kw>
<status status="PASS" starttime="20210503 16:07:35.499" endtime="20210503 16:07:35.618"/>
</kw>
<kw name="Field Should Be Type" library="components">
<arg>${element}</arg>
<arg>${type}</arg>
<kw name="Get Attribute" library="Browser">
<var>${attr}</var>
<arg>${element}</arg>
<arg>type</arg>
<tag>Assertion</tag>
<tag>Getter</tag>
<tag>PageContent</tag>
<doc>Returns the HTML ``attribute`` of the element found by ``selector``.</doc>
<msg timestamp="20210503 16:07:35.648" level="INFO">${attr} = number</msg>
<status status="PASS" starttime="20210503 16:07:35.620" endtime="20210503 16:07:35.648"/>
</kw>
<kw name="Should Be Equal" library="BuiltIn">
<arg>${attr}</arg>
<arg>${type}</arg>
<doc>Fails if the given objects are unequal.</doc>
<status status="PASS" starttime="20210503 16:07:35.648" endtime="20210503 16:07:35.649"/>
</kw>
<status status="PASS" starttime="20210503 16:07:35.619" endtime="20210503 16:07:35.649"/>
</kw>
<status status="PASS" starttime="20210503 16:07:35.389" endtime="20210503 16:07:35.649"/>
</kw>
<kw name="Check Type Field On Student Form">
<arg>${FEET_TALL_FIELD}</arg>
<arg>number</arg>
<kw name="Go to Students" library="nav">
<kw name="Click" library="Browser">
<arg>css=a[href$=alunos]</arg>
<tag>PageContent</tag>
<tag>Setter</tag>
<doc>Simulates mouse click on the element found by ``selector``.</doc>
<status status="PASS" starttime="20210503 16:07:35.651" endtime="20210503 16:07:35.739"/>
</kw>
<kw name="Wait For Elements State" library="Browser">
<arg>css=h1 &gt;&gt; text=Gestão de Alunos</arg>
<arg>visible</arg>
<arg>5</arg>
<tag>PageContent</tag>
<tag>Wait</tag>
<doc>Waits for the element found by ``selector`` to satisfy state option.</doc>
<msg timestamp="20210503 16:07:35.762" level="INFO">Wait for Element with selector: css=h1 &gt;&gt; text=Gestão de Alunos</msg>
<status status="PASS" starttime="20210503 16:07:35.740" endtime="20210503 16:07:35.763"/>
</kw>
<status status="PASS" starttime="20210503 16:07:35.651" endtime="20210503 16:07:35.763"/>
</kw>
<kw name="Go to Form Student" library="students">
<kw name="Click" library="Browser">
<arg>css=a[href$="alunos/new"]</arg>
<tag>PageContent</tag>
<tag>Setter</tag>
<doc>Simulates mouse click on the element found by ``selector``.</doc>
<status status="PASS" starttime="20210503 16:07:35.764" endtime="20210503 16:07:35.847"/>
</kw>
<kw name="Wait For Elements State" library="Browser">
<arg>css=h1 &gt;&gt; text=Novo aluno</arg>
<arg>visible</arg>
<arg>5</arg>
<tag>PageContent</tag>
<tag>Wait</tag>
<doc>Waits for the element found by ``selector`` to satisfy state option.</doc>
<msg timestamp="20210503 16:07:35.866" level="INFO">Wait for Element with selector: css=h1 &gt;&gt; text=Novo aluno</msg>
<status status="PASS" starttime="20210503 16:07:35.847" endtime="20210503 16:07:35.866"/>
</kw>
<status status="PASS" starttime="20210503 16:07:35.763" endtime="20210503 16:07:35.866"/>
</kw>
<kw name="Field Should Be Type" library="components">
<arg>${element}</arg>
<arg>${type}</arg>
<kw name="Get Attribute" library="Browser">
<var>${attr}</var>
<arg>${element}</arg>
<arg>type</arg>
<tag>Assertion</tag>
<tag>Getter</tag>
<tag>PageContent</tag>
<doc>Returns the HTML ``attribute`` of the element found by ``selector``.</doc>
<msg timestamp="20210503 16:07:35.897" level="INFO">${attr} = number</msg>
<status status="PASS" starttime="20210503 16:07:35.867" endtime="20210503 16:07:35.897"/>
</kw>
<kw name="Should Be Equal" library="BuiltIn">
<arg>${attr}</arg>
<arg>${type}</arg>
<doc>Fails if the given objects are unequal.</doc>
<status status="PASS" starttime="20210503 16:07:35.897" endtime="20210503 16:07:35.898"/>
</kw>
<status status="PASS" starttime="20210503 16:07:35.867" endtime="20210503 16:07:35.898"/>
</kw>
<status status="PASS" starttime="20210503 16:07:35.650" endtime="20210503 16:07:35.899"/>
</kw>
<tag>temp</tag>
<status status="PASS" starttime="20210503 16:07:35.081" endtime="20210503 16:07:35.899"/>
</test>
<test id="s1-t2" name="Validate Email Type">
<kw name="Check Type Field On Student Form">
<arg>${EMAIL_FIELD}</arg>
<arg>email</arg>
<kw name="Go to Students" library="nav">
<kw name="Click" library="Browser">
<arg>css=a[href$=alunos]</arg>
<tag>PageContent</tag>
<tag>Setter</tag>
<doc>Simulates mouse click on the element found by ``selector``.</doc>
<status status="PASS" starttime="20210503 16:07:35.926" endtime="20210503 16:07:35.999"/>
</kw>
<kw name="Wait For Elements State" library="Browser">
<arg>css=h1 &gt;&gt; text=Gestão de Alunos</arg>
<arg>visible</arg>
<arg>5</arg>
<tag>PageContent</tag>
<tag>Wait</tag>
<doc>Waits for the element found by ``selector`` to satisfy state option.</doc>
<msg timestamp="20210503 16:07:36.021" level="INFO">Wait for Element with selector: css=h1 &gt;&gt; text=Gestão de Alunos</msg>
<status status="PASS" starttime="20210503 16:07:36.000" endtime="20210503 16:07:36.022"/>
</kw>
<status status="PASS" starttime="20210503 16:07:35.925" endtime="20210503 16:07:36.023"/>
</kw>
<kw name="Go to Form Student" library="students">
<kw name="Click" library="Browser">
<arg>css=a[href$="alunos/new"]</arg>
<tag>PageContent</tag>
<tag>Setter</tag>
<doc>Simulates mouse click on the element found by ``selector``.</doc>
<status status="PASS" starttime="20210503 16:07:36.024" endtime="20210503 16:07:36.106"/>
</kw>
<kw name="Wait For Elements State" library="Browser">
<arg>css=h1 &gt;&gt; text=Novo aluno</arg>
<arg>visible</arg>
<arg>5</arg>
<tag>PageContent</tag>
<tag>Wait</tag>
<doc>Waits for the element found by ``selector`` to satisfy state option.</doc>
<msg timestamp="20210503 16:07:36.121" level="INFO">Wait for Element with selector: css=h1 &gt;&gt; text=Novo aluno</msg>
<status status="PASS" starttime="20210503 16:07:36.107" endtime="20210503 16:07:36.121"/>
</kw>
<status status="PASS" starttime="20210503 16:07:36.024" endtime="20210503 16:07:36.122"/>
</kw>
<kw name="Field Should Be Type" library="components">
<arg>${element}</arg>
<arg>${type}</arg>
<kw name="Get Attribute" library="Browser">
<var>${attr}</var>
<arg>${element}</arg>
<arg>type</arg>
<tag>Assertion</tag>
<tag>Getter</tag>
<tag>PageContent</tag>
<doc>Returns the HTML ``attribute`` of the element found by ``selector``.</doc>
<msg timestamp="20210503 16:07:36.160" level="INFO">${attr} = email</msg>
<status status="PASS" starttime="20210503 16:07:36.124" endtime="20210503 16:07:36.160"/>
</kw>
<kw name="Should Be Equal" library="BuiltIn">
<arg>${attr}</arg>
<arg>${type}</arg>
<doc>Fails if the given objects are unequal.</doc>
<status status="PASS" starttime="20210503 16:07:36.160" endtime="20210503 16:07:36.161"/>
</kw>
<status status="PASS" starttime="20210503 16:07:36.122" endtime="20210503 16:07:36.162"/>
</kw>
<status status="PASS" starttime="20210503 16:07:35.924" endtime="20210503 16:07:36.162"/>
</kw>
<tag>temp</tag>
<status status="PASS" starttime="20210503 16:07:35.912" endtime="20210503 16:07:36.163"/>
</test>
<doc>Cadastro de alunos</doc>
<status status="PASS" starttime="20210503 16:07:29.925" endtime="20210503 16:07:36.172"/>
</suite>
<statistics>
<total>
<stat pass="2" fail="0" skip="0">All Tests</stat>
</total>
<tag>
<stat pass="2" fail="0" skip="0">temp</stat>
</tag>
<suite>
<stat pass="2" fail="0" skip="0" id="s1" name="Cadastro Alunos">Cadastro Alunos</stat>
</suite>
</statistics>
<errors>
</errors>
</robot>
