<?xml version="1.0" encoding="UTF-8"?>
<robot generator="Robot 4.0 (Python 3.8.5 on linux)" generated="20210515 12:41:31.065" rpa="false" schemaversion="2">
<suite id="s1" name="Remove" source="/home/edson/workspace/courses/qa_ninja/robot_framework/bodytest/tests/plans/remove.robot">
<test id="s1-t1" name="Cenario: Remover plano cadastrado">
<kw name="Start Admin Session" library="base" type="SETUP">
<kw name="Start Browser Session" library="base">
<kw name="New Browser" library="Browser">
<arg>chromium</arg>
<arg>false</arg>
<tag>BrowserControl</tag>
<tag>Setter</tag>
<doc>Create a new playwright Browser with specified options.
See `Browser, Context and Page` for more information about Browser and related concepts.</doc>
<msg timestamp="20210515 12:41:32.015" level="INFO">{"browser": "chromium", "headless": false, "handleSIGINT": true, "handleSIGTERM": true, "handleSIGHUP": true, "timeout": 30000.0, "devtools": false, "slowMo": 0.0}</msg>
<msg timestamp="20210515 12:41:32.508" level="INFO">Successfully created browser with options: {"browser":"chromium","headless":false,"handleSIGINT":true,"handleSIGTERM":true,"handleSIGHUP":true,"timeout":30000,"devtools":false,"slowMo":0}</msg>
<status status="PASS" starttime="20210515 12:41:32.015" endtime="20210515 12:41:32.508"/>
</kw>
<kw name="New Page" library="Browser">
<arg>about:blank</arg>
<tag>BrowserControl</tag>
<tag>Setter</tag>
<doc>Open a new Page. A Page is the Playwright equivalent to a tab.
See `Browser, Context and Page` for more information about Page concept.
Returns a stable identifier for the created page.</doc>
<msg timestamp="20210515 12:41:32.888" level="INFO">Successfully initialized new page object and opened url: about:blank</msg>
<status status="PASS" starttime="20210515 12:41:32.509" endtime="20210515 12:41:32.889"/>
</kw>
<status status="PASS" starttime="20210515 12:41:32.014" endtime="20210515 12:41:32.889"/>
</kw>
<kw name="Go To Login Pages" library="auth">
<kw name="Go To" library="Browser">
<arg>https://theotokus-bodytest-web.herokuapp.com/</arg>
<tag>BrowserControl</tag>
<tag>Setter</tag>
<doc>Navigates to the given ``url``.</doc>
<msg timestamp="20210515 12:41:34.820" level="INFO">Succesfully opened URL https://theotokus-bodytest-web.herokuapp.com/</msg>
<status status="PASS" starttime="20210515 12:41:32.891" endtime="20210515 12:41:34.821"/>
</kw>
<status status="PASS" starttime="20210515 12:41:32.890" endtime="20210515 12:41:34.821"/>
</kw>
<kw name="Login With" library="auth">
<arg>admin@bodytest.com</arg>
<arg>pwd123</arg>
<kw name="Fill Text" library="Browser">
<arg>css=input[name=email]</arg>
<arg>${email}</arg>
<tag>PageContent</tag>
<tag>Setter</tag>
<doc>Clears and fills the given ``text`` into the text field found by ``selector``.</doc>
<msg timestamp="20210515 12:41:34.823" level="INFO">Fills the text 'admin@bodytest.com' in the given field.</msg>
<status status="PASS" starttime="20210515 12:41:34.822" endtime="20210515 12:41:34.917"/>
</kw>
<kw name="Fill Text" library="Browser">
<arg>css=input[name=password]</arg>
<arg>${pass}</arg>
<tag>PageContent</tag>
<tag>Setter</tag>
<doc>Clears and fills the given ``text`` into the text field found by ``selector``.</doc>
<msg timestamp="20210515 12:41:34.918" level="INFO">Fills the text 'pwd123' in the given field.</msg>
<status status="PASS" starttime="20210515 12:41:34.918" endtime="20210515 12:41:34.954"/>
</kw>
<kw name="Click" library="Browser">
<arg>text=Entrar</arg>
<tag>PageContent</tag>
<tag>Setter</tag>
<doc>Simulates mouse click on the element found by ``selector``.</doc>
<status status="PASS" starttime="20210515 12:41:34.955" endtime="20210515 12:41:35.040"/>
</kw>
<status status="PASS" starttime="20210515 12:41:34.821" endtime="20210515 12:41:35.040"/>
</kw>
<kw name="User Should Be Logged In" library="nav">
<arg>Administrador</arg>
<kw name="Get Text" library="Browser">
<arg>css=aside strong</arg>
<arg>should be</arg>
<arg>${user_name}</arg>
<tag>Assertion</tag>
<tag>Getter</tag>
<tag>PageContent</tag>
<doc>Returns text attribute of the element found by ``selector``.
See the `Finding elements` section for details about the selectors.</doc>
<status status="PASS" starttime="20210515 12:41:35.041" endtime="20210515 12:41:35.816"/>
</kw>
<status status="PASS" starttime="20210515 12:41:35.040" endtime="20210515 12:41:35.816"/>
</kw>
<status status="PASS" starttime="20210515 12:41:32.013" endtime="20210515 12:41:35.817"/>
</kw>
<kw name="Create Dictionary" library="BuiltIn">
<var>&amp;{plan}</var>
<arg>title=Plano Gama</arg>
<arg>duration=6</arg>
<arg>price=10</arg>
<doc>Creates and returns a dictionary based on the given ``items``.</doc>
<msg timestamp="20210515 12:41:35.819" level="INFO">&amp;{plan} = { title=Plano Gama | duration=6 | price=10 }</msg>
<status status="PASS" starttime="20210515 12:41:35.818" endtime="20210515 12:41:35.820"/>
</kw>
<kw name="Insert Plan" library="DeloreanLibrary">
<arg>${plan}</arg>
<msg timestamp="20210515 12:41:35.821" level="INFO">delete from plans where title = 'Plano Gama'</msg>
<msg timestamp="20210515 12:41:36.922" level="INFO">insert into plans(title, duration, price, created_at, updated_at)values('Plano Gama',6,10, NOW(), NOW());</msg>
<status status="PASS" starttime="20210515 12:41:35.820" endtime="20210515 12:41:38.016"/>
</kw>
<kw name="Go To Plans" library="nav">
<kw name="Click" library="Browser">
<arg>css=a[href$=planos]</arg>
<tag>PageContent</tag>
<tag>Setter</tag>
<doc>Simulates mouse click on the element found by ``selector``.</doc>
<status status="PASS" starttime="20210515 12:41:38.017" endtime="20210515 12:41:38.153"/>
</kw>
<kw name="Wait For Elements State" library="Browser">
<arg>css=h1 &gt;&gt; text=Gestão de Planos</arg>
<arg>visible</arg>
<arg>5</arg>
<tag>PageContent</tag>
<tag>Wait</tag>
<doc>Waits for the element found by ``selector`` to satisfy state option.</doc>
<msg timestamp="20210515 12:41:38.180" level="INFO">Wait for Element with selector: css=h1 &gt;&gt; text=Gestão de Planos</msg>
<status status="PASS" starttime="20210515 12:41:38.153" endtime="20210515 12:41:38.180"/>
</kw>
<status status="PASS" starttime="20210515 12:41:38.016" endtime="20210515 12:41:38.181"/>
</kw>
<kw name="Search Plan By Title" library="plans">
<arg>${plan.title}</arg>
<kw name="Fill Text" library="Browser">
<arg>css=input[placeholder="Buscar plano"]</arg>
<arg>${title}</arg>
<tag>PageContent</tag>
<tag>Setter</tag>
<doc>Clears and fills the given ``text`` into the text field found by ``selector``.</doc>
<msg timestamp="20210515 12:41:38.184" level="INFO">Fills the text 'Plano Gama' in the given field.</msg>
<status status="PASS" starttime="20210515 12:41:38.183" endtime="20210515 12:41:38.225"/>
</kw>
<status status="PASS" starttime="20210515 12:41:38.181" endtime="20210515 12:41:38.226"/>
</kw>
<kw name="Request Removal By Title">
<arg>${plan.title}</arg>
<kw name="Click" library="Browser">
<arg>xpath=//td[contains(text(),"${title}")]/../td/button[@id="trash"]</arg>
<tag>PageContent</tag>
<tag>Setter</tag>
<doc>Simulates mouse click on the element found by ``selector``.</doc>
<status status="PASS" starttime="20210515 12:41:38.229" endtime="20210515 12:41:38.609"/>
</kw>
<status status="PASS" starttime="20210515 12:41:38.226" endtime="20210515 12:41:38.610"/>
</kw>
<kw name="Confirm Removal">
<kw name="Click" library="Browser">
<arg>text=SIM, pode apagar!</arg>
<tag>PageContent</tag>
<tag>Setter</tag>
<doc>Simulates mouse click on the element found by ``selector``.</doc>
<status status="PASS" starttime="20210515 12:41:38.616" endtime="20210515 12:41:38.971"/>
</kw>
<status status="PASS" starttime="20210515 12:41:38.615" endtime="20210515 12:41:38.971"/>
</kw>
<kw name="Toaster Text Should Be" library="components">
<arg>Plano removido com sucesso</arg>
<kw name="Wait For Elements State" library="Browser">
<arg>css=.Toastify__toast-body &gt;&gt; text=${expect_text}</arg>
<arg>visible</arg>
<arg>5</arg>
<tag>PageContent</tag>
<tag>Wait</tag>
<doc>Waits for the element found by ``selector`` to satisfy state option.</doc>
<msg timestamp="20210515 12:41:39.360" level="INFO">Wait for Element with selector: css=.Toastify__toast-body &gt;&gt; text=Plano removido com sucesso</msg>
<status status="PASS" starttime="20210515 12:41:38.972" endtime="20210515 12:41:39.361"/>
</kw>
<status status="PASS" starttime="20210515 12:41:38.972" endtime="20210515 12:41:39.362"/>
</kw>
<kw name="Plan Should Not Visible">
<arg>${plan.title}</arg>
<kw name="Wait For Elements State" library="Browser">
<arg>xpath=//td[contains(text(),"${title}")]</arg>
<arg>detached</arg>
<arg>5</arg>
<tag>PageContent</tag>
<tag>Wait</tag>
<doc>Waits for the element found by ``selector`` to satisfy state option.</doc>
<msg timestamp="20210515 12:41:39.383" level="INFO">Wait for Element with selector: xpath=//td[contains(text(),"Plano Gama")]</msg>
<status status="PASS" starttime="20210515 12:41:39.365" endtime="20210515 12:41:39.383"/>
</kw>
<status status="PASS" starttime="20210515 12:41:39.362" endtime="20210515 12:41:39.384"/>
</kw>
<kw name="Thinking And Take Screenshot" library="base" type="TEARDOWN">
<arg>2</arg>
<kw name="Sleep" library="BuiltIn">
<arg>${timeout}</arg>
<doc>Pauses the test executed for the given time.</doc>
<msg timestamp="20210515 12:41:41.386" level="INFO">Slept 2 seconds</msg>
<status status="PASS" starttime="20210515 12:41:39.385" endtime="20210515 12:41:41.386"/>
</kw>
<kw name="Take Screenshot" library="Browser">
<tag>PageContent</tag>
<doc>Takes a screenshot of the current window and saves it to ``path``. Saves it as a png.</doc>
<msg timestamp="20210515 12:41:41.651" level="INFO" html="true">&lt;/td&gt;&lt;/tr&gt;&lt;tr&gt;&lt;td colspan="3"&gt;&lt;a href="browser/screenshot/robotframework-browser-screenshot-1.png"&gt;&lt;img src="browser/screenshot/robotframework-browser-screenshot-1.png" width="800px"&gt;&lt;/a&gt;</msg>
<status status="PASS" starttime="20210515 12:41:41.387" endtime="20210515 12:41:41.651"/>
</kw>
<status status="PASS" starttime="20210515 12:41:39.384" endtime="20210515 12:41:41.652"/>
</kw>
<tag>remove</tag>
<status status="PASS" starttime="20210515 12:41:32.007" endtime="20210515 12:41:41.656"/>
</test>
<doc>Remoção de planos</doc>
<status status="PASS" starttime="20210515 12:41:31.067" endtime="20210515 12:41:41.797"/>
</suite>
<statistics>
<total>
<stat pass="1" fail="0" skip="0">All Tests</stat>
</total>
<tag>
<stat pass="1" fail="0" skip="0">remove</stat>
</tag>
<suite>
<stat pass="1" fail="0" skip="0" id="s1" name="Remove">Remove</stat>
</suite>
</statistics>
<errors>
</errors>
</robot>
