<?xml version="1.0" encoding="UTF-8"?>
<robot generator="Robot 4.0 (Python 3.8.5 on linux)" generated="20210429 11:09:56.420" rpa="false" schemaversion="2">
<suite id="s1" name="Cadastro Alunos" source="/home/edson/workspace/courses/qa_ninja/robot_framework/bodytest/tests/cadastro_alunos.robot">
<kw name="Start Admin Session" library="base" type="SETUP">
<kw name="Start Browser Session" library="base">
<kw name="New Browser" library="Browser">
<arg>chromium</arg>
<arg>true</arg>
<tag>BrowserControl</tag>
<tag>Setter</tag>
<doc>Create a new playwright Browser with specified options.
See `Browser, Context and Page` for more information about Browser and related concepts.</doc>
<msg timestamp="20210429 11:09:57.192" level="INFO">{"browser": "chromium", "headless": true, "handleSIGINT": true, "handleSIGTERM": true, "handleSIGHUP": true, "timeout": 30000.0, "devtools": false, "slowMo": 0.0}</msg>
<msg timestamp="20210429 11:09:57.362" level="INFO">Successfully created browser with options: {"browser":"chromium","headless":true,"handleSIGINT":true,"handleSIGTERM":true,"handleSIGHUP":true,"timeout":30000,"devtools":false,"slowMo":0}</msg>
<status status="PASS" starttime="20210429 11:09:57.192" endtime="20210429 11:09:57.362"/>
</kw>
<kw name="New Page" library="Browser">
<arg>about:blank</arg>
<tag>BrowserControl</tag>
<tag>Setter</tag>
<doc>Open a new Page. A Page is the Playwright equivalent to a tab.
See `Browser, Context and Page` for more information about Page concept.
Returns a stable identifier for the created page.</doc>
<msg timestamp="20210429 11:09:57.456" level="INFO">Successfully initialized new page object and opened url: about:blank</msg>
<status status="PASS" starttime="20210429 11:09:57.362" endtime="20210429 11:09:57.456"/>
</kw>
<status status="PASS" starttime="20210429 11:09:57.191" endtime="20210429 11:09:57.456"/>
</kw>
<kw name="Go To Login Pages" library="auth">
<kw name="Go To" library="Browser">
<arg>https://theotokus-bodytest-web.herokuapp.com/</arg>
<tag>BrowserControl</tag>
<tag>Setter</tag>
<doc>Navigates to the given ``url``.</doc>
<msg timestamp="20210429 11:10:00.338" level="INFO">Succesfully opened URL https://theotokus-bodytest-web.herokuapp.com/</msg>
<status status="PASS" starttime="20210429 11:09:57.457" endtime="20210429 11:10:00.339"/>
</kw>
<status status="PASS" starttime="20210429 11:09:57.456" endtime="20210429 11:10:00.339"/>
</kw>
<kw name="Login With" library="auth">
<arg>admin@bodytest.com</arg>
<arg>pwd123</arg>
<kw name="Fill Text" library="Browser">
<arg>css=input[name=email]</arg>
<arg>${email}</arg>
<tag>PageContent</tag>
<tag>Setter</tag>
<doc>Clears and fills the given ``text`` into the text field found by ``selector``.</doc>
<msg timestamp="20210429 11:10:00.341" level="INFO">Fills the text 'admin@bodytest.com' in the given field.</msg>
<status status="PASS" starttime="20210429 11:10:00.340" endtime="20210429 11:10:00.417"/>
</kw>
<kw name="Fill Text" library="Browser">
<arg>css=input[name=password]</arg>
<arg>${pass}</arg>
<tag>PageContent</tag>
<tag>Setter</tag>
<doc>Clears and fills the given ``text`` into the text field found by ``selector``.</doc>
<msg timestamp="20210429 11:10:00.418" level="INFO">Fills the text 'pwd123' in the given field.</msg>
<status status="PASS" starttime="20210429 11:10:00.417" endtime="20210429 11:10:00.448"/>
</kw>
<kw name="Click" library="Browser">
<arg>text=Entrar</arg>
<tag>PageContent</tag>
<tag>Setter</tag>
<doc>Simulates mouse click on the element found by ``selector``.</doc>
<status status="PASS" starttime="20210429 11:10:00.448" endtime="20210429 11:10:00.536"/>
</kw>
<status status="PASS" starttime="20210429 11:10:00.339" endtime="20210429 11:10:00.537"/>
</kw>
<kw name="User Should Be Logged In" library="nav">
<arg>Administrador</arg>
<kw name="Get Text" library="Browser">
<arg>css=aside strong</arg>
<arg>should be</arg>
<arg>${user_name}</arg>
<tag>Assertion</tag>
<tag>Getter</tag>
<tag>PageContent</tag>
<doc>Returns text attribute of the element found by ``selector``.
See the `Finding elements` section for details about the selectors.</doc>
<status status="PASS" starttime="20210429 11:10:00.538" endtime="20210429 11:10:01.553"/>
</kw>
<status status="PASS" starttime="20210429 11:10:00.537" endtime="20210429 11:10:01.553"/>
</kw>
<status status="PASS" starttime="20210429 11:09:57.190" endtime="20210429 11:10:01.553"/>
</kw>
<test id="s1-t1" name="Novo aluno">
<kw name="Remove Student" library="DeloreanLibrary">
<arg>edson@theotokus.com</arg>
<msg timestamp="20210429 11:10:01.565" level="INFO">delete from students where email = 'edson@theotokus.com'</msg>
<status status="PASS" starttime="20210429 11:10:01.564" endtime="20210429 11:10:02.675"/>
</kw>
<kw name="Go to Students" library="nav">
<kw name="Click" library="Browser">
<arg>css=a[href$=alunos]</arg>
<tag>PageContent</tag>
<tag>Setter</tag>
<doc>Simulates mouse click on the element found by ``selector``.</doc>
<status status="PASS" starttime="20210429 11:10:02.677" endtime="20210429 11:10:02.769"/>
</kw>
<kw name="Wait For Elements State" library="Browser">
<arg>css=h1 &gt;&gt; text=Gestão de Alunos</arg>
<arg>visible</arg>
<arg>5</arg>
<tag>PageContent</tag>
<tag>Wait</tag>
<doc>Waits for the element found by ``selector`` to satisfy state option.</doc>
<msg timestamp="20210429 11:10:02.785" level="INFO">Wait for Element with selector: css=h1 &gt;&gt; text=Gestão de Alunos</msg>
<status status="PASS" starttime="20210429 11:10:02.769" endtime="20210429 11:10:02.786"/>
</kw>
<status status="PASS" starttime="20210429 11:10:02.675" endtime="20210429 11:10:02.786"/>
</kw>
<kw name="Go to Form Student" library="students">
<kw name="Click" library="Browser">
<arg>css=a[href$="alunos/new"]</arg>
<tag>PageContent</tag>
<tag>Setter</tag>
<doc>Simulates mouse click on the element found by ``selector``.</doc>
<status status="PASS" starttime="20210429 11:10:02.787" endtime="20210429 11:10:02.881"/>
</kw>
<kw name="Wait For Elements State" library="Browser">
<arg>css=h1 &gt;&gt; text=Novo aluno</arg>
<arg>visible</arg>
<arg>5</arg>
<tag>PageContent</tag>
<tag>Wait</tag>
<doc>Waits for the element found by ``selector`` to satisfy state option.</doc>
<msg timestamp="20210429 11:10:02.897" level="INFO">Wait for Element with selector: css=h1 &gt;&gt; text=Novo aluno</msg>
<status status="PASS" starttime="20210429 11:10:02.881" endtime="20210429 11:10:02.897"/>
</kw>
<status status="PASS" starttime="20210429 11:10:02.787" endtime="20210429 11:10:02.898"/>
</kw>
<kw name="New Student" library="students">
<arg>Edson José dos Santos</arg>
<arg>edson@theotokus.com</arg>
<arg>39</arg>
<arg>81</arg>
<arg>1.82</arg>
<kw name="Fill Text" library="Browser">
<arg>css=input[name=name]</arg>
<arg>${name}</arg>
<tag>PageContent</tag>
<tag>Setter</tag>
<doc>Clears and fills the given ``text`` into the text field found by ``selector``.</doc>
<msg timestamp="20210429 11:10:02.900" level="INFO">Fills the text 'Edson José dos Santos' in the given field.</msg>
<status status="PASS" starttime="20210429 11:10:02.899" endtime="20210429 11:10:02.934"/>
</kw>
<kw name="Fill Text" library="Browser">
<arg>css=input[name=email]</arg>
<arg>${email}</arg>
<tag>PageContent</tag>
<tag>Setter</tag>
<doc>Clears and fills the given ``text`` into the text field found by ``selector``.</doc>
<msg timestamp="20210429 11:10:02.935" level="INFO">Fills the text 'edson@theotokus.com' in the given field.</msg>
<status status="PASS" starttime="20210429 11:10:02.934" endtime="20210429 11:10:02.967"/>
</kw>
<kw name="Fill Text" library="Browser">
<arg>css=input[name=age]</arg>
<arg>${age}</arg>
<tag>PageContent</tag>
<tag>Setter</tag>
<doc>Clears and fills the given ``text`` into the text field found by ``selector``.</doc>
<msg timestamp="20210429 11:10:02.968" level="INFO">Fills the text '39' in the given field.</msg>
<status status="PASS" starttime="20210429 11:10:02.967" endtime="20210429 11:10:03.000"/>
</kw>
<kw name="Fill Text" library="Browser">
<arg>css=input[name=weight]</arg>
<arg>${weight}</arg>
<tag>PageContent</tag>
<tag>Setter</tag>
<doc>Clears and fills the given ``text`` into the text field found by ``selector``.</doc>
<msg timestamp="20210429 11:10:03.001" level="INFO">Fills the text '81' in the given field.</msg>
<status status="PASS" starttime="20210429 11:10:03.001" endtime="20210429 11:10:03.030"/>
</kw>
<kw name="Fill Text" library="Browser">
<arg>css=input[name=feet_tall]</arg>
<arg>${feet_tall}</arg>
<tag>PageContent</tag>
<tag>Setter</tag>
<doc>Clears and fills the given ``text`` into the text field found by ``selector``.</doc>
<msg timestamp="20210429 11:10:03.031" level="INFO">Fills the text '1.82' in the given field.</msg>
<status status="PASS" starttime="20210429 11:10:03.030" endtime="20210429 11:10:03.058"/>
</kw>
<kw name="Click" library="Browser">
<arg>css=button[form$=Student]</arg>
<tag>PageContent</tag>
<tag>Setter</tag>
<doc>Simulates mouse click on the element found by ``selector``.</doc>
<status status="PASS" starttime="20210429 11:10:03.059" endtime="20210429 11:10:03.123"/>
</kw>
<status status="PASS" starttime="20210429 11:10:02.898" endtime="20210429 11:10:03.123"/>
</kw>
<kw name="Toaster Text Should Be" library="components">
<arg>Aluno cadastrado com sucesso.</arg>
<kw name="Wait For Elements State" library="Browser">
<arg>css=.Toastify__toast-body &gt;&gt; text=${expect_text}</arg>
<arg>visible</arg>
<arg>5</arg>
<tag>PageContent</tag>
<tag>Wait</tag>
<doc>Waits for the element found by ``selector`` to satisfy state option.</doc>
<msg timestamp="20210429 11:10:04.497" level="INFO">Wait for Element with selector: css=.Toastify__toast-body &gt;&gt; text=Aluno cadastrado com sucesso.</msg>
<status status="PASS" starttime="20210429 11:10:03.125" endtime="20210429 11:10:04.497"/>
</kw>
<status status="PASS" starttime="20210429 11:10:03.124" endtime="20210429 11:10:04.497"/>
</kw>
<kw name="Thinking And Take Screenshot" library="base" type="TEARDOWN">
<arg>2</arg>
<kw name="Sleep" library="BuiltIn">
<arg>${timeout}</arg>
<doc>Pauses the test executed for the given time.</doc>
<msg timestamp="20210429 11:10:06.500" level="INFO">Slept 2 seconds</msg>
<status status="PASS" starttime="20210429 11:10:04.499" endtime="20210429 11:10:06.500"/>
</kw>
<kw name="Take Screenshot" library="Browser">
<tag>PageContent</tag>
<doc>Takes a screenshot of the current window and saves it to ``path``. Saves it as a png.</doc>
<msg timestamp="20210429 11:10:06.640" level="INFO" html="true">&lt;/td&gt;&lt;/tr&gt;&lt;tr&gt;&lt;td colspan="3"&gt;&lt;a href="browser/screenshot/robotframework-browser-screenshot-1.png"&gt;&lt;img src="browser/screenshot/robotframework-browser-screenshot-1.png" width="800px"&gt;&lt;/a&gt;</msg>
<status status="PASS" starttime="20210429 11:10:06.500" endtime="20210429 11:10:06.640"/>
</kw>
<status status="PASS" starttime="20210429 11:10:04.498" endtime="20210429 11:10:06.640"/>
</kw>
<status status="PASS" starttime="20210429 11:10:01.554" endtime="20210429 11:10:06.641"/>
</test>
<doc>Cadastro de alunos</doc>
<status status="PASS" starttime="20210429 11:09:56.422" endtime="20210429 11:10:06.649"/>
</suite>
<statistics>
<total>
<stat pass="1" fail="0" skip="0">All Tests</stat>
</total>
<tag>
</tag>
<suite>
<stat pass="1" fail="0" skip="0" id="s1" name="Cadastro Alunos">Cadastro Alunos</stat>
</suite>
</statistics>
<errors>
</errors>
</robot>
