<?xml version="1.0" encoding="UTF-8"?>
<robot generator="Robot 4.0 (Python 3.8.5 on linux)" generated="20210512 11:20:28.857" rpa="false" schemaversion="2">
<suite id="s1" name="Create" source="/home/edson/workspace/courses/qa_ninja/robot_framework/bodytest/tests/plans/create.robot">
<kw name="Start Admin Session" library="base" type="SETUP">
<kw name="Start Browser Session" library="base">
<kw name="New Browser" library="Browser">
<arg>chromium</arg>
<arg>false</arg>
<tag>BrowserControl</tag>
<tag>Setter</tag>
<doc>Create a new playwright Browser with specified options.
See `Browser, Context and Page` for more information about Browser and related concepts.</doc>
<msg timestamp="20210512 11:20:29.662" level="INFO">{"browser": "chromium", "headless": false, "handleSIGINT": true, "handleSIGTERM": true, "handleSIGHUP": true, "timeout": 30000.0, "devtools": false, "slowMo": 0.0}</msg>
<msg timestamp="20210512 11:20:30.100" level="INFO">Successfully created browser with options: {"browser":"chromium","headless":false,"handleSIGINT":true,"handleSIGTERM":true,"handleSIGHUP":true,"timeout":30000,"devtools":false,"slowMo":0}</msg>
<status status="PASS" starttime="20210512 11:20:29.662" endtime="20210512 11:20:30.100"/>
</kw>
<kw name="New Page" library="Browser">
<arg>about:blank</arg>
<tag>BrowserControl</tag>
<tag>Setter</tag>
<doc>Open a new Page. A Page is the Playwright equivalent to a tab.
See `Browser, Context and Page` for more information about Page concept.
Returns a stable identifier for the created page.</doc>
<msg timestamp="20210512 11:20:30.489" level="INFO">Successfully initialized new page object and opened url: about:blank</msg>
<status status="PASS" starttime="20210512 11:20:30.101" endtime="20210512 11:20:30.494"/>
</kw>
<status status="PASS" starttime="20210512 11:20:29.661" endtime="20210512 11:20:30.494"/>
</kw>
<kw name="Go To Login Pages" library="auth">
<kw name="Go To" library="Browser">
<arg>https://theotokus-bodytest-web.herokuapp.com/</arg>
<tag>BrowserControl</tag>
<tag>Setter</tag>
<doc>Navigates to the given ``url``.</doc>
<msg timestamp="20210512 11:20:32.453" level="INFO">Succesfully opened URL https://theotokus-bodytest-web.herokuapp.com/</msg>
<status status="PASS" starttime="20210512 11:20:30.495" endtime="20210512 11:20:32.454"/>
</kw>
<status status="PASS" starttime="20210512 11:20:30.495" endtime="20210512 11:20:32.454"/>
</kw>
<kw name="Login With" library="auth">
<arg>admin@bodytest.com</arg>
<arg>pwd123</arg>
<kw name="Fill Text" library="Browser">
<arg>css=input[name=email]</arg>
<arg>${email}</arg>
<tag>PageContent</tag>
<tag>Setter</tag>
<doc>Clears and fills the given ``text`` into the text field found by ``selector``.</doc>
<msg timestamp="20210512 11:20:32.456" level="INFO">Fills the text 'admin@bodytest.com' in the given field.</msg>
<status status="PASS" starttime="20210512 11:20:32.455" endtime="20210512 11:20:32.532"/>
</kw>
<kw name="Fill Text" library="Browser">
<arg>css=input[name=password]</arg>
<arg>${pass}</arg>
<tag>PageContent</tag>
<tag>Setter</tag>
<doc>Clears and fills the given ``text`` into the text field found by ``selector``.</doc>
<msg timestamp="20210512 11:20:32.533" level="INFO">Fills the text 'pwd123' in the given field.</msg>
<status status="PASS" starttime="20210512 11:20:32.532" endtime="20210512 11:20:32.569"/>
</kw>
<kw name="Click" library="Browser">
<arg>text=Entrar</arg>
<tag>PageContent</tag>
<tag>Setter</tag>
<doc>Simulates mouse click on the element found by ``selector``.</doc>
<status status="PASS" starttime="20210512 11:20:32.569" endtime="20210512 11:20:32.656"/>
</kw>
<status status="PASS" starttime="20210512 11:20:32.454" endtime="20210512 11:20:32.657"/>
</kw>
<kw name="User Should Be Logged In" library="nav">
<arg>Administrador</arg>
<kw name="Get Text" library="Browser">
<arg>css=aside strong</arg>
<arg>should be</arg>
<arg>${user_name}</arg>
<tag>Assertion</tag>
<tag>Getter</tag>
<tag>PageContent</tag>
<doc>Returns text attribute of the element found by ``selector``.
See the `Finding elements` section for details about the selectors.</doc>
<status status="PASS" starttime="20210512 11:20:32.658" endtime="20210512 11:20:33.655"/>
</kw>
<status status="PASS" starttime="20210512 11:20:32.657" endtime="20210512 11:20:33.655"/>
</kw>
<status status="PASS" starttime="20210512 11:20:29.660" endtime="20210512 11:20:33.655"/>
</kw>
<test id="s1-t1" name="Cenario: Novo Plano">
<kw name="Create Dictionary" library="BuiltIn">
<var>&amp;{plan}</var>
<arg>title=Edson Teste</arg>
<arg>duration=12</arg>
<arg>price=19,99</arg>
<arg>total=R$ 239,88</arg>
<doc>Creates and returns a dictionary based on the given ``items``.</doc>
<msg timestamp="20210512 11:20:33.668" level="INFO">&amp;{plan} = { title=Edson Teste | duration=12 | price=19,99 | total=R$ 239,88 }</msg>
<status status="PASS" starttime="20210512 11:20:33.667" endtime="20210512 11:20:33.668"/>
</kw>
<kw name="Go To Plans" library="nav">
<kw name="Click" library="Browser">
<arg>css=a[href$=planos]</arg>
<tag>PageContent</tag>
<tag>Setter</tag>
<doc>Simulates mouse click on the element found by ``selector``.</doc>
<status status="PASS" starttime="20210512 11:20:33.670" endtime="20210512 11:20:33.780"/>
</kw>
<kw name="Wait For Elements State" library="Browser">
<arg>css=h1 &gt;&gt; text=Gestão de Planos</arg>
<arg>visible</arg>
<arg>5</arg>
<tag>PageContent</tag>
<tag>Wait</tag>
<doc>Waits for the element found by ``selector`` to satisfy state option.</doc>
<msg timestamp="20210512 11:20:33.800" level="INFO">Wait for Element with selector: css=h1 &gt;&gt; text=Gestão de Planos</msg>
<status status="PASS" starttime="20210512 11:20:33.781" endtime="20210512 11:20:33.801"/>
</kw>
<status status="PASS" starttime="20210512 11:20:33.669" endtime="20210512 11:20:33.801"/>
</kw>
<kw name="Go To Form Plan" library="plans">
<kw name="Click" library="Browser">
<arg>css=a[href$="planos/new"]</arg>
<tag>PageContent</tag>
<tag>Setter</tag>
<doc>Simulates mouse click on the element found by ``selector``.</doc>
<status status="PASS" starttime="20210512 11:20:33.803" endtime="20210512 11:20:33.920"/>
</kw>
<kw name="Wait For Elements State" library="Browser">
<arg>css=h1 &gt;&gt; text=Novo plano</arg>
<arg>visible</arg>
<arg>5</arg>
<tag>PageContent</tag>
<tag>Wait</tag>
<doc>Waits for the element found by ``selector`` to satisfy state option.</doc>
<msg timestamp="20210512 11:20:33.936" level="INFO">Wait for Element with selector: css=h1 &gt;&gt; text=Novo plano</msg>
<status status="PASS" starttime="20210512 11:20:33.921" endtime="20210512 11:20:33.936"/>
</kw>
<status status="PASS" starttime="20210512 11:20:33.802" endtime="20210512 11:20:33.937"/>
</kw>
<kw name="Fill Plan Forms" library="plans">
<arg>${plan}</arg>
<kw name="Fill Text" library="Browser">
<arg>${TITLE_FIELD}</arg>
<arg>${plan.title}</arg>
<tag>PageContent</tag>
<tag>Setter</tag>
<doc>Clears and fills the given ``text`` into the text field found by ``selector``.</doc>
<msg timestamp="20210512 11:20:33.941" level="INFO">Fills the text 'Edson Teste' in the given field.</msg>
<status status="PASS" starttime="20210512 11:20:33.939" endtime="20210512 11:20:33.993"/>
</kw>
<kw name="Fill Text" library="Browser">
<arg>${DURATION_FIELD}</arg>
<arg>${plan.duration}</arg>
<tag>PageContent</tag>
<tag>Setter</tag>
<doc>Clears and fills the given ``text`` into the text field found by ``selector``.</doc>
<msg timestamp="20210512 11:20:33.995" level="INFO">Fills the text '12' in the given field.</msg>
<status status="PASS" starttime="20210512 11:20:33.993" endtime="20210512 11:20:34.033"/>
</kw>
<kw name="Fill Text" library="Browser">
<arg>${PRICE_FIELD}</arg>
<arg>${plan.price}</arg>
<tag>PageContent</tag>
<tag>Setter</tag>
<doc>Clears and fills the given ``text`` into the text field found by ``selector``.</doc>
<msg timestamp="20210512 11:20:34.037" level="INFO">Fills the text '19,99' in the given field.</msg>
<status status="PASS" starttime="20210512 11:20:34.034" endtime="20210512 11:20:34.102"/>
</kw>
<status status="PASS" starttime="20210512 11:20:33.937" endtime="20210512 11:20:34.103"/>
</kw>
<kw name="Submit Plan Form" library="plans">
<kw name="Click" library="Browser">
<arg>xpath=//button[contains(text(), "Salvar")]</arg>
<tag>PageContent</tag>
<tag>Setter</tag>
<doc>Simulates mouse click on the element found by ``selector``.</doc>
<status status="PASS" starttime="20210512 11:20:34.104" endtime="20210512 11:20:34.197"/>
</kw>
<status status="PASS" starttime="20210512 11:20:34.103" endtime="20210512 11:20:34.197"/>
</kw>
<kw name="Toaster Text Should Be" library="components">
<arg>Plano cadastrado com sucesso</arg>
<kw name="Wait For Elements State" library="Browser">
<arg>css=.Toastify__toast-body &gt;&gt; text=${expect_text}</arg>
<arg>visible</arg>
<arg>5</arg>
<tag>PageContent</tag>
<tag>Wait</tag>
<doc>Waits for the element found by ``selector`` to satisfy state option.</doc>
<msg timestamp="20210512 11:20:34.585" level="INFO">Wait for Element with selector: css=.Toastify__toast-body &gt;&gt; text=Plano cadastrado com sucesso</msg>
<status status="PASS" starttime="20210512 11:20:34.199" endtime="20210512 11:20:34.586"/>
</kw>
<status status="PASS" starttime="20210512 11:20:34.199" endtime="20210512 11:20:34.586"/>
</kw>
<kw name="Thinking And Take Screenshot" library="base" type="TEARDOWN">
<arg>2</arg>
<kw name="Sleep" library="BuiltIn">
<arg>${timeout}</arg>
<doc>Pauses the test executed for the given time.</doc>
<msg timestamp="20210512 11:20:36.589" level="INFO">Slept 2 seconds</msg>
<status status="PASS" starttime="20210512 11:20:34.588" endtime="20210512 11:20:36.589"/>
</kw>
<kw name="Take Screenshot" library="Browser">
<tag>PageContent</tag>
<doc>Takes a screenshot of the current window and saves it to ``path``. Saves it as a png.</doc>
<msg timestamp="20210512 11:20:36.778" level="INFO" html="true">&lt;/td&gt;&lt;/tr&gt;&lt;tr&gt;&lt;td colspan="3"&gt;&lt;a href="browser/screenshot/robotframework-browser-screenshot-1.png"&gt;&lt;img src="browser/screenshot/robotframework-browser-screenshot-1.png" width="800px"&gt;&lt;/a&gt;</msg>
<status status="PASS" starttime="20210512 11:20:36.590" endtime="20210512 11:20:36.778"/>
</kw>
<status status="PASS" starttime="20210512 11:20:34.587" endtime="20210512 11:20:36.779"/>
</kw>
<tag>temp</tag>
<status status="PASS" starttime="20210512 11:20:33.656" endtime="20210512 11:20:36.779"/>
</test>
<doc>Cadastro de Planos</doc>
<status status="PASS" starttime="20210512 11:20:28.858" endtime="20210512 11:20:36.790"/>
</suite>
<statistics>
<total>
<stat pass="1" fail="0" skip="0">All Tests</stat>
</total>
<tag>
<stat pass="1" fail="0" skip="0">temp</stat>
</tag>
<suite>
<stat pass="1" fail="0" skip="0" id="s1" name="Create">Create</stat>
</suite>
</statistics>
<errors>
</errors>
</robot>
