<?xml version="1.0" encoding="UTF-8"?>
<robot generator="Robot 4.0 (Python 3.8.5 on linux)" generated="20210517 12:52:22.848" rpa="false" schemaversion="2">
<suite id="s1" name="Tests" source="/home/edson/workspace/courses/qa_ninja/robot_framework/bodytest/tests">
<suite id="s1-s1" name="Login" source="/home/edson/workspace/courses/qa_ninja/robot_framework/bodytest/tests/login">
<suite id="s1-s1-s1" name="Login" source="/home/edson/workspace/courses/qa_ninja/robot_framework/bodytest/tests/login/login.robot">
<kw name="Start Browser Session" library="base" type="SETUP">
<kw name="New Browser" library="Browser">
<arg>chromium</arg>
<arg>true</arg>
<tag>BrowserControl</tag>
<tag>Setter</tag>
<doc>Create a new playwright Browser with specified options.
See `Browser, Context and Page` for more information about Browser and related concepts.</doc>
<msg timestamp="20210517 12:52:23.751" level="INFO">{"browser": "chromium", "headless": true, "handleSIGINT": true, "handleSIGTERM": true, "handleSIGHUP": true, "timeout": 30000.0, "devtools": false, "slowMo": 0.0}</msg>
<msg timestamp="20210517 12:52:23.930" level="INFO">Successfully created browser with options: {"browser":"chromium","headless":true,"handleSIGINT":true,"handleSIGTERM":true,"handleSIGHUP":true,"timeout":30000,"devtools":false,"slowMo":0}</msg>
<status status="PASS" starttime="20210517 12:52:23.750" endtime="20210517 12:52:23.930"/>
</kw>
<kw name="New Page" library="Browser">
<arg>about:blank</arg>
<tag>BrowserControl</tag>
<tag>Setter</tag>
<doc>Open a new Page. A Page is the Playwright equivalent to a tab.
See `Browser, Context and Page` for more information about Page concept.
Returns a stable identifier for the created page.</doc>
<msg timestamp="20210517 12:52:24.035" level="INFO">Successfully initialized new page object and opened url: about:blank</msg>
<status status="PASS" starttime="20210517 12:52:23.931" endtime="20210517 12:52:24.036"/>
</kw>
<status status="PASS" starttime="20210517 12:52:23.749" endtime="20210517 12:52:24.037"/>
</kw>
<test id="s1-s1-s1-t1" name="Cenario: Login do Administrador">
<kw name="Go To Login Pages" library="auth">
<kw name="Go To" library="Browser">
<arg>https://theotokus-bodytest-web.herokuapp.com/</arg>
<tag>BrowserControl</tag>
<tag>Setter</tag>
<doc>Navigates to the given ``url``.</doc>
<msg timestamp="20210517 12:52:26.224" level="INFO">Succesfully opened URL https://theotokus-bodytest-web.herokuapp.com/</msg>
<status status="PASS" starttime="20210517 12:52:24.056" endtime="20210517 12:52:26.224"/>
</kw>
<status status="PASS" starttime="20210517 12:52:24.055" endtime="20210517 12:52:26.225"/>
</kw>
<kw name="Login With" library="auth">
<arg>admin@bodytest.com</arg>
<arg>pwd123</arg>
<kw name="Fill Text" library="Browser">
<arg>css=input[name=email]</arg>
<arg>${email}</arg>
<tag>PageContent</tag>
<tag>Setter</tag>
<doc>Clears and fills the given ``text`` into the text field found by ``selector``.</doc>
<msg timestamp="20210517 12:52:26.227" level="INFO">Fills the text 'admin@bodytest.com' in the given field.</msg>
<status status="PASS" starttime="20210517 12:52:26.227" endtime="20210517 12:52:26.307"/>
</kw>
<kw name="Fill Text" library="Browser">
<arg>css=input[name=password]</arg>
<arg>${pass}</arg>
<tag>PageContent</tag>
<tag>Setter</tag>
<doc>Clears and fills the given ``text`` into the text field found by ``selector``.</doc>
<msg timestamp="20210517 12:52:26.308" level="INFO">Fills the text 'pwd123' in the given field.</msg>
<status status="PASS" starttime="20210517 12:52:26.307" endtime="20210517 12:52:26.339"/>
</kw>
<kw name="Click" library="Browser">
<arg>text=Entrar</arg>
<tag>PageContent</tag>
<tag>Setter</tag>
<doc>Simulates mouse click on the element found by ``selector``.</doc>
<status status="PASS" starttime="20210517 12:52:26.339" endtime="20210517 12:52:26.417"/>
</kw>
<status status="PASS" starttime="20210517 12:52:26.225" endtime="20210517 12:52:26.417"/>
</kw>
<kw name="User Should Be Logged In" library="nav">
<arg>Administrador</arg>
<kw name="Get Text" library="Browser">
<arg>css=aside strong</arg>
<arg>should be</arg>
<arg>${user_name}</arg>
<tag>Assertion</tag>
<tag>Getter</tag>
<tag>PageContent</tag>
<doc>Returns text attribute of the element found by ``selector``.
See the `Finding elements` section for details about the selectors.</doc>
<status status="PASS" starttime="20210517 12:52:26.419" endtime="20210517 12:52:28.420"/>
</kw>
<status status="PASS" starttime="20210517 12:52:26.418" endtime="20210517 12:52:28.420"/>
</kw>
<kw name="Clean Local Storage And Take Screenshot" library="base" type="TEARDOWN">
<kw name="Take Screenshot" library="Browser">
<tag>PageContent</tag>
<doc>Takes a screenshot of the current window and saves it to ``path``. Saves it as a png.</doc>
<msg timestamp="20210517 12:52:28.556" level="INFO" html="true">&lt;/td&gt;&lt;/tr&gt;&lt;tr&gt;&lt;td colspan="3"&gt;&lt;a href="browser/screenshot/robotframework-browser-screenshot-1.png"&gt;&lt;img src="browser/screenshot/robotframework-browser-screenshot-1.png" width="800px"&gt;&lt;/a&gt;</msg>
<status status="PASS" starttime="20210517 12:52:28.422" endtime="20210517 12:52:28.556"/>
</kw>
<kw name="LocalStorage Clear" library="Browser">
<tag>PageContent</tag>
<tag>Setter</tag>
<doc>Remove all saved data from the local storage.</doc>
<msg timestamp="20210517 12:52:28.566" level="INFO"/>
<status status="PASS" starttime="20210517 12:52:28.556" endtime="20210517 12:52:28.567"/>
</kw>
<status status="PASS" starttime="20210517 12:52:28.421" endtime="20210517 12:52:28.567"/>
</kw>
<status status="PASS" starttime="20210517 12:52:24.037" endtime="20210517 12:52:28.567"/>
</test>
<test id="s1-s1-s1-t2" name="Cenario: Senha incorreta">
<kw name="Go To Login Pages" library="auth">
<kw name="Go To" library="Browser">
<arg>https://theotokus-bodytest-web.herokuapp.com/</arg>
<tag>BrowserControl</tag>
<tag>Setter</tag>
<doc>Navigates to the given ``url``.</doc>
<msg timestamp="20210517 12:52:29.115" level="INFO">Succesfully opened URL https://theotokus-bodytest-web.herokuapp.com/</msg>
<status status="PASS" starttime="20210517 12:52:28.588" endtime="20210517 12:52:29.115"/>
</kw>
<status status="PASS" starttime="20210517 12:52:28.587" endtime="20210517 12:52:29.116"/>
</kw>
<kw name="Login With" library="auth">
<arg>admin@bodytest.com</arg>
<arg>abc123</arg>
<kw name="Fill Text" library="Browser">
<arg>css=input[name=email]</arg>
<arg>${email}</arg>
<tag>PageContent</tag>
<tag>Setter</tag>
<doc>Clears and fills the given ``text`` into the text field found by ``selector``.</doc>
<msg timestamp="20210517 12:52:29.117" level="INFO">Fills the text 'admin@bodytest.com' in the given field.</msg>
<status status="PASS" starttime="20210517 12:52:29.117" endtime="20210517 12:52:29.159"/>
</kw>
<kw name="Fill Text" library="Browser">
<arg>css=input[name=password]</arg>
<arg>${pass}</arg>
<tag>PageContent</tag>
<tag>Setter</tag>
<doc>Clears and fills the given ``text`` into the text field found by ``selector``.</doc>
<msg timestamp="20210517 12:52:29.160" level="INFO">Fills the text 'abc123' in the given field.</msg>
<status status="PASS" starttime="20210517 12:52:29.159" endtime="20210517 12:52:29.189"/>
</kw>
<kw name="Click" library="Browser">
<arg>text=Entrar</arg>
<tag>PageContent</tag>
<tag>Setter</tag>
<doc>Simulates mouse click on the element found by ``selector``.</doc>
<status status="PASS" starttime="20210517 12:52:29.189" endtime="20210517 12:52:29.260"/>
</kw>
<status status="PASS" starttime="20210517 12:52:29.116" endtime="20210517 12:52:29.260"/>
</kw>
<kw name="Toaster Text Should Be" library="components">
<arg>Usuário e/ou senha inválidos.</arg>
<kw name="Wait For Elements State" library="Browser">
<arg>css=.Toastify__toast-body &gt;&gt; text=${expect_text}</arg>
<arg>visible</arg>
<arg>5</arg>
<tag>PageContent</tag>
<tag>Wait</tag>
<doc>Waits for the element found by ``selector`` to satisfy state option.</doc>
<msg timestamp="20210517 12:52:29.543" level="INFO">Wait for Element with selector: css=.Toastify__toast-body &gt;&gt; text=Usuário e/ou senha inválidos.</msg>
<status status="PASS" starttime="20210517 12:52:29.261" endtime="20210517 12:52:29.543"/>
</kw>
<status status="PASS" starttime="20210517 12:52:29.261" endtime="20210517 12:52:29.544"/>
</kw>
<kw name="Thinking And Take Screenshot" library="base" type="TEARDOWN">
<arg>2</arg>
<kw name="Sleep" library="BuiltIn">
<arg>${timeout}</arg>
<doc>Pauses the test executed for the given time.</doc>
<msg timestamp="20210517 12:52:31.547" level="INFO">Slept 2 seconds</msg>
<status status="PASS" starttime="20210517 12:52:29.546" endtime="20210517 12:52:31.548"/>
</kw>
<kw name="Take Screenshot" library="Browser">
<tag>PageContent</tag>
<doc>Takes a screenshot of the current window and saves it to ``path``. Saves it as a png.</doc>
<msg timestamp="20210517 12:52:31.680" level="INFO" html="true">&lt;/td&gt;&lt;/tr&gt;&lt;tr&gt;&lt;td colspan="3"&gt;&lt;a href="browser/screenshot/robotframework-browser-screenshot-2.png"&gt;&lt;img src="browser/screenshot/robotframework-browser-screenshot-2.png" width="800px"&gt;&lt;/a&gt;</msg>
<status status="PASS" starttime="20210517 12:52:31.548" endtime="20210517 12:52:31.680"/>
</kw>
<status status="PASS" starttime="20210517 12:52:29.544" endtime="20210517 12:52:31.680"/>
</kw>
<status status="PASS" starttime="20210517 12:52:28.579" endtime="20210517 12:52:31.681"/>
</test>
<test id="s1-s1-s1-t3" name="Cenario: Email não cadastrado">
<kw name="Go To Login Pages" library="auth">
<kw name="Go To" library="Browser">
<arg>https://theotokus-bodytest-web.herokuapp.com/</arg>
<tag>BrowserControl</tag>
<tag>Setter</tag>
<doc>Navigates to the given ``url``.</doc>
<msg timestamp="20210517 12:52:32.195" level="INFO">Succesfully opened URL https://theotokus-bodytest-web.herokuapp.com/</msg>
<status status="PASS" starttime="20210517 12:52:31.700" endtime="20210517 12:52:32.196"/>
</kw>
<status status="PASS" starttime="20210517 12:52:31.699" endtime="20210517 12:52:32.196"/>
</kw>
<kw name="Login With" library="auth">
<arg>edson@gmail.com</arg>
<arg>abc123</arg>
<kw name="Fill Text" library="Browser">
<arg>css=input[name=email]</arg>
<arg>${email}</arg>
<tag>PageContent</tag>
<tag>Setter</tag>
<doc>Clears and fills the given ``text`` into the text field found by ``selector``.</doc>
<msg timestamp="20210517 12:52:32.199" level="INFO">Fills the text 'edson@gmail.com' in the given field.</msg>
<status status="PASS" starttime="20210517 12:52:32.198" endtime="20210517 12:52:32.244"/>
</kw>
<kw name="Fill Text" library="Browser">
<arg>css=input[name=password]</arg>
<arg>${pass}</arg>
<tag>PageContent</tag>
<tag>Setter</tag>
<doc>Clears and fills the given ``text`` into the text field found by ``selector``.</doc>
<msg timestamp="20210517 12:52:32.245" level="INFO">Fills the text 'abc123' in the given field.</msg>
<status status="PASS" starttime="20210517 12:52:32.245" endtime="20210517 12:52:32.269"/>
</kw>
<kw name="Click" library="Browser">
<arg>text=Entrar</arg>
<tag>PageContent</tag>
<tag>Setter</tag>
<doc>Simulates mouse click on the element found by ``selector``.</doc>
<status status="PASS" starttime="20210517 12:52:32.269" endtime="20210517 12:52:32.332"/>
</kw>
<status status="PASS" starttime="20210517 12:52:32.197" endtime="20210517 12:52:32.333"/>
</kw>
<kw name="Toaster Text Should Be" library="components">
<arg>Usuário e/ou senha inválidos.</arg>
<kw name="Wait For Elements State" library="Browser">
<arg>css=.Toastify__toast-body &gt;&gt; text=${expect_text}</arg>
<arg>visible</arg>
<arg>5</arg>
<tag>PageContent</tag>
<tag>Wait</tag>
<doc>Waits for the element found by ``selector`` to satisfy state option.</doc>
<msg timestamp="20210517 12:52:32.632" level="INFO">Wait for Element with selector: css=.Toastify__toast-body &gt;&gt; text=Usuário e/ou senha inválidos.</msg>
<status status="PASS" starttime="20210517 12:52:32.334" endtime="20210517 12:52:32.632"/>
</kw>
<status status="PASS" starttime="20210517 12:52:32.333" endtime="20210517 12:52:32.633"/>
</kw>
<kw name="Thinking And Take Screenshot" library="base" type="TEARDOWN">
<arg>2</arg>
<kw name="Sleep" library="BuiltIn">
<arg>${timeout}</arg>
<doc>Pauses the test executed for the given time.</doc>
<msg timestamp="20210517 12:52:34.636" level="INFO">Slept 2 seconds</msg>
<status status="PASS" starttime="20210517 12:52:32.635" endtime="20210517 12:52:34.637"/>
</kw>
<kw name="Take Screenshot" library="Browser">
<tag>PageContent</tag>
<doc>Takes a screenshot of the current window and saves it to ``path``. Saves it as a png.</doc>
<msg timestamp="20210517 12:52:34.765" level="INFO" html="true">&lt;/td&gt;&lt;/tr&gt;&lt;tr&gt;&lt;td colspan="3"&gt;&lt;a href="browser/screenshot/robotframework-browser-screenshot-3.png"&gt;&lt;img src="browser/screenshot/robotframework-browser-screenshot-3.png" width="800px"&gt;&lt;/a&gt;</msg>
<status status="PASS" starttime="20210517 12:52:34.637" endtime="20210517 12:52:34.765"/>
</kw>
<status status="PASS" starttime="20210517 12:52:32.634" endtime="20210517 12:52:34.766"/>
</kw>
<status status="PASS" starttime="20210517 12:52:31.688" endtime="20210517 12:52:34.766"/>
</test>
<test id="s1-s1-s1-t4" name="Cenario: Email incorreto">
<kw name="Go To Login Pages" library="auth">
<kw name="Go To" library="Browser">
<arg>https://theotokus-bodytest-web.herokuapp.com/</arg>
<tag>BrowserControl</tag>
<tag>Setter</tag>
<doc>Navigates to the given ``url``.</doc>
<msg timestamp="20210517 12:52:35.392" level="INFO">Succesfully opened URL https://theotokus-bodytest-web.herokuapp.com/</msg>
<status status="PASS" starttime="20210517 12:52:34.784" endtime="20210517 12:52:35.393"/>
</kw>
<status status="PASS" starttime="20210517 12:52:34.783" endtime="20210517 12:52:35.393"/>
</kw>
<kw name="Login With" library="auth">
<arg>admin&amp;bodytest.com</arg>
<arg>abc123</arg>
<kw name="Fill Text" library="Browser">
<arg>css=input[name=email]</arg>
<arg>${email}</arg>
<tag>PageContent</tag>
<tag>Setter</tag>
<doc>Clears and fills the given ``text`` into the text field found by ``selector``.</doc>
<msg timestamp="20210517 12:52:35.396" level="INFO">Fills the text 'admin&amp;bodytest.com' in the given field.</msg>
<status status="PASS" starttime="20210517 12:52:35.395" endtime="20210517 12:52:35.438"/>
</kw>
<kw name="Fill Text" library="Browser">
<arg>css=input[name=password]</arg>
<arg>${pass}</arg>
<tag>PageContent</tag>
<tag>Setter</tag>
<doc>Clears and fills the given ``text`` into the text field found by ``selector``.</doc>
<msg timestamp="20210517 12:52:35.439" level="INFO">Fills the text 'abc123' in the given field.</msg>
<status status="PASS" starttime="20210517 12:52:35.439" endtime="20210517 12:52:35.467"/>
</kw>
<kw name="Click" library="Browser">
<arg>text=Entrar</arg>
<tag>PageContent</tag>
<tag>Setter</tag>
<doc>Simulates mouse click on the element found by ``selector``.</doc>
<status status="PASS" starttime="20210517 12:52:35.467" endtime="20210517 12:52:35.553"/>
</kw>
<status status="PASS" starttime="20210517 12:52:35.394" endtime="20210517 12:52:35.553"/>
</kw>
<kw name="Alert Text Should Be" library="components">
<arg>Informe um e-mail válido</arg>
<kw name="Wait For Elements State" library="Browser">
<arg>css=form span &gt;&gt; text=${expect_text}</arg>
<arg>visible</arg>
<arg>5</arg>
<tag>PageContent</tag>
<tag>Wait</tag>
<doc>Waits for the element found by ``selector`` to satisfy state option.</doc>
<msg timestamp="20210517 12:52:35.579" level="INFO">Wait for Element with selector: css=form span &gt;&gt; text=Informe um e-mail válido</msg>
<status status="PASS" starttime="20210517 12:52:35.555" endtime="20210517 12:52:35.579"/>
</kw>
<status status="PASS" starttime="20210517 12:52:35.554" endtime="20210517 12:52:35.579"/>
</kw>
<kw name="Take Screenshot" library="Browser" type="TEARDOWN">
<tag>PageContent</tag>
<doc>Takes a screenshot of the current window and saves it to ``path``. Saves it as a png.</doc>
<msg timestamp="20210517 12:52:35.738" level="INFO" html="true">&lt;/td&gt;&lt;/tr&gt;&lt;tr&gt;&lt;td colspan="3"&gt;&lt;a href="browser/screenshot/robotframework-browser-screenshot-4.png"&gt;&lt;img src="browser/screenshot/robotframework-browser-screenshot-4.png" width="800px"&gt;&lt;/a&gt;</msg>
<status status="PASS" starttime="20210517 12:52:35.580" endtime="20210517 12:52:35.738"/>
</kw>
<status status="PASS" starttime="20210517 12:52:34.775" endtime="20210517 12:52:35.739"/>
</test>
<test id="s1-s1-s1-t5" name="Cenario: Senha não informada">
<kw name="Go To Login Pages" library="auth">
<kw name="Go To" library="Browser">
<arg>https://theotokus-bodytest-web.herokuapp.com/</arg>
<tag>BrowserControl</tag>
<tag>Setter</tag>
<doc>Navigates to the given ``url``.</doc>
<msg timestamp="20210517 12:52:36.285" level="INFO">Succesfully opened URL https://theotokus-bodytest-web.herokuapp.com/</msg>
<status status="PASS" starttime="20210517 12:52:35.755" endtime="20210517 12:52:36.286"/>
</kw>
<status status="PASS" starttime="20210517 12:52:35.754" endtime="20210517 12:52:36.286"/>
</kw>
<kw name="Login With" library="auth">
<arg>admin@bodytest.com</arg>
<arg>${EMPTY}</arg>
<kw name="Fill Text" library="Browser">
<arg>css=input[name=email]</arg>
<arg>${email}</arg>
<tag>PageContent</tag>
<tag>Setter</tag>
<doc>Clears and fills the given ``text`` into the text field found by ``selector``.</doc>
<msg timestamp="20210517 12:52:36.290" level="INFO">Fills the text 'admin@bodytest.com' in the given field.</msg>
<status status="PASS" starttime="20210517 12:52:36.289" endtime="20210517 12:52:36.332"/>
</kw>
<kw name="Fill Text" library="Browser">
<arg>css=input[name=password]</arg>
<arg>${pass}</arg>
<tag>PageContent</tag>
<tag>Setter</tag>
<doc>Clears and fills the given ``text`` into the text field found by ``selector``.</doc>
<msg timestamp="20210517 12:52:36.333" level="INFO">Fills the text '' in the given field.</msg>
<status status="PASS" starttime="20210517 12:52:36.333" endtime="20210517 12:52:36.362"/>
</kw>
<kw name="Click" library="Browser">
<arg>text=Entrar</arg>
<tag>PageContent</tag>
<tag>Setter</tag>
<doc>Simulates mouse click on the element found by ``selector``.</doc>
<status status="PASS" starttime="20210517 12:52:36.363" endtime="20210517 12:52:36.433"/>
</kw>
<status status="PASS" starttime="20210517 12:52:36.287" endtime="20210517 12:52:36.433"/>
</kw>
<kw name="Alert Text Should Be" library="components">
<arg>A senha é obrigatória</arg>
<kw name="Wait For Elements State" library="Browser">
<arg>css=form span &gt;&gt; text=${expect_text}</arg>
<arg>visible</arg>
<arg>5</arg>
<tag>PageContent</tag>
<tag>Wait</tag>
<doc>Waits for the element found by ``selector`` to satisfy state option.</doc>
<msg timestamp="20210517 12:52:36.451" level="INFO">Wait for Element with selector: css=form span &gt;&gt; text=A senha é obrigatória</msg>
<status status="PASS" starttime="20210517 12:52:36.435" endtime="20210517 12:52:36.451"/>
</kw>
<status status="PASS" starttime="20210517 12:52:36.434" endtime="20210517 12:52:36.451"/>
</kw>
<kw name="Take Screenshot" library="Browser" type="TEARDOWN">
<tag>PageContent</tag>
<doc>Takes a screenshot of the current window and saves it to ``path``. Saves it as a png.</doc>
<msg timestamp="20210517 12:52:36.612" level="INFO" html="true">&lt;/td&gt;&lt;/tr&gt;&lt;tr&gt;&lt;td colspan="3"&gt;&lt;a href="browser/screenshot/robotframework-browser-screenshot-5.png"&gt;&lt;img src="browser/screenshot/robotframework-browser-screenshot-5.png" width="800px"&gt;&lt;/a&gt;</msg>
<status status="PASS" starttime="20210517 12:52:36.452" endtime="20210517 12:52:36.612"/>
</kw>
<status status="PASS" starttime="20210517 12:52:35.746" endtime="20210517 12:52:36.613"/>
</test>
<test id="s1-s1-s1-t6" name="Cenario: Email não informado">
<kw name="Go To Login Pages" library="auth">
<kw name="Go To" library="Browser">
<arg>https://theotokus-bodytest-web.herokuapp.com/</arg>
<tag>BrowserControl</tag>
<tag>Setter</tag>
<doc>Navigates to the given ``url``.</doc>
<msg timestamp="20210517 12:52:37.162" level="INFO">Succesfully opened URL https://theotokus-bodytest-web.herokuapp.com/</msg>
<status status="PASS" starttime="20210517 12:52:36.628" endtime="20210517 12:52:37.163"/>
</kw>
<status status="PASS" starttime="20210517 12:52:36.627" endtime="20210517 12:52:37.163"/>
</kw>
<kw name="Login With" library="auth">
<arg>${EMPTY}</arg>
<arg>pwd123</arg>
<kw name="Fill Text" library="Browser">
<arg>css=input[name=email]</arg>
<arg>${email}</arg>
<tag>PageContent</tag>
<tag>Setter</tag>
<doc>Clears and fills the given ``text`` into the text field found by ``selector``.</doc>
<msg timestamp="20210517 12:52:37.168" level="INFO">Fills the text '' in the given field.</msg>
<status status="PASS" starttime="20210517 12:52:37.167" endtime="20210517 12:52:37.212"/>
</kw>
<kw name="Fill Text" library="Browser">
<arg>css=input[name=password]</arg>
<arg>${pass}</arg>
<tag>PageContent</tag>
<tag>Setter</tag>
<doc>Clears and fills the given ``text`` into the text field found by ``selector``.</doc>
<msg timestamp="20210517 12:52:37.212" level="INFO">Fills the text 'pwd123' in the given field.</msg>
<status status="PASS" starttime="20210517 12:52:37.212" endtime="20210517 12:52:37.236"/>
</kw>
<kw name="Click" library="Browser">
<arg>text=Entrar</arg>
<tag>PageContent</tag>
<tag>Setter</tag>
<doc>Simulates mouse click on the element found by ``selector``.</doc>
<status status="PASS" starttime="20210517 12:52:37.236" endtime="20210517 12:52:37.303"/>
</kw>
<status status="PASS" starttime="20210517 12:52:37.164" endtime="20210517 12:52:37.304"/>
</kw>
<kw name="Alert Text Should Be" library="components">
<arg>O e-mail é obrigatório</arg>
<kw name="Wait For Elements State" library="Browser">
<arg>css=form span &gt;&gt; text=${expect_text}</arg>
<arg>visible</arg>
<arg>5</arg>
<tag>PageContent</tag>
<tag>Wait</tag>
<doc>Waits for the element found by ``selector`` to satisfy state option.</doc>
<msg timestamp="20210517 12:52:37.336" level="INFO">Wait for Element with selector: css=form span &gt;&gt; text=O e-mail é obrigatório</msg>
<status status="PASS" starttime="20210517 12:52:37.305" endtime="20210517 12:52:37.336"/>
</kw>
<status status="PASS" starttime="20210517 12:52:37.304" endtime="20210517 12:52:37.337"/>
</kw>
<kw name="Take Screenshot" library="Browser" type="TEARDOWN">
<tag>PageContent</tag>
<doc>Takes a screenshot of the current window and saves it to ``path``. Saves it as a png.</doc>
<msg timestamp="20210517 12:52:37.498" level="INFO" html="true">&lt;/td&gt;&lt;/tr&gt;&lt;tr&gt;&lt;td colspan="3"&gt;&lt;a href="browser/screenshot/robotframework-browser-screenshot-6.png"&gt;&lt;img src="browser/screenshot/robotframework-browser-screenshot-6.png" width="800px"&gt;&lt;/a&gt;</msg>
<status status="PASS" starttime="20210517 12:52:37.337" endtime="20210517 12:52:37.498"/>
</kw>
<status status="PASS" starttime="20210517 12:52:36.620" endtime="20210517 12:52:37.498"/>
</test>
<test id="s1-s1-s1-t7" name="Cenario: Email e Senha não informados">
<kw name="Go To Login Pages" library="auth">
<kw name="Go To" library="Browser">
<arg>https://theotokus-bodytest-web.herokuapp.com/</arg>
<tag>BrowserControl</tag>
<tag>Setter</tag>
<doc>Navigates to the given ``url``.</doc>
<msg timestamp="20210517 12:52:38.007" level="INFO">Succesfully opened URL https://theotokus-bodytest-web.herokuapp.com/</msg>
<status status="PASS" starttime="20210517 12:52:37.514" endtime="20210517 12:52:38.007"/>
</kw>
<status status="PASS" starttime="20210517 12:52:37.513" endtime="20210517 12:52:38.008"/>
</kw>
<kw name="Login With" library="auth">
<arg>${EMPTY}</arg>
<arg>${EMPTY}</arg>
<kw name="Fill Text" library="Browser">
<arg>css=input[name=email]</arg>
<arg>${email}</arg>
<tag>PageContent</tag>
<tag>Setter</tag>
<doc>Clears and fills the given ``text`` into the text field found by ``selector``.</doc>
<msg timestamp="20210517 12:52:38.013" level="INFO">Fills the text '' in the given field.</msg>
<status status="PASS" starttime="20210517 12:52:38.012" endtime="20210517 12:52:38.065"/>
</kw>
<kw name="Fill Text" library="Browser">
<arg>css=input[name=password]</arg>
<arg>${pass}</arg>
<tag>PageContent</tag>
<tag>Setter</tag>
<doc>Clears and fills the given ``text`` into the text field found by ``selector``.</doc>
<msg timestamp="20210517 12:52:38.066" level="INFO">Fills the text '' in the given field.</msg>
<status status="PASS" starttime="20210517 12:52:38.066" endtime="20210517 12:52:38.096"/>
</kw>
<kw name="Click" library="Browser">
<arg>text=Entrar</arg>
<tag>PageContent</tag>
<tag>Setter</tag>
<doc>Simulates mouse click on the element found by ``selector``.</doc>
<status status="PASS" starttime="20210517 12:52:38.096" endtime="20210517 12:52:38.143"/>
</kw>
<status status="PASS" starttime="20210517 12:52:38.008" endtime="20210517 12:52:38.143"/>
</kw>
<kw name="Alert Text Should Be" library="components">
<arg>O e-mail é obrigatório</arg>
<kw name="Wait For Elements State" library="Browser">
<arg>css=form span &gt;&gt; text=${expect_text}</arg>
<arg>visible</arg>
<arg>5</arg>
<tag>PageContent</tag>
<tag>Wait</tag>
<doc>Waits for the element found by ``selector`` to satisfy state option.</doc>
<msg timestamp="20210517 12:52:38.174" level="INFO">Wait for Element with selector: css=form span &gt;&gt; text=O e-mail é obrigatório</msg>
<status status="PASS" starttime="20210517 12:52:38.144" endtime="20210517 12:52:38.174"/>
</kw>
<status status="PASS" starttime="20210517 12:52:38.144" endtime="20210517 12:52:38.175"/>
</kw>
<kw name="Alert Text Should Be" library="components">
<arg>A senha é obrigatória</arg>
<kw name="Wait For Elements State" library="Browser">
<arg>css=form span &gt;&gt; text=${expect_text}</arg>
<arg>visible</arg>
<arg>5</arg>
<tag>PageContent</tag>
<tag>Wait</tag>
<doc>Waits for the element found by ``selector`` to satisfy state option.</doc>
<msg timestamp="20210517 12:52:38.193" level="INFO">Wait for Element with selector: css=form span &gt;&gt; text=A senha é obrigatória</msg>
<status status="PASS" starttime="20210517 12:52:38.176" endtime="20210517 12:52:38.194"/>
</kw>
<status status="PASS" starttime="20210517 12:52:38.175" endtime="20210517 12:52:38.194"/>
</kw>
<kw name="Take Screenshot" library="Browser" type="TEARDOWN">
<tag>PageContent</tag>
<doc>Takes a screenshot of the current window and saves it to ``path``. Saves it as a png.</doc>
<msg timestamp="20210517 12:52:38.333" level="INFO" html="true">&lt;/td&gt;&lt;/tr&gt;&lt;tr&gt;&lt;td colspan="3"&gt;&lt;a href="browser/screenshot/robotframework-browser-screenshot-7.png"&gt;&lt;img src="browser/screenshot/robotframework-browser-screenshot-7.png" width="800px"&gt;&lt;/a&gt;</msg>
<status status="PASS" starttime="20210517 12:52:38.195" endtime="20210517 12:52:38.333"/>
</kw>
<status status="PASS" starttime="20210517 12:52:37.506" endtime="20210517 12:52:38.333"/>
</test>
<doc>Suite de testes de Login do Administrador</doc>
<status status="PASS" starttime="20210517 12:52:22.882" endtime="20210517 12:52:38.342"/>
</suite>
<status status="PASS" starttime="20210517 12:52:22.879" endtime="20210517 12:52:38.391"/>
</suite>
<suite id="s1-s2" name="Plans" source="/home/edson/workspace/courses/qa_ninja/robot_framework/bodytest/tests/plans">
<suite id="s1-s2-s1" name="Create" source="/home/edson/workspace/courses/qa_ninja/robot_framework/bodytest/tests/plans/create.robot">
<kw name="Start Admin Session" library="base" type="SETUP">
<kw name="Start Browser Session" library="base">
<kw name="New Browser" library="Browser">
<arg>chromium</arg>
<arg>true</arg>
<tag>BrowserControl</tag>
<tag>Setter</tag>
<doc>Create a new playwright Browser with specified options.
See `Browser, Context and Page` for more information about Browser and related concepts.</doc>
<msg timestamp="20210517 12:52:38.421" level="INFO">{"browser": "chromium", "headless": true, "handleSIGINT": true, "handleSIGTERM": true, "handleSIGHUP": true, "timeout": 30000.0, "devtools": false, "slowMo": 0.0}</msg>
<msg timestamp="20210517 12:52:38.602" level="INFO">Successfully created browser with options: {"browser":"chromium","headless":true,"handleSIGINT":true,"handleSIGTERM":true,"handleSIGHUP":true,"timeout":30000,"devtools":false,"slowMo":0}</msg>
<status status="PASS" starttime="20210517 12:52:38.419" endtime="20210517 12:52:38.603"/>
</kw>
<kw name="New Page" library="Browser">
<arg>about:blank</arg>
<tag>BrowserControl</tag>
<tag>Setter</tag>
<doc>Open a new Page. A Page is the Playwright equivalent to a tab.
See `Browser, Context and Page` for more information about Page concept.
Returns a stable identifier for the created page.</doc>
<msg timestamp="20210517 12:52:38.724" level="INFO">Successfully initialized new page object and opened url: about:blank</msg>
<status status="PASS" starttime="20210517 12:52:38.603" endtime="20210517 12:52:38.724"/>
</kw>
<status status="PASS" starttime="20210517 12:52:38.418" endtime="20210517 12:52:38.725"/>
</kw>
<kw name="Go To Login Pages" library="auth">
<kw name="Go To" library="Browser">
<arg>https://theotokus-bodytest-web.herokuapp.com/</arg>
<tag>BrowserControl</tag>
<tag>Setter</tag>
<doc>Navigates to the given ``url``.</doc>
<msg timestamp="20210517 12:52:40.569" level="INFO">Succesfully opened URL https://theotokus-bodytest-web.herokuapp.com/</msg>
<status status="PASS" starttime="20210517 12:52:38.726" endtime="20210517 12:52:40.569"/>
</kw>
<status status="PASS" starttime="20210517 12:52:38.725" endtime="20210517 12:52:40.569"/>
</kw>
<kw name="Login With" library="auth">
<arg>admin@bodytest.com</arg>
<arg>pwd123</arg>
<kw name="Fill Text" library="Browser">
<arg>css=input[name=email]</arg>
<arg>${email}</arg>
<tag>PageContent</tag>
<tag>Setter</tag>
<doc>Clears and fills the given ``text`` into the text field found by ``selector``.</doc>
<msg timestamp="20210517 12:52:40.572" level="INFO">Fills the text 'admin@bodytest.com' in the given field.</msg>
<status status="PASS" starttime="20210517 12:52:40.571" endtime="20210517 12:52:40.631"/>
</kw>
<kw name="Fill Text" library="Browser">
<arg>css=input[name=password]</arg>
<arg>${pass}</arg>
<tag>PageContent</tag>
<tag>Setter</tag>
<doc>Clears and fills the given ``text`` into the text field found by ``selector``.</doc>
<msg timestamp="20210517 12:52:40.632" level="INFO">Fills the text 'pwd123' in the given field.</msg>
<status status="PASS" starttime="20210517 12:52:40.631" endtime="20210517 12:52:40.660"/>
</kw>
<kw name="Click" library="Browser">
<arg>text=Entrar</arg>
<tag>PageContent</tag>
<tag>Setter</tag>
<doc>Simulates mouse click on the element found by ``selector``.</doc>
<status status="PASS" starttime="20210517 12:52:40.660" endtime="20210517 12:52:40.745"/>
</kw>
<status status="PASS" starttime="20210517 12:52:40.570" endtime="20210517 12:52:40.745"/>
</kw>
<kw name="User Should Be Logged In" library="nav">
<arg>Administrador</arg>
<kw name="Get Text" library="Browser">
<arg>css=aside strong</arg>
<arg>should be</arg>
<arg>${user_name}</arg>
<tag>Assertion</tag>
<tag>Getter</tag>
<tag>PageContent</tag>
<doc>Returns text attribute of the element found by ``selector``.
See the `Finding elements` section for details about the selectors.</doc>
<status status="PASS" starttime="20210517 12:52:40.747" endtime="20210517 12:52:41.736"/>
</kw>
<status status="PASS" starttime="20210517 12:52:40.746" endtime="20210517 12:52:41.737"/>
</kw>
<status status="PASS" starttime="20210517 12:52:38.418" endtime="20210517 12:52:41.737"/>
</kw>
<test id="s1-s2-s1-t1" name="Cenario: Calcular Preço Total do Plano">
<kw name="Create Dictionary" library="BuiltIn">
<var>&amp;{plan}</var>
<arg>title=Plano Alfa</arg>
<arg>duration=12</arg>
<arg>price=19,99</arg>
<arg>total=R$ 239,88</arg>
<doc>Creates and returns a dictionary based on the given ``items``.</doc>
<msg timestamp="20210517 12:52:41.759" level="INFO">&amp;{plan} = { title=Plano Alfa | duration=12 | price=19,99 | total=R$ 239,88 }</msg>
<status status="PASS" starttime="20210517 12:52:41.758" endtime="20210517 12:52:41.760"/>
</kw>
<kw name="Go To Plans" library="nav">
<kw name="Click" library="Browser">
<arg>css=a[href$=planos]</arg>
<tag>PageContent</tag>
<tag>Setter</tag>
<doc>Simulates mouse click on the element found by ``selector``.</doc>
<status status="PASS" starttime="20210517 12:52:41.761" endtime="20210517 12:52:41.868"/>
</kw>
<kw name="Wait For Elements State" library="Browser">
<arg>css=h1 &gt;&gt; text=Gestão de Planos</arg>
<arg>visible</arg>
<arg>5</arg>
<tag>PageContent</tag>
<tag>Wait</tag>
<doc>Waits for the element found by ``selector`` to satisfy state option.</doc>
<msg timestamp="20210517 12:52:41.889" level="INFO">Wait for Element with selector: css=h1 &gt;&gt; text=Gestão de Planos</msg>
<status status="PASS" starttime="20210517 12:52:41.868" endtime="20210517 12:52:41.889"/>
</kw>
<status status="PASS" starttime="20210517 12:52:41.760" endtime="20210517 12:52:41.890"/>
</kw>
<kw name="Go To Form Plan" library="plans">
<kw name="Click" library="Browser">
<arg>css=a[href$="planos/new"]</arg>
<tag>PageContent</tag>
<tag>Setter</tag>
<doc>Simulates mouse click on the element found by ``selector``.</doc>
<status status="PASS" starttime="20210517 12:52:41.891" endtime="20210517 12:52:42.018"/>
</kw>
<kw name="Wait For Elements State" library="Browser">
<arg>css=h1 &gt;&gt; text=Novo plano</arg>
<arg>visible</arg>
<arg>5</arg>
<tag>PageContent</tag>
<tag>Wait</tag>
<doc>Waits for the element found by ``selector`` to satisfy state option.</doc>
<msg timestamp="20210517 12:52:42.032" level="INFO">Wait for Element with selector: css=h1 &gt;&gt; text=Novo plano</msg>
<status status="PASS" starttime="20210517 12:52:42.018" endtime="20210517 12:52:42.032"/>
</kw>
<status status="PASS" starttime="20210517 12:52:41.890" endtime="20210517 12:52:42.032"/>
</kw>
<kw name="Fill Plan Forms" library="plans">
<arg>${plan}</arg>
<kw name="Fill Text" library="Browser">
<arg>${TITLE_FIELD}</arg>
<arg>${plan.title}</arg>
<tag>PageContent</tag>
<tag>Setter</tag>
<doc>Clears and fills the given ``text`` into the text field found by ``selector``.</doc>
<msg timestamp="20210517 12:52:42.036" level="INFO">Fills the text 'Plano Alfa' in the given field.</msg>
<status status="PASS" starttime="20210517 12:52:42.034" endtime="20210517 12:52:42.069"/>
</kw>
<kw name="Fill Text" library="Browser">
<arg>${DURATION_FIELD}</arg>
<arg>${plan.duration}</arg>
<tag>PageContent</tag>
<tag>Setter</tag>
<doc>Clears and fills the given ``text`` into the text field found by ``selector``.</doc>
<msg timestamp="20210517 12:52:42.072" level="INFO">Fills the text '12' in the given field.</msg>
<status status="PASS" starttime="20210517 12:52:42.069" endtime="20210517 12:52:42.110"/>
</kw>
<kw name="Fill Text" library="Browser">
<arg>${PRICE_FIELD}</arg>
<arg>${plan.price}</arg>
<tag>PageContent</tag>
<tag>Setter</tag>
<doc>Clears and fills the given ``text`` into the text field found by ``selector``.</doc>
<msg timestamp="20210517 12:52:42.113" level="INFO">Fills the text '19,99' in the given field.</msg>
<status status="PASS" starttime="20210517 12:52:42.111" endtime="20210517 12:52:42.148"/>
</kw>
<status status="PASS" starttime="20210517 12:52:42.033" endtime="20210517 12:52:42.148"/>
</kw>
<kw name="Total Plan Should Be" library="plans">
<arg>${plan.total}</arg>
<kw name="Get Attribute" library="Browser">
<arg>${TOTAL_FIELD}</arg>
<arg>value</arg>
<arg>==</arg>
<arg>${total}</arg>
<tag>Assertion</tag>
<tag>Getter</tag>
<tag>PageContent</tag>
<doc>Returns the HTML ``attribute`` of the element found by ``selector``.</doc>
<status status="PASS" starttime="20210517 12:52:42.150" endtime="20210517 12:52:42.176"/>
</kw>
<status status="PASS" starttime="20210517 12:52:42.148" endtime="20210517 12:52:42.177"/>
</kw>
<kw name="Take Screenshot" library="Browser" type="TEARDOWN">
<tag>PageContent</tag>
<doc>Takes a screenshot of the current window and saves it to ``path``. Saves it as a png.</doc>
<msg timestamp="20210517 12:52:42.320" level="INFO" html="true">&lt;/td&gt;&lt;/tr&gt;&lt;tr&gt;&lt;td colspan="3"&gt;&lt;a href="browser/screenshot/robotframework-browser-screenshot-1.png"&gt;&lt;img src="browser/screenshot/robotframework-browser-screenshot-1.png" width="800px"&gt;&lt;/a&gt;</msg>
<status status="PASS" starttime="20210517 12:52:42.178" endtime="20210517 12:52:42.320"/>
</kw>
<status status="PASS" starttime="20210517 12:52:41.738" endtime="20210517 12:52:42.320"/>
</test>
<test id="s1-s2-s1-t2" name="Cenario: Novo Plano">
<kw name="Create Dictionary" library="BuiltIn">
<var>&amp;{plan}</var>
<arg>title=Plano Loyola</arg>
<arg>duration=12</arg>
<arg>price=19,99</arg>
<arg>total=R$ 239,88</arg>
<doc>Creates and returns a dictionary based on the given ``items``.</doc>
<msg timestamp="20210517 12:52:42.335" level="INFO">&amp;{plan} = { title=Plano Loyola | duration=12 | price=19,99 | total=R$ 239,88 }</msg>
<status status="PASS" starttime="20210517 12:52:42.334" endtime="20210517 12:52:42.335"/>
</kw>
<kw name="Go To Plans" library="nav">
<kw name="Click" library="Browser">
<arg>css=a[href$=planos]</arg>
<tag>PageContent</tag>
<tag>Setter</tag>
<doc>Simulates mouse click on the element found by ``selector``.</doc>
<status status="PASS" starttime="20210517 12:52:42.336" endtime="20210517 12:52:42.400"/>
</kw>
<kw name="Wait For Elements State" library="Browser">
<arg>css=h1 &gt;&gt; text=Gestão de Planos</arg>
<arg>visible</arg>
<arg>5</arg>
<tag>PageContent</tag>
<tag>Wait</tag>
<doc>Waits for the element found by ``selector`` to satisfy state option.</doc>
<msg timestamp="20210517 12:52:42.413" level="INFO">Wait for Element with selector: css=h1 &gt;&gt; text=Gestão de Planos</msg>
<status status="PASS" starttime="20210517 12:52:42.400" endtime="20210517 12:52:42.413"/>
</kw>
<status status="PASS" starttime="20210517 12:52:42.335" endtime="20210517 12:52:42.414"/>
</kw>
<kw name="Go To Form Plan" library="plans">
<kw name="Click" library="Browser">
<arg>css=a[href$="planos/new"]</arg>
<tag>PageContent</tag>
<tag>Setter</tag>
<doc>Simulates mouse click on the element found by ``selector``.</doc>
<status status="PASS" starttime="20210517 12:52:42.415" endtime="20210517 12:52:42.488"/>
</kw>
<kw name="Wait For Elements State" library="Browser">
<arg>css=h1 &gt;&gt; text=Novo plano</arg>
<arg>visible</arg>
<arg>5</arg>
<tag>PageContent</tag>
<tag>Wait</tag>
<doc>Waits for the element found by ``selector`` to satisfy state option.</doc>
<msg timestamp="20210517 12:52:42.506" level="INFO">Wait for Element with selector: css=h1 &gt;&gt; text=Novo plano</msg>
<status status="PASS" starttime="20210517 12:52:42.489" endtime="20210517 12:52:42.506"/>
</kw>
<status status="PASS" starttime="20210517 12:52:42.414" endtime="20210517 12:52:42.506"/>
</kw>
<kw name="Fill Plan Forms" library="plans">
<arg>${plan}</arg>
<kw name="Fill Text" library="Browser">
<arg>${TITLE_FIELD}</arg>
<arg>${plan.title}</arg>
<tag>PageContent</tag>
<tag>Setter</tag>
<doc>Clears and fills the given ``text`` into the text field found by ``selector``.</doc>
<msg timestamp="20210517 12:52:42.509" level="INFO">Fills the text 'Plano Loyola' in the given field.</msg>
<status status="PASS" starttime="20210517 12:52:42.508" endtime="20210517 12:52:42.559"/>
</kw>
<kw name="Fill Text" library="Browser">
<arg>${DURATION_FIELD}</arg>
<arg>${plan.duration}</arg>
<tag>PageContent</tag>
<tag>Setter</tag>
<doc>Clears and fills the given ``text`` into the text field found by ``selector``.</doc>
<msg timestamp="20210517 12:52:42.561" level="INFO">Fills the text '12' in the given field.</msg>
<status status="PASS" starttime="20210517 12:52:42.560" endtime="20210517 12:52:42.604"/>
</kw>
<kw name="Fill Text" library="Browser">
<arg>${PRICE_FIELD}</arg>
<arg>${plan.price}</arg>
<tag>PageContent</tag>
<tag>Setter</tag>
<doc>Clears and fills the given ``text`` into the text field found by ``selector``.</doc>
<msg timestamp="20210517 12:52:42.607" level="INFO">Fills the text '19,99' in the given field.</msg>
<status status="PASS" starttime="20210517 12:52:42.605" endtime="20210517 12:52:42.644"/>
</kw>
<status status="PASS" starttime="20210517 12:52:42.507" endtime="20210517 12:52:42.645"/>
</kw>
<kw name="Submit Plan Form" library="plans">
<kw name="Click" library="Browser">
<arg>xpath=//button[contains(text(), "Salvar")]</arg>
<tag>PageContent</tag>
<tag>Setter</tag>
<doc>Simulates mouse click on the element found by ``selector``.</doc>
<status status="PASS" starttime="20210517 12:52:42.646" endtime="20210517 12:52:42.697"/>
</kw>
<status status="PASS" starttime="20210517 12:52:42.645" endtime="20210517 12:52:42.697"/>
</kw>
<kw name="Toaster Text Should Be" library="components">
<arg>Plano cadastrado com sucesso</arg>
<kw name="Wait For Elements State" library="Browser">
<arg>css=.Toastify__toast-body &gt;&gt; text=${expect_text}</arg>
<arg>visible</arg>
<arg>5</arg>
<tag>PageContent</tag>
<tag>Wait</tag>
<doc>Waits for the element found by ``selector`` to satisfy state option.</doc>
<msg timestamp="20210517 12:52:43.134" level="INFO">Wait for Element with selector: css=.Toastify__toast-body &gt;&gt; text=Plano cadastrado com sucesso</msg>
<status status="PASS" starttime="20210517 12:52:42.698" endtime="20210517 12:52:43.135"/>
</kw>
<status status="PASS" starttime="20210517 12:52:42.697" endtime="20210517 12:52:43.135"/>
</kw>
<kw name="Thinking And Take Screenshot" library="base" type="TEARDOWN">
<arg>2</arg>
<kw name="Sleep" library="BuiltIn">
<arg>${timeout}</arg>
<doc>Pauses the test executed for the given time.</doc>
<msg timestamp="20210517 12:52:45.138" level="INFO">Slept 2 seconds</msg>
<status status="PASS" starttime="20210517 12:52:43.137" endtime="20210517 12:52:45.139"/>
</kw>
<kw name="Take Screenshot" library="Browser">
<tag>PageContent</tag>
<doc>Takes a screenshot of the current window and saves it to ``path``. Saves it as a png.</doc>
<msg timestamp="20210517 12:52:45.262" level="INFO" html="true">&lt;/td&gt;&lt;/tr&gt;&lt;tr&gt;&lt;td colspan="3"&gt;&lt;a href="browser/screenshot/robotframework-browser-screenshot-2.png"&gt;&lt;img src="browser/screenshot/robotframework-browser-screenshot-2.png" width="800px"&gt;&lt;/a&gt;</msg>
<status status="PASS" starttime="20210517 12:52:45.139" endtime="20210517 12:52:45.262"/>
</kw>
<status status="PASS" starttime="20210517 12:52:43.136" endtime="20210517 12:52:45.262"/>
</kw>
<status status="PASS" starttime="20210517 12:52:42.327" endtime="20210517 12:52:45.263"/>
</test>
<test id="s1-s2-s1-t3" name="Cenario: Campos Título e Duração devem ser obrigatoriios">
<kw name="Set Variable" library="BuiltIn">
<var>@{expected_alerts}</var>
<arg>Informe o título do plano</arg>
<arg>Informe a duração do plano em meses</arg>
<doc>Returns the given values which can then be assigned to a variables.</doc>
<msg timestamp="20210517 12:52:45.280" level="INFO">@{expected_alerts} = [ Informe o título do plano | Informe a duração do plano em meses ]</msg>
<status status="PASS" starttime="20210517 12:52:45.280" endtime="20210517 12:52:45.280"/>
</kw>
<kw name="Create List" library="BuiltIn">
<var>@{got_alerts}</var>
<doc>Returns a list containing given items.</doc>
<msg timestamp="20210517 12:52:45.281" level="INFO">@{got_alerts} = [ ]</msg>
<status status="PASS" starttime="20210517 12:52:45.281" endtime="20210517 12:52:45.281"/>
</kw>
<kw name="Go To Plans" library="nav">
<kw name="Click" library="Browser">
<arg>css=a[href$=planos]</arg>
<tag>PageContent</tag>
<tag>Setter</tag>
<doc>Simulates mouse click on the element found by ``selector``.</doc>
<status status="PASS" starttime="20210517 12:52:45.282" endtime="20210517 12:52:45.352"/>
</kw>
<kw name="Wait For Elements State" library="Browser">
<arg>css=h1 &gt;&gt; text=Gestão de Planos</arg>
<arg>visible</arg>
<arg>5</arg>
<tag>PageContent</tag>
<tag>Wait</tag>
<doc>Waits for the element found by ``selector`` to satisfy state option.</doc>
<msg timestamp="20210517 12:52:45.374" level="INFO">Wait for Element with selector: css=h1 &gt;&gt; text=Gestão de Planos</msg>
<status status="PASS" starttime="20210517 12:52:45.353" endtime="20210517 12:52:45.374"/>
</kw>
<status status="PASS" starttime="20210517 12:52:45.281" endtime="20210517 12:52:45.374"/>
</kw>
<kw name="Go To Form Plan" library="plans">
<kw name="Click" library="Browser">
<arg>css=a[href$="planos/new"]</arg>
<tag>PageContent</tag>
<tag>Setter</tag>
<doc>Simulates mouse click on the element found by ``selector``.</doc>
<status status="PASS" starttime="20210517 12:52:45.376" endtime="20210517 12:52:45.458"/>
</kw>
<kw name="Wait For Elements State" library="Browser">
<arg>css=h1 &gt;&gt; text=Novo plano</arg>
<arg>visible</arg>
<arg>5</arg>
<tag>PageContent</tag>
<tag>Wait</tag>
<doc>Waits for the element found by ``selector`` to satisfy state option.</doc>
<msg timestamp="20210517 12:52:45.478" level="INFO">Wait for Element with selector: css=h1 &gt;&gt; text=Novo plano</msg>
<status status="PASS" starttime="20210517 12:52:45.458" endtime="20210517 12:52:45.479"/>
</kw>
<status status="PASS" starttime="20210517 12:52:45.375" endtime="20210517 12:52:45.479"/>
</kw>
<kw name="Submit Plan Form" library="plans">
<kw name="Click" library="Browser">
<arg>xpath=//button[contains(text(), "Salvar")]</arg>
<tag>PageContent</tag>
<tag>Setter</tag>
<doc>Simulates mouse click on the element found by ``selector``.</doc>
<status status="PASS" starttime="20210517 12:52:45.480" endtime="20210517 12:52:45.547"/>
</kw>
<status status="PASS" starttime="20210517 12:52:45.479" endtime="20210517 12:52:45.548"/>
</kw>
<for flavor="IN RANGE">
<var>${index}</var>
<value>1</value>
<value>3</value>
<iter>
<var name="${index}">1</var>
<kw name="Get Required Alerts" library="components">
<var>${span}</var>
<arg>${index}</arg>
<kw name="Get Text" library="Browser">
<var>${span}</var>
<arg>xpath=(//form//span)[${index}]</arg>
<tag>Assertion</tag>
<tag>Getter</tag>
<tag>PageContent</tag>
<doc>Returns text attribute of the element found by ``selector``.
See the `Finding elements` section for details about the selectors.</doc>
<msg timestamp="20210517 12:52:45.581" level="INFO">${span} = Informe o título do plano</msg>
<status status="PASS" starttime="20210517 12:52:45.550" endtime="20210517 12:52:45.581"/>
</kw>
<msg timestamp="20210517 12:52:45.582" level="INFO">${span} = Informe o título do plano</msg>
<status status="PASS" starttime="20210517 12:52:45.549" endtime="20210517 12:52:45.582"/>
</kw>
<kw name="Append To List" library="Collections">
<arg>${got_alerts}</arg>
<arg>${span}</arg>
<doc>Adds ``values`` to the end of ``list``.</doc>
<status status="PASS" starttime="20210517 12:52:45.583" endtime="20210517 12:52:45.583"/>
</kw>
<status status="PASS" starttime="20210517 12:52:45.548" endtime="20210517 12:52:45.583"/>
</iter>
<iter>
<var name="${index}">2</var>
<kw name="Get Required Alerts" library="components">
<var>${span}</var>
<arg>${index}</arg>
<kw name="Get Text" library="Browser">
<var>${span}</var>
<arg>xpath=(//form//span)[${index}]</arg>
<tag>Assertion</tag>
<tag>Getter</tag>
<tag>PageContent</tag>
<doc>Returns text attribute of the element found by ``selector``.
See the `Finding elements` section for details about the selectors.</doc>
<msg timestamp="20210517 12:52:45.615" level="INFO">${span} = Informe a duração do plano em meses</msg>
<status status="PASS" starttime="20210517 12:52:45.585" endtime="20210517 12:52:45.615"/>
</kw>
<msg timestamp="20210517 12:52:45.616" level="INFO">${span} = Informe a duração do plano em meses</msg>
<status status="PASS" starttime="20210517 12:52:45.584" endtime="20210517 12:52:45.616"/>
</kw>
<kw name="Append To List" library="Collections">
<arg>${got_alerts}</arg>
<arg>${span}</arg>
<doc>Adds ``values`` to the end of ``list``.</doc>
<status status="PASS" starttime="20210517 12:52:45.616" endtime="20210517 12:52:45.617"/>
</kw>
<status status="PASS" starttime="20210517 12:52:45.584" endtime="20210517 12:52:45.617"/>
</iter>
<status status="PASS" starttime="20210517 12:52:45.548" endtime="20210517 12:52:45.617"/>
</for>
<kw name="Log" library="BuiltIn">
<arg>${expected_alerts}</arg>
<doc>Logs the given message with the given level.</doc>
<msg timestamp="20210517 12:52:45.620" level="INFO">['Informe o título do plano', 'Informe a duração do plano em meses']</msg>
<status status="PASS" starttime="20210517 12:52:45.618" endtime="20210517 12:52:45.621"/>
</kw>
<kw name="Log" library="BuiltIn">
<arg>${got_alerts}</arg>
<doc>Logs the given message with the given level.</doc>
<msg timestamp="20210517 12:52:45.622" level="INFO">['Informe o título do plano', 'Informe a duração do plano em meses']</msg>
<status status="PASS" starttime="20210517 12:52:45.621" endtime="20210517 12:52:45.622"/>
</kw>
<kw name="Lists Should Be Equal" library="Collections">
<arg>${expected_alerts}</arg>
<arg>${got_alerts}</arg>
<doc>Fails if given lists are unequal.</doc>
<status status="PASS" starttime="20210517 12:52:45.622" endtime="20210517 12:52:45.623"/>
</kw>
<kw name="Take Screenshot" library="Browser" type="TEARDOWN">
<tag>PageContent</tag>
<doc>Takes a screenshot of the current window and saves it to ``path``. Saves it as a png.</doc>
<msg timestamp="20210517 12:52:45.771" level="INFO" html="true">&lt;/td&gt;&lt;/tr&gt;&lt;tr&gt;&lt;td colspan="3"&gt;&lt;a href="browser/screenshot/robotframework-browser-screenshot-3.png"&gt;&lt;img src="browser/screenshot/robotframework-browser-screenshot-3.png" width="800px"&gt;&lt;/a&gt;</msg>
<status status="PASS" starttime="20210517 12:52:45.624" endtime="20210517 12:52:45.772"/>
</kw>
<status status="PASS" starttime="20210517 12:52:45.271" endtime="20210517 12:52:45.772"/>
</test>
<test id="s1-s2-s1-t4" name="Cenario: A duração deve ser no mínimo 1 mês">
<kw name="Create Dictionary" library="BuiltIn">
<var>&amp;{plan}</var>
<arg>title=Edson Teste</arg>
<arg>duration=0</arg>
<arg>price=19,99</arg>
<arg>total=R$ 239,88</arg>
<doc>Creates and returns a dictionary based on the given ``items``.</doc>
<msg timestamp="20210517 12:52:45.790" level="INFO">&amp;{plan} = { title=Edson Teste | duration=0 | price=19,99 | total=R$ 239,88 }</msg>
<status status="PASS" starttime="20210517 12:52:45.789" endtime="20210517 12:52:45.790"/>
</kw>
<kw name="Go To Plans" library="nav">
<kw name="Click" library="Browser">
<arg>css=a[href$=planos]</arg>
<tag>PageContent</tag>
<tag>Setter</tag>
<doc>Simulates mouse click on the element found by ``selector``.</doc>
<status status="PASS" starttime="20210517 12:52:45.791" endtime="20210517 12:52:45.875"/>
</kw>
<kw name="Wait For Elements State" library="Browser">
<arg>css=h1 &gt;&gt; text=Gestão de Planos</arg>
<arg>visible</arg>
<arg>5</arg>
<tag>PageContent</tag>
<tag>Wait</tag>
<doc>Waits for the element found by ``selector`` to satisfy state option.</doc>
<msg timestamp="20210517 12:52:45.894" level="INFO">Wait for Element with selector: css=h1 &gt;&gt; text=Gestão de Planos</msg>
<status status="PASS" starttime="20210517 12:52:45.876" endtime="20210517 12:52:45.894"/>
</kw>
<status status="PASS" starttime="20210517 12:52:45.790" endtime="20210517 12:52:45.894"/>
</kw>
<kw name="Go To Form Plan" library="plans">
<kw name="Click" library="Browser">
<arg>css=a[href$="planos/new"]</arg>
<tag>PageContent</tag>
<tag>Setter</tag>
<doc>Simulates mouse click on the element found by ``selector``.</doc>
<status status="PASS" starttime="20210517 12:52:45.895" endtime="20210517 12:52:45.982"/>
</kw>
<kw name="Wait For Elements State" library="Browser">
<arg>css=h1 &gt;&gt; text=Novo plano</arg>
<arg>visible</arg>
<arg>5</arg>
<tag>PageContent</tag>
<tag>Wait</tag>
<doc>Waits for the element found by ``selector`` to satisfy state option.</doc>
<msg timestamp="20210517 12:52:46.006" level="INFO">Wait for Element with selector: css=h1 &gt;&gt; text=Novo plano</msg>
<status status="PASS" starttime="20210517 12:52:45.982" endtime="20210517 12:52:46.006"/>
</kw>
<status status="PASS" starttime="20210517 12:52:45.895" endtime="20210517 12:52:46.006"/>
</kw>
<kw name="Fill Plan Forms" library="plans">
<arg>${plan}</arg>
<kw name="Fill Text" library="Browser">
<arg>${TITLE_FIELD}</arg>
<arg>${plan.title}</arg>
<tag>PageContent</tag>
<tag>Setter</tag>
<doc>Clears and fills the given ``text`` into the text field found by ``selector``.</doc>
<msg timestamp="20210517 12:52:46.011" level="INFO">Fills the text 'Edson Teste' in the given field.</msg>
<status status="PASS" starttime="20210517 12:52:46.008" endtime="20210517 12:52:46.046"/>
</kw>
<kw name="Fill Text" library="Browser">
<arg>${DURATION_FIELD}</arg>
<arg>${plan.duration}</arg>
<tag>PageContent</tag>
<tag>Setter</tag>
<doc>Clears and fills the given ``text`` into the text field found by ``selector``.</doc>
<msg timestamp="20210517 12:52:46.049" level="INFO">Fills the text '0' in the given field.</msg>
<status status="PASS" starttime="20210517 12:52:46.047" endtime="20210517 12:52:46.086"/>
</kw>
<kw name="Fill Text" library="Browser">
<arg>${PRICE_FIELD}</arg>
<arg>${plan.price}</arg>
<tag>PageContent</tag>
<tag>Setter</tag>
<doc>Clears and fills the given ``text`` into the text field found by ``selector``.</doc>
<msg timestamp="20210517 12:52:46.089" level="INFO">Fills the text '19,99' in the given field.</msg>
<status status="PASS" starttime="20210517 12:52:46.087" endtime="20210517 12:52:46.131"/>
</kw>
<status status="PASS" starttime="20210517 12:52:46.007" endtime="20210517 12:52:46.131"/>
</kw>
<kw name="Submit Plan Form" library="plans">
<kw name="Click" library="Browser">
<arg>xpath=//button[contains(text(), "Salvar")]</arg>
<tag>PageContent</tag>
<tag>Setter</tag>
<doc>Simulates mouse click on the element found by ``selector``.</doc>
<status status="PASS" starttime="20210517 12:52:46.132" endtime="20210517 12:52:46.197"/>
</kw>
<status status="PASS" starttime="20210517 12:52:46.131" endtime="20210517 12:52:46.197"/>
</kw>
<kw name="Alert Text Should Be" library="components">
<arg>A duração dever ser no mínimo 1 mês</arg>
<kw name="Wait For Elements State" library="Browser">
<arg>css=form span &gt;&gt; text=${expect_text}</arg>
<arg>visible</arg>
<arg>5</arg>
<tag>PageContent</tag>
<tag>Wait</tag>
<doc>Waits for the element found by ``selector`` to satisfy state option.</doc>
<msg timestamp="20210517 12:52:46.215" level="INFO">Wait for Element with selector: css=form span &gt;&gt; text=A duração dever ser no mínimo 1 mês</msg>
<status status="PASS" starttime="20210517 12:52:46.198" endtime="20210517 12:52:46.216"/>
</kw>
<status status="PASS" starttime="20210517 12:52:46.197" endtime="20210517 12:52:46.216"/>
</kw>
<kw name="Take Screenshot" library="Browser" type="TEARDOWN">
<tag>PageContent</tag>
<doc>Takes a screenshot of the current window and saves it to ``path``. Saves it as a png.</doc>
<msg timestamp="20210517 12:52:46.362" level="INFO" html="true">&lt;/td&gt;&lt;/tr&gt;&lt;tr&gt;&lt;td colspan="3"&gt;&lt;a href="browser/screenshot/robotframework-browser-screenshot-4.png"&gt;&lt;img src="browser/screenshot/robotframework-browser-screenshot-4.png" width="800px"&gt;&lt;/a&gt;</msg>
<status status="PASS" starttime="20210517 12:52:46.217" endtime="20210517 12:52:46.362"/>
</kw>
<status status="PASS" starttime="20210517 12:52:45.783" endtime="20210517 12:52:46.362"/>
</test>
<doc>Cadastro de Planos</doc>
<status status="PASS" starttime="20210517 12:52:38.401" endtime="20210517 12:52:46.371"/>
</suite>
<suite id="s1-s2-s2" name="Remove" source="/home/edson/workspace/courses/qa_ninja/robot_framework/bodytest/tests/plans/remove.robot">
<test id="s1-s2-s2-t1" name="Cenario: Desistir da exclusão">
<kw name="Start Admin Session" library="base" type="SETUP">
<kw name="Start Browser Session" library="base">
<kw name="New Browser" library="Browser">
<arg>chromium</arg>
<arg>true</arg>
<tag>BrowserControl</tag>
<tag>Setter</tag>
<doc>Create a new playwright Browser with specified options.
See `Browser, Context and Page` for more information about Browser and related concepts.</doc>
<msg timestamp="20210517 12:52:46.468" level="INFO">{"browser": "chromium", "headless": true, "handleSIGINT": true, "handleSIGTERM": true, "handleSIGHUP": true, "timeout": 30000.0, "devtools": false, "slowMo": 0.0}</msg>
<msg timestamp="20210517 12:52:46.653" level="INFO">Successfully created browser with options: {"browser":"chromium","headless":true,"handleSIGINT":true,"handleSIGTERM":true,"handleSIGHUP":true,"timeout":30000,"devtools":false,"slowMo":0}</msg>
<status status="PASS" starttime="20210517 12:52:46.467" endtime="20210517 12:52:46.654"/>
</kw>
<kw name="New Page" library="Browser">
<arg>about:blank</arg>
<tag>BrowserControl</tag>
<tag>Setter</tag>
<doc>Open a new Page. A Page is the Playwright equivalent to a tab.
See `Browser, Context and Page` for more information about Page concept.
Returns a stable identifier for the created page.</doc>
<msg timestamp="20210517 12:52:46.764" level="INFO">Successfully initialized new page object and opened url: about:blank</msg>
<status status="PASS" starttime="20210517 12:52:46.654" endtime="20210517 12:52:46.765"/>
</kw>
<status status="PASS" starttime="20210517 12:52:46.466" endtime="20210517 12:52:46.765"/>
</kw>
<kw name="Go To Login Pages" library="auth">
<kw name="Go To" library="Browser">
<arg>https://theotokus-bodytest-web.herokuapp.com/</arg>
<tag>BrowserControl</tag>
<tag>Setter</tag>
<doc>Navigates to the given ``url``.</doc>
<msg timestamp="20210517 12:52:48.625" level="INFO">Succesfully opened URL https://theotokus-bodytest-web.herokuapp.com/</msg>
<status status="PASS" starttime="20210517 12:52:46.766" endtime="20210517 12:52:48.626"/>
</kw>
<status status="PASS" starttime="20210517 12:52:46.765" endtime="20210517 12:52:48.626"/>
</kw>
<kw name="Login With" library="auth">
<arg>admin@bodytest.com</arg>
<arg>pwd123</arg>
<kw name="Fill Text" library="Browser">
<arg>css=input[name=email]</arg>
<arg>${email}</arg>
<tag>PageContent</tag>
<tag>Setter</tag>
<doc>Clears and fills the given ``text`` into the text field found by ``selector``.</doc>
<msg timestamp="20210517 12:52:48.628" level="INFO">Fills the text 'admin@bodytest.com' in the given field.</msg>
<status status="PASS" starttime="20210517 12:52:48.628" endtime="20210517 12:52:48.684"/>
</kw>
<kw name="Fill Text" library="Browser">
<arg>css=input[name=password]</arg>
<arg>${pass}</arg>
<tag>PageContent</tag>
<tag>Setter</tag>
<doc>Clears and fills the given ``text`` into the text field found by ``selector``.</doc>
<msg timestamp="20210517 12:52:48.685" level="INFO">Fills the text 'pwd123' in the given field.</msg>
<status status="PASS" starttime="20210517 12:52:48.684" endtime="20210517 12:52:48.710"/>
</kw>
<kw name="Click" library="Browser">
<arg>text=Entrar</arg>
<tag>PageContent</tag>
<tag>Setter</tag>
<doc>Simulates mouse click on the element found by ``selector``.</doc>
<status status="PASS" starttime="20210517 12:52:48.711" endtime="20210517 12:52:48.798"/>
</kw>
<status status="PASS" starttime="20210517 12:52:48.627" endtime="20210517 12:52:48.798"/>
</kw>
<kw name="User Should Be Logged In" library="nav">
<arg>Administrador</arg>
<kw name="Get Text" library="Browser">
<arg>css=aside strong</arg>
<arg>should be</arg>
<arg>${user_name}</arg>
<tag>Assertion</tag>
<tag>Getter</tag>
<tag>PageContent</tag>
<doc>Returns text attribute of the element found by ``selector``.
See the `Finding elements` section for details about the selectors.</doc>
<status status="PASS" starttime="20210517 12:52:48.799" endtime="20210517 12:52:49.807"/>
</kw>
<status status="PASS" starttime="20210517 12:52:48.798" endtime="20210517 12:52:49.808"/>
</kw>
<status status="PASS" starttime="20210517 12:52:46.466" endtime="20210517 12:52:49.808"/>
</kw>
<kw name="Create Dictionary" library="BuiltIn">
<var>&amp;{plan}</var>
<arg>title=Plano Loyola</arg>
<arg>duration=12</arg>
<arg>price=19.99</arg>
<doc>Creates and returns a dictionary based on the given ``items``.</doc>
<msg timestamp="20210517 12:52:49.810" level="INFO">&amp;{plan} = { title=Plano Loyola | duration=12 | price=19.99 }</msg>
<status status="PASS" starttime="20210517 12:52:49.809" endtime="20210517 12:52:49.810"/>
</kw>
<kw name="Insert Plan" library="DeloreanLibrary">
<arg>${plan}</arg>
<msg timestamp="20210517 12:52:49.812" level="INFO">delete from plans where title = 'Plano Loyola'</msg>
<msg timestamp="20210517 12:52:50.925" level="INFO">insert into plans(title, duration, price, created_at, updated_at)values('Plano Loyola',12,19.99, NOW(), NOW());</msg>
<status status="PASS" starttime="20210517 12:52:49.811" endtime="20210517 12:52:52.124"/>
</kw>
<kw name="Go To Plans" library="nav">
<kw name="Click" library="Browser">
<arg>css=a[href$=planos]</arg>
<tag>PageContent</tag>
<tag>Setter</tag>
<doc>Simulates mouse click on the element found by ``selector``.</doc>
<status status="PASS" starttime="20210517 12:52:52.126" endtime="20210517 12:52:52.228"/>
</kw>
<kw name="Wait For Elements State" library="Browser">
<arg>css=h1 &gt;&gt; text=Gestão de Planos</arg>
<arg>visible</arg>
<arg>5</arg>
<tag>PageContent</tag>
<tag>Wait</tag>
<doc>Waits for the element found by ``selector`` to satisfy state option.</doc>
<msg timestamp="20210517 12:52:52.245" level="INFO">Wait for Element with selector: css=h1 &gt;&gt; text=Gestão de Planos</msg>
<status status="PASS" starttime="20210517 12:52:52.228" endtime="20210517 12:52:52.245"/>
</kw>
<status status="PASS" starttime="20210517 12:52:52.124" endtime="20210517 12:52:52.245"/>
</kw>
<kw name="Search Plan By Title" library="plans">
<arg>${plan.title}</arg>
<kw name="Fill Text" library="Browser">
<arg>css=input[placeholder="Buscar plano"]</arg>
<arg>${title}</arg>
<tag>PageContent</tag>
<tag>Setter</tag>
<doc>Clears and fills the given ``text`` into the text field found by ``selector``.</doc>
<msg timestamp="20210517 12:52:52.248" level="INFO">Fills the text 'Plano Loyola' in the given field.</msg>
<status status="PASS" starttime="20210517 12:52:52.247" endtime="20210517 12:52:52.285"/>
</kw>
<status status="PASS" starttime="20210517 12:52:52.246" endtime="20210517 12:52:52.286"/>
</kw>
<kw name="Request Removal By Title" library="plans">
<arg>${plan.title}</arg>
<kw name="Click" library="Browser">
<arg>xpath=//td[contains(text(),"${title}")]/../td/button[@id="trash"]</arg>
<tag>PageContent</tag>
<tag>Setter</tag>
<doc>Simulates mouse click on the element found by ``selector``.</doc>
<status status="PASS" starttime="20210517 12:52:52.288" endtime="20210517 12:52:52.700"/>
</kw>
<status status="PASS" starttime="20210517 12:52:52.286" endtime="20210517 12:52:52.701"/>
</kw>
<kw name="Cancel Removal" library="students">
<kw name="Click" library="Browser">
<arg>text=NÃO</arg>
<tag>PageContent</tag>
<tag>Setter</tag>
<doc>Simulates mouse click on the element found by ``selector``.</doc>
<status status="PASS" starttime="20210517 12:52:52.702" endtime="20210517 12:52:53.030"/>
</kw>
<status status="PASS" starttime="20210517 12:52:52.701" endtime="20210517 12:52:53.030"/>
</kw>
<kw name="Plan Should Be Visible" library="plans">
<arg>${plan.title}</arg>
<kw name="Wait For Elements State" library="Browser">
<arg>xpath=//td[contains(text(),"${title}")]</arg>
<arg>visible</arg>
<arg>5</arg>
<tag>PageContent</tag>
<tag>Wait</tag>
<doc>Waits for the element found by ``selector`` to satisfy state option.</doc>
<msg timestamp="20210517 12:52:53.101" level="INFO">Wait for Element with selector: xpath=//td[contains(text(),"Plano Loyola")]</msg>
<status status="PASS" starttime="20210517 12:52:53.033" endtime="20210517 12:52:53.102"/>
</kw>
<status status="PASS" starttime="20210517 12:52:53.031" endtime="20210517 12:52:53.102"/>
</kw>
<kw name="Take Screenshot" library="Browser" type="TEARDOWN">
<tag>PageContent</tag>
<doc>Takes a screenshot of the current window and saves it to ``path``. Saves it as a png.</doc>
<msg timestamp="20210517 12:52:53.266" level="INFO" html="true">&lt;/td&gt;&lt;/tr&gt;&lt;tr&gt;&lt;td colspan="3"&gt;&lt;a href="browser/screenshot/robotframework-browser-screenshot-5.png"&gt;&lt;img src="browser/screenshot/robotframework-browser-screenshot-5.png" width="800px"&gt;&lt;/a&gt;</msg>
<status status="PASS" starttime="20210517 12:52:53.103" endtime="20210517 12:52:53.266"/>
</kw>
<status status="PASS" starttime="20210517 12:52:46.462" endtime="20210517 12:52:53.266"/>
</test>
<test id="s1-s2-s2-t2" name="Cenario: Remover plano cadastrado">
<kw name="Start Admin Session" library="base" type="SETUP">
<kw name="Start Browser Session" library="base">
<kw name="New Browser" library="Browser">
<arg>chromium</arg>
<arg>true</arg>
<tag>BrowserControl</tag>
<tag>Setter</tag>
<doc>Create a new playwright Browser with specified options.
See `Browser, Context and Page` for more information about Browser and related concepts.</doc>
<msg timestamp="20210517 12:52:53.327" level="INFO">{"browser": "chromium", "headless": true, "handleSIGINT": true, "handleSIGTERM": true, "handleSIGHUP": true, "timeout": 30000.0, "devtools": false, "slowMo": 0.0}</msg>
<msg timestamp="20210517 12:52:53.505" level="INFO">Successfully created browser with options: {"browser":"chromium","headless":true,"handleSIGINT":true,"handleSIGTERM":true,"handleSIGHUP":true,"timeout":30000,"devtools":false,"slowMo":0}</msg>
<status status="PASS" starttime="20210517 12:52:53.326" endtime="20210517 12:52:53.505"/>
</kw>
<kw name="New Page" library="Browser">
<arg>about:blank</arg>
<tag>BrowserControl</tag>
<tag>Setter</tag>
<doc>Open a new Page. A Page is the Playwright equivalent to a tab.
See `Browser, Context and Page` for more information about Page concept.
Returns a stable identifier for the created page.</doc>
<msg timestamp="20210517 12:52:53.645" level="INFO">Successfully initialized new page object and opened url: about:blank</msg>
<status status="PASS" starttime="20210517 12:52:53.505" endtime="20210517 12:52:53.645"/>
</kw>
<status status="PASS" starttime="20210517 12:52:53.326" endtime="20210517 12:52:53.645"/>
</kw>
<kw name="Go To Login Pages" library="auth">
<kw name="Go To" library="Browser">
<arg>https://theotokus-bodytest-web.herokuapp.com/</arg>
<tag>BrowserControl</tag>
<tag>Setter</tag>
<doc>Navigates to the given ``url``.</doc>
<msg timestamp="20210517 12:52:55.494" level="INFO">Succesfully opened URL https://theotokus-bodytest-web.herokuapp.com/</msg>
<status status="PASS" starttime="20210517 12:52:53.647" endtime="20210517 12:52:55.495"/>
</kw>
<status status="PASS" starttime="20210517 12:52:53.646" endtime="20210517 12:52:55.495"/>
</kw>
<kw name="Login With" library="auth">
<arg>admin@bodytest.com</arg>
<arg>pwd123</arg>
<kw name="Fill Text" library="Browser">
<arg>css=input[name=email]</arg>
<arg>${email}</arg>
<tag>PageContent</tag>
<tag>Setter</tag>
<doc>Clears and fills the given ``text`` into the text field found by ``selector``.</doc>
<msg timestamp="20210517 12:52:55.497" level="INFO">Fills the text 'admin@bodytest.com' in the given field.</msg>
<status status="PASS" starttime="20210517 12:52:55.496" endtime="20210517 12:52:55.556"/>
</kw>
<kw name="Fill Text" library="Browser">
<arg>css=input[name=password]</arg>
<arg>${pass}</arg>
<tag>PageContent</tag>
<tag>Setter</tag>
<doc>Clears and fills the given ``text`` into the text field found by ``selector``.</doc>
<msg timestamp="20210517 12:52:55.558" level="INFO">Fills the text 'pwd123' in the given field.</msg>
<status status="PASS" starttime="20210517 12:52:55.557" endtime="20210517 12:52:55.587"/>
</kw>
<kw name="Click" library="Browser">
<arg>text=Entrar</arg>
<tag>PageContent</tag>
<tag>Setter</tag>
<doc>Simulates mouse click on the element found by ``selector``.</doc>
<status status="PASS" starttime="20210517 12:52:55.588" endtime="20210517 12:52:55.665"/>
</kw>
<status status="PASS" starttime="20210517 12:52:55.495" endtime="20210517 12:52:55.666"/>
</kw>
<kw name="User Should Be Logged In" library="nav">
<arg>Administrador</arg>
<kw name="Get Text" library="Browser">
<arg>css=aside strong</arg>
<arg>should be</arg>
<arg>${user_name}</arg>
<tag>Assertion</tag>
<tag>Getter</tag>
<tag>PageContent</tag>
<doc>Returns text attribute of the element found by ``selector``.
See the `Finding elements` section for details about the selectors.</doc>
<status status="PASS" starttime="20210517 12:52:55.668" endtime="20210517 12:52:56.525"/>
</kw>
<status status="PASS" starttime="20210517 12:52:55.666" endtime="20210517 12:52:56.525"/>
</kw>
<status status="PASS" starttime="20210517 12:52:53.322" endtime="20210517 12:52:56.525"/>
</kw>
<kw name="Create Dictionary" library="BuiltIn">
<var>&amp;{plan}</var>
<arg>title=Plano Loyola</arg>
<arg>duration=12</arg>
<arg>price=19.99</arg>
<doc>Creates and returns a dictionary based on the given ``items``.</doc>
<msg timestamp="20210517 12:52:56.528" level="INFO">&amp;{plan} = { title=Plano Loyola | duration=12 | price=19.99 }</msg>
<status status="PASS" starttime="20210517 12:52:56.527" endtime="20210517 12:52:56.528"/>
</kw>
<kw name="Insert Plan" library="DeloreanLibrary">
<arg>${plan}</arg>
<msg timestamp="20210517 12:52:56.529" level="INFO">delete from plans where title = 'Plano Loyola'</msg>
<msg timestamp="20210517 12:52:57.741" level="INFO">insert into plans(title, duration, price, created_at, updated_at)values('Plano Loyola',12,19.99, NOW(), NOW());</msg>
<status status="PASS" starttime="20210517 12:52:56.528" endtime="20210517 12:52:58.890"/>
</kw>
<kw name="Go To Plans" library="nav">
<kw name="Click" library="Browser">
<arg>css=a[href$=planos]</arg>
<tag>PageContent</tag>
<tag>Setter</tag>
<doc>Simulates mouse click on the element found by ``selector``.</doc>
<status status="PASS" starttime="20210517 12:52:58.893" endtime="20210517 12:52:59.001"/>
</kw>
<kw name="Wait For Elements State" library="Browser">
<arg>css=h1 &gt;&gt; text=Gestão de Planos</arg>
<arg>visible</arg>
<arg>5</arg>
<tag>PageContent</tag>
<tag>Wait</tag>
<doc>Waits for the element found by ``selector`` to satisfy state option.</doc>
<msg timestamp="20210517 12:52:59.028" level="INFO">Wait for Element with selector: css=h1 &gt;&gt; text=Gestão de Planos</msg>
<status status="PASS" starttime="20210517 12:52:59.001" endtime="20210517 12:52:59.028"/>
</kw>
<status status="PASS" starttime="20210517 12:52:58.891" endtime="20210517 12:52:59.029"/>
</kw>
<kw name="Search Plan By Title" library="plans">
<arg>${plan.title}</arg>
<kw name="Fill Text" library="Browser">
<arg>css=input[placeholder="Buscar plano"]</arg>
<arg>${title}</arg>
<tag>PageContent</tag>
<tag>Setter</tag>
<doc>Clears and fills the given ``text`` into the text field found by ``selector``.</doc>
<msg timestamp="20210517 12:52:59.031" level="INFO">Fills the text 'Plano Loyola' in the given field.</msg>
<status status="PASS" starttime="20210517 12:52:59.031" endtime="20210517 12:52:59.068"/>
</kw>
<status status="PASS" starttime="20210517 12:52:59.029" endtime="20210517 12:52:59.069"/>
</kw>
<kw name="Request Removal By Title" library="plans">
<arg>${plan.title}</arg>
<kw name="Click" library="Browser">
<arg>xpath=//td[contains(text(),"${title}")]/../td/button[@id="trash"]</arg>
<tag>PageContent</tag>
<tag>Setter</tag>
<doc>Simulates mouse click on the element found by ``selector``.</doc>
<status status="PASS" starttime="20210517 12:52:59.071" endtime="20210517 12:52:59.539"/>
</kw>
<status status="PASS" starttime="20210517 12:52:59.069" endtime="20210517 12:52:59.540"/>
</kw>
<kw name="Confirm Removal" library="students">
<kw name="Click" library="Browser">
<arg>text=SIM, pode apagar!</arg>
<tag>PageContent</tag>
<tag>Setter</tag>
<doc>Simulates mouse click on the element found by ``selector``.</doc>
<status status="PASS" starttime="20210517 12:52:59.541" endtime="20210517 12:52:59.898"/>
</kw>
<status status="PASS" starttime="20210517 12:52:59.540" endtime="20210517 12:52:59.898"/>
</kw>
<kw name="Toaster Text Should Be" library="components">
<arg>Plano removido com sucesso</arg>
<kw name="Wait For Elements State" library="Browser">
<arg>css=.Toastify__toast-body &gt;&gt; text=${expect_text}</arg>
<arg>visible</arg>
<arg>5</arg>
<tag>PageContent</tag>
<tag>Wait</tag>
<doc>Waits for the element found by ``selector`` to satisfy state option.</doc>
<msg timestamp="20210517 12:53:00.315" level="INFO">Wait for Element with selector: css=.Toastify__toast-body &gt;&gt; text=Plano removido com sucesso</msg>
<status status="PASS" starttime="20210517 12:52:59.900" endtime="20210517 12:53:00.316"/>
</kw>
<status status="PASS" starttime="20210517 12:52:59.899" endtime="20210517 12:53:00.316"/>
</kw>
<kw name="Plan Should Not Visible" library="plans">
<arg>${plan.title}</arg>
<kw name="Wait For Elements State" library="Browser">
<arg>xpath=//td[contains(text(),"${title}")]</arg>
<arg>detached</arg>
<arg>5</arg>
<tag>PageContent</tag>
<tag>Wait</tag>
<doc>Waits for the element found by ``selector`` to satisfy state option.</doc>
<msg timestamp="20210517 12:53:00.336" level="INFO">Wait for Element with selector: xpath=//td[contains(text(),"Plano Loyola")]</msg>
<status status="PASS" starttime="20210517 12:53:00.319" endtime="20210517 12:53:00.336"/>
</kw>
<status status="PASS" starttime="20210517 12:53:00.317" endtime="20210517 12:53:00.336"/>
</kw>
<kw name="Thinking And Take Screenshot" library="base" type="TEARDOWN">
<arg>2</arg>
<kw name="Sleep" library="BuiltIn">
<arg>${timeout}</arg>
<doc>Pauses the test executed for the given time.</doc>
<msg timestamp="20210517 12:53:02.339" level="INFO">Slept 2 seconds</msg>
<status status="PASS" starttime="20210517 12:53:00.338" endtime="20210517 12:53:02.339"/>
</kw>
<kw name="Take Screenshot" library="Browser">
<tag>PageContent</tag>
<doc>Takes a screenshot of the current window and saves it to ``path``. Saves it as a png.</doc>
<msg timestamp="20210517 12:53:02.482" level="INFO" html="true">&lt;/td&gt;&lt;/tr&gt;&lt;tr&gt;&lt;td colspan="3"&gt;&lt;a href="browser/screenshot/robotframework-browser-screenshot-6.png"&gt;&lt;img src="browser/screenshot/robotframework-browser-screenshot-6.png" width="800px"&gt;&lt;/a&gt;</msg>
<status status="PASS" starttime="20210517 12:53:02.340" endtime="20210517 12:53:02.483"/>
</kw>
<status status="PASS" starttime="20210517 12:53:00.337" endtime="20210517 12:53:02.483"/>
</kw>
<status status="PASS" starttime="20210517 12:52:53.317" endtime="20210517 12:53:02.483"/>
</test>
<doc>Remoção de planos</doc>
<status status="PASS" starttime="20210517 12:52:46.413" endtime="20210517 12:53:02.529"/>
</suite>
<suite id="s1-s2-s3" name="Search" source="/home/edson/workspace/courses/qa_ninja/robot_framework/bodytest/tests/plans/search.robot">
<kw name="Start Admin Session" library="base" type="SETUP">
<kw name="Start Browser Session" library="base">
<kw name="New Browser" library="Browser">
<arg>chromium</arg>
<arg>true</arg>
<tag>BrowserControl</tag>
<tag>Setter</tag>
<doc>Create a new playwright Browser with specified options.
See `Browser, Context and Page` for more information about Browser and related concepts.</doc>
<msg timestamp="20210517 12:53:02.556" level="INFO">{"browser": "chromium", "headless": true, "handleSIGINT": true, "handleSIGTERM": true, "handleSIGHUP": true, "timeout": 30000.0, "devtools": false, "slowMo": 0.0}</msg>
<msg timestamp="20210517 12:53:02.738" level="INFO">Successfully created browser with options: {"browser":"chromium","headless":true,"handleSIGINT":true,"handleSIGTERM":true,"handleSIGHUP":true,"timeout":30000,"devtools":false,"slowMo":0}</msg>
<status status="PASS" starttime="20210517 12:53:02.555" endtime="20210517 12:53:02.739"/>
</kw>
<kw name="New Page" library="Browser">
<arg>about:blank</arg>
<tag>BrowserControl</tag>
<tag>Setter</tag>
<doc>Open a new Page. A Page is the Playwright equivalent to a tab.
See `Browser, Context and Page` for more information about Page concept.
Returns a stable identifier for the created page.</doc>
<msg timestamp="20210517 12:53:02.872" level="INFO">Successfully initialized new page object and opened url: about:blank</msg>
<status status="PASS" starttime="20210517 12:53:02.739" endtime="20210517 12:53:02.872"/>
</kw>
<status status="PASS" starttime="20210517 12:53:02.555" endtime="20210517 12:53:02.873"/>
</kw>
<kw name="Go To Login Pages" library="auth">
<kw name="Go To" library="Browser">
<arg>https://theotokus-bodytest-web.herokuapp.com/</arg>
<tag>BrowserControl</tag>
<tag>Setter</tag>
<doc>Navigates to the given ``url``.</doc>
<msg timestamp="20210517 12:53:04.752" level="INFO">Succesfully opened URL https://theotokus-bodytest-web.herokuapp.com/</msg>
<status status="PASS" starttime="20210517 12:53:02.875" endtime="20210517 12:53:04.753"/>
</kw>
<status status="PASS" starttime="20210517 12:53:02.874" endtime="20210517 12:53:04.753"/>
</kw>
<kw name="Login With" library="auth">
<arg>admin@bodytest.com</arg>
<arg>pwd123</arg>
<kw name="Fill Text" library="Browser">
<arg>css=input[name=email]</arg>
<arg>${email}</arg>
<tag>PageContent</tag>
<tag>Setter</tag>
<doc>Clears and fills the given ``text`` into the text field found by ``selector``.</doc>
<msg timestamp="20210517 12:53:04.755" level="INFO">Fills the text 'admin@bodytest.com' in the given field.</msg>
<status status="PASS" starttime="20210517 12:53:04.755" endtime="20210517 12:53:04.812"/>
</kw>
<kw name="Fill Text" library="Browser">
<arg>css=input[name=password]</arg>
<arg>${pass}</arg>
<tag>PageContent</tag>
<tag>Setter</tag>
<doc>Clears and fills the given ``text`` into the text field found by ``selector``.</doc>
<msg timestamp="20210517 12:53:04.813" level="INFO">Fills the text 'pwd123' in the given field.</msg>
<status status="PASS" starttime="20210517 12:53:04.812" endtime="20210517 12:53:04.841"/>
</kw>
<kw name="Click" library="Browser">
<arg>text=Entrar</arg>
<tag>PageContent</tag>
<tag>Setter</tag>
<doc>Simulates mouse click on the element found by ``selector``.</doc>
<status status="PASS" starttime="20210517 12:53:04.842" endtime="20210517 12:53:04.928"/>
</kw>
<status status="PASS" starttime="20210517 12:53:04.754" endtime="20210517 12:53:04.928"/>
</kw>
<kw name="User Should Be Logged In" library="nav">
<arg>Administrador</arg>
<kw name="Get Text" library="Browser">
<arg>css=aside strong</arg>
<arg>should be</arg>
<arg>${user_name}</arg>
<tag>Assertion</tag>
<tag>Getter</tag>
<tag>PageContent</tag>
<doc>Returns text attribute of the element found by ``selector``.
See the `Finding elements` section for details about the selectors.</doc>
<status status="PASS" starttime="20210517 12:53:04.929" endtime="20210517 12:53:05.830"/>
</kw>
<status status="PASS" starttime="20210517 12:53:04.928" endtime="20210517 12:53:05.831"/>
</kw>
<status status="PASS" starttime="20210517 12:53:02.555" endtime="20210517 12:53:05.831"/>
</kw>
<test id="s1-s2-s3-t1" name="Cenario: Busca exata">
<kw name="Create Dictionary" library="BuiltIn">
<var>&amp;{plan}</var>
<arg>title=Plano Theotokus2</arg>
<arg>duration=12</arg>
<arg>price=19.99</arg>
<arg>total=R$ 239,88</arg>
<doc>Creates and returns a dictionary based on the given ``items``.</doc>
<msg timestamp="20210517 12:53:05.847" level="INFO">&amp;{plan} = { title=Plano Theotokus2 | duration=12 | price=19.99 | total=R$ 239,88 }</msg>
<status status="PASS" starttime="20210517 12:53:05.846" endtime="20210517 12:53:05.847"/>
</kw>
<kw name="Remove Plan By Title" library="DeloreanLibrary">
<arg>${plan.title}</arg>
<msg timestamp="20210517 12:53:05.850" level="INFO">delete from plans where title LIKE '%Plano Theotokus2%'</msg>
<status status="PASS" starttime="20210517 12:53:05.848" endtime="20210517 12:53:07.063"/>
</kw>
<kw name="Insert Plan" library="DeloreanLibrary">
<arg>${plan}</arg>
<msg timestamp="20210517 12:53:07.064" level="INFO">delete from plans where title = 'Plano Theotokus2'</msg>
<msg timestamp="20210517 12:53:08.250" level="INFO">insert into plans(title, duration, price, created_at, updated_at)values('Plano Theotokus2',12,19.99, NOW(), NOW());</msg>
<status status="PASS" starttime="20210517 12:53:07.064" endtime="20210517 12:53:09.442"/>
</kw>
<kw name="Go To Plans" library="nav">
<kw name="Click" library="Browser">
<arg>css=a[href$=planos]</arg>
<tag>PageContent</tag>
<tag>Setter</tag>
[...]
<kw name="Insert Student" library="DeloreanLibrary">
<arg>${item}</arg>
<msg timestamp="20210517 12:54:49.471" level="INFO">delete from students where email = 'dbeckham@yahoo.com'</msg>
<msg timestamp="20210517 12:54:50.681" level="INFO">insert into students(name, email, age, weight, feet_tall, created_at, updated_at)values('David Beckham','dbeckham@yahoo.com',35,75,1.75,NOW(),NOW());</msg>
<status status="PASS" starttime="20210517 12:54:49.470" endtime="20210517 12:54:51.841"/>
</kw>
<status status="PASS" starttime="20210517 12:54:49.470" endtime="20210517 12:54:51.841"/>
</iter>
<status status="PASS" starttime="20210517 12:54:44.950" endtime="20210517 12:54:51.842"/>
</for>
<kw name="Go to Students" library="nav">
<kw name="Click" library="Browser">
<arg>css=a[href$=alunos]</arg>
<tag>PageContent</tag>
<tag>Setter</tag>
<doc>Simulates mouse click on the element found by ``selector``.</doc>
<status status="PASS" starttime="20210517 12:54:51.843" endtime="20210517 12:54:51.882"/>
</kw>
<kw name="Wait For Elements State" library="Browser">
<arg>css=h1 &gt;&gt; text=Gestão de Alunos</arg>
<arg>visible</arg>
<arg>5</arg>
<tag>PageContent</tag>
<tag>Wait</tag>
<doc>Waits for the element found by ``selector`` to satisfy state option.</doc>
<msg timestamp="20210517 12:54:51.895" level="INFO">Wait for Element with selector: css=h1 &gt;&gt; text=Gestão de Alunos</msg>
<status status="PASS" starttime="20210517 12:54:51.882" endtime="20210517 12:54:51.895"/>
</kw>
<status status="PASS" starttime="20210517 12:54:51.842" endtime="20210517 12:54:51.896"/>
</kw>
<kw name="Search Student By Name" library="students">
<arg>${word}</arg>
<kw name="Fill Text" library="Browser">
<arg>css=input[placeholder="Buscar aluno"]</arg>
<arg>${name}</arg>
<tag>PageContent</tag>
<tag>Setter</tag>
<doc>Clears and fills the given ``text`` into the text field found by ``selector``.</doc>
<msg timestamp="20210517 12:54:51.898" level="INFO">Fills the text 'David' in the given field.</msg>
<status status="PASS" starttime="20210517 12:54:51.897" endtime="20210517 12:54:51.923"/>
</kw>
<status status="PASS" starttime="20210517 12:54:51.896" endtime="20210517 12:54:51.923"/>
</kw>
<for flavor="IN">
<var>${item}</var>
<value>@{students}</value>
<iter>
<var name="${item}">{'name': 'David Guetta', 'email': 'dguetta@gmail.com', 'age': 35, 'weight': 75, 'feet_tall': 1.75}</var>
<kw name="Student Name Should Be Visible" library="components">
<arg>${item['name']}</arg>
<kw name="Wait For Elements State" library="Browser">
<arg>css=table tbody tr &gt;&gt; text=${name}</arg>
<arg>visible</arg>
<arg>5</arg>
<tag>PageContent</tag>
<tag>Wait</tag>
<doc>Waits for the element found by ``selector`` to satisfy state option.</doc>
<msg timestamp="20210517 12:54:57.073" level="INFO" html="true">&lt;/td&gt;&lt;/tr&gt;&lt;tr&gt;&lt;td colspan="3"&gt;&lt;a href="Cenario_Busca_alunos_por_um_nico_termo_FAILURE_SCREENSHOT_6.png"&gt;&lt;img src="Cenario_Busca_alunos_por_um_nico_termo_FAILURE_SCREENSHOT_6.png" width="800px"&gt;&lt;/a&gt;</msg>
<msg timestamp="20210517 12:54:57.074" level="FAIL">TimeoutError: page.waitForSelector: Timeout 5000ms exceeded.
=========================== logs ===========================
waiting for selector "css=table tbody tr &gt;&gt; text=David Guetta" to be visible
============================================================
Note: use DEBUG=pw:api environment variable to capture Playwright logs.</msg>
<status status="FAIL" starttime="20210517 12:54:51.927" endtime="20210517 12:54:57.074"/>
</kw>
<status status="FAIL" starttime="20210517 12:54:51.925" endtime="20210517 12:54:57.074"/>
</kw>
<status status="FAIL" starttime="20210517 12:54:51.925" endtime="20210517 12:54:57.074"/>
</iter>
<status status="FAIL" starttime="20210517 12:54:51.923" endtime="20210517 12:54:57.075"/>
</for>
<kw name="Total Items Should Be" library="components">
<arg>${total}</arg>
<status status="NOT RUN" starttime="20210517 12:54:57.075" endtime="20210517 12:54:57.075"/>
</kw>
<kw name="Take Screenshot" library="Browser" type="TEARDOWN">
<tag>PageContent</tag>
<doc>Takes a screenshot of the current window and saves it to ``path``. Saves it as a png.</doc>
<msg timestamp="20210517 12:54:57.198" level="INFO" html="true">&lt;/td&gt;&lt;/tr&gt;&lt;tr&gt;&lt;td colspan="3"&gt;&lt;a href="browser/screenshot/robotframework-browser-screenshot-21.png"&gt;&lt;img src="browser/screenshot/robotframework-browser-screenshot-21.png" width="800px"&gt;&lt;/a&gt;</msg>
<status status="PASS" starttime="20210517 12:54:57.076" endtime="20210517 12:54:57.198"/>
</kw>
<status status="FAIL" starttime="20210517 12:54:43.784" endtime="20210517 12:54:57.199">TimeoutError: page.waitForSelector: Timeout 5000ms exceeded.
=========================== logs ===========================
waiting for selector "css=table tbody tr &gt;&gt; text=David Guetta" to be visible
============================================================
Note: use DEBUG=pw:api environment variable to capture Playwright logs.</status>
</test>
<doc>Buscar alunos</doc>
<status status="FAIL" starttime="20210517 12:54:30.108" endtime="20210517 12:54:57.206"/>
</suite>
<suite id="s1-s3-s4" name="Update" source="/home/edson/workspace/courses/qa_ninja/robot_framework/bodytest/tests/students/update.robot">
<kw name="Start Admin Session" library="base" type="SETUP">
<kw name="Start Browser Session" library="base">
<kw name="New Browser" library="Browser">
<arg>chromium</arg>
<arg>true</arg>
<tag>BrowserControl</tag>
<tag>Setter</tag>
<doc>Create a new playwright Browser with specified options.
See `Browser, Context and Page` for more information about Browser and related concepts.</doc>
<msg timestamp="20210517 12:54:57.263" level="INFO">{"browser": "chromium", "headless": true, "handleSIGINT": true, "handleSIGTERM": true, "handleSIGHUP": true, "timeout": 30000.0, "devtools": false, "slowMo": 0.0}</msg>
<msg timestamp="20210517 12:54:57.437" level="INFO">Successfully created browser with options: {"browser":"chromium","headless":true,"handleSIGINT":true,"handleSIGTERM":true,"handleSIGHUP":true,"timeout":30000,"devtools":false,"slowMo":0}</msg>
<status status="PASS" starttime="20210517 12:54:57.262" endtime="20210517 12:54:57.437"/>
</kw>
<kw name="New Page" library="Browser">
<arg>about:blank</arg>
<tag>BrowserControl</tag>
<tag>Setter</tag>
<doc>Open a new Page. A Page is the Playwright equivalent to a tab.
See `Browser, Context and Page` for more information about Page concept.
Returns a stable identifier for the created page.</doc>
<msg timestamp="20210517 12:54:57.538" level="INFO">Successfully initialized new page object and opened url: about:blank</msg>
<status status="PASS" starttime="20210517 12:54:57.438" endtime="20210517 12:54:57.539"/>
</kw>
<status status="PASS" starttime="20210517 12:54:57.262" endtime="20210517 12:54:57.539"/>
</kw>
<kw name="Go To Login Pages" library="auth">
<kw name="Go To" library="Browser">
<arg>https://theotokus-bodytest-web.herokuapp.com/</arg>
<tag>BrowserControl</tag>
<tag>Setter</tag>
<doc>Navigates to the given ``url``.</doc>
<msg timestamp="20210517 12:54:59.362" level="INFO">Succesfully opened URL https://theotokus-bodytest-web.herokuapp.com/</msg>
<status status="PASS" starttime="20210517 12:54:57.540" endtime="20210517 12:54:59.363"/>
</kw>
<status status="PASS" starttime="20210517 12:54:57.539" endtime="20210517 12:54:59.363"/>
</kw>
<kw name="Login With" library="auth">
<arg>admin@bodytest.com</arg>
<arg>pwd123</arg>
<kw name="Fill Text" library="Browser">
<arg>css=input[name=email]</arg>
<arg>${email}</arg>
<tag>PageContent</tag>
<tag>Setter</tag>
<doc>Clears and fills the given ``text`` into the text field found by ``selector``.</doc>
<msg timestamp="20210517 12:54:59.365" level="INFO">Fills the text 'admin@bodytest.com' in the given field.</msg>
<status status="PASS" starttime="20210517 12:54:59.364" endtime="20210517 12:54:59.439"/>
</kw>
<kw name="Fill Text" library="Browser">
<arg>css=input[name=password]</arg>
<arg>${pass}</arg>
<tag>PageContent</tag>
<tag>Setter</tag>
<doc>Clears and fills the given ``text`` into the text field found by ``selector``.</doc>
<msg timestamp="20210517 12:54:59.440" level="INFO">Fills the text 'pwd123' in the given field.</msg>
<status status="PASS" starttime="20210517 12:54:59.439" endtime="20210517 12:54:59.480"/>
</kw>
<kw name="Click" library="Browser">
<arg>text=Entrar</arg>
<tag>PageContent</tag>
<tag>Setter</tag>
<doc>Simulates mouse click on the element found by ``selector``.</doc>
<status status="PASS" starttime="20210517 12:54:59.481" endtime="20210517 12:54:59.557"/>
</kw>
<status status="PASS" starttime="20210517 12:54:59.364" endtime="20210517 12:54:59.558"/>
</kw>
<kw name="User Should Be Logged In" library="nav">
<arg>Administrador</arg>
<kw name="Get Text" library="Browser">
<arg>css=aside strong</arg>
<arg>should be</arg>
<arg>${user_name}</arg>
<tag>Assertion</tag>
<tag>Getter</tag>
<tag>PageContent</tag>
<doc>Returns text attribute of the element found by ``selector``.
See the `Finding elements` section for details about the selectors.</doc>
<status status="PASS" starttime="20210517 12:54:59.558" endtime="20210517 12:55:00.409"/>
</kw>
<status status="PASS" starttime="20210517 12:54:59.558" endtime="20210517 12:55:00.409"/>
</kw>
<status status="PASS" starttime="20210517 12:54:57.261" endtime="20210517 12:55:00.410"/>
</kw>
<test id="s1-s3-s4-t1" name="Cenario: Atualizar um aluno já cadastrado">
<kw name="Get JSON" library="base">
<var>${fixture}</var>
<arg>students-update.json</arg>
<kw name="Get File" library="OperatingSystem">
<var>${file}</var>
<arg>${EXECDIR}/resources/fixtures/${file_name}</arg>
<doc>Returns the contents of a specified file.</doc>
<msg timestamp="20210517 12:55:00.420" level="INFO" html="true">Getting file '&lt;a href="file:///home/edson/workspace/courses/qa_ninja/robot_framework/bodytest/resources/fixtures/students-update.json"&gt;/home/edson/workspace/courses/qa_ninja/robot_framework/bodytest/resources/fixtures/students-update.json&lt;/a&gt;'.</msg>
<msg timestamp="20210517 12:55:00.420" level="INFO">${file} = {
    "before": {
        "name": "Kamala Khan",
        "email": "kamalakhan@gmail.com",
        "age": 15,
        "weight": 60,
        "feet_tall": 1.70
    },
    "after": {
        "name": "Ms M...</msg>
<status status="PASS" starttime="20210517 12:55:00.419" endtime="20210517 12:55:00.420"/>
</kw>
<kw name="Evaluate" library="BuiltIn">
<var>${json_object}</var>
<arg>json.loads($file)</arg>
<arg>json</arg>
<doc>Evaluates the given expression in Python and returns the result.</doc>
<msg timestamp="20210517 12:55:00.421" level="INFO">${json_object} = {'before': {'name': 'Kamala Khan', 'email': 'kamalakhan@gmail.com', 'age': 15, 'weight': 60, 'feet_tall': 1.7}, 'after': {'name': 'Ms Marvel', 'email': 'ms@marvel.com', 'age': 16, 'weight': 65, 'feet_...</msg>
<status status="PASS" starttime="20210517 12:55:00.420" endtime="20210517 12:55:00.421"/>
</kw>
<msg timestamp="20210517 12:55:00.422" level="INFO">${fixture} = {'before': {'name': 'Kamala Khan', 'email': 'kamalakhan@gmail.com', 'age': 15, 'weight': 60, 'feet_tall': 1.7}, 'after': {'name': 'Ms Marvel', 'email': 'ms@marvel.com', 'age': 16, 'weight': 65, 'feet_...</msg>
<status status="PASS" starttime="20210517 12:55:00.418" endtime="20210517 12:55:00.422"/>
</kw>
<kw name="Set Variable" library="BuiltIn">
<var>${kamalakhan}</var>
<arg>${fixture['before']}</arg>
<doc>Returns the given values which can then be assigned to a variables.</doc>
<msg timestamp="20210517 12:55:00.425" level="INFO">${kamalakhan} = {'name': 'Kamala Khan', 'email': 'kamalakhan@gmail.com', 'age': 15, 'weight': 60, 'feet_tall': 1.7}</msg>
<status status="PASS" starttime="20210517 12:55:00.422" endtime="20210517 12:55:00.425"/>
</kw>
<kw name="Set Variable" library="BuiltIn">
<var>${msmarvel}</var>
<arg>${fixture['after']}</arg>
<doc>Returns the given values which can then be assigned to a variables.</doc>
<msg timestamp="20210517 12:55:00.427" level="INFO">${msmarvel} = {'name': 'Ms Marvel', 'email': 'ms@marvel.com', 'age': 16, 'weight': 65, 'feet_tall': 1.72}</msg>
<status status="PASS" starttime="20210517 12:55:00.425" endtime="20210517 12:55:00.427"/>
</kw>
<kw name="Remove Student By Name" library="DeloreanLibrary">
<arg>${kamalakhan['name']}</arg>
<msg timestamp="20210517 12:55:00.429" level="INFO">delete from students where name LIKE '%Kamala Khan%'</msg>
<status status="PASS" starttime="20210517 12:55:00.427" endtime="20210517 12:55:01.559"/>
</kw>
<kw name="Remove Student By Name" library="DeloreanLibrary">
<arg>${msmarvel['name']}</arg>
<msg timestamp="20210517 12:55:01.562" level="INFO">delete from students where name LIKE '%Ms Marvel%'</msg>
<status status="PASS" starttime="20210517 12:55:01.559" endtime="20210517 12:55:02.701"/>
</kw>
<kw name="Insert Student" library="DeloreanLibrary">
<arg>${kamalakhan}</arg>
<msg timestamp="20210517 12:55:02.703" level="INFO">delete from students where email = 'kamalakhan@gmail.com'</msg>
<msg timestamp="20210517 12:55:03.861" level="INFO">insert into students(name, email, age, weight, feet_tall, created_at, updated_at)values('Kamala Khan','kamalakhan@gmail.com',15,60,1.7,NOW(),NOW());</msg>
<status status="PASS" starttime="20210517 12:55:02.702" endtime="20210517 12:55:04.995"/>
</kw>
<kw name="Go to Students" library="nav">
<kw name="Click" library="Browser">
<arg>css=a[href$=alunos]</arg>
<tag>PageContent</tag>
<tag>Setter</tag>
<doc>Simulates mouse click on the element found by ``selector``.</doc>
<status status="PASS" starttime="20210517 12:55:04.996" endtime="20210517 12:55:05.110"/>
</kw>
<kw name="Wait For Elements State" library="Browser">
<arg>css=h1 &gt;&gt; text=Gestão de Alunos</arg>
<arg>visible</arg>
<arg>5</arg>
<tag>PageContent</tag>
<tag>Wait</tag>
<doc>Waits for the element found by ``selector`` to satisfy state option.</doc>
<msg timestamp="20210517 12:55:05.139" level="INFO">Wait for Element with selector: css=h1 &gt;&gt; text=Gestão de Alunos</msg>
<status status="PASS" starttime="20210517 12:55:05.110" endtime="20210517 12:55:05.139"/>
</kw>
<status status="PASS" starttime="20210517 12:55:04.995" endtime="20210517 12:55:05.140"/>
</kw>
<kw name="Search Student By Name" library="students">
<arg>${kamalakhan['name']}</arg>
<kw name="Fill Text" library="Browser">
<arg>css=input[placeholder="Buscar aluno"]</arg>
<arg>${name}</arg>
<tag>PageContent</tag>
<tag>Setter</tag>
<doc>Clears and fills the given ``text`` into the text field found by ``selector``.</doc>
<msg timestamp="20210517 12:55:05.143" level="INFO">Fills the text 'Kamala Khan' in the given field.</msg>
<status status="PASS" starttime="20210517 12:55:05.142" endtime="20210517 12:55:05.170"/>
</kw>
<status status="PASS" starttime="20210517 12:55:05.140" endtime="20210517 12:55:05.170"/>
</kw>
<kw name="Go To Student Update Form" library="students">
<arg>${kamalakhan['email']}</arg>
<kw name="Click" library="Browser">
<arg>xpath=//td[contains(text(),'${email}')]/..//a[@class='edit']</arg>
<tag>PageContent</tag>
<tag>Setter</tag>
<doc>Simulates mouse click on the element found by ``selector``.</doc>
<msg timestamp="20210517 12:55:15.306" level="INFO" html="true">&lt;/td&gt;&lt;/tr&gt;&lt;tr&gt;&lt;td colspan="3"&gt;&lt;a href="Cenario_Atualizar_um_aluno_j_cadastrado_FAILURE_SCREENSHOT_6.png"&gt;&lt;img src="Cenario_Atualizar_um_aluno_j_cadastrado_FAILURE_SCREENSHOT_6.png" width="800px"&gt;&lt;/a&gt;</msg>
<msg timestamp="20210517 12:55:15.306" level="FAIL">TimeoutError: page.click: Timeout 10000ms exceeded.
=========================== logs ===========================
waiting for selector "xpath=//td[contains(text(),'kamalakhan@gmail.com')]/..//a[@class='edit']"
============================================================
Note: use DEBUG=pw:api environment variable to capture Playwright logs.</msg>
<status status="FAIL" starttime="20210517 12:55:05.174" endtime="20210517 12:55:15.306"/>
</kw>
<kw name="Wait For Elements State" library="Browser">
<arg>css=h1 &gt;&gt; text=Edição de aluno</arg>
<arg>visible</arg>
<arg>5</arg>
<tag>PageContent</tag>
<tag>Wait</tag>
<doc>Waits for the element found by ``selector`` to satisfy state option.</doc>
<status status="NOT RUN" starttime="20210517 12:55:15.307" endtime="20210517 12:55:15.307"/>
</kw>
<status status="FAIL" starttime="20210517 12:55:05.171" endtime="20210517 12:55:15.307"/>
</kw>
<kw name="Update a Student" library="students">
<arg>${msmarvel}</arg>
<status status="NOT RUN" starttime="20210517 12:55:15.307" endtime="20210517 12:55:15.308"/>
</kw>
<kw name="Toaster Text Should Be" library="components">
<arg>Aluno atualizado com sucesso.</arg>
<status status="NOT RUN" starttime="20210517 12:55:15.308" endtime="20210517 12:55:15.308"/>
</kw>
<kw name="Submit Student Form" library="students">
<status status="NOT RUN" starttime="20210517 12:55:15.310" endtime="20210517 12:55:15.310"/>
</kw>
<kw name="Thinking And Take Screenshot" library="base" type="TEARDOWN">
<arg>2</arg>
<kw name="Sleep" library="BuiltIn">
<arg>${timeout}</arg>
<doc>Pauses the test executed for the given time.</doc>
<msg timestamp="20210517 12:55:17.312" level="INFO">Slept 2 seconds</msg>
<status status="PASS" starttime="20210517 12:55:15.311" endtime="20210517 12:55:17.312"/>
</kw>
<kw name="Take Screenshot" library="Browser">
<tag>PageContent</tag>
<doc>Takes a screenshot of the current window and saves it to ``path``. Saves it as a png.</doc>
<msg timestamp="20210517 12:55:17.424" level="INFO" html="true">&lt;/td&gt;&lt;/tr&gt;&lt;tr&gt;&lt;td colspan="3"&gt;&lt;a href="browser/screenshot/robotframework-browser-screenshot-22.png"&gt;&lt;img src="browser/screenshot/robotframework-browser-screenshot-22.png" width="800px"&gt;&lt;/a&gt;</msg>
<status status="PASS" starttime="20210517 12:55:17.313" endtime="20210517 12:55:17.424"/>
</kw>
<status status="PASS" starttime="20210517 12:55:15.311" endtime="20210517 12:55:17.424"/>
</kw>
<status status="FAIL" starttime="20210517 12:55:00.410" endtime="20210517 12:55:17.425">TimeoutError: page.click: Timeout 10000ms exceeded.
=========================== logs ===========================
waiting for selector "xpath=//td[contains(text(),'kamalakhan@gmail.com')]/..//a[@class='edit']"
============================================================
Note: use DEBUG=pw:api environment variable to capture Playwright logs.</status>
</test>
<doc>Atualizar alunos</doc>
<status status="FAIL" starttime="20210517 12:54:57.247" endtime="20210517 12:55:17.434"/>
</suite>
<status status="FAIL" starttime="20210517 12:53:36.187" endtime="20210517 12:55:17.486"/>
</suite>
<status status="FAIL" starttime="20210517 12:52:22.849" endtime="20210517 12:55:17.498"/>
</suite>
<statistics>
<total>
<stat pass="20" fail="9" skip="0">All Tests</stat>
</total>
<tag>
</tag>
<suite>
<stat pass="20" fail="9" skip="0" id="s1" name="Tests">Tests</stat>
<stat pass="7" fail="0" skip="0" id="s1-s1" name="Login">Tests.Login</stat>
<stat pass="7" fail="0" skip="0" id="s1-s1-s1" name="Login">Tests.Login.Login</stat>
<stat pass="7" fail="3" skip="0" id="s1-s2" name="Plans">Tests.Plans</stat>
<stat pass="4" fail="0" skip="0" id="s1-s2-s1" name="Create">Tests.Plans.Create</stat>
<stat pass="2" fail="0" skip="0" id="s1-s2-s2" name="Remove">Tests.Plans.Remove</stat>
<stat pass="1" fail="2" skip="0" id="s1-s2-s3" name="Search">Tests.Plans.Search</stat>
<stat pass="0" fail="1" skip="0" id="s1-s2-s4" name="Update">Tests.Plans.Update</stat>
<stat pass="6" fail="6" skip="0" id="s1-s3" name="Students">Tests.Students</stat>
<stat pass="5" fail="1" skip="0" id="s1-s3-s1" name="Create">Tests.Students.Create</stat>
<stat pass="0" fail="2" skip="0" id="s1-s3-s2" name="Remove">Tests.Students.Remove</stat>
<stat pass="1" fail="2" skip="0" id="s1-s3-s3" name="Search">Tests.Students.Search</stat>
<stat pass="0" fail="1" skip="0" id="s1-s3-s4" name="Update">Tests.Students.Update</stat>
</suite>
</statistics>
<errors>
</errors>
</robot>
