<?xml version="1.0" encoding="UTF-8"?>
<robot generator="Robot 4.0 (Python 3.8.5 on linux)" generated="20210503 16:00:00.432" rpa="false" schemaversion="2">
<suite id="s1" name="Cadastro Alunos" source="/home/edson/workspace/courses/qa_ninja/robot_framework/bodytest/tests/cadastro_alunos.robot">
<kw name="Start Admin Session" library="base" type="SETUP">
<kw name="Start Browser Session" library="base">
<kw name="New Browser" library="Browser">
<arg>chromium</arg>
<arg>true</arg>
<tag>BrowserControl</tag>
<tag>Setter</tag>
<doc>Create a new playwright Browser with specified options.
See `Browser, Context and Page` for more information about Browser and related concepts.</doc>
<msg timestamp="20210503 16:00:01.364" level="INFO">{"browser": "chromium", "headless": true, "handleSIGINT": true, "handleSIGTERM": true, "handleSIGHUP": true, "timeout": 30000.0, "devtools": false, "slowMo": 0.0}</msg>
<msg timestamp="20210503 16:00:01.554" level="INFO">Successfully created browser with options: {"browser":"chromium","headless":true,"handleSIGINT":true,"handleSIGTERM":true,"handleSIGHUP":true,"timeout":30000,"devtools":false,"slowMo":0}</msg>
<status status="PASS" starttime="20210503 16:00:01.364" endtime="20210503 16:00:01.555"/>
</kw>
<kw name="New Page" library="Browser">
<arg>about:blank</arg>
<tag>BrowserControl</tag>
<tag>Setter</tag>
<doc>Open a new Page. A Page is the Playwright equivalent to a tab.
See `Browser, Context and Page` for more information about Page concept.
Returns a stable identifier for the created page.</doc>
<msg timestamp="20210503 16:00:01.659" level="INFO">Successfully initialized new page object and opened url: about:blank</msg>
<status status="PASS" starttime="20210503 16:00:01.555" endtime="20210503 16:00:01.660"/>
</kw>
<status status="PASS" starttime="20210503 16:00:01.363" endtime="20210503 16:00:01.660"/>
</kw>
<kw name="Go To Login Pages" library="auth">
<kw name="Go To" library="Browser">
<arg>https://theotokus-bodytest-web.herokuapp.com/</arg>
<tag>BrowserControl</tag>
<tag>Setter</tag>
<doc>Navigates to the given ``url``.</doc>
<msg timestamp="20210503 16:00:03.505" level="INFO">Succesfully opened URL https://theotokus-bodytest-web.herokuapp.com/</msg>
<status status="PASS" starttime="20210503 16:00:01.661" endtime="20210503 16:00:03.506"/>
</kw>
<status status="PASS" starttime="20210503 16:00:01.660" endtime="20210503 16:00:03.506"/>
</kw>
<kw name="Login With" library="auth">
<arg>admin@bodytest.com</arg>
<arg>pwd123</arg>
<kw name="Fill Text" library="Browser">
<arg>css=input[name=email]</arg>
<arg>${email}</arg>
<tag>PageContent</tag>
<tag>Setter</tag>
<doc>Clears and fills the given ``text`` into the text field found by ``selector``.</doc>
<msg timestamp="20210503 16:00:03.508" level="INFO">Fills the text 'admin@bodytest.com' in the given field.</msg>
<status status="PASS" starttime="20210503 16:00:03.508" endtime="20210503 16:00:03.578"/>
</kw>
<kw name="Fill Text" library="Browser">
<arg>css=input[name=password]</arg>
<arg>${pass}</arg>
<tag>PageContent</tag>
<tag>Setter</tag>
<doc>Clears and fills the given ``text`` into the text field found by ``selector``.</doc>
<msg timestamp="20210503 16:00:03.579" level="INFO">Fills the text 'pwd123' in the given field.</msg>
<status status="PASS" starttime="20210503 16:00:03.578" endtime="20210503 16:00:03.609"/>
</kw>
<kw name="Click" library="Browser">
<arg>text=Entrar</arg>
<tag>PageContent</tag>
<tag>Setter</tag>
<doc>Simulates mouse click on the element found by ``selector``.</doc>
<status status="PASS" starttime="20210503 16:00:03.610" endtime="20210503 16:00:03.700"/>
</kw>
<status status="PASS" starttime="20210503 16:00:03.507" endtime="20210503 16:00:03.700"/>
</kw>
<kw name="User Should Be Logged In" library="nav">
<arg>Administrador</arg>
<kw name="Get Text" library="Browser">
<arg>css=aside strong</arg>
<arg>should be</arg>
<arg>${user_name}</arg>
<tag>Assertion</tag>
<tag>Getter</tag>
<tag>PageContent</tag>
<doc>Returns text attribute of the element found by ``selector``.
See the `Finding elements` section for details about the selectors.</doc>
<status status="PASS" starttime="20210503 16:00:03.701" endtime="20210503 16:00:04.604"/>
</kw>
<status status="PASS" starttime="20210503 16:00:03.700" endtime="20210503 16:00:04.604"/>
</kw>
<status status="PASS" starttime="20210503 16:00:01.362" endtime="20210503 16:00:04.604"/>
</kw>
<test id="s1-t1" name="Validate Number Type">
<kw name="Check Type Field On Student Form">
<arg>css=input[name=age]</arg>
<arg>number</arg>
<kw name="Go to Students" library="nav">
<kw name="Click" library="Browser">
<arg>css=a[href$=alunos]</arg>
<tag>PageContent</tag>
<tag>Setter</tag>
<doc>Simulates mouse click on the element found by ``selector``.</doc>
<status status="PASS" starttime="20210503 16:00:04.614" endtime="20210503 16:00:04.716"/>
</kw>
<kw name="Wait For Elements State" library="Browser">
<arg>css=h1 &gt;&gt; text=Gestão de Alunos</arg>
<arg>visible</arg>
<arg>5</arg>
<tag>PageContent</tag>
<tag>Wait</tag>
<doc>Waits for the element found by ``selector`` to satisfy state option.</doc>
<msg timestamp="20210503 16:00:04.735" level="INFO">Wait for Element with selector: css=h1 &gt;&gt; text=Gestão de Alunos</msg>
<status status="PASS" starttime="20210503 16:00:04.717" endtime="20210503 16:00:04.735"/>
</kw>
<status status="PASS" starttime="20210503 16:00:04.614" endtime="20210503 16:00:04.735"/>
</kw>
<kw name="Go to Form Student" library="students">
<kw name="Click" library="Browser">
<arg>css=a[href$="alunos/new"]</arg>
<tag>PageContent</tag>
<tag>Setter</tag>
<doc>Simulates mouse click on the element found by ``selector``.</doc>
<status status="PASS" starttime="20210503 16:00:04.736" endtime="20210503 16:00:04.820"/>
</kw>
<kw name="Wait For Elements State" library="Browser">
<arg>css=h1 &gt;&gt; text=Novo aluno</arg>
<arg>visible</arg>
<arg>5</arg>
<tag>PageContent</tag>
<tag>Wait</tag>
<doc>Waits for the element found by ``selector`` to satisfy state option.</doc>
<msg timestamp="20210503 16:00:04.834" level="INFO">Wait for Element with selector: css=h1 &gt;&gt; text=Novo aluno</msg>
<status status="PASS" starttime="20210503 16:00:04.820" endtime="20210503 16:00:04.834"/>
</kw>
<status status="PASS" starttime="20210503 16:00:04.736" endtime="20210503 16:00:04.834"/>
</kw>
<kw name="Field Should Be Type" library="components">
<arg>${element}</arg>
<arg>${type}</arg>
<kw name="Get Attribute" library="Browser">
<var>${attr}</var>
<arg>${element}</arg>
<arg>type</arg>
<tag>Assertion</tag>
<tag>Getter</tag>
<tag>PageContent</tag>
<doc>Returns the HTML ``attribute`` of the element found by ``selector``.</doc>
<msg timestamp="20210503 16:00:04.863" level="INFO">${attr} = number</msg>
<status status="PASS" starttime="20210503 16:00:04.836" endtime="20210503 16:00:04.864"/>
</kw>
<kw name="Should Be Equal" library="BuiltIn">
<arg>${attr}</arg>
<arg>${type}</arg>
<doc>Fails if the given objects are unequal.</doc>
<status status="PASS" starttime="20210503 16:00:04.864" endtime="20210503 16:00:04.865"/>
</kw>
<status status="PASS" starttime="20210503 16:00:04.835" endtime="20210503 16:00:04.866"/>
</kw>
<status status="PASS" starttime="20210503 16:00:04.613" endtime="20210503 16:00:04.866"/>
</kw>
<kw name="Check Type Field On Student Form">
<arg>css=input[name=weight]</arg>
<arg>number</arg>
<kw name="Go to Students" library="nav">
<kw name="Click" library="Browser">
<arg>css=a[href$=alunos]</arg>
<tag>PageContent</tag>
<tag>Setter</tag>
<doc>Simulates mouse click on the element found by ``selector``.</doc>
<status status="PASS" starttime="20210503 16:00:04.870" endtime="20210503 16:00:04.930"/>
</kw>
<kw name="Wait For Elements State" library="Browser">
<arg>css=h1 &gt;&gt; text=Gestão de Alunos</arg>
<arg>visible</arg>
<arg>5</arg>
<tag>PageContent</tag>
<tag>Wait</tag>
<doc>Waits for the element found by ``selector`` to satisfy state option.</doc>
<msg timestamp="20210503 16:00:04.945" level="INFO">Wait for Element with selector: css=h1 &gt;&gt; text=Gestão de Alunos</msg>
<status status="PASS" starttime="20210503 16:00:04.930" endtime="20210503 16:00:04.946"/>
</kw>
<status status="PASS" starttime="20210503 16:00:04.869" endtime="20210503 16:00:04.946"/>
</kw>
<kw name="Go to Form Student" library="students">
<kw name="Click" library="Browser">
<arg>css=a[href$="alunos/new"]</arg>
<tag>PageContent</tag>
<tag>Setter</tag>
<doc>Simulates mouse click on the element found by ``selector``.</doc>
<status status="PASS" starttime="20210503 16:00:04.947" endtime="20210503 16:00:05.027"/>
</kw>
<kw name="Wait For Elements State" library="Browser">
<arg>css=h1 &gt;&gt; text=Novo aluno</arg>
<arg>visible</arg>
<arg>5</arg>
<tag>PageContent</tag>
<tag>Wait</tag>
<doc>Waits for the element found by ``selector`` to satisfy state option.</doc>
<msg timestamp="20210503 16:00:05.041" level="INFO">Wait for Element with selector: css=h1 &gt;&gt; text=Novo aluno</msg>
<status status="PASS" starttime="20210503 16:00:05.028" endtime="20210503 16:00:05.042"/>
</kw>
<status status="PASS" starttime="20210503 16:00:04.946" endtime="20210503 16:00:05.042"/>
</kw>
<kw name="Field Should Be Type" library="components">
<arg>${element}</arg>
<arg>${type}</arg>
<kw name="Get Attribute" library="Browser">
<var>${attr}</var>
<arg>${element}</arg>
<arg>type</arg>
<tag>Assertion</tag>
<tag>Getter</tag>
<tag>PageContent</tag>
<doc>Returns the HTML ``attribute`` of the element found by ``selector``.</doc>
<msg timestamp="20210503 16:00:05.070" level="INFO">${attr} = number</msg>
<status status="PASS" starttime="20210503 16:00:05.044" endtime="20210503 16:00:05.070"/>
</kw>
<kw name="Should Be Equal" library="BuiltIn">
<arg>${attr}</arg>
<arg>${type}</arg>
<doc>Fails if the given objects are unequal.</doc>
<status status="PASS" starttime="20210503 16:00:05.071" endtime="20210503 16:00:05.071"/>
</kw>
<status status="PASS" starttime="20210503 16:00:05.043" endtime="20210503 16:00:05.072"/>
</kw>
<status status="PASS" starttime="20210503 16:00:04.868" endtime="20210503 16:00:05.072"/>
</kw>
<kw name="Check Type Field On Student Form">
<arg>css=input[name=feet_tall]</arg>
<arg>number</arg>
<kw name="Go to Students" library="nav">
<kw name="Click" library="Browser">
<arg>css=a[href$=alunos]</arg>
<tag>PageContent</tag>
<tag>Setter</tag>
<doc>Simulates mouse click on the element found by ``selector``.</doc>
<status status="PASS" starttime="20210503 16:00:05.074" endtime="20210503 16:00:05.129"/>
</kw>
<kw name="Wait For Elements State" library="Browser">
<arg>css=h1 &gt;&gt; text=Gestão de Alunos</arg>
<arg>visible</arg>
<arg>5</arg>
<tag>PageContent</tag>
<tag>Wait</tag>
<doc>Waits for the element found by ``selector`` to satisfy state option.</doc>
<msg timestamp="20210503 16:00:05.144" level="INFO">Wait for Element with selector: css=h1 &gt;&gt; text=Gestão de Alunos</msg>
<status status="PASS" starttime="20210503 16:00:05.130" endtime="20210503 16:00:05.145"/>
</kw>
<status status="PASS" starttime="20210503 16:00:05.073" endtime="20210503 16:00:05.145"/>
</kw>
<kw name="Go to Form Student" library="students">
<kw name="Click" library="Browser">
<arg>css=a[href$="alunos/new"]</arg>
<tag>PageContent</tag>
<tag>Setter</tag>
<doc>Simulates mouse click on the element found by ``selector``.</doc>
<status status="PASS" starttime="20210503 16:00:05.146" endtime="20210503 16:00:05.222"/>
</kw>
<kw name="Wait For Elements State" library="Browser">
<arg>css=h1 &gt;&gt; text=Novo aluno</arg>
<arg>visible</arg>
<arg>5</arg>
<tag>PageContent</tag>
<tag>Wait</tag>
<doc>Waits for the element found by ``selector`` to satisfy state option.</doc>
<msg timestamp="20210503 16:00:05.238" level="INFO">Wait for Element with selector: css=h1 &gt;&gt; text=Novo aluno</msg>
<status status="PASS" starttime="20210503 16:00:05.222" endtime="20210503 16:00:05.239"/>
</kw>
<status status="PASS" starttime="20210503 16:00:05.145" endtime="20210503 16:00:05.239"/>
</kw>
<kw name="Field Should Be Type" library="components">
<arg>${element}</arg>
<arg>${type}</arg>
<kw name="Get Attribute" library="Browser">
<var>${attr}</var>
<arg>${element}</arg>
<arg>type</arg>
<tag>Assertion</tag>
<tag>Getter</tag>
<tag>PageContent</tag>
<doc>Returns the HTML ``attribute`` of the element found by ``selector``.</doc>
<msg timestamp="20210503 16:00:05.270" level="INFO">${attr} = number</msg>
<status status="PASS" starttime="20210503 16:00:05.241" endtime="20210503 16:00:05.270"/>
</kw>
<kw name="Should Be Equal" library="BuiltIn">
<arg>${attr}</arg>
<arg>${type}</arg>
<doc>Fails if the given objects are unequal.</doc>
<status status="PASS" starttime="20210503 16:00:05.271" endtime="20210503 16:00:05.272"/>
</kw>
<status status="PASS" starttime="20210503 16:00:05.240" endtime="20210503 16:00:05.272"/>
</kw>
<status status="PASS" starttime="20210503 16:00:05.072" endtime="20210503 16:00:05.272"/>
</kw>
<tag>temp</tag>
<status status="PASS" starttime="20210503 16:00:04.604" endtime="20210503 16:00:05.274"/>
</test>
<test id="s1-t2" name="Validate Email Type">
<kw name="Check Type Field On Student Form">
<arg>css=input[name=email]</arg>
<arg>email</arg>
<kw name="Go to Students" library="nav">
<kw name="Click" library="Browser">
<arg>css=a[href$=alunos]</arg>
<tag>PageContent</tag>
<tag>Setter</tag>
<doc>Simulates mouse click on the element found by ``selector``.</doc>
<status status="PASS" starttime="20210503 16:00:05.290" endtime="20210503 16:00:05.377"/>
</kw>
<kw name="Wait For Elements State" library="Browser">
<arg>css=h1 &gt;&gt; text=Gestão de Alunos</arg>
<arg>visible</arg>
<arg>5</arg>
<tag>PageContent</tag>
<tag>Wait</tag>
<doc>Waits for the element found by ``selector`` to satisfy state option.</doc>
<msg timestamp="20210503 16:00:05.393" level="INFO">Wait for Element with selector: css=h1 &gt;&gt; text=Gestão de Alunos</msg>
<status status="PASS" starttime="20210503 16:00:05.377" endtime="20210503 16:00:05.393"/>
</kw>
<status status="PASS" starttime="20210503 16:00:05.289" endtime="20210503 16:00:05.394"/>
</kw>
<kw name="Go to Form Student" library="students">
<kw name="Click" library="Browser">
<arg>css=a[href$="alunos/new"]</arg>
<tag>PageContent</tag>
<tag>Setter</tag>
<doc>Simulates mouse click on the element found by ``selector``.</doc>
<status status="PASS" starttime="20210503 16:00:05.395" endtime="20210503 16:00:05.471"/>
</kw>
<kw name="Wait For Elements State" library="Browser">
<arg>css=h1 &gt;&gt; text=Novo aluno</arg>
<arg>visible</arg>
<arg>5</arg>
<tag>PageContent</tag>
<tag>Wait</tag>
<doc>Waits for the element found by ``selector`` to satisfy state option.</doc>
<msg timestamp="20210503 16:00:05.488" level="INFO">Wait for Element with selector: css=h1 &gt;&gt; text=Novo aluno</msg>
<status status="PASS" starttime="20210503 16:00:05.472" endtime="20210503 16:00:05.488"/>
</kw>
<status status="PASS" starttime="20210503 16:00:05.394" endtime="20210503 16:00:05.489"/>
</kw>
<kw name="Field Should Be Type" library="components">
<arg>${element}</arg>
<arg>${type}</arg>
<kw name="Get Attribute" library="Browser">
<var>${attr}</var>
<arg>${element}</arg>
<arg>type</arg>
<tag>Assertion</tag>
<tag>Getter</tag>
<tag>PageContent</tag>
<doc>Returns the HTML ``attribute`` of the element found by ``selector``.</doc>
<msg timestamp="20210503 16:00:05.516" level="INFO">${attr} = email</msg>
<status status="PASS" starttime="20210503 16:00:05.490" endtime="20210503 16:00:05.517"/>
</kw>
<kw name="Should Be Equal" library="BuiltIn">
<arg>${attr}</arg>
<arg>${type}</arg>
<doc>Fails if the given objects are unequal.</doc>
<status status="PASS" starttime="20210503 16:00:05.517" endtime="20210503 16:00:05.518"/>
</kw>
<status status="PASS" starttime="20210503 16:00:05.489" endtime="20210503 16:00:05.518"/>
</kw>
<status status="PASS" starttime="20210503 16:00:05.288" endtime="20210503 16:00:05.519"/>
</kw>
<tag>temp</tag>
<status status="PASS" starttime="20210503 16:00:05.281" endtime="20210503 16:00:05.519"/>
</test>
<doc>Cadastro de alunos</doc>
<status status="PASS" starttime="20210503 16:00:00.433" endtime="20210503 16:00:05.532"/>
</suite>
<statistics>
<total>
<stat pass="2" fail="0" skip="0">All Tests</stat>
</total>
<tag>
<stat pass="2" fail="0" skip="0">temp</stat>
</tag>
<suite>
<stat pass="2" fail="0" skip="0" id="s1" name="Cadastro Alunos">Cadastro Alunos</stat>
</suite>
</statistics>
<errors>
</errors>
</robot>
