<?xml version="1.0" encoding="UTF-8"?>
<robot generator="Robot 4.0 (Python 3.8.5 on linux)" generated="20210503 14:19:57.696" rpa="false" schemaversion="2">
<suite id="s1" name="Cadastro Alunos" source="/home/edson/workspace/courses/qa_ninja/robot_framework/bodytest/tests/cadastro_alunos.robot">
<kw name="Start Admin Session" library="base" type="SETUP">
<kw name="Start Browser Session" library="base">
<kw name="New Browser" library="Browser">
<arg>chromium</arg>
<arg>false</arg>
<tag>BrowserControl</tag>
<tag>Setter</tag>
<doc>Create a new playwright Browser with specified options.
See `Browser, Context and Page` for more information about Browser and related concepts.</doc>
<msg timestamp="20210503 14:19:58.468" level="INFO">{"browser": "chromium", "headless": false, "handleSIGINT": true, "handleSIGTERM": true, "handleSIGHUP": true, "timeout": 30000.0, "devtools": false, "slowMo": 0.0}</msg>
<msg timestamp="20210503 14:19:58.879" level="INFO">Successfully created browser with options: {"browser":"chromium","headless":false,"handleSIGINT":true,"handleSIGTERM":true,"handleSIGHUP":true,"timeout":30000,"devtools":false,"slowMo":0}</msg>
<status status="PASS" starttime="20210503 14:19:58.468" endtime="20210503 14:19:58.879"/>
</kw>
<kw name="New Page" library="Browser">
<arg>about:blank</arg>
<tag>BrowserControl</tag>
<tag>Setter</tag>
<doc>Open a new Page. A Page is the Playwright equivalent to a tab.
See `Browser, Context and Page` for more information about Page concept.
Returns a stable identifier for the created page.</doc>
<msg timestamp="20210503 14:19:59.236" level="INFO">Successfully initialized new page object and opened url: about:blank</msg>
<status status="PASS" starttime="20210503 14:19:58.879" endtime="20210503 14:19:59.236"/>
</kw>
<status status="PASS" starttime="20210503 14:19:58.467" endtime="20210503 14:19:59.237"/>
</kw>
<kw name="Go To Login Pages" library="auth">
<kw name="Go To" library="Browser">
<arg>https://theotokus-bodytest-web.herokuapp.com/</arg>
<tag>BrowserControl</tag>
<tag>Setter</tag>
<doc>Navigates to the given ``url``.</doc>
<msg timestamp="20210503 14:20:01.157" level="INFO">Succesfully opened URL https://theotokus-bodytest-web.herokuapp.com/</msg>
<status status="PASS" starttime="20210503 14:19:59.237" endtime="20210503 14:20:01.157"/>
</kw>
<status status="PASS" starttime="20210503 14:19:59.237" endtime="20210503 14:20:01.157"/>
</kw>
<kw name="Login With" library="auth">
<arg>admin@bodytest.com</arg>
<arg>pwd123</arg>
<kw name="Fill Text" library="Browser">
<arg>css=input[name=email]</arg>
<arg>${email}</arg>
<tag>PageContent</tag>
<tag>Setter</tag>
<doc>Clears and fills the given ``text`` into the text field found by ``selector``.</doc>
<msg timestamp="20210503 14:20:01.160" level="INFO">Fills the text 'admin@bodytest.com' in the given field.</msg>
<status status="PASS" starttime="20210503 14:20:01.159" endtime="20210503 14:20:01.236"/>
</kw>
<kw name="Fill Text" library="Browser">
<arg>css=input[name=password]</arg>
<arg>${pass}</arg>
<tag>PageContent</tag>
<tag>Setter</tag>
<doc>Clears and fills the given ``text`` into the text field found by ``selector``.</doc>
<msg timestamp="20210503 14:20:01.237" level="INFO">Fills the text 'pwd123' in the given field.</msg>
<status status="PASS" starttime="20210503 14:20:01.236" endtime="20210503 14:20:01.274"/>
</kw>
<kw name="Click" library="Browser">
<arg>text=Entrar</arg>
<tag>PageContent</tag>
<tag>Setter</tag>
<doc>Simulates mouse click on the element found by ``selector``.</doc>
<status status="PASS" starttime="20210503 14:20:01.275" endtime="20210503 14:20:01.350"/>
</kw>
<status status="PASS" starttime="20210503 14:20:01.158" endtime="20210503 14:20:01.350"/>
</kw>
<kw name="User Should Be Logged In" library="nav">
<arg>Administrador</arg>
<kw name="Get Text" library="Browser">
<arg>css=aside strong</arg>
<arg>should be</arg>
<arg>${user_name}</arg>
<tag>Assertion</tag>
<tag>Getter</tag>
<tag>PageContent</tag>
<doc>Returns text attribute of the element found by ``selector``.
See the `Finding elements` section for details about the selectors.</doc>
<status status="PASS" starttime="20210503 14:20:01.351" endtime="20210503 14:20:02.135"/>
</kw>
<status status="PASS" starttime="20210503 14:20:01.350" endtime="20210503 14:20:02.136"/>
</kw>
<status status="PASS" starttime="20210503 14:19:58.466" endtime="20210503 14:20:02.136"/>
</kw>
<test id="s1-t1" name="Todos os campos devem ser obrigatórios">
<kw name="Set Variable" library="BuiltIn">
<var>@{expected_alerts}</var>
<arg>Nome é obrigatório</arg>
<arg>O e-mail é obrigatório</arg>
<arg>idade é obrigatória</arg>
<arg>o peso é obrigatório</arg>
<arg>a Altura é obrigatória</arg>
<doc>Returns the given values which can then be assigned to a variables.</doc>
<msg timestamp="20210503 14:20:02.150" level="INFO">@{expected_alerts} = [ Nome é obrigatório | O e-mail é obrigatório | idade é obrigatória | o peso é obrigatório | a Altura é obrigatória ]</msg>
<status status="PASS" starttime="20210503 14:20:02.149" endtime="20210503 14:20:02.150"/>
</kw>
<kw name="Create List" library="BuiltIn">
<var>@{got_alerts}</var>
<doc>Returns a list containing given items.</doc>
<msg timestamp="20210503 14:20:02.151" level="INFO">@{got_alerts} = [ ]</msg>
<status status="PASS" starttime="20210503 14:20:02.151" endtime="20210503 14:20:02.151"/>
</kw>
<kw name="Go to Students" library="nav">
<kw name="Click" library="Browser">
<arg>css=a[href$=alunos]</arg>
<tag>PageContent</tag>
<tag>Setter</tag>
<doc>Simulates mouse click on the element found by ``selector``.</doc>
<status status="PASS" starttime="20210503 14:20:02.153" endtime="20210503 14:20:02.294"/>
</kw>
<kw name="Wait For Elements State" library="Browser">
<arg>css=h1 &gt;&gt; text=Gestão de Alunos</arg>
<arg>visible</arg>
<arg>5</arg>
<tag>PageContent</tag>
<tag>Wait</tag>
<doc>Waits for the element found by ``selector`` to satisfy state option.</doc>
<msg timestamp="20210503 14:20:02.314" level="INFO">Wait for Element with selector: css=h1 &gt;&gt; text=Gestão de Alunos</msg>
<status status="PASS" starttime="20210503 14:20:02.295" endtime="20210503 14:20:02.314"/>
</kw>
<status status="PASS" starttime="20210503 14:20:02.152" endtime="20210503 14:20:02.315"/>
</kw>
<kw name="Go to Form Student" library="students">
<kw name="Click" library="Browser">
<arg>css=a[href$="alunos/new"]</arg>
<tag>PageContent</tag>
<tag>Setter</tag>
<doc>Simulates mouse click on the element found by ``selector``.</doc>
<status status="PASS" starttime="20210503 14:20:02.316" endtime="20210503 14:20:02.423"/>
</kw>
<kw name="Wait For Elements State" library="Browser">
<arg>css=h1 &gt;&gt; text=Novo aluno</arg>
<arg>visible</arg>
<arg>5</arg>
<tag>PageContent</tag>
<tag>Wait</tag>
<doc>Waits for the element found by ``selector`` to satisfy state option.</doc>
<msg timestamp="20210503 14:20:02.440" level="INFO">Wait for Element with selector: css=h1 &gt;&gt; text=Novo aluno</msg>
<status status="PASS" starttime="20210503 14:20:02.423" endtime="20210503 14:20:02.440"/>
</kw>
<status status="PASS" starttime="20210503 14:20:02.315" endtime="20210503 14:20:02.440"/>
</kw>
<kw name="Submit Student Form" library="students">
<kw name="Click" library="Browser">
<arg>css=button[form$=Student]</arg>
<tag>PageContent</tag>
<tag>Setter</tag>
<doc>Simulates mouse click on the element found by ``selector``.</doc>
<status status="PASS" starttime="20210503 14:20:02.442" endtime="20210503 14:20:02.508"/>
</kw>
<status status="PASS" starttime="20210503 14:20:02.441" endtime="20210503 14:20:02.509"/>
</kw>
<for flavor="IN">
<var>${index}</var>
<value>RANGE</value>
<value>1</value>
<value>6</value>
<iter>
<var name="${index}">RANGE</var>
<kw name="Get Required Alerts" library="components">
<var>${span}</var>
<arg>${index}</arg>
<kw name="Get Text" library="Browser">
<var>${span}</var>
<arg>xpath=(//form//span)[${index}])</arg>
<tag>Assertion</tag>
<tag>Getter</tag>
<tag>PageContent</tag>
<doc>Returns text attribute of the element found by ``selector``.
See the `Finding elements` section for details about the selectors.</doc>
<msg timestamp="20210503 14:20:03.728" level="INFO" html="true">&lt;/td&gt;&lt;/tr&gt;&lt;tr&gt;&lt;td colspan="3"&gt;&lt;a href="Todos_os_campos_devem_ser_obrigatrios_FAILURE_SCREENSHOT_13.png"&gt;&lt;img src="Todos_os_campos_devem_ser_obrigatrios_FAILURE_SCREENSHOT_13.png" width="800px"&gt;&lt;/a&gt;</msg>
<msg timestamp="20210503 14:20:03.729" level="FAIL">Error: page.waitForSelector: Evaluation failed: DOMException: Failed to execute 'evaluate' on 'Document': The string '(//form//span)[RANGE])' is not a valid XPath expression.
    at Object.query (&lt;anonymous&gt;:2868:29)
    at InjectedScript._queryEngine (&lt;anonymous&gt;:1591:47)
    at InjectedScript._querySelectorRecursively (&lt;anonymous&gt;:1547:25)
    at InjectedScript.querySelector (&lt;anonymous&gt;:1538:25)
    at eval (eval at evaluate (:303:29), &lt;anonymous&gt;:4:38)
    at onRaf (&lt;anonymous&gt;:1667:37)
    at &lt;anonymous&gt;:1677:13
    at Object.run (&lt;anonymous&gt;:1735:28)
    at eval (eval at evaluate (:303:29), &lt;anonymous&gt;:1:14)
    at UtilityScript.evaluate (&lt;anonymous&gt;:305:22)
=========================== logs ===========================
waiting for selector "xpath=(//form//span)[RANGE])"
============================================================
Note: use DEBUG=pw:api environment variable to capture Playwright logs.</msg>
<status status="FAIL" starttime="20210503 14:20:02.511" endtime="20210503 14:20:03.729"/>
</kw>
<status status="FAIL" starttime="20210503 14:20:02.510" endtime="20210503 14:20:03.730"/>
</kw>
<kw name="Append To List" library="Collections">
<arg>${got_alerts}</arg>
<arg>${span}</arg>
<doc>Adds ``values`` to the end of ``list``.</doc>
<status status="NOT RUN" starttime="20210503 14:20:03.730" endtime="20210503 14:20:03.730"/>
</kw>
<kw name="Sleep" library="BuiltIn">
<arg>5</arg>
<doc>Pauses the test executed for the given time.</doc>
<status status="NOT RUN" starttime="20210503 14:20:03.730" endtime="20210503 14:20:03.730"/>
</kw>
<status status="FAIL" starttime="20210503 14:20:02.509" endtime="20210503 14:20:03.730"/>
</iter>
<status status="FAIL" starttime="20210503 14:20:02.509" endtime="20210503 14:20:03.730"/>
</for>
<kw name="Log" library="BuiltIn">
<arg>${expected_alerts}</arg>
<doc>Logs the given message with the given level.</doc>
<status status="NOT RUN" starttime="20210503 14:20:03.731" endtime="20210503 14:20:03.731"/>
</kw>
<kw name="Log" library="BuiltIn">
<arg>${got_alerts}</arg>
<doc>Logs the given message with the given level.</doc>
<status status="NOT RUN" starttime="20210503 14:20:03.731" endtime="20210503 14:20:03.731"/>
</kw>
<kw name="List Should Be Equal">
<arg>${expected_alerts}</arg>
<arg>${got_alerts}</arg>
<status status="NOT RUN" starttime="20210503 14:20:03.743" endtime="20210503 14:20:03.743"/>
</kw>
<tag>temp</tag>
<status status="FAIL" starttime="20210503 14:20:02.136" endtime="20210503 14:20:03.743">Error: page.waitForSelector: Evaluation failed: DOMException: Failed to execute 'evaluate' on 'Document': The string '(//form//span)[RANGE])' is not a valid XPath expression.
    at Object.query (&lt;anonymous&gt;:2868:29)
    at InjectedScript._queryEngine (&lt;anonymous&gt;:1591:47)
    at InjectedScript._querySelectorRecursively (&lt;anonymous&gt;:1547:25)
    at InjectedScript.querySelector (&lt;anonymous&gt;:1538:25)
    at eval (eval at evaluate (:303:29), &lt;anonymous&gt;:4:38)
    at onRaf (&lt;anonymous&gt;:1667:37)
    at &lt;anonymous&gt;:1677:13
    at Object.run (&lt;anonymous&gt;:1735:28)
    at eval (eval at evaluate (:303:29), &lt;anonymous&gt;:1:14)
    at UtilityScript.evaluate (&lt;anonymous&gt;:305:22)
=========================== logs ===========================
waiting for selector "xpath=(//form//span)[RANGE])"
============================================================
Note: use DEBUG=pw:api environment variable to capture Playwright logs.</status>
</test>
<doc>Cadastro de alunos</doc>
<status status="FAIL" starttime="20210503 14:19:57.697" endtime="20210503 14:20:03.752"/>
</suite>
<statistics>
<total>
<stat pass="0" fail="1" skip="0">All Tests</stat>
</total>
<tag>
<stat pass="0" fail="1" skip="0">temp</stat>
</tag>
<suite>
<stat pass="0" fail="1" skip="0" id="s1" name="Cadastro Alunos">Cadastro Alunos</stat>
</suite>
</statistics>
<errors>
</errors>
</robot>
