<?xml version="1.0" encoding="UTF-8"?>
<robot generator="Robot 4.0 (Python 3.8.5 on linux)" generated="20210423 10:54:29.854" rpa="false" schemaversion="2">
<suite id="s1" name="Login" source="/home/edson/workspace/courses/qa_ninja/robot_framework/bodytest/tests/login.robot">
<test id="s1-t1" name="Email não informado">
<kw name="New Browser" library="Browser">
<arg>chromium</arg>
<arg>False</arg>
<tag>BrowserControl</tag>
<tag>Setter</tag>
<doc>Create a new playwright Browser with specified options.
See `Browser, Context and Page` for more information about Browser and related concepts.</doc>
<msg timestamp="20210423 10:54:30.596" level="INFO">{"browser": "chromium", "headless": false, "handleSIGINT": true, "handleSIGTERM": true, "handleSIGHUP": true, "timeout": 30000.0, "devtools": false, "slowMo": 0.0}</msg>
<msg timestamp="20210423 10:54:31.018" level="INFO">Successfully created browser with options: {"browser":"chromium","headless":false,"handleSIGINT":true,"handleSIGTERM":true,"handleSIGHUP":true,"timeout":30000,"devtools":false,"slowMo":0}</msg>
<status status="PASS" starttime="20210423 10:54:30.594" endtime="20210423 10:54:31.020"/>
</kw>
<kw name="New Page" library="Browser">
<arg>https://theotokus-bodytest-web.herokuapp.com/</arg>
<tag>BrowserControl</tag>
<tag>Setter</tag>
<doc>Open a new Page. A Page is the Playwright equivalent to a tab.
See `Browser, Context and Page` for more information about Page concept.
Returns a stable identifier for the created page.</doc>
<msg timestamp="20210423 10:54:33.215" level="INFO">Successfully initialized new page object and opened url: https://theotokus-bodytest-web.herokuapp.com/</msg>
<status status="PASS" starttime="20210423 10:54:31.020" endtime="20210423 10:54:33.216"/>
</kw>
<kw name="Fill Text" library="Browser">
<arg>css=input[name=email]</arg>
<arg>${EMPTY}</arg>
<tag>PageContent</tag>
<tag>Setter</tag>
<doc>Clears and fills the given ``text`` into the text field found by ``selector``.</doc>
<msg timestamp="20210423 10:54:33.218" level="INFO">Fills the text '' in the given field.</msg>
<status status="PASS" starttime="20210423 10:54:33.216" endtime="20210423 10:54:33.298"/>
</kw>
<kw name="Fill Text" library="Browser">
<arg>css=input[name=password]</arg>
<arg>pwd123</arg>
<tag>PageContent</tag>
<tag>Setter</tag>
<doc>Clears and fills the given ``text`` into the text field found by ``selector``.</doc>
<msg timestamp="20210423 10:54:33.299" level="INFO">Fills the text 'pwd123' in the given field.</msg>
<status status="PASS" starttime="20210423 10:54:33.298" endtime="20210423 10:54:33.341"/>
</kw>
<kw name="Click" library="Browser">
<arg>text=Entrar</arg>
<tag>PageContent</tag>
<tag>Setter</tag>
<doc>Simulates mouse click on the element found by ``selector``.</doc>
<status status="PASS" starttime="20210423 10:54:33.342" endtime="20210423 10:54:33.417"/>
</kw>
<kw name="Wait For Elements State" library="Browser">
<arg>css=form span &gt;&gt; text=O e-mail é obrigatório</arg>
<arg>visible</arg>
<arg>5</arg>
<tag>PageContent</tag>
<tag>Wait</tag>
<doc>Waits for the element found by ``selector`` to satisfy state option.</doc>
<msg timestamp="20210423 10:54:33.447" level="INFO">Wait for Element with selector: css=form span &gt;&gt; text=O e-mail é obrigatório</msg>
<status status="PASS" starttime="20210423 10:54:33.417" endtime="20210423 10:54:33.448"/>
</kw>
<tag>temp</tag>
<status status="PASS" starttime="20210423 10:54:30.589" endtime="20210423 10:54:33.448"/>
</test>
<doc>Suite de testes de Login do Administrador</doc>
<status status="PASS" starttime="20210423 10:54:29.856" endtime="20210423 10:54:33.584"/>
</suite>
<statistics>
<total>
<stat pass="1" fail="0" skip="0">All Tests</stat>
</total>
<tag>
<stat pass="1" fail="0" skip="0">temp</stat>
</tag>
<suite>
<stat pass="1" fail="0" skip="0" id="s1" name="Login">Login</stat>
</suite>
</statistics>
<errors>
</errors>
</robot>
