<?xml version="1.0" encoding="UTF-8"?>
<robot generator="Robot 4.0 (Python 3.8.5 on linux)" generated="20210525 13:31:15.957" rpa="false" schemaversion="2">
<suite id="s1" name="Tests" source="/home/edson/workspace/courses/qa_ninja/robot_framework/bodytest/tests">
<suite id="s1-s1" name="Login" source="/home/edson/workspace/courses/qa_ninja/robot_framework/bodytest/tests/login">
<suite id="s1-s1-s1" name="Login" source="/home/edson/workspace/courses/qa_ninja/robot_framework/bodytest/tests/login/login.robot">
<kw name="Start Browser Session" library="base" type="SETUP">
<kw name="New Browser" library="Browser">
<arg>chromium</arg>
<arg>true</arg>
<tag>BrowserControl</tag>
<tag>Setter</tag>
<doc>Create a new playwright Browser with specified options.
See `Browser, Context and Page` for more information about Browser and related concepts.</doc>
<msg timestamp="20210525 13:31:16.778" level="INFO">{"browser": "chromium", "headless": true, "handleSIGINT": true, "handleSIGTERM": true, "handleSIGHUP": true, "timeout": 30000.0, "devtools": false, "slowMo": 0.0}</msg>
<msg timestamp="20210525 13:31:16.947" level="INFO">Successfully created browser with options: {"browser":"chromium","headless":true,"handleSIGINT":true,"handleSIGTERM":true,"handleSIGHUP":true,"timeout":30000,"devtools":false,"slowMo":0}</msg>
<status status="PASS" starttime="20210525 13:31:16.777" endtime="20210525 13:31:16.947"/>
</kw>
<kw name="New Page" library="Browser">
<arg>about:blank</arg>
<tag>BrowserControl</tag>
<tag>Setter</tag>
<doc>Open a new Page. A Page is the Playwright equivalent to a tab.
See `Browser, Context and Page` for more information about Page concept.
Returns a stable identifier for the created page.</doc>
<msg timestamp="20210525 13:31:17.057" level="INFO">Successfully initialized new page object and opened url: about:blank</msg>
<status status="PASS" starttime="20210525 13:31:16.948" endtime="20210525 13:31:17.057"/>
</kw>
<status status="PASS" starttime="20210525 13:31:16.776" endtime="20210525 13:31:17.058"/>
</kw>
<test id="s1-s1-s1-t1" name="Cenario: Login do Administrador">
<kw name="Go To Login Pages" library="auth">
<kw name="Go To" library="Browser">
<arg>https://theotokus-bodytest-web.herokuapp.com/</arg>
<tag>BrowserControl</tag>
<tag>Setter</tag>
<doc>Navigates to the given ``url``.</doc>
<msg timestamp="20210525 13:31:19.073" level="INFO">Succesfully opened URL https://theotokus-bodytest-web.herokuapp.com/</msg>
<status status="PASS" starttime="20210525 13:31:17.075" endtime="20210525 13:31:19.073"/>
</kw>
<status status="PASS" starttime="20210525 13:31:17.075" endtime="20210525 13:31:19.074"/>
</kw>
<kw name="Login With" library="auth">
<arg>admin@bodytest.com</arg>
<arg>pwd123</arg>
<kw name="Fill Text" library="Browser">
<arg>css=input[name=email]</arg>
<arg>${email}</arg>
<tag>PageContent</tag>
<tag>Setter</tag>
<doc>Clears and fills the given ``text`` into the text field found by ``selector``.</doc>
<msg timestamp="20210525 13:31:19.076" level="INFO">Fills the text 'admin@bodytest.com' in the given field.</msg>
<status status="PASS" starttime="20210525 13:31:19.075" endtime="20210525 13:31:19.161"/>
</kw>
<kw name="Fill Text" library="Browser">
<arg>css=input[name=password]</arg>
<arg>${pass}</arg>
<tag>PageContent</tag>
<tag>Setter</tag>
<doc>Clears and fills the given ``text`` into the text field found by ``selector``.</doc>
<msg timestamp="20210525 13:31:19.162" level="INFO">Fills the text 'pwd123' in the given field.</msg>
<status status="PASS" starttime="20210525 13:31:19.161" endtime="20210525 13:31:19.189"/>
</kw>
<kw name="Click" library="Browser">
<arg>text=Entrar</arg>
<tag>PageContent</tag>
<tag>Setter</tag>
<doc>Simulates mouse click on the element found by ``selector``.</doc>
<status status="PASS" starttime="20210525 13:31:19.189" endtime="20210525 13:31:19.266"/>
</kw>
<status status="PASS" starttime="20210525 13:31:19.074" endtime="20210525 13:31:19.267"/>
</kw>
<kw name="User Should Be Logged In" library="nav">
<arg>Administrador</arg>
<kw name="Get Text" library="Browser">
<arg>css=aside strong</arg>
<arg>should be</arg>
<arg>${user_name}</arg>
<tag>Assertion</tag>
<tag>Getter</tag>
<tag>PageContent</tag>
<doc>Returns text attribute of the element found by ``selector``.
See the `Finding elements` section for details about the selectors.</doc>
<status status="PASS" starttime="20210525 13:31:19.268" endtime="20210525 13:31:20.197"/>
</kw>
<status status="PASS" starttime="20210525 13:31:19.267" endtime="20210525 13:31:20.197"/>
</kw>
<kw name="Clean Local Storage And Take Screenshot" library="base" type="TEARDOWN">
<kw name="Take Screenshot" library="Browser">
<tag>PageContent</tag>
<doc>Takes a screenshot of the current window and saves it to ``path``. Saves it as a png.</doc>
<msg timestamp="20210525 13:31:20.323" level="INFO" html="true">&lt;/td&gt;&lt;/tr&gt;&lt;tr&gt;&lt;td colspan="3"&gt;&lt;a href="browser/screenshot/robotframework-browser-screenshot-1.png"&gt;&lt;img src="browser/screenshot/robotframework-browser-screenshot-1.png" width="800px"&gt;&lt;/a&gt;</msg>
<status status="PASS" starttime="20210525 13:31:20.199" endtime="20210525 13:31:20.323"/>
</kw>
<kw name="LocalStorage Clear" library="Browser">
<tag>PageContent</tag>
<tag>Setter</tag>
<doc>Remove all saved data from the local storage.</doc>
<msg timestamp="20210525 13:31:20.332" level="INFO"/>
<status status="PASS" starttime="20210525 13:31:20.323" endtime="20210525 13:31:20.333"/>
</kw>
<status status="PASS" starttime="20210525 13:31:20.198" endtime="20210525 13:31:20.333"/>
</kw>
<status status="PASS" starttime="20210525 13:31:17.058" endtime="20210525 13:31:20.333"/>
</test>
<test id="s1-s1-s1-t2" name="Cenario: Senha incorreta">
<kw name="Go To Login Pages" library="auth">
<kw name="Go To" library="Browser">
<arg>https://theotokus-bodytest-web.herokuapp.com/</arg>
<tag>BrowserControl</tag>
<tag>Setter</tag>
<doc>Navigates to the given ``url``.</doc>
<msg timestamp="20210525 13:31:20.911" level="INFO">Succesfully opened URL https://theotokus-bodytest-web.herokuapp.com/</msg>
<status status="PASS" starttime="20210525 13:31:20.352" endtime="20210525 13:31:20.912"/>
</kw>
<status status="PASS" starttime="20210525 13:31:20.351" endtime="20210525 13:31:20.912"/>
</kw>
<kw name="Login With" library="auth">
<arg>admin@bodytest.com</arg>
<arg>abc123</arg>
<kw name="Fill Text" library="Browser">
<arg>css=input[name=email]</arg>
<arg>${email}</arg>
<tag>PageContent</tag>
<tag>Setter</tag>
<doc>Clears and fills the given ``text`` into the text field found by ``selector``.</doc>
<msg timestamp="20210525 13:31:20.914" level="INFO">Fills the text 'admin@bodytest.com' in the given field.</msg>
<status status="PASS" starttime="20210525 13:31:20.914" endtime="20210525 13:31:20.956"/>
</kw>
<kw name="Fill Text" library="Browser">
<arg>css=input[name=password]</arg>
<arg>${pass}</arg>
<tag>PageContent</tag>
<tag>Setter</tag>
<doc>Clears and fills the given ``text`` into the text field found by ``selector``.</doc>
<msg timestamp="20210525 13:31:20.957" level="INFO">Fills the text 'abc123' in the given field.</msg>
<status status="PASS" starttime="20210525 13:31:20.956" endtime="20210525 13:31:20.992"/>
</kw>
<kw name="Click" library="Browser">
<arg>text=Entrar</arg>
<tag>PageContent</tag>
<tag>Setter</tag>
<doc>Simulates mouse click on the element found by ``selector``.</doc>
<status status="PASS" starttime="20210525 13:31:20.992" endtime="20210525 13:31:21.071"/>
</kw>
<status status="PASS" starttime="20210525 13:31:20.913" endtime="20210525 13:31:21.071"/>
</kw>
<kw name="Toaster Text Should Be" library="components">
<arg>Usuário e/ou senha inválidos.</arg>
<kw name="Wait For Elements State" library="Browser">
<arg>css=.Toastify__toast-body &gt;&gt; text=${expect_text}</arg>
<arg>visible</arg>
<arg>5</arg>
<tag>PageContent</tag>
<tag>Wait</tag>
<doc>Waits for the element found by ``selector`` to satisfy state option.</doc>
<msg timestamp="20210525 13:31:21.444" level="INFO">Wait for Element with selector: css=.Toastify__toast-body &gt;&gt; text=Usuário e/ou senha inválidos.</msg>
<status status="PASS" starttime="20210525 13:31:21.072" endtime="20210525 13:31:21.444"/>
</kw>
<status status="PASS" starttime="20210525 13:31:21.072" endtime="20210525 13:31:21.445"/>
</kw>
<kw name="Thinking And Take Screenshot" library="base" type="TEARDOWN">
<arg>2</arg>
<kw name="Sleep" library="BuiltIn">
<arg>${timeout}</arg>
<doc>Pauses the test executed for the given time.</doc>
<msg timestamp="20210525 13:31:23.448" level="INFO">Slept 2 seconds</msg>
<status status="PASS" starttime="20210525 13:31:21.447" endtime="20210525 13:31:23.449"/>
</kw>
<kw name="Take Screenshot" library="Browser">
<tag>PageContent</tag>
<doc>Takes a screenshot of the current window and saves it to ``path``. Saves it as a png.</doc>
<msg timestamp="20210525 13:31:23.581" level="INFO" html="true">&lt;/td&gt;&lt;/tr&gt;&lt;tr&gt;&lt;td colspan="3"&gt;&lt;a href="browser/screenshot/robotframework-browser-screenshot-2.png"&gt;&lt;img src="browser/screenshot/robotframework-browser-screenshot-2.png" width="800px"&gt;&lt;/a&gt;</msg>
<status status="PASS" starttime="20210525 13:31:23.449" endtime="20210525 13:31:23.581"/>
</kw>
<status status="PASS" starttime="20210525 13:31:21.446" endtime="20210525 13:31:23.582"/>
</kw>
<status status="PASS" starttime="20210525 13:31:20.342" endtime="20210525 13:31:23.582"/>
</test>
<test id="s1-s1-s1-t3" name="Cenario: Email não cadastrado">
<kw name="Go To Login Pages" library="auth">
<kw name="Go To" library="Browser">
<arg>https://theotokus-bodytest-web.herokuapp.com/</arg>
<tag>BrowserControl</tag>
<tag>Setter</tag>
<doc>Navigates to the given ``url``.</doc>
<msg timestamp="20210525 13:31:24.124" level="INFO">Succesfully opened URL https://theotokus-bodytest-web.herokuapp.com/</msg>
<status status="PASS" starttime="20210525 13:31:23.599" endtime="20210525 13:31:24.124"/>
</kw>
<status status="PASS" starttime="20210525 13:31:23.598" endtime="20210525 13:31:24.125"/>
</kw>
<kw name="Login With" library="auth">
<arg>edson@gmail.com</arg>
<arg>abc123</arg>
<kw name="Fill Text" library="Browser">
<arg>css=input[name=email]</arg>
<arg>${email}</arg>
<tag>PageContent</tag>
<tag>Setter</tag>
<doc>Clears and fills the given ``text`` into the text field found by ``selector``.</doc>
<msg timestamp="20210525 13:31:24.128" level="INFO">Fills the text 'edson@gmail.com' in the given field.</msg>
<status status="PASS" starttime="20210525 13:31:24.127" endtime="20210525 13:31:24.171"/>
</kw>
<kw name="Fill Text" library="Browser">
<arg>css=input[name=password]</arg>
<arg>${pass}</arg>
<tag>PageContent</tag>
<tag>Setter</tag>
<doc>Clears and fills the given ``text`` into the text field found by ``selector``.</doc>
<msg timestamp="20210525 13:31:24.172" level="INFO">Fills the text 'abc123' in the given field.</msg>
<status status="PASS" starttime="20210525 13:31:24.171" endtime="20210525 13:31:24.199"/>
</kw>
<kw name="Click" library="Browser">
<arg>text=Entrar</arg>
<tag>PageContent</tag>
<tag>Setter</tag>
<doc>Simulates mouse click on the element found by ``selector``.</doc>
<status status="PASS" starttime="20210525 13:31:24.200" endtime="20210525 13:31:24.263"/>
</kw>
<status status="PASS" starttime="20210525 13:31:24.126" endtime="20210525 13:31:24.263"/>
</kw>
<kw name="Toaster Text Should Be" library="components">
<arg>Usuário e/ou senha inválidos.</arg>
<kw name="Wait For Elements State" library="Browser">
<arg>css=.Toastify__toast-body &gt;&gt; text=${expect_text}</arg>
<arg>visible</arg>
<arg>5</arg>
<tag>PageContent</tag>
<tag>Wait</tag>
<doc>Waits for the element found by ``selector`` to satisfy state option.</doc>
<msg timestamp="20210525 13:31:24.596" level="INFO">Wait for Element with selector: css=.Toastify__toast-body &gt;&gt; text=Usuário e/ou senha inválidos.</msg>
<status status="PASS" starttime="20210525 13:31:24.264" endtime="20210525 13:31:24.596"/>
</kw>
<status status="PASS" starttime="20210525 13:31:24.264" endtime="20210525 13:31:24.597"/>
</kw>
<kw name="Thinking And Take Screenshot" library="base" type="TEARDOWN">
<arg>2</arg>
<kw name="Sleep" library="BuiltIn">
<arg>${timeout}</arg>
<doc>Pauses the test executed for the given time.</doc>
<msg timestamp="20210525 13:31:26.599" level="INFO">Slept 2 seconds</msg>
<status status="PASS" starttime="20210525 13:31:24.599" endtime="20210525 13:31:26.600"/>
</kw>
<kw name="Take Screenshot" library="Browser">
<tag>PageContent</tag>
<doc>Takes a screenshot of the current window and saves it to ``path``. Saves it as a png.</doc>
<msg timestamp="20210525 13:31:26.723" level="INFO" html="true">&lt;/td&gt;&lt;/tr&gt;&lt;tr&gt;&lt;td colspan="3"&gt;&lt;a href="browser/screenshot/robotframework-browser-screenshot-3.png"&gt;&lt;img src="browser/screenshot/robotframework-browser-screenshot-3.png" width="800px"&gt;&lt;/a&gt;</msg>
<status status="PASS" starttime="20210525 13:31:26.600" endtime="20210525 13:31:26.723"/>
</kw>
<status status="PASS" starttime="20210525 13:31:24.597" endtime="20210525 13:31:26.723"/>
</kw>
<status status="PASS" starttime="20210525 13:31:23.590" endtime="20210525 13:31:26.724"/>
</test>
<test id="s1-s1-s1-t4" name="Cenario: Email incorreto">
<kw name="Go To Login Pages" library="auth">
<kw name="Go To" library="Browser">
<arg>https://theotokus-bodytest-web.herokuapp.com/</arg>
<tag>BrowserControl</tag>
<tag>Setter</tag>
<doc>Navigates to the given ``url``.</doc>
<msg timestamp="20210525 13:31:27.291" level="INFO">Succesfully opened URL https://theotokus-bodytest-web.herokuapp.com/</msg>
<status status="PASS" starttime="20210525 13:31:26.739" endtime="20210525 13:31:27.292"/>
</kw>
<status status="PASS" starttime="20210525 13:31:26.738" endtime="20210525 13:31:27.292"/>
</kw>
<kw name="Login With" library="auth">
<arg>admin&amp;bodytest.com</arg>
<arg>abc123</arg>
<kw name="Fill Text" library="Browser">
<arg>css=input[name=email]</arg>
<arg>${email}</arg>
<tag>PageContent</tag>
<tag>Setter</tag>
<doc>Clears and fills the given ``text`` into the text field found by ``selector``.</doc>
<msg timestamp="20210525 13:31:27.294" level="INFO">Fills the text 'admin&amp;bodytest.com' in the given field.</msg>
<status status="PASS" starttime="20210525 13:31:27.293" endtime="20210525 13:31:27.342"/>
</kw>
<kw name="Fill Text" library="Browser">
<arg>css=input[name=password]</arg>
<arg>${pass}</arg>
<tag>PageContent</tag>
<tag>Setter</tag>
<doc>Clears and fills the given ``text`` into the text field found by ``selector``.</doc>
<msg timestamp="20210525 13:31:27.344" level="INFO">Fills the text 'abc123' in the given field.</msg>
<status status="PASS" starttime="20210525 13:31:27.343" endtime="20210525 13:31:27.367"/>
</kw>
<kw name="Click" library="Browser">
<arg>text=Entrar</arg>
<tag>PageContent</tag>
<tag>Setter</tag>
<doc>Simulates mouse click on the element found by ``selector``.</doc>
<status status="PASS" starttime="20210525 13:31:27.368" endtime="20210525 13:31:27.437"/>
</kw>
<status status="PASS" starttime="20210525 13:31:27.293" endtime="20210525 13:31:27.438"/>
</kw>
<kw name="Alert Text Should Be" library="components">
<arg>Informe um e-mail válido</arg>
<kw name="Wait For Elements State" library="Browser">
<arg>css=form span &gt;&gt; text=${expect_text}</arg>
<arg>visible</arg>
<arg>5</arg>
<tag>PageContent</tag>
<tag>Wait</tag>
<doc>Waits for the element found by ``selector`` to satisfy state option.</doc>
<msg timestamp="20210525 13:31:27.458" level="INFO">Wait for Element with selector: css=form span &gt;&gt; text=Informe um e-mail válido</msg>
<status status="PASS" starttime="20210525 13:31:27.439" endtime="20210525 13:31:27.458"/>
</kw>
<status status="PASS" starttime="20210525 13:31:27.438" endtime="20210525 13:31:27.459"/>
</kw>
<kw name="Take Screenshot" library="Browser" type="TEARDOWN">
<tag>PageContent</tag>
<doc>Takes a screenshot of the current window and saves it to ``path``. Saves it as a png.</doc>
<msg timestamp="20210525 13:31:27.625" level="INFO" html="true">&lt;/td&gt;&lt;/tr&gt;&lt;tr&gt;&lt;td colspan="3"&gt;&lt;a href="browser/screenshot/robotframework-browser-screenshot-4.png"&gt;&lt;img src="browser/screenshot/robotframework-browser-screenshot-4.png" width="800px"&gt;&lt;/a&gt;</msg>
<status status="PASS" starttime="20210525 13:31:27.460" endtime="20210525 13:31:27.626"/>
</kw>
<status status="PASS" starttime="20210525 13:31:26.731" endtime="20210525 13:31:27.626"/>
</test>
<test id="s1-s1-s1-t5" name="Cenario: Senha não informada">
<kw name="Go To Login Pages" library="auth">
<kw name="Go To" library="Browser">
<arg>https://theotokus-bodytest-web.herokuapp.com/</arg>
<tag>BrowserControl</tag>
<tag>Setter</tag>
<doc>Navigates to the given ``url``.</doc>
<msg timestamp="20210525 13:31:28.180" level="INFO">Succesfully opened URL https://theotokus-bodytest-web.herokuapp.com/</msg>
<status status="PASS" starttime="20210525 13:31:27.642" endtime="20210525 13:31:28.181"/>
</kw>
<status status="PASS" starttime="20210525 13:31:27.641" endtime="20210525 13:31:28.181"/>
</kw>
<kw name="Login With" library="auth">
<arg>admin@bodytest.com</arg>
<arg>${EMPTY}</arg>
<kw name="Fill Text" library="Browser">
<arg>css=input[name=email]</arg>
<arg>${email}</arg>
<tag>PageContent</tag>
<tag>Setter</tag>
<doc>Clears and fills the given ``text`` into the text field found by ``selector``.</doc>
<msg timestamp="20210525 13:31:28.186" level="INFO">Fills the text 'admin@bodytest.com' in the given field.</msg>
<status status="PASS" starttime="20210525 13:31:28.185" endtime="20210525 13:31:28.224"/>
</kw>
<kw name="Fill Text" library="Browser">
<arg>css=input[name=password]</arg>
<arg>${pass}</arg>
<tag>PageContent</tag>
<tag>Setter</tag>
<doc>Clears and fills the given ``text`` into the text field found by ``selector``.</doc>
<msg timestamp="20210525 13:31:28.225" level="INFO">Fills the text '' in the given field.</msg>
<status status="PASS" starttime="20210525 13:31:28.224" endtime="20210525 13:31:28.259"/>
</kw>
<kw name="Click" library="Browser">
<arg>text=Entrar</arg>
<tag>PageContent</tag>
<tag>Setter</tag>
<doc>Simulates mouse click on the element found by ``selector``.</doc>
<status status="PASS" starttime="20210525 13:31:28.260" endtime="20210525 13:31:28.333"/>
</kw>
<status status="PASS" starttime="20210525 13:31:28.182" endtime="20210525 13:31:28.333"/>
</kw>
<kw name="Alert Text Should Be" library="components">
<arg>A senha é obrigatória</arg>
<kw name="Wait For Elements State" library="Browser">
<arg>css=form span &gt;&gt; text=${expect_text}</arg>
<arg>visible</arg>
<arg>5</arg>
<tag>PageContent</tag>
<tag>Wait</tag>
<doc>Waits for the element found by ``selector`` to satisfy state option.</doc>
<msg timestamp="20210525 13:31:28.358" level="INFO">Wait for Element with selector: css=form span &gt;&gt; text=A senha é obrigatória</msg>
<status status="PASS" starttime="20210525 13:31:28.335" endtime="20210525 13:31:28.359"/>
</kw>
<status status="PASS" starttime="20210525 13:31:28.334" endtime="20210525 13:31:28.359"/>
</kw>
<kw name="Take Screenshot" library="Browser" type="TEARDOWN">
<tag>PageContent</tag>
<doc>Takes a screenshot of the current window and saves it to ``path``. Saves it as a png.</doc>
<msg timestamp="20210525 13:31:28.510" level="INFO" html="true">&lt;/td&gt;&lt;/tr&gt;&lt;tr&gt;&lt;td colspan="3"&gt;&lt;a href="browser/screenshot/robotframework-browser-screenshot-5.png"&gt;&lt;img src="browser/screenshot/robotframework-browser-screenshot-5.png" width="800px"&gt;&lt;/a&gt;</msg>
<status status="PASS" starttime="20210525 13:31:28.360" endtime="20210525 13:31:28.510"/>
</kw>
<status status="PASS" starttime="20210525 13:31:27.633" endtime="20210525 13:31:28.511"/>
</test>
<test id="s1-s1-s1-t6" name="Cenario: Email não informado">
<kw name="Go To Login Pages" library="auth">
<kw name="Go To" library="Browser">
<arg>https://theotokus-bodytest-web.herokuapp.com/</arg>
<tag>BrowserControl</tag>
<tag>Setter</tag>
<doc>Navigates to the given ``url``.</doc>
<msg timestamp="20210525 13:31:29.055" level="INFO">Succesfully opened URL https://theotokus-bodytest-web.herokuapp.com/</msg>
<status status="PASS" starttime="20210525 13:31:28.525" endtime="20210525 13:31:29.056"/>
</kw>
<status status="PASS" starttime="20210525 13:31:28.524" endtime="20210525 13:31:29.056"/>
</kw>
<kw name="Login With" library="auth">
<arg>${EMPTY}</arg>
<arg>pwd123</arg>
<kw name="Fill Text" library="Browser">
<arg>css=input[name=email]</arg>
<arg>${email}</arg>
<tag>PageContent</tag>
<tag>Setter</tag>
<doc>Clears and fills the given ``text`` into the text field found by ``selector``.</doc>
<msg timestamp="20210525 13:31:29.060" level="INFO">Fills the text '' in the given field.</msg>
<status status="PASS" starttime="20210525 13:31:29.060" endtime="20210525 13:31:29.099"/>
</kw>
<kw name="Fill Text" library="Browser">
<arg>css=input[name=password]</arg>
<arg>${pass}</arg>
<tag>PageContent</tag>
<tag>Setter</tag>
<doc>Clears and fills the given ``text`` into the text field found by ``selector``.</doc>
<msg timestamp="20210525 13:31:29.100" level="INFO">Fills the text 'pwd123' in the given field.</msg>
<status status="PASS" starttime="20210525 13:31:29.099" endtime="20210525 13:31:29.127"/>
</kw>
<kw name="Click" library="Browser">
<arg>text=Entrar</arg>
<tag>PageContent</tag>
<tag>Setter</tag>
<doc>Simulates mouse click on the element found by ``selector``.</doc>
<status status="PASS" starttime="20210525 13:31:29.127" endtime="20210525 13:31:29.195"/>
</kw>
<status status="PASS" starttime="20210525 13:31:29.057" endtime="20210525 13:31:29.196"/>
</kw>
<kw name="Alert Text Should Be" library="components">
<arg>O e-mail é obrigatório</arg>
<kw name="Wait For Elements State" library="Browser">
<arg>css=form span &gt;&gt; text=${expect_text}</arg>
<arg>visible</arg>
<arg>5</arg>
<tag>PageContent</tag>
<tag>Wait</tag>
<doc>Waits for the element found by ``selector`` to satisfy state option.</doc>
<msg timestamp="20210525 13:31:29.230" level="INFO">Wait for Element with selector: css=form span &gt;&gt; text=O e-mail é obrigatório</msg>
<status status="PASS" starttime="20210525 13:31:29.197" endtime="20210525 13:31:29.231"/>
</kw>
<status status="PASS" starttime="20210525 13:31:29.196" endtime="20210525 13:31:29.231"/>
</kw>
<kw name="Take Screenshot" library="Browser" type="TEARDOWN">
<tag>PageContent</tag>
<doc>Takes a screenshot of the current window and saves it to ``path``. Saves it as a png.</doc>
<msg timestamp="20210525 13:31:29.374" level="INFO" html="true">&lt;/td&gt;&lt;/tr&gt;&lt;tr&gt;&lt;td colspan="3"&gt;&lt;a href="browser/screenshot/robotframework-browser-screenshot-6.png"&gt;&lt;img src="browser/screenshot/robotframework-browser-screenshot-6.png" width="800px"&gt;&lt;/a&gt;</msg>
<status status="PASS" starttime="20210525 13:31:29.232" endtime="20210525 13:31:29.375"/>
</kw>
<status status="PASS" starttime="20210525 13:31:28.517" endtime="20210525 13:31:29.375"/>
</test>
<test id="s1-s1-s1-t7" name="Cenario: Email e Senha não informados">
<kw name="Go To Login Pages" library="auth">
<kw name="Go To" library="Browser">
<arg>https://theotokus-bodytest-web.herokuapp.com/</arg>
<tag>BrowserControl</tag>
<tag>Setter</tag>
<doc>Navigates to the given ``url``.</doc>
<msg timestamp="20210525 13:31:29.909" level="INFO">Succesfully opened URL https://theotokus-bodytest-web.herokuapp.com/</msg>
<status status="PASS" starttime="20210525 13:31:29.389" endtime="20210525 13:31:29.910"/>
</kw>
<status status="PASS" starttime="20210525 13:31:29.389" endtime="20210525 13:31:29.910"/>
</kw>
<kw name="Login With" library="auth">
<arg>${EMPTY}</arg>
<arg>${EMPTY}</arg>
<kw name="Fill Text" library="Browser">
<arg>css=input[name=email]</arg>
<arg>${email}</arg>
<tag>PageContent</tag>
<tag>Setter</tag>
<doc>Clears and fills the given ``text`` into the text field found by ``selector``.</doc>
<msg timestamp="20210525 13:31:29.915" level="INFO">Fills the text '' in the given field.</msg>
<status status="PASS" starttime="20210525 13:31:29.914" endtime="20210525 13:31:29.957"/>
</kw>
<kw name="Fill Text" library="Browser">
<arg>css=input[name=password]</arg>
<arg>${pass}</arg>
<tag>PageContent</tag>
<tag>Setter</tag>
<doc>Clears and fills the given ``text`` into the text field found by ``selector``.</doc>
<msg timestamp="20210525 13:31:29.959" level="INFO">Fills the text '' in the given field.</msg>
<status status="PASS" starttime="20210525 13:31:29.958" endtime="20210525 13:31:29.981"/>
</kw>
<kw name="Click" library="Browser">
<arg>text=Entrar</arg>
<tag>PageContent</tag>
<tag>Setter</tag>
<doc>Simulates mouse click on the element found by ``selector``.</doc>
<status status="PASS" starttime="20210525 13:31:29.982" endtime="20210525 13:31:30.039"/>
</kw>
<status status="PASS" starttime="20210525 13:31:29.910" endtime="20210525 13:31:30.040"/>
</kw>
<kw name="Alert Text Should Be" library="components">
<arg>O e-mail é obrigatório</arg>
<kw name="Wait For Elements State" library="Browser">
<arg>css=form span &gt;&gt; text=${expect_text}</arg>
<arg>visible</arg>
<arg>5</arg>
<tag>PageContent</tag>
<tag>Wait</tag>
<doc>Waits for the element found by ``selector`` to satisfy state option.</doc>
<msg timestamp="20210525 13:31:30.059" level="INFO">Wait for Element with selector: css=form span &gt;&gt; text=O e-mail é obrigatório</msg>
<status status="PASS" starttime="20210525 13:31:30.041" endtime="20210525 13:31:30.059"/>
</kw>
<status status="PASS" starttime="20210525 13:31:30.040" endtime="20210525 13:31:30.060"/>
</kw>
<kw name="Alert Text Should Be" library="components">
<arg>A senha é obrigatória</arg>
<kw name="Wait For Elements State" library="Browser">
<arg>css=form span &gt;&gt; text=${expect_text}</arg>
<arg>visible</arg>
<arg>5</arg>
<tag>PageContent</tag>
<tag>Wait</tag>
<doc>Waits for the element found by ``selector`` to satisfy state option.</doc>
<msg timestamp="20210525 13:31:30.080" level="INFO">Wait for Element with selector: css=form span &gt;&gt; text=A senha é obrigatória</msg>
<status status="PASS" starttime="20210525 13:31:30.061" endtime="20210525 13:31:30.080"/>
</kw>
<status status="PASS" starttime="20210525 13:31:30.060" endtime="20210525 13:31:30.080"/>
</kw>
<kw name="Take Screenshot" library="Browser" type="TEARDOWN">
<tag>PageContent</tag>
<doc>Takes a screenshot of the current window and saves it to ``path``. Saves it as a png.</doc>
<msg timestamp="20210525 13:31:30.209" level="INFO" html="true">&lt;/td&gt;&lt;/tr&gt;&lt;tr&gt;&lt;td colspan="3"&gt;&lt;a href="browser/screenshot/robotframework-browser-screenshot-7.png"&gt;&lt;img src="browser/screenshot/robotframework-browser-screenshot-7.png" width="800px"&gt;&lt;/a&gt;</msg>
<status status="PASS" starttime="20210525 13:31:30.081" endtime="20210525 13:31:30.209"/>
</kw>
<status status="PASS" starttime="20210525 13:31:29.382" endtime="20210525 13:31:30.209"/>
</test>
<doc>Suite de testes de Login do Administrador</doc>
<status status="PASS" starttime="20210525 13:31:15.992" endtime="20210525 13:31:30.217"/>
</suite>
<status status="PASS" starttime="20210525 13:31:15.990" endtime="20210525 13:31:30.271"/>
</suite>
<suite id="s1-s2" name="Plans" source="/home/edson/workspace/courses/qa_ninja/robot_framework/bodytest/tests/plans">
<suite id="s1-s2-s1" name="Create" source="/home/edson/workspace/courses/qa_ninja/robot_framework/bodytest/tests/plans/create.robot">
<kw name="Start Admin Session" library="base" type="SETUP">
<kw name="Start Browser Session" library="base">
<kw name="New Browser" library="Browser">
<arg>chromium</arg>
<arg>true</arg>
<tag>BrowserControl</tag>
<tag>Setter</tag>
<doc>Create a new playwright Browser with specified options.
See `Browser, Context and Page` for more information about Browser and related concepts.</doc>
<msg timestamp="20210525 13:31:30.296" level="INFO">{"browser": "chromium", "headless": true, "handleSIGINT": true, "handleSIGTERM": true, "handleSIGHUP": true, "timeout": 30000.0, "devtools": false, "slowMo": 0.0}</msg>
<msg timestamp="20210525 13:31:30.471" level="INFO">Successfully created browser with options: {"browser":"chromium","headless":true,"handleSIGINT":true,"handleSIGTERM":true,"handleSIGHUP":true,"timeout":30000,"devtools":false,"slowMo":0}</msg>
<status status="PASS" starttime="20210525 13:31:30.296" endtime="20210525 13:31:30.472"/>
</kw>
<kw name="New Page" library="Browser">
<arg>about:blank</arg>
<tag>BrowserControl</tag>
<tag>Setter</tag>
<doc>Open a new Page. A Page is the Playwright equivalent to a tab.
See `Browser, Context and Page` for more information about Page concept.
Returns a stable identifier for the created page.</doc>
<msg timestamp="20210525 13:31:30.574" level="INFO">Successfully initialized new page object and opened url: about:blank</msg>
<status status="PASS" starttime="20210525 13:31:30.472" endtime="20210525 13:31:30.574"/>
</kw>
<status status="PASS" starttime="20210525 13:31:30.295" endtime="20210525 13:31:30.574"/>
</kw>
<kw name="Go To Login Pages" library="auth">
<kw name="Go To" library="Browser">
<arg>https://theotokus-bodytest-web.herokuapp.com/</arg>
<tag>BrowserControl</tag>
<tag>Setter</tag>
<doc>Navigates to the given ``url``.</doc>
<msg timestamp="20210525 13:31:32.713" level="INFO">Succesfully opened URL https://theotokus-bodytest-web.herokuapp.com/</msg>
<status status="PASS" starttime="20210525 13:31:30.575" endtime="20210525 13:31:32.713"/>
</kw>
<status status="PASS" starttime="20210525 13:31:30.575" endtime="20210525 13:31:32.714"/>
</kw>
<kw name="Login With" library="auth">
<arg>admin@bodytest.com</arg>
<arg>pwd123</arg>
<kw name="Fill Text" library="Browser">
<arg>css=input[name=email]</arg>
<arg>${email}</arg>
<tag>PageContent</tag>
<tag>Setter</tag>
<doc>Clears and fills the given ``text`` into the text field found by ``selector``.</doc>
<msg timestamp="20210525 13:31:32.715" level="INFO">Fills the text 'admin@bodytest.com' in the given field.</msg>
<status status="PASS" starttime="20210525 13:31:32.715" endtime="20210525 13:31:32.772"/>
</kw>
<kw name="Fill Text" library="Browser">
<arg>css=input[name=password]</arg>
<arg>${pass}</arg>
<tag>PageContent</tag>
<tag>Setter</tag>
<doc>Clears and fills the given ``text`` into the text field found by ``selector``.</doc>
<msg timestamp="20210525 13:31:32.773" level="INFO">Fills the text 'pwd123' in the given field.</msg>
<status status="PASS" starttime="20210525 13:31:32.772" endtime="20210525 13:31:32.803"/>
</kw>
<kw name="Click" library="Browser">
<arg>text=Entrar</arg>
<tag>PageContent</tag>
<tag>Setter</tag>
<doc>Simulates mouse click on the element found by ``selector``.</doc>
<status status="PASS" starttime="20210525 13:31:32.803" endtime="20210525 13:31:32.877"/>
</kw>
<status status="PASS" starttime="20210525 13:31:32.714" endtime="20210525 13:31:32.877"/>
</kw>
<kw name="User Should Be Logged In" library="nav">
<arg>Administrador</arg>
<kw name="Get Text" library="Browser">
<arg>css=aside strong</arg>
<arg>should be</arg>
<arg>${user_name}</arg>
<tag>Assertion</tag>
<tag>Getter</tag>
<tag>PageContent</tag>
<doc>Returns text attribute of the element found by ``selector``.
See the `Finding elements` section for details about the selectors.</doc>
<status status="PASS" starttime="20210525 13:31:32.878" endtime="20210525 13:31:33.981"/>
</kw>
<status status="PASS" starttime="20210525 13:31:32.877" endtime="20210525 13:31:33.982"/>
</kw>
<status status="PASS" starttime="20210525 13:31:30.295" endtime="20210525 13:31:33.982"/>
</kw>
<test id="s1-s2-s1-t1" name="Cenario: Calcular Preço Total do Plano">
<kw name="Create Dictionary" library="BuiltIn">
<var>&amp;{plan}</var>
<arg>title=Plano Alfa</arg>
<arg>duration=12</arg>
<arg>price=19,99</arg>
<arg>total=R$ 239,88</arg>
<doc>Creates and returns a dictionary based on the given ``items``.</doc>
<msg timestamp="20210525 13:31:33.992" level="INFO">&amp;{plan} = { title=Plano Alfa | duration=12 | price=19,99 | total=R$ 239,88 }</msg>
<status status="PASS" starttime="20210525 13:31:33.990" endtime="20210525 13:31:33.992"/>
</kw>
<kw name="Go To Plans" library="nav">
<kw name="Click" library="Browser">
<arg>css=a[href$=planos]</arg>
<tag>PageContent</tag>
<tag>Setter</tag>
<doc>Simulates mouse click on the element found by ``selector``.</doc>
<status status="PASS" starttime="20210525 13:31:33.993" endtime="20210525 13:31:34.087"/>
</kw>
<kw name="Wait For Elements State" library="Browser">
<arg>css=h1 &gt;&gt; text=Gestão de Planos</arg>
<arg>visible</arg>
<arg>5</arg>
<tag>PageContent</tag>
<tag>Wait</tag>
<doc>Waits for the element found by ``selector`` to satisfy state option.</doc>
<msg timestamp="20210525 13:31:34.105" level="INFO">Wait for Element with selector: css=h1 &gt;&gt; text=Gestão de Planos</msg>
<status status="PASS" starttime="20210525 13:31:34.088" endtime="20210525 13:31:34.105"/>
</kw>
<status status="PASS" starttime="20210525 13:31:33.993" endtime="20210525 13:31:34.106"/>
</kw>
<kw name="Go To Form Plan" library="plans">
<kw name="Click" library="Browser">
<arg>css=a[href$="planos/new"]</arg>
<tag>PageContent</tag>
<tag>Setter</tag>
<doc>Simulates mouse click on the element found by ``selector``.</doc>
<status status="PASS" starttime="20210525 13:31:34.107" endtime="20210525 13:31:34.212"/>
</kw>
<kw name="Wait For Elements State" library="Browser">
<arg>css=h1 &gt;&gt; text=Novo plano</arg>
<arg>visible</arg>
<arg>5</arg>
<tag>PageContent</tag>
<tag>Wait</tag>
<doc>Waits for the element found by ``selector`` to satisfy state option.</doc>
<msg timestamp="20210525 13:31:34.226" level="INFO">Wait for Element with selector: css=h1 &gt;&gt; text=Novo plano</msg>
<status status="PASS" starttime="20210525 13:31:34.212" endtime="20210525 13:31:34.226"/>
</kw>
<status status="PASS" starttime="20210525 13:31:34.106" endtime="20210525 13:31:34.227"/>
</kw>
<kw name="Fill Plan Forms" library="plans">
<arg>${plan}</arg>
<kw name="Fill Text" library="Browser">
<arg>${TITLE_FIELD}</arg>
<arg>${plan.title}</arg>
<tag>PageContent</tag>
<tag>Setter</tag>
<doc>Clears and fills the given ``text`` into the text field found by ``selector``.</doc>
<msg timestamp="20210525 13:31:34.231" level="INFO">Fills the text 'Plano Alfa' in the given field.</msg>
<status status="PASS" starttime="20210525 13:31:34.228" endtime="20210525 13:31:34.270"/>
</kw>
<kw name="Fill Text" library="Browser">
<arg>${DURATION_FIELD}</arg>
<arg>${plan.duration}</arg>
<tag>PageContent</tag>
<tag>Setter</tag>
<doc>Clears and fills the given ``text`` into the text field found by ``selector``.</doc>
<msg timestamp="20210525 13:31:34.272" level="INFO">Fills the text '12' in the given field.</msg>
<status status="PASS" starttime="20210525 13:31:34.271" endtime="20210525 13:31:34.309"/>
</kw>
<kw name="Fill Text" library="Browser">
<arg>${PRICE_FIELD}</arg>
<arg>${plan.price}</arg>
<tag>PageContent</tag>
<tag>Setter</tag>
<doc>Clears and fills the given ``text`` into the text field found by ``selector``.</doc>
<msg timestamp="20210525 13:31:34.311" level="INFO">Fills the text '19,99' in the given field.</msg>
<status status="PASS" starttime="20210525 13:31:34.309" endtime="20210525 13:31:34.344"/>
</kw>
<status status="PASS" starttime="20210525 13:31:34.227" endtime="20210525 13:31:34.344"/>
</kw>
<kw name="Total Plan Should Be" library="plans">
<arg>${plan.total}</arg>
<kw name="Get Attribute" library="Browser">
<arg>${TOTAL_FIELD}</arg>
<arg>value</arg>
<arg>==</arg>
<arg>${total}</arg>
<tag>Assertion</tag>
<tag>Getter</tag>
<tag>PageContent</tag>
<doc>Returns the HTML ``attribute`` of the element found by ``selector``.</doc>
<status status="PASS" starttime="20210525 13:31:34.347" endtime="20210525 13:31:34.385"/>
</kw>
<status status="PASS" starttime="20210525 13:31:34.344" endtime="20210525 13:31:34.386"/>
</kw>
<kw name="Take Screenshot" library="Browser" type="TEARDOWN">
<tag>PageContent</tag>
<doc>Takes a screenshot of the current window and saves it to ``path``. Saves it as a png.</doc>
<msg timestamp="20210525 13:31:34.508" level="INFO" html="true">&lt;/td&gt;&lt;/tr&gt;&lt;tr&gt;&lt;td colspan="3"&gt;&lt;a href="browser/screenshot/robotframework-browser-screenshot-8.png"&gt;&lt;img src="browser/screenshot/robotframework-browser-screenshot-8.png" width="800px"&gt;&lt;/a&gt;</msg>
<status status="PASS" starttime="20210525 13:31:34.386" endtime="20210525 13:31:34.508"/>
</kw>
<status status="PASS" starttime="20210525 13:31:33.982" endtime="20210525 13:31:34.508"/>
</test>
<test id="s1-s2-s1-t2" name="Cenario: Novo Plano">
<kw name="Create Dictionary" library="BuiltIn">
<var>&amp;{plan}</var>
<arg>title=Plano Alfa</arg>
<arg>duration=12</arg>
<arg>price=19,99</arg>
<arg>total=R$ 239,88</arg>
<doc>Creates and returns a dictionary based on the given ``items``.</doc>
<msg timestamp="20210525 13:31:34.522" level="INFO">&amp;{plan} = { title=Plano Alfa | duration=12 | price=19,99 | total=R$ 239,88 }</msg>
<status status="PASS" starttime="20210525 13:31:34.521" endtime="20210525 13:31:34.522"/>
</kw>
<kw name="Go To Plans" library="nav">
<kw name="Click" library="Browser">
<arg>css=a[href$=planos]</arg>
<tag>PageContent</tag>
<tag>Setter</tag>
<doc>Simulates mouse click on the element found by ``selector``.</doc>
<status status="PASS" starttime="20210525 13:31:34.524" endtime="20210525 13:31:34.616"/>
</kw>
<kw name="Wait For Elements State" library="Browser">
<arg>css=h1 &gt;&gt; text=Gestão de Planos</arg>
<arg>visible</arg>
<arg>5</arg>
<tag>PageContent</tag>
<tag>Wait</tag>
<doc>Waits for the element found by ``selector`` to satisfy state option.</doc>
<msg timestamp="20210525 13:31:34.632" level="INFO">Wait for Element with selector: css=h1 &gt;&gt; text=Gestão de Planos</msg>
<status status="PASS" starttime="20210525 13:31:34.616" endtime="20210525 13:31:34.632"/>
</kw>
<status status="PASS" starttime="20210525 13:31:34.523" endtime="20210525 13:31:34.633"/>
</kw>
<kw name="Go To Form Plan" library="plans">
<kw name="Click" library="Browser">
<arg>css=a[href$="planos/new"]</arg>
<tag>PageContent</tag>
<tag>Setter</tag>
<doc>Simulates mouse click on the element found by ``selector``.</doc>
<status status="PASS" starttime="20210525 13:31:34.634" endtime="20210525 13:31:34.724"/>
</kw>
<kw name="Wait For Elements State" library="Browser">
<arg>css=h1 &gt;&gt; text=Novo plano</arg>
<arg>visible</arg>
<arg>5</arg>
<tag>PageContent</tag>
<tag>Wait</tag>
<doc>Waits for the element found by ``selector`` to satisfy state option.</doc>
<msg timestamp="20210525 13:31:34.739" level="INFO">Wait for Element with selector: css=h1 &gt;&gt; text=Novo plano</msg>
<status status="PASS" starttime="20210525 13:31:34.725" endtime="20210525 13:31:34.739"/>
</kw>
<status status="PASS" starttime="20210525 13:31:34.633" endtime="20210525 13:31:34.739"/>
</kw>
<kw name="Fill Plan Forms" library="plans">
<arg>${plan}</arg>
<kw name="Fill Text" library="Browser">
<arg>${TITLE_FIELD}</arg>
<arg>${plan.title}</arg>
<tag>PageContent</tag>
<tag>Setter</tag>
<doc>Clears and fills the given ``text`` into the text field found by ``selector``.</doc>
<msg timestamp="20210525 13:31:34.742" level="INFO">Fills the text 'Plano Alfa' in the given field.</msg>
<status status="PASS" starttime="20210525 13:31:34.741" endtime="20210525 13:31:34.776"/>
</kw>
<kw name="Fill Text" library="Browser">
<arg>${DURATION_FIELD}</arg>
<arg>${plan.duration}</arg>
<tag>PageContent</tag>
<tag>Setter</tag>
<doc>Clears and fills the given ``text`` into the text field found by ``selector``.</doc>
<msg timestamp="20210525 13:31:34.778" level="INFO">Fills the text '12' in the given field.</msg>
<status status="PASS" starttime="20210525 13:31:34.776" endtime="20210525 13:31:34.814"/>
</kw>
<kw name="Fill Text" library="Browser">
<arg>${PRICE_FIELD}</arg>
<arg>${plan.price}</arg>
<tag>PageContent</tag>
<tag>Setter</tag>
<doc>Clears and fills the given ``text`` into the text field found by ``selector``.</doc>
<msg timestamp="20210525 13:31:34.816" level="INFO">Fills the text '19,99' in the given field.</msg>
<status status="PASS" starttime="20210525 13:31:34.814" endtime="20210525 13:31:34.848"/>
</kw>
<status status="PASS" starttime="20210525 13:31:34.740" endtime="20210525 13:31:34.849"/>
</kw>
<kw name="Submit Plan Form" library="plans">
<kw name="Click" library="Browser">
<arg>xpath=//button[contains(text(), "Salvar")]</arg>
<tag>PageContent</tag>
<tag>Setter</tag>
<doc>Simulates mouse click on the element found by ``selector``.</doc>
<status status="PASS" starttime="20210525 13:31:34.850" endtime="20210525 13:31:34.904"/>
</kw>
<status status="PASS" starttime="20210525 13:31:34.849" endtime="20210525 13:31:34.904"/>
</kw>
<kw name="Toaster Text Should Be" library="components">
<arg>Plano cadastrado com sucesso</arg>
<kw name="Wait For Elements State" library="Browser">
<arg>css=.Toastify__toast-body &gt;&gt; text=${expect_text}</arg>
<arg>visible</arg>
<arg>5</arg>
<tag>PageContent</tag>
<tag>Wait</tag>
<doc>Waits for the element found by ``selector`` to satisfy state option.</doc>
<msg timestamp="20210525 13:31:35.284" level="INFO">Wait for Element with selector: css=.Toastify__toast-body &gt;&gt; text=Plano cadastrado com sucesso</msg>
<status status="PASS" starttime="20210525 13:31:34.906" endtime="20210525 13:31:35.284"/>
</kw>
<status status="PASS" starttime="20210525 13:31:34.905" endtime="20210525 13:31:35.285"/>
</kw>
<kw name="Thinking And Take Screenshot" library="base" type="TEARDOWN">
<arg>2</arg>
<kw name="Sleep" library="BuiltIn">
<arg>${timeout}</arg>
<doc>Pauses the test executed for the given time.</doc>
<msg timestamp="20210525 13:31:37.288" level="INFO">Slept 2 seconds</msg>
<status status="PASS" starttime="20210525 13:31:35.287" endtime="20210525 13:31:37.289"/>
</kw>
<kw name="Take Screenshot" library="Browser">
<tag>PageContent</tag>
<doc>Takes a screenshot of the current window and saves it to ``path``. Saves it as a png.</doc>
<msg timestamp="20210525 13:31:37.414" level="INFO" html="true">&lt;/td&gt;&lt;/tr&gt;&lt;tr&gt;&lt;td colspan="3"&gt;&lt;a href="browser/screenshot/robotframework-browser-screenshot-9.png"&gt;&lt;img src="browser/screenshot/robotframework-browser-screenshot-9.png" width="800px"&gt;&lt;/a&gt;</msg>
<status status="PASS" starttime="20210525 13:31:37.289" endtime="20210525 13:31:37.415"/>
</kw>
<status status="PASS" starttime="20210525 13:31:35.286" endtime="20210525 13:31:37.415"/>
</kw>
<status status="PASS" starttime="20210525 13:31:34.514" endtime="20210525 13:31:37.415"/>
</test>
<test id="s1-s2-s1-t3" name="Cenario: Campos Título e Duração devem ser obrigatoriios">
<kw name="Set Variable" library="BuiltIn">
<var>@{expected_alerts}</var>
<arg>Informe o título do plano</arg>
<arg>Informe a duração do plano em meses</arg>
<doc>Returns the given values which can then be assigned to a variables.</doc>
<msg timestamp="20210525 13:31:37.431" level="INFO">@{expected_alerts} = [ Informe o título do plano | Informe a duração do plano em meses ]</msg>
<status status="PASS" starttime="20210525 13:31:37.430" endtime="20210525 13:31:37.431"/>
</kw>
<kw name="Create List" library="BuiltIn">
<var>@{got_alerts}</var>
<doc>Returns a list containing given items.</doc>
<msg timestamp="20210525 13:31:37.432" level="INFO">@{got_alerts} = [ ]</msg>
<status status="PASS" starttime="20210525 13:31:37.432" endtime="20210525 13:31:37.432"/>
</kw>
<kw name="Go To Plans" library="nav">
<kw name="Click" library="Browser">
<arg>css=a[href$=planos]</arg>
<tag>PageContent</tag>
<tag>Setter</tag>
<doc>Simulates mouse click on the element found by ``selector``.</doc>
<status status="PASS" starttime="20210525 13:31:37.433" endtime="20210525 13:31:37.507"/>
</kw>
<kw name="Wait For Elements State" library="Browser">
<arg>css=h1 &gt;&gt; text=Gestão de Planos</arg>
<arg>visible</arg>
<arg>5</arg>
<tag>PageContent</tag>
<tag>Wait</tag>
<doc>Waits for the element found by ``selector`` to satisfy state option.</doc>
<msg timestamp="20210525 13:31:37.521" level="INFO">Wait for Element with selector: css=h1 &gt;&gt; text=Gestão de Planos</msg>
<status status="PASS" starttime="20210525 13:31:37.508" endtime="20210525 13:31:37.521"/>
</kw>
<status status="PASS" starttime="20210525 13:31:37.433" endtime="20210525 13:31:37.522"/>
</kw>
<kw name="Go To Form Plan" library="plans">
<kw name="Click" library="Browser">
<arg>css=a[href$="planos/new"]</arg>
<tag>PageContent</tag>
<tag>Setter</tag>
<doc>Simulates mouse click on the element found by ``selector``.</doc>
<status status="PASS" starttime="20210525 13:31:37.523" endtime="20210525 13:31:37.605"/>
</kw>
<kw name="Wait For Elements State" library="Browser">
<arg>css=h1 &gt;&gt; text=Novo plano</arg>
<arg>visible</arg>
<arg>5</arg>
<tag>PageContent</tag>
<tag>Wait</tag>
<doc>Waits for the element found by ``selector`` to satisfy state option.</doc>
<msg timestamp="20210525 13:31:37.621" level="INFO">Wait for Element with selector: css=h1 &gt;&gt; text=Novo plano</msg>
<status status="PASS" starttime="20210525 13:31:37.606" endtime="20210525 13:31:37.622"/>
</kw>
<status status="PASS" starttime="20210525 13:31:37.522" endtime="20210525 13:31:37.622"/>
</kw>
<kw name="Submit Plan Form" library="plans">
<kw name="Click" library="Browser">
<arg>xpath=//button[contains(text(), "Salvar")]</arg>
<tag>PageContent</tag>
<tag>Setter</tag>
<doc>Simulates mouse click on the element found by ``selector``.</doc>
<status status="PASS" starttime="20210525 13:31:37.624" endtime="20210525 13:31:37.695"/>
</kw>
<status status="PASS" starttime="20210525 13:31:37.623" endtime="20210525 13:31:37.695"/>
</kw>
<for flavor="IN RANGE">
<var>${index}</var>
<value>1</value>
<value>3</value>
<iter>
<var name="${index}">1</var>
<kw name="Get Required Alerts" library="components">
<var>${span}</var>
<arg>${index}</arg>
<kw name="Get Text" library="Browser">
<var>${span}</var>
<arg>xpath=(//form//span)[${index}]</arg>
<tag>Assertion</tag>
<tag>Getter</tag>
<tag>PageContent</tag>
<doc>Returns text attribute of the element found by ``selector``.
See the `Finding elements` section for details about the selectors.</doc>
<msg timestamp="20210525 13:31:37.723" level="INFO">${span} = Informe o título do plano</msg>
<status status="PASS" starttime="20210525 13:31:37.698" endtime="20210525 13:31:37.723"/>
</kw>
<msg timestamp="20210525 13:31:37.724" level="INFO">${span} = Informe o título do plano</msg>
<status status="PASS" starttime="20210525 13:31:37.696" endtime="20210525 13:31:37.724"/>
</kw>
<kw name="Append To List" library="Collections">
<arg>${got_alerts}</arg>
<arg>${span}</arg>
<doc>Adds ``values`` to the end of ``list``.</doc>
<status status="PASS" starttime="20210525 13:31:37.724" endtime="20210525 13:31:37.725"/>
</kw>
<status status="PASS" starttime="20210525 13:31:37.696" endtime="20210525 13:31:37.725"/>
</iter>
<iter>
<var name="${index}">2</var>
<kw name="Get Required Alerts" library="components">
<var>${span}</var>
<arg>${index}</arg>
<kw name="Get Text" library="Browser">
<var>${span}</var>
<arg>xpath=(//form//span)[${index}]</arg>
<tag>Assertion</tag>
<tag>Getter</tag>
<tag>PageContent</tag>
<doc>Returns text attribute of the element found by ``selector``.
See the `Finding elements` section for details about the selectors.</doc>
<msg timestamp="20210525 13:31:37.771" level="INFO">${span} = Informe a duração do plano em meses</msg>
<status status="PASS" starttime="20210525 13:31:37.727" endtime="20210525 13:31:37.771"/>
</kw>
<msg timestamp="20210525 13:31:37.771" level="INFO">${span} = Informe a duração do plano em meses</msg>
<status status="PASS" starttime="20210525 13:31:37.726" endtime="20210525 13:31:37.771"/>
</kw>
<kw name="Append To List" library="Collections">
<arg>${got_alerts}</arg>
<arg>${span}</arg>
<doc>Adds ``values`` to the end of ``list``.</doc>
<status status="PASS" starttime="20210525 13:31:37.772" endtime="20210525 13:31:37.772"/>
</kw>
<status status="PASS" starttime="20210525 13:31:37.725" endtime="20210525 13:31:37.772"/>
</iter>
<status status="PASS" starttime="20210525 13:31:37.696" endtime="20210525 13:31:37.772"/>
</for>
<kw name="Log" library="BuiltIn">
<arg>${expected_alerts}</arg>
<doc>Logs the given message with the given level.</doc>
<msg timestamp="20210525 13:31:37.773" level="INFO">['Informe o título do plano', 'Informe a duração do plano em meses']</msg>
<status status="PASS" starttime="20210525 13:31:37.773" endtime="20210525 13:31:37.773"/>
</kw>
<kw name="Log" library="BuiltIn">
<arg>${got_alerts}</arg>
<doc>Logs the given message with the given level.</doc>
<msg timestamp="20210525 13:31:37.774" level="INFO">['Informe o título do plano', 'Informe a duração do plano em meses']</msg>
<status status="PASS" starttime="20210525 13:31:37.774" endtime="20210525 13:31:37.774"/>
</kw>
<kw name="Lists Should Be Equal" library="Collections">
<arg>${expected_alerts}</arg>
<arg>${got_alerts}</arg>
<doc>Fails if given lists are unequal.</doc>
<status status="PASS" starttime="20210525 13:31:37.775" endtime="20210525 13:31:37.775"/>
</kw>
<kw name="Take Screenshot" library="Browser" type="TEARDOWN">
<tag>PageContent</tag>
<doc>Takes a screenshot of the current window and saves it to ``path``. Saves it as a png.</doc>
<msg timestamp="20210525 13:31:37.934" level="INFO" html="true">&lt;/td&gt;&lt;/tr&gt;&lt;tr&gt;&lt;td colspan="3"&gt;&lt;a href="browser/screenshot/robotframework-browser-screenshot-10.png"&gt;&lt;img src="browser/screenshot/robotframework-browser-screenshot-10.png" width="800px"&gt;&lt;/a&gt;</msg>
<status status="PASS" starttime="20210525 13:31:37.777" endtime="20210525 13:31:37.935"/>
</kw>
<status status="PASS" starttime="20210525 13:31:37.424" endtime="20210525 13:31:37.935"/>
</test>
<test id="s1-s2-s1-t4" name="Cenario: A duração deve ser no mínimo 1 mês">
<kw name="Create Dictionary" library="BuiltIn">
<var>&amp;{plan}</var>
<arg>title=Edson Teste</arg>
<arg>duration=0</arg>
<arg>price=19,99</arg>
<arg>total=R$ 239,88</arg>
<doc>Creates and returns a dictionary based on the given ``items``.</doc>
<msg timestamp="20210525 13:31:37.955" level="INFO">&amp;{plan} = { title=Edson Teste | duration=0 | price=19,99 | total=R$ 239,88 }</msg>
<status status="PASS" starttime="20210525 13:31:37.954" endtime="20210525 13:31:37.955"/>
</kw>
<kw name="Go To Plans" library="nav">
<kw name="Click" library="Browser">
<arg>css=a[href$=planos]</arg>
<tag>PageContent</tag>
<tag>Setter</tag>
<doc>Simulates mouse click on the element found by ``selector``.</doc>
<status status="PASS" starttime="20210525 13:31:37.956" endtime="20210525 13:31:38.052"/>
</kw>
<kw name="Wait For Elements State" library="Browser">
<arg>css=h1 &gt;&gt; text=Gestão de Planos</arg>
<arg>visible</arg>
<arg>5</arg>
<tag>PageContent</tag>
<tag>Wait</tag>
<doc>Waits for the element found by ``selector`` to satisfy state option.</doc>
<msg timestamp="20210525 13:31:38.067" level="INFO">Wait for Element with selector: css=h1 &gt;&gt; text=Gestão de Planos</msg>
<status status="PASS" starttime="20210525 13:31:38.053" endtime="20210525 13:31:38.068"/>
</kw>
<status status="PASS" starttime="20210525 13:31:37.956" endtime="20210525 13:31:38.068"/>
</kw>
<kw name="Go To Form Plan" library="plans">
<kw name="Click" library="Browser">
<arg>css=a[href$="planos/new"]</arg>
<tag>PageContent</tag>
<tag>Setter</tag>
<doc>Simulates mouse click on the element found by ``selector``.</doc>
<status status="PASS" starttime="20210525 13:31:38.070" endtime="20210525 13:31:38.163"/>
</kw>
<kw name="Wait For Elements State" library="Browser">
<arg>css=h1 &gt;&gt; text=Novo plano</arg>
<arg>visible</arg>
<arg>5</arg>
<tag>PageContent</tag>
<tag>Wait</tag>
<doc>Waits for the element found by ``selector`` to satisfy state option.</doc>
<msg timestamp="20210525 13:31:38.178" level="INFO">Wait for Element with selector: css=h1 &gt;&gt; text=Novo plano</msg>
<status status="PASS" starttime="20210525 13:31:38.164" endtime="20210525 13:31:38.178"/>
</kw>
<status status="PASS" starttime="20210525 13:31:38.069" endtime="20210525 13:31:38.178"/>
</kw>
<kw name="Fill Plan Forms" library="plans">
<arg>${plan}</arg>
<kw name="Fill Text" library="Browser">
<arg>${TITLE_FIELD}</arg>
<arg>${plan.title}</arg>
<tag>PageContent</tag>
<tag>Setter</tag>
<doc>Clears and fills the given ``text`` into the text field found by ``selector``.</doc>
<msg timestamp="20210525 13:31:38.181" level="INFO">Fills the text 'Edson Teste' in the given field.</msg>
<status status="PASS" starttime="20210525 13:31:38.180" endtime="20210525 13:31:38.210"/>
</kw>
<kw name="Fill Text" library="Browser">
<arg>${DURATION_FIELD}</arg>
<arg>${plan.duration}</arg>
<tag>PageContent</tag>
<tag>Setter</tag>
<doc>Clears and fills the given ``text`` into the text field found by ``selector``.</doc>
<msg timestamp="20210525 13:31:38.212" level="INFO">Fills the text '0' in the given field.</msg>
<status status="PASS" starttime="20210525 13:31:38.211" endtime="20210525 13:31:38.251"/>
</kw>
<kw name="Fill Text" library="Browser">
<arg>${PRICE_FIELD}</arg>
<arg>${plan.price}</arg>
<tag>PageContent</tag>
<tag>Setter</tag>
<doc>Clears and fills the given ``text`` into the text field found by ``selector``.</doc>
<msg timestamp="20210525 13:31:38.253" level="INFO">Fills the text '19,99' in the given field.</msg>
<status status="PASS" starttime="20210525 13:31:38.251" endtime="20210525 13:31:38.284"/>
</kw>
<status status="PASS" starttime="20210525 13:31:38.179" endtime="20210525 13:31:38.284"/>
</kw>
<kw name="Submit Plan Form" library="plans">
<kw name="Click" library="Browser">
<arg>xpath=//button[contains(text(), "Salvar")]</arg>
<tag>PageContent</tag>
<tag>Setter</tag>
<doc>Simulates mouse click on the element found by ``selector``.</doc>
<status status="PASS" starttime="20210525 13:31:38.286" endtime="20210525 13:31:38.339"/>
</kw>
<status status="PASS" starttime="20210525 13:31:38.285" endtime="20210525 13:31:38.340"/>
</kw>
<kw name="Alert Text Should Be" library="components">
<arg>A duração dever ser no mínimo 1 mês</arg>
<kw name="Wait For Elements State" library="Browser">
<arg>css=form span &gt;&gt; text=${expect_text}</arg>
<arg>visible</arg>
<arg>5</arg>
<tag>PageContent</tag>
<tag>Wait</tag>
<doc>Waits for the element found by ``selector`` to satisfy state option.</doc>
<msg timestamp="20210525 13:31:38.357" level="INFO">Wait for Element with selector: css=form span &gt;&gt; text=A duração dever ser no mínimo 1 mês</msg>
<status status="PASS" starttime="20210525 13:31:38.341" endtime="20210525 13:31:38.357"/>
</kw>
<status status="PASS" starttime="20210525 13:31:38.340" endtime="20210525 13:31:38.358"/>
</kw>
<kw name="Take Screenshot" library="Browser" type="TEARDOWN">
<tag>PageContent</tag>
<doc>Takes a screenshot of the current window and saves it to ``path``. Saves it as a png.</doc>
<msg timestamp="20210525 13:31:38.531" level="INFO" html="true">&lt;/td&gt;&lt;/tr&gt;&lt;tr&gt;&lt;td colspan="3"&gt;&lt;a href="browser/screenshot/robotframework-browser-screenshot-11.png"&gt;&lt;img src="browser/screenshot/robotframework-browser-screenshot-11.png" width="800px"&gt;&lt;/a&gt;</msg>
<status status="PASS" starttime="20210525 13:31:38.359" endtime="20210525 13:31:38.531"/>
</kw>
<status status="PASS" starttime="20210525 13:31:37.947" endtime="20210525 13:31:38.532"/>
</test>
<doc>Cadastro de Planos</doc>
<status status="PASS" starttime="20210525 13:31:30.280" endtime="20210525 13:31:38.539"/>
</suite>
<suite id="s1-s2-s2" name="Remove" source="/home/edson/workspace/courses/qa_ninja/robot_framework/bodytest/tests/plans/remove.robot">
<test id="s1-s2-s2-t1" name="Cenario: Desistir da exclusão">
<kw name="Start Admin Session" library="base" type="SETUP">
<kw name="Start Browser Session" library="base">
<kw name="New Browser" library="Browser">
<arg>chromium</arg>
<arg>true</arg>
<tag>BrowserControl</tag>
<tag>Setter</tag>
<doc>Create a new playwright Browser with specified options.
See `Browser, Context and Page` for more information about Browser and related concepts.</doc>
<msg timestamp="20210525 13:31:38.644" level="INFO">{"browser": "chromium", "headless": true, "handleSIGINT": true, "handleSIGTERM": true, "handleSIGHUP": true, "timeout": 30000.0, "devtools": false, "slowMo": 0.0}</msg>
<msg timestamp="20210525 13:31:38.820" level="INFO">Successfully created browser with options: {"browser":"chromium","headless":true,"handleSIGINT":true,"handleSIGTERM":true,"handleSIGHUP":true,"timeout":30000,"devtools":false,"slowMo":0}</msg>
<status status="PASS" starttime="20210525 13:31:38.644" endtime="20210525 13:31:38.821"/>
</kw>
<kw name="New Page" library="Browser">
<arg>about:blank</arg>
<tag>BrowserControl</tag>
<tag>Setter</tag>
<doc>Open a new Page. A Page is the Playwright equivalent to a tab.
See `Browser, Context and Page` for more information about Page concept.
Returns a stable identifier for the created page.</doc>
<msg timestamp="20210525 13:31:38.915" level="INFO">Successfully initialized new page object and opened url: about:blank</msg>
<status status="PASS" starttime="20210525 13:31:38.821" endtime="20210525 13:31:38.915"/>
</kw>
<status status="PASS" starttime="20210525 13:31:38.643" endtime="20210525 13:31:38.916"/>
</kw>
<kw name="Go To Login Pages" library="auth">
<kw name="Go To" library="Browser">
<arg>https://theotokus-bodytest-web.herokuapp.com/</arg>
<tag>BrowserControl</tag>
<tag>Setter</tag>
<doc>Navigates to the given ``url``.</doc>
<msg timestamp="20210525 13:31:40.904" level="INFO">Succesfully opened URL https://theotokus-bodytest-web.herokuapp.com/</msg>
<status status="PASS" starttime="20210525 13:31:38.918" endtime="20210525 13:31:40.905"/>
</kw>
<status status="PASS" starttime="20210525 13:31:38.916" endtime="20210525 13:31:40.906"/>
</kw>
<kw name="Login With" library="auth">
<arg>admin@bodytest.com</arg>
<arg>pwd123</arg>
<kw name="Fill Text" library="Browser">
<arg>css=input[name=email]</arg>
<arg>${email}</arg>
<tag>PageContent</tag>
<tag>Setter</tag>
<doc>Clears and fills the given ``text`` into the text field found by ``selector``.</doc>
<msg timestamp="20210525 13:31:40.908" level="INFO">Fills the text 'admin@bodytest.com' in the given field.</msg>
<status status="PASS" starttime="20210525 13:31:40.907" endtime="20210525 13:31:40.959"/>
</kw>
<kw name="Fill Text" library="Browser">
<arg>css=input[name=password]</arg>
<arg>${pass}</arg>
<tag>PageContent</tag>
<tag>Setter</tag>
<doc>Clears and fills the given ``text`` into the text field found by ``selector``.</doc>
<msg timestamp="20210525 13:31:40.960" level="INFO">Fills the text 'pwd123' in the given field.</msg>
<status status="PASS" starttime="20210525 13:31:40.959" endtime="20210525 13:31:40.988"/>
</kw>
<kw name="Click" library="Browser">
<arg>text=Entrar</arg>
<tag>PageContent</tag>
<tag>Setter</tag>
<doc>Simulates mouse click on the element found by ``selector``.</doc>
<status status="PASS" starttime="20210525 13:31:40.989" endtime="20210525 13:31:41.066"/>
</kw>
<status status="PASS" starttime="20210525 13:31:40.906" endtime="20210525 13:31:41.066"/>
</kw>
<kw name="User Should Be Logged In" library="nav">
<arg>Administrador</arg>
<kw name="Get Text" library="Browser">
<arg>css=aside strong</arg>
<arg>should be</arg>
<arg>${user_name}</arg>
<tag>Assertion</tag>
<tag>Getter</tag>
<tag>PageContent</tag>
<doc>Returns text attribute of the element found by ``selector``.
See the `Finding elements` section for details about the selectors.</doc>
<status status="PASS" starttime="20210525 13:31:41.067" endtime="20210525 13:31:42.818"/>
</kw>
<status status="PASS" starttime="20210525 13:31:41.066" endtime="20210525 13:31:42.819"/>
</kw>
<status status="PASS" starttime="20210525 13:31:38.643" endtime="20210525 13:31:42.819"/>
</kw>
<kw name="Create Dictionary" library="BuiltIn">
<var>&amp;{plan}</var>
<arg>title=Plano Alfa</arg>
<arg>duration=12</arg>
<arg>price=19.99</arg>
<doc>Creates and returns a dictionary based on the given ``items``.</doc>
<msg timestamp="20210525 13:31:42.821" level="INFO">&amp;{plan} = { title=Plano Alfa | duration=12 | price=19.99 }</msg>
<status status="PASS" starttime="20210525 13:31:42.820" endtime="20210525 13:31:42.821"/>
</kw>
<kw name="Insert Plan" library="DeloreanLibrary">
<arg>${plan}</arg>
<msg timestamp="20210525 13:31:42.822" level="INFO">delete from plans where title = 'Plano Alfa'</msg>
<msg timestamp="20210525 13:31:44.010" level="INFO">insert into plans(title, duration, price, created_at, updated_at)values('Plano Alfa',12,19.99, NOW(), NOW());</msg>
<status status="PASS" starttime="20210525 13:31:42.822" endtime="20210525 13:31:45.243"/>
</kw>
<kw name="Go To Plans" library="nav">
<kw name="Click" library="Browser">
<arg>css=a[href$=planos]</arg>
<tag>PageContent</tag>
<tag>Setter</tag>
<doc>Simulates mouse click on the element found by ``selector``.</doc>
<status status="PASS" starttime="20210525 13:31:45.245" endtime="20210525 13:31:45.338"/>
</kw>
<kw name="Wait For Elements State" library="Browser">
<arg>css=h1 &gt;&gt; text=Gestão de Planos</arg>
<arg>visible</arg>
<arg>5</arg>
<tag>PageContent</tag>
<tag>Wait</tag>
<doc>Waits for the element found by ``selector`` to satisfy state option.</doc>
<msg timestamp="20210525 13:31:45.352" level="INFO">Wait for Element with selector: css=h1 &gt;&gt; text=Gestão de Planos</msg>
<status status="PASS" starttime="20210525 13:31:45.338" endtime="20210525 13:31:45.353"/>
</kw>
<status status="PASS" starttime="20210525 13:31:45.244" endtime="20210525 13:31:45.353"/>
</kw>
<kw name="Search Plan By Title" library="plans">
<arg>${plan.title}</arg>
<kw name="Fill Text" library="Browser">
<arg>css=input[placeholder="Buscar plano"]</arg>
<arg>${title}</arg>
<tag>PageContent</tag>
<tag>Setter</tag>
<doc>Clears and fills the given ``text`` into the text field found by ``selector``.</doc>
<msg timestamp="20210525 13:31:45.355" level="INFO">Fills the text 'Plano Alfa' in the given field.</msg>
<status status="PASS" starttime="20210525 13:31:45.355" endtime="20210525 13:31:45.382"/>
</kw>
<status status="PASS" starttime="20210525 13:31:45.353" endtime="20210525 13:31:45.383"/>
</kw>
<kw name="Request Removal By Title" library="plans">
<arg>${plan.title}</arg>
<kw name="Click" library="Browser">
<arg>xpath=//td[contains(text(),"${title}")]/../td/button[@id="trash"]</arg>
<tag>PageContent</tag>
<tag>Setter</tag>
<doc>Simulates mouse click on the element found by ``selector``.</doc>
<status status="PASS" starttime="20210525 13:31:45.385" endtime="20210525 13:31:45.922"/>
</kw>
<status status="PASS" starttime="20210525 13:31:45.383" endtime="20210525 13:31:45.922"/>
</kw>
<kw name="Cancel Removal" library="students">
<kw name="Click" library="Browser">
<arg>text=NÃO</arg>
<tag>PageContent</tag>
<tag>Setter</tag>
<doc>Simulates mouse click on the element found by ``selector``.</doc>
<status status="PASS" starttime="20210525 13:31:45.924" endtime="20210525 13:31:46.224"/>
</kw>
<status status="PASS" starttime="20210525 13:31:45.923" endtime="20210525 13:31:46.224"/>
</kw>
<kw name="Plan Should Be Visible" library="plans">
<arg>${plan.title}</arg>
<kw name="Wait For Elements State" library="Browser">
<arg>xpath=//td[contains(text(),"${title}")]</arg>
<arg>visible</arg>
<arg>5</arg>
<tag>PageContent</tag>
<tag>Wait</tag>
<doc>Waits for the element found by ``selector`` to satisfy state option.</doc>
<msg timestamp="20210525 13:31:46.293" level="INFO">Wait for Element with selector: xpath=//td[contains(text(),"Plano Alfa")]</msg>
<status status="PASS" starttime="20210525 13:31:46.226" endtime="20210525 13:31:46.293"/>
</kw>
<status status="PASS" starttime="20210525 13:31:46.224" endtime="20210525 13:31:46.294"/>
</kw>
<kw name="Take Screenshot" library="Browser" type="TEARDOWN">
<tag>PageContent</tag>
<doc>Takes a screenshot of the current window and saves it to ``path``. Saves it as a png.</doc>
<msg timestamp="20210525 13:31:46.439" level="INFO" html="true">&lt;/td&gt;&lt;/tr&gt;&lt;tr&gt;&lt;td colspan="3"&gt;&lt;a href="browser/screenshot/robotframework-browser-screenshot-12.png"&gt;&lt;img src="browser/screenshot/robotframework-browser-screenshot-12.png" width="800px"&gt;&lt;/a&gt;</msg>
<status status="PASS" starttime="20210525 13:31:46.294" endtime="20210525 13:31:46.439"/>
</kw>
<status status="PASS" starttime="20210525 13:31:38.639" endtime="20210525 13:31:46.439"/>
</test>
<test id="s1-s2-s2-t2" name="Cenario: Remover plano cadastrado">
<kw name="Start Admin Session" library="base" type="SETUP">
<kw name="Start Browser Session" library="base">
<kw name="New Browser" library="Browser">
<arg>chromium</arg>
<arg>true</arg>
<tag>BrowserControl</tag>
<tag>Setter</tag>
<doc>Create a new playwright Browser with specified options.
See `Browser, Context and Page` for more information about Browser and related concepts.</doc>
<msg timestamp="20210525 13:31:46.490" level="INFO">{"browser": "chromium", "headless": true, "handleSIGINT": true, "handleSIGTERM": true, "handleSIGHUP": true, "timeout": 30000.0, "devtools": false, "slowMo": 0.0}</msg>
<msg timestamp="20210525 13:31:46.669" level="INFO">Successfully created browser with options: {"browser":"chromium","headless":true,"handleSIGINT":true,"handleSIGTERM":true,"handleSIGHUP":true,"timeout":30000,"devtools":false,"slowMo":0}</msg>
<status status="PASS" starttime="20210525 13:31:46.490" endtime="20210525 13:31:46.669"/>
</kw>
<kw name="New Page" library="Browser">
<arg>about:blank</arg>
<tag>BrowserControl</tag>
<tag>Setter</tag>
<doc>Open a new Page. A Page is the Playwright equivalent to a tab.
See `Browser, Context and Page` for more information about Page concept.
Returns a stable identifier for the created page.</doc>
<msg timestamp="20210525 13:31:46.783" level="INFO">Successfully initialized new page object and opened url: about:blank</msg>
<status status="PASS" starttime="20210525 13:31:46.670" endtime="20210525 13:31:46.783"/>
</kw>
<status status="PASS" starttime="20210525 13:31:46.489" endtime="20210525 13:31:46.784"/>
</kw>
<kw name="Go To Login Pages" library="auth">
<kw name="Go To" library="Browser">
<arg>https://theotokus-bodytest-web.herokuapp.com/</arg>
<tag>BrowserControl</tag>
<tag>Setter</tag>
<doc>Navigates to the given ``url``.</doc>
<msg timestamp="20210525 13:31:48.709" level="INFO">Succesfully opened URL https://theotokus-bodytest-web.herokuapp.com/</msg>
<status status="PASS" starttime="20210525 13:31:46.785" endtime="20210525 13:31:48.709"/>
</kw>
<status status="PASS" starttime="20210525 13:31:46.784" endtime="20210525 13:31:48.710"/>
</kw>
<kw name="Login With" library="auth">
<arg>admin@bodytest.com</arg>
<arg>pwd123</arg>
<kw name="Fill Text" library="Browser">
<arg>css=input[name=email]</arg>
<arg>${email}</arg>
<tag>PageContent</tag>
<tag>Setter</tag>
<doc>Clears and fills the given ``text`` into the text field found by ``selector``.</doc>
<msg timestamp="20210525 13:31:48.712" level="INFO">Fills the text 'admin@bodytest.com' in the given field.</msg>
<status status="PASS" starttime="20210525 13:31:48.711" endtime="20210525 13:31:48.772"/>
</kw>
<kw name="Fill Text" library="Browser">
<arg>css=input[name=password]</arg>
<arg>${pass}</arg>
<tag>PageContent</tag>
<tag>Setter</tag>
<doc>Clears and fills the given ``text`` into the text field found by ``selector``.</doc>
<msg timestamp="20210525 13:31:48.773" level="INFO">Fills the text 'pwd123' in the given field.</msg>
<status status="PASS" starttime="20210525 13:31:48.772" endtime="20210525 13:31:48.816"/>
</kw>
<kw name="Click" library="Browser">
<arg>text=Entrar</arg>
<tag>PageContent</tag>
<tag>Setter</tag>
<doc>Simulates mouse click on the element found by ``selector``.</doc>
<status status="PASS" starttime="20210525 13:31:48.817" endtime="20210525 13:31:48.899"/>
</kw>
<status status="PASS" starttime="20210525 13:31:48.710" endtime="20210525 13:31:48.900"/>
</kw>
<kw name="User Should Be Logged In" library="nav">
<arg>Administrador</arg>
<kw name="Get Text" library="Browser">
<arg>css=aside strong</arg>
<arg>should be</arg>
<arg>${user_name}</arg>
<tag>Assertion</tag>
<tag>Getter</tag>
<tag>PageContent</tag>
<doc>Returns text attribute of the element found by ``selector``.
See the `Finding elements` section for details about the selectors.</doc>
<status status="PASS" starttime="20210525 13:31:48.901" endtime="20210525 13:31:49.926"/>
</kw>
<status status="PASS" starttime="20210525 13:31:48.900" endtime="20210525 13:31:49.926"/>
</kw>
<status status="PASS" starttime="20210525 13:31:46.488" endtime="20210525 13:31:49.926"/>
</kw>
<kw name="Create Dictionary" library="BuiltIn">
<var>&amp;{plan}</var>
<arg>title=Plano Alfa</arg>
<arg>duration=12</arg>
<arg>price=19.99</arg>
<doc>Creates and returns a dictionary based on the given ``items``.</doc>
<msg timestamp="20210525 13:31:49.928" level="INFO">&amp;{plan} = { title=Plano Alfa | duration=12 | price=19.99 }</msg>
<status status="PASS" starttime="20210525 13:31:49.927" endtime="20210525 13:31:49.928"/>
</kw>
<kw name="Insert Plan" library="DeloreanLibrary">
<arg>${plan}</arg>
<msg timestamp="20210525 13:31:49.929" level="INFO">delete from plans where title = 'Plano Alfa'</msg>
<msg timestamp="20210525 13:31:51.114" level="INFO">insert into plans(title, duration, price, created_at, updated_at)values('Plano Alfa',12,19.99, NOW(), NOW());</msg>
<status status="PASS" starttime="20210525 13:31:49.928" endtime="20210525 13:31:52.340"/>
</kw>
<kw name="Go To Plans" library="nav">
<kw name="Click" library="Browser">
<arg>css=a[href$=planos]</arg>
<tag>PageContent</tag>
<tag>Setter</tag>
<doc>Simulates mouse click on the element found by ``selector``.</doc>
<status status="PASS" starttime="20210525 13:31:52.341" endtime="20210525 13:31:52.442"/>
</kw>
<kw name="Wait For Elements State" library="Browser">
<arg>css=h1 &gt;&gt; text=Gestão de Planos</arg>
<arg>visible</arg>
<arg>5</arg>
<tag>PageContent</tag>
<tag>Wait</tag>
<doc>Waits for the element found by ``selector`` to satisfy state option.</doc>
<msg timestamp="20210525 13:31:52.456" level="INFO">Wait for Element with selector: css=h1 &gt;&gt; text=Gestão de Planos</msg>
<status status="PASS" starttime="20210525 13:31:52.443" endtime="20210525 13:31:52.456"/>
</kw>
<status status="PASS" starttime="20210525 13:31:52.340" endtime="20210525 13:31:52.457"/>
</kw>
<kw name="Search Plan By Title" library="plans">
<arg>${plan.title}</arg>
<kw name="Fill Text" library="Browser">
<arg>css=input[placeholder="Buscar plano"]</arg>
<arg>${title}</arg>
<tag>PageContent</tag>
<tag>Setter</tag>
<doc>Clears and fills the given ``text`` into the text field found by ``selector``.</doc>
<msg timestamp="20210525 13:31:52.460" level="INFO">Fills the text 'Plano Alfa' in the given field.</msg>
<status status="PASS" starttime="20210525 13:31:52.459" endtime="20210525 13:31:52.489"/>
</kw>
<status status="PASS" starttime="20210525 13:31:52.457" endtime="20210525 13:31:52.489"/>
</kw>
<kw name="Request Removal By Title" library="plans">
<arg>${plan.title}</arg>
<kw name="Click" library="Browser">
<arg>xpath=//td[contains(text(),"${title}")]/../td/button[@id="trash"]</arg>
<tag>PageContent</tag>
<tag>Setter</tag>
<doc>Simulates mouse click on the element found by ``selector``.</doc>
<status status="PASS" starttime="20210525 13:31:52.492" endtime="20210525 13:31:52.919"/>
</kw>
<status status="PASS" starttime="20210525 13:31:52.490" endtime="20210525 13:31:52.920"/>
</kw>
<kw name="Confirm Removal" library="students">
<kw name="Click" library="Browser">
<arg>text=SIM, pode apagar!</arg>
<tag>PageContent</tag>
<tag>Setter</tag>
<doc>Simulates mouse click on the element found by ``selector``.</doc>
<status status="PASS" starttime="20210525 13:31:52.921" endtime="20210525 13:31:53.261"/>
</kw>
<status status="PASS" starttime="20210525 13:31:52.920" endtime="20210525 13:31:53.261"/>
</kw>
<kw name="Toaster Text Should Be" library="components">
<arg>Plano removido com sucesso</arg>
<kw name="Wait For Elements State" library="Browser">
<arg>css=.Toastify__toast-body &gt;&gt; text=${expect_text}</arg>
<arg>visible</arg>
<arg>5</arg>
<tag>PageContent</tag>
<tag>Wait</tag>
<doc>Waits for the element found by ``selector`` to satisfy state option.</doc>
<msg timestamp="20210525 13:31:53.757" level="INFO">Wait for Element with selector: css=.Toastify__toast-body &gt;&gt; text=Plano removido com sucesso</msg>
<status status="PASS" starttime="20210525 13:31:53.262" endtime="20210525 13:31:53.758"/>
</kw>
<status status="PASS" starttime="20210525 13:31:53.261" endtime="20210525 13:31:53.758"/>
</kw>
<kw name="Plan Should Not Visible" library="plans">
<arg>${plan.title}</arg>
<kw name="Wait For Elements State" library="Browser">
<arg>xpath=//td[contains(text(),"${title}")]</arg>
<arg>detached</arg>
<arg>5</arg>
<tag>PageContent</tag>
<tag>Wait</tag>
<doc>Waits for the element found by ``selector`` to satisfy state option.</doc>
<msg timestamp="20210525 13:31:53.774" level="INFO">Wait for Element with selector: xpath=//td[contains(text(),"Plano Alfa")]</msg>
<status status="PASS" starttime="20210525 13:31:53.760" endtime="20210525 13:31:53.774"/>
</kw>
<status status="PASS" starttime="20210525 13:31:53.758" endtime="20210525 13:31:53.775"/>
</kw>
<kw name="Thinking And Take Screenshot" library="base" type="TEARDOWN">
<arg>2</arg>
<kw name="Sleep" library="BuiltIn">
<arg>${timeout}</arg>
<doc>Pauses the test executed for the given time.</doc>
<msg timestamp="20210525 13:31:55.778" level="INFO">Slept 2 seconds</msg>
<status status="PASS" starttime="20210525 13:31:53.777" endtime="20210525 13:31:55.778"/>
</kw>
<kw name="Take Screenshot" library="Browser">
<tag>PageContent</tag>
<doc>Takes a screenshot of the current window and saves it to ``path``. Saves it as a png.</doc>
<msg timestamp="20210525 13:31:55.911" level="INFO" html="true">&lt;/td&gt;&lt;/tr&gt;&lt;tr&gt;&lt;td colspan="3"&gt;&lt;a href="browser/screenshot/robotframework-browser-screenshot-13.png"&gt;&lt;img src="browser/screenshot/robotframework-browser-screenshot-13.png" width="800px"&gt;&lt;/a&gt;</msg>
<status status="PASS" starttime="20210525 13:31:55.779" endtime="20210525 13:31:55.911"/>
</kw>
<status status="PASS" starttime="20210525 13:31:53.776" endtime="20210525 13:31:55.912"/>
</kw>
<status status="PASS" starttime="20210525 13:31:46.477" endtime="20210525 13:31:55.912"/>
</test>
<doc>Remoção de planos</doc>
<status status="PASS" starttime="20210525 13:31:38.589" endtime="20210525 13:31:55.966"/>
</suite>
<suite id="s1-s2-s3" name="Search" source="/home/edson/workspace/courses/qa_ninja/robot_framework/bodytest/tests/plans/search.robot">
<kw name="Start Admin Session" library="base" type="SETUP">
<kw name="Start Browser Session" library="base">
<kw name="New Browser" library="Browser">
<arg>chromium</arg>
<arg>true</arg>
<tag>BrowserControl</tag>
<tag>Setter</tag>
<doc>Create a new playwright Browser with specified options.
See `Browser, Context and Page` for more information about Browser and related concepts.</doc>
<msg timestamp="20210525 13:31:55.997" level="INFO">{"browser": "chromium", "headless": true, "handleSIGINT": true, "handleSIGTERM": true, "handleSIGHUP": true, "timeout": 30000.0, "devtools": false, "slowMo": 0.0}</msg>
<msg timestamp="20210525 13:31:56.192" level="INFO">Successfully created browser with options: {"browser":"chromium","headless":true,"handleSIGINT":true,"handleSIGTERM":true,"handleSIGHUP":true,"timeout":30000,"devtools":false,"slowMo":0}</msg>
<status status="PASS" starttime="20210525 13:31:55.997" endtime="20210525 13:31:56.193"/>
</kw>
<kw name="New Page" library="Browser">
<arg>about:blank</arg>
<tag>BrowserControl</tag>
<tag>Setter</tag>
<doc>Open a new Page. A Page is the Playwright equivalent to a tab.
See `Browser, Context and Page` for more information about Page concept.
Returns a stable identifier for the created page.</doc>
<msg timestamp="20210525 13:31:56.308" level="INFO">Successfully initialized new page object and opened url: about:blank</msg>
<status status="PASS" starttime="20210525 13:31:56.193" endtime="20210525 13:31:56.308"/>
</kw>
<status status="PASS" starttime="20210525 13:31:55.996" endtime="20210525 13:31:56.309"/>
</kw>
<kw name="Go To Login Pages" library="auth">
<kw name="Go To" library="Browser">
<arg>https://theotokus-bodytest-web.herokuapp.com/</arg>
<tag>BrowserControl</tag>
<tag>Setter</tag>
<doc>Navigates to the given ``url``.</doc>
<msg timestamp="20210525 13:31:58.256" level="INFO">Succesfully opened URL https://theotokus-bodytest-web.herokuapp.com/</msg>
<status status="PASS" starttime="20210525 13:31:56.309" endtime="20210525 13:31:58.256"/>
</kw>
<status status="PASS" starttime="20210525 13:31:56.309" endtime="20210525 13:31:58.256"/>
</kw>
<kw name="Login With" library="auth">
<arg>admin@bodytest.com</arg>
<arg>pwd123</arg>
<kw name="Fill Text" library="Browser">
<arg>css=input[name=email]</arg>
<arg>${email}</arg>
<tag>PageContent</tag>
<tag>Setter</tag>
<doc>Clears and fills the given ``text`` into the text field found by ``selector``.</doc>
<msg timestamp="20210525 13:31:58.258" level="INFO">Fills the text 'admin@bodytest.com' in the given field.</msg>
<status status="PASS" starttime="20210525 13:31:58.257" endtime="20210525 13:31:58.315"/>
</kw>
<kw name="Fill Text" library="Browser">
<arg>css=input[name=password]</arg>
<arg>${pass}</arg>
<tag>PageContent</tag>
<tag>Setter</tag>
<doc>Clears and fills the given ``text`` into the text field found by ``selector``.</doc>
<msg timestamp="20210525 13:31:58.317" level="INFO">Fills the text 'pwd123' in the given field.</msg>
<status status="PASS" starttime="20210525 13:31:58.316" endtime="20210525 13:31:58.344"/>
</kw>
<kw name="Click" library="Browser">
<arg>text=Entrar</arg>
<tag>PageContent</tag>
<tag>Setter</tag>
<doc>Simulates mouse click on the element found by ``selector``.</doc>
<status status="PASS" starttime="20210525 13:31:58.344" endtime="20210525 13:31:58.426"/>
</kw>
<status status="PASS" starttime="20210525 13:31:58.257" endtime="20210525 13:31:58.427"/>
</kw>
<kw name="User Should Be Logged In" library="nav">
<arg>Administrador</arg>
<kw name="Get Text" library="Browser">
<arg>css=aside strong</arg>
<arg>should be</arg>
<arg>${user_name}</arg>
<tag>Assertion</tag>
<tag>Getter</tag>
<tag>PageContent</tag>
<doc>Returns text attribute of the element found by ``selector``.
See the `Finding elements` section for details about the selectors.</doc>
<status status="PASS" starttime="20210525 13:31:58.428" endtime="20210525 13:31:59.264"/>
</kw>
<status status="PASS" starttime="20210525 13:31:58.427" endtime="20210525 13:31:59.264"/>
</kw>
<status status="PASS" starttime="20210525 13:31:55.996" endtime="20210525 13:31:59.265"/>
</kw>
<test id="s1-s2-s3-t1" name="Cenario: Busca exata">
<kw name="Create Dictionary" library="BuiltIn">
<var>&amp;{plan}</var>
<arg>title=Zeta</arg>
<arg>duration=12</arg>
<arg>price=19.99</arg>
<arg>total=R$ 239.88</arg>
<doc>Creates and returns a dictionary based on the given ``items``.</doc>
<msg timestamp="20210525 13:31:59.276" level="INFO">&amp;{plan} = { title=Zeta | duration=12 | price=19.99 | total=R$ 239.88 }</msg>
<status status="PASS" starttime="20210525 13:31:59.275" endtime="20210525 13:31:59.276"/>
</kw>
<kw name="Remove Plan By Title" library="DeloreanLibrary">
<arg>${plan.title}</arg>
<msg timestamp="20210525 13:31:59.278" level="INFO">delete from plans where title LIKE '%Zeta%'</msg>
<status status="PASS" starttime="20210525 13:31:59.276" endtime="20210525 13:32:00.528"/>
</kw>
<kw name="Insert Plan" library="DeloreanLibrary">
<arg>${plan}</arg>
<msg timestamp="20210525 13:32:00.530" level="INFO">delete from plans where title = 'Zeta'</msg>
<msg timestamp="20210525 13:32:01.754" level="INFO">insert into plans(title, duration, price, created_at, updated_at)values('Zeta',12,19.99, NOW(), NOW());</msg>
<status status="PASS" starttime="20210525 13:32:00.529" endtime="20210525 13:32:02.998"/>
</kw>
<kw name="Go To Plans" library="nav">
<kw name="Click" library="Browser">
<arg>css=a[href$=planos]</arg>
<tag>PageContent</tag>
<tag>Setter</tag>
<doc>Simulates mouse click on the element found by ``selector``.</doc>
[...]
<msg timestamp="20210525 13:33:24.655" level="INFO">Wait for Element with selector: css=table tbody tr &gt;&gt; text=David Beckham</msg>
<status status="PASS" starttime="20210525 13:33:24.641" endtime="20210525 13:33:24.655"/>
</kw>
<status status="PASS" starttime="20210525 13:33:24.640" endtime="20210525 13:33:24.656"/>
</kw>
<status status="PASS" starttime="20210525 13:33:24.640" endtime="20210525 13:33:24.656"/>
</iter>
<status status="PASS" starttime="20210525 13:33:22.659" endtime="20210525 13:33:24.656"/>
</for>
<kw name="Total Items Should Be" library="components">
<arg>${total}</arg>
<kw name="Set Variable" library="BuiltIn">
<var>${element}</var>
<arg>css=#pagination .total</arg>
<doc>Returns the given values which can then be assigned to a variables.</doc>
<msg timestamp="20210525 13:33:24.658" level="INFO">${element} = css=#pagination .total</msg>
<status status="PASS" starttime="20210525 13:33:24.657" endtime="20210525 13:33:24.658"/>
</kw>
<kw name="Wait For Elements State" library="Browser">
<arg>${element}</arg>
<arg>visible</arg>
<arg>5</arg>
<tag>PageContent</tag>
<tag>Wait</tag>
<doc>Waits for the element found by ``selector`` to satisfy state option.</doc>
<msg timestamp="20210525 13:33:24.678" level="INFO">Wait for Element with selector: css=#pagination .total</msg>
<status status="PASS" starttime="20210525 13:33:24.658" endtime="20210525 13:33:24.678"/>
</kw>
<kw name="Get Text" library="Browser">
<arg>${element}</arg>
<arg>==</arg>
<arg>Total: ${number}</arg>
<tag>Assertion</tag>
<tag>Getter</tag>
<tag>PageContent</tag>
<doc>Returns text attribute of the element found by ``selector``.
See the `Finding elements` section for details about the selectors.</doc>
<status status="PASS" starttime="20210525 13:33:24.679" endtime="20210525 13:33:24.709"/>
</kw>
<status status="PASS" starttime="20210525 13:33:24.656" endtime="20210525 13:33:24.709"/>
</kw>
<kw name="Take Screenshot" library="Browser" type="TEARDOWN">
<tag>PageContent</tag>
<doc>Takes a screenshot of the current window and saves it to ``path``. Saves it as a png.</doc>
<msg timestamp="20210525 13:33:24.831" level="INFO" html="true">&lt;/td&gt;&lt;/tr&gt;&lt;tr&gt;&lt;td colspan="3"&gt;&lt;a href="browser/screenshot/robotframework-browser-screenshot-28.png"&gt;&lt;img src="browser/screenshot/robotframework-browser-screenshot-28.png" width="800px"&gt;&lt;/a&gt;</msg>
<status status="PASS" starttime="20210525 13:33:24.710" endtime="20210525 13:33:24.831"/>
</kw>
<status status="PASS" starttime="20210525 13:33:13.880" endtime="20210525 13:33:24.831"/>
</test>
<doc>Buscar alunos</doc>
<status status="PASS" starttime="20210525 13:33:02.556" endtime="20210525 13:33:24.842"/>
</suite>
<suite id="s1-s3-s4" name="Update" source="/home/edson/workspace/courses/qa_ninja/robot_framework/bodytest/tests/students/update.robot">
<kw name="Start Admin Session" library="base" type="SETUP">
<kw name="Start Browser Session" library="base">
<kw name="New Browser" library="Browser">
<arg>chromium</arg>
<arg>true</arg>
<tag>BrowserControl</tag>
<tag>Setter</tag>
<doc>Create a new playwright Browser with specified options.
See `Browser, Context and Page` for more information about Browser and related concepts.</doc>
<msg timestamp="20210525 13:33:24.924" level="INFO">{"browser": "chromium", "headless": true, "handleSIGINT": true, "handleSIGTERM": true, "handleSIGHUP": true, "timeout": 30000.0, "devtools": false, "slowMo": 0.0}</msg>
<msg timestamp="20210525 13:33:25.106" level="INFO">Successfully created browser with options: {"browser":"chromium","headless":true,"handleSIGINT":true,"handleSIGTERM":true,"handleSIGHUP":true,"timeout":30000,"devtools":false,"slowMo":0}</msg>
<status status="PASS" starttime="20210525 13:33:24.923" endtime="20210525 13:33:25.106"/>
</kw>
<kw name="New Page" library="Browser">
<arg>about:blank</arg>
<tag>BrowserControl</tag>
<tag>Setter</tag>
<doc>Open a new Page. A Page is the Playwright equivalent to a tab.
See `Browser, Context and Page` for more information about Page concept.
Returns a stable identifier for the created page.</doc>
<msg timestamp="20210525 13:33:25.197" level="INFO">Successfully initialized new page object and opened url: about:blank</msg>
<status status="PASS" starttime="20210525 13:33:25.107" endtime="20210525 13:33:25.198"/>
</kw>
<status status="PASS" starttime="20210525 13:33:24.922" endtime="20210525 13:33:25.198"/>
</kw>
<kw name="Go To Login Pages" library="auth">
<kw name="Go To" library="Browser">
<arg>https://theotokus-bodytest-web.herokuapp.com/</arg>
<tag>BrowserControl</tag>
<tag>Setter</tag>
<doc>Navigates to the given ``url``.</doc>
<msg timestamp="20210525 13:33:27.251" level="INFO">Succesfully opened URL https://theotokus-bodytest-web.herokuapp.com/</msg>
<status status="PASS" starttime="20210525 13:33:25.199" endtime="20210525 13:33:27.251"/>
</kw>
<status status="PASS" starttime="20210525 13:33:25.199" endtime="20210525 13:33:27.251"/>
</kw>
<kw name="Login With" library="auth">
<arg>admin@bodytest.com</arg>
<arg>pwd123</arg>
<kw name="Fill Text" library="Browser">
<arg>css=input[name=email]</arg>
<arg>${email}</arg>
<tag>PageContent</tag>
<tag>Setter</tag>
<doc>Clears and fills the given ``text`` into the text field found by ``selector``.</doc>
<msg timestamp="20210525 13:33:27.253" level="INFO">Fills the text 'admin@bodytest.com' in the given field.</msg>
<status status="PASS" starttime="20210525 13:33:27.253" endtime="20210525 13:33:27.316"/>
</kw>
<kw name="Fill Text" library="Browser">
<arg>css=input[name=password]</arg>
<arg>${pass}</arg>
<tag>PageContent</tag>
<tag>Setter</tag>
<doc>Clears and fills the given ``text`` into the text field found by ``selector``.</doc>
<msg timestamp="20210525 13:33:27.317" level="INFO">Fills the text 'pwd123' in the given field.</msg>
<status status="PASS" starttime="20210525 13:33:27.317" endtime="20210525 13:33:27.346"/>
</kw>
<kw name="Click" library="Browser">
<arg>text=Entrar</arg>
<tag>PageContent</tag>
<tag>Setter</tag>
<doc>Simulates mouse click on the element found by ``selector``.</doc>
<status status="PASS" starttime="20210525 13:33:27.346" endtime="20210525 13:33:27.423"/>
</kw>
<status status="PASS" starttime="20210525 13:33:27.252" endtime="20210525 13:33:27.423"/>
</kw>
<kw name="User Should Be Logged In" library="nav">
<arg>Administrador</arg>
<kw name="Get Text" library="Browser">
<arg>css=aside strong</arg>
<arg>should be</arg>
<arg>${user_name}</arg>
<tag>Assertion</tag>
<tag>Getter</tag>
<tag>PageContent</tag>
<doc>Returns text attribute of the element found by ``selector``.
See the `Finding elements` section for details about the selectors.</doc>
<status status="PASS" starttime="20210525 13:33:27.424" endtime="20210525 13:33:28.341"/>
</kw>
<status status="PASS" starttime="20210525 13:33:27.424" endtime="20210525 13:33:28.341"/>
</kw>
<status status="PASS" starttime="20210525 13:33:24.922" endtime="20210525 13:33:28.341"/>
</kw>
<test id="s1-s3-s4-t1" name="Cenario: Atualizar um aluno já cadastrado">
<kw name="Get JSON" library="base">
<var>${fixture}</var>
<arg>students-update.json</arg>
<kw name="Get File" library="OperatingSystem">
<var>${file}</var>
<arg>${EXECDIR}/resources/fixtures/${file_name}</arg>
<doc>Returns the contents of a specified file.</doc>
<msg timestamp="20210525 13:33:28.361" level="INFO" html="true">Getting file '&lt;a href="file:///home/edson/workspace/courses/qa_ninja/robot_framework/bodytest/resources/fixtures/students-update.json"&gt;/home/edson/workspace/courses/qa_ninja/robot_framework/bodytest/resources/fixtures/students-update.json&lt;/a&gt;'.</msg>
<msg timestamp="20210525 13:33:28.361" level="INFO">${file} = {
    "before": {
        "name": "Kamala Khan",
        "email": "kamalakhan@gmail.com",
        "age": 15,
        "weight": 60,
        "feet_tall": 1.70
    },
    "after": {
        "name": "Ms M...</msg>
<status status="PASS" starttime="20210525 13:33:28.360" endtime="20210525 13:33:28.362"/>
</kw>
<kw name="Evaluate" library="BuiltIn">
<var>${json_object}</var>
<arg>json.loads($file)</arg>
<arg>json</arg>
<doc>Evaluates the given expression in Python and returns the result.</doc>
<msg timestamp="20210525 13:33:28.363" level="INFO">${json_object} = {'before': {'name': 'Kamala Khan', 'email': 'kamalakhan@gmail.com', 'age': 15, 'weight': 60, 'feet_tall': 1.7}, 'after': {'name': 'Ms Marvel', 'email': 'ms@marvel.com', 'age': 16, 'weight': 65, 'feet_...</msg>
<status status="PASS" starttime="20210525 13:33:28.362" endtime="20210525 13:33:28.363"/>
</kw>
<msg timestamp="20210525 13:33:28.364" level="INFO">${fixture} = {'before': {'name': 'Kamala Khan', 'email': 'kamalakhan@gmail.com', 'age': 15, 'weight': 60, 'feet_tall': 1.7}, 'after': {'name': 'Ms Marvel', 'email': 'ms@marvel.com', 'age': 16, 'weight': 65, 'feet_...</msg>
<status status="PASS" starttime="20210525 13:33:28.359" endtime="20210525 13:33:28.364"/>
</kw>
<kw name="Set Variable" library="BuiltIn">
<var>${kamalakhan}</var>
<arg>${fixture['before']}</arg>
<doc>Returns the given values which can then be assigned to a variables.</doc>
<msg timestamp="20210525 13:33:28.369" level="INFO">${kamalakhan} = {'name': 'Kamala Khan', 'email': 'kamalakhan@gmail.com', 'age': 15, 'weight': 60, 'feet_tall': 1.7}</msg>
<status status="PASS" starttime="20210525 13:33:28.367" endtime="20210525 13:33:28.369"/>
</kw>
<kw name="Set Variable" library="BuiltIn">
<var>${msmarvel}</var>
<arg>${fixture['after']}</arg>
<doc>Returns the given values which can then be assigned to a variables.</doc>
<msg timestamp="20210525 13:33:28.372" level="INFO">${msmarvel} = {'name': 'Ms Marvel', 'email': 'ms@marvel.com', 'age': 16, 'weight': 65, 'feet_tall': 1.72}</msg>
<status status="PASS" starttime="20210525 13:33:28.370" endtime="20210525 13:33:28.372"/>
</kw>
<kw name="Remove Student By Name" library="DeloreanLibrary">
<arg>${kamalakhan['name']}</arg>
<msg timestamp="20210525 13:33:28.374" level="INFO">delete from students where name LIKE '%Kamala Khan%'</msg>
<status status="PASS" starttime="20210525 13:33:28.373" endtime="20210525 13:33:29.777"/>
</kw>
<kw name="Remove Student By Name" library="DeloreanLibrary">
<arg>${msmarvel['name']}</arg>
<msg timestamp="20210525 13:33:29.779" level="INFO">delete from students where name LIKE '%Ms Marvel%'</msg>
<status status="PASS" starttime="20210525 13:33:29.777" endtime="20210525 13:33:31.025"/>
</kw>
<kw name="Insert Student" library="DeloreanLibrary">
<arg>${kamalakhan}</arg>
<msg timestamp="20210525 13:33:31.027" level="INFO">delete from students where email = 'kamalakhan@gmail.com'</msg>
<msg timestamp="20210525 13:33:32.260" level="INFO">insert into students(name, email, age, weight, feet_tall, created_at, updated_at)values('Kamala Khan','kamalakhan@gmail.com',15,60,1.7,NOW(),NOW());</msg>
<status status="PASS" starttime="20210525 13:33:31.026" endtime="20210525 13:33:33.508"/>
</kw>
<kw name="Go to Students" library="nav">
<kw name="Click" library="Browser">
<arg>css=a[href$=alunos]</arg>
<tag>PageContent</tag>
<tag>Setter</tag>
<doc>Simulates mouse click on the element found by ``selector``.</doc>
<status status="PASS" starttime="20210525 13:33:33.509" endtime="20210525 13:33:33.608"/>
</kw>
<kw name="Wait For Elements State" library="Browser">
<arg>css=h1 &gt;&gt; text=Gestão de Alunos</arg>
<arg>visible</arg>
<arg>5</arg>
<tag>PageContent</tag>
<tag>Wait</tag>
<doc>Waits for the element found by ``selector`` to satisfy state option.</doc>
<msg timestamp="20210525 13:33:33.628" level="INFO">Wait for Element with selector: css=h1 &gt;&gt; text=Gestão de Alunos</msg>
<status status="PASS" starttime="20210525 13:33:33.608" endtime="20210525 13:33:33.628"/>
</kw>
<status status="PASS" starttime="20210525 13:33:33.508" endtime="20210525 13:33:33.629"/>
</kw>
<kw name="Search Student By Name" library="students">
<arg>${kamalakhan['name']}</arg>
<kw name="Fill Text" library="Browser">
<arg>css=input[placeholder="Buscar aluno"]</arg>
<arg>${name}</arg>
<tag>PageContent</tag>
<tag>Setter</tag>
<doc>Clears and fills the given ``text`` into the text field found by ``selector``.</doc>
<msg timestamp="20210525 13:33:33.632" level="INFO">Fills the text 'Kamala Khan' in the given field.</msg>
<status status="PASS" starttime="20210525 13:33:33.631" endtime="20210525 13:33:33.669"/>
</kw>
<status status="PASS" starttime="20210525 13:33:33.629" endtime="20210525 13:33:33.669"/>
</kw>
<kw name="Go To Student Update Form" library="students">
<arg>${kamalakhan['email']}</arg>
<kw name="Click" library="Browser">
<arg>xpath=//td[contains(text(),'${email}')]/..//a[@class='edit']</arg>
<tag>PageContent</tag>
<tag>Setter</tag>
<doc>Simulates mouse click on the element found by ``selector``.</doc>
<status status="PASS" starttime="20210525 13:33:33.672" endtime="20210525 13:33:34.710"/>
</kw>
<kw name="Wait For Elements State" library="Browser">
<arg>css=h1 &gt;&gt; text=Edição de aluno</arg>
<arg>visible</arg>
<arg>5</arg>
<tag>PageContent</tag>
<tag>Wait</tag>
<doc>Waits for the element found by ``selector`` to satisfy state option.</doc>
<msg timestamp="20210525 13:33:34.727" level="INFO">Wait for Element with selector: css=h1 &gt;&gt; text=Edição de aluno</msg>
<status status="PASS" starttime="20210525 13:33:34.711" endtime="20210525 13:33:34.727"/>
</kw>
<status status="PASS" starttime="20210525 13:33:33.670" endtime="20210525 13:33:34.727"/>
</kw>
<kw name="Update a Student" library="students">
<arg>${msmarvel}</arg>
<kw name="Fill Text" library="Browser">
<arg>${NAME_FIELD}</arg>
<arg>${student['name']}</arg>
<tag>PageContent</tag>
<tag>Setter</tag>
<doc>Clears and fills the given ``text`` into the text field found by ``selector``.</doc>
<msg timestamp="20210525 13:33:34.731" level="INFO">Fills the text 'Ms Marvel' in the given field.</msg>
<status status="PASS" starttime="20210525 13:33:34.729" endtime="20210525 13:33:34.767"/>
</kw>
<kw name="Fill Text" library="Browser">
<arg>${EMAIL_FIELD}</arg>
<arg>${student['email']}</arg>
<tag>PageContent</tag>
<tag>Setter</tag>
<doc>Clears and fills the given ``text`` into the text field found by ``selector``.</doc>
<msg timestamp="20210525 13:33:34.769" level="INFO">Fills the text 'ms@marvel.com' in the given field.</msg>
<status status="PASS" starttime="20210525 13:33:34.767" endtime="20210525 13:33:34.794"/>
</kw>
<kw name="Fill Text" library="Browser">
<arg>${AGE_FIELD}</arg>
<arg>${student['age']}</arg>
<tag>PageContent</tag>
<tag>Setter</tag>
<doc>Clears and fills the given ``text`` into the text field found by ``selector``.</doc>
<msg timestamp="20210525 13:33:34.796" level="INFO">Fills the text '16' in the given field.</msg>
<status status="PASS" starttime="20210525 13:33:34.794" endtime="20210525 13:33:34.822"/>
</kw>
<kw name="Fill Text" library="Browser">
<arg>${WEIGTH_FIELD}</arg>
<arg>${student['weight']}</arg>
<tag>PageContent</tag>
<tag>Setter</tag>
<doc>Clears and fills the given ``text`` into the text field found by ``selector``.</doc>
<msg timestamp="20210525 13:33:34.824" level="INFO">Fills the text '65' in the given field.</msg>
<status status="PASS" starttime="20210525 13:33:34.823" endtime="20210525 13:33:34.852"/>
</kw>
<kw name="Fill Text" library="Browser">
<arg>${FEET_TALL_FIELD}</arg>
<arg>${student['feet_tall']}</arg>
<tag>PageContent</tag>
<tag>Setter</tag>
<doc>Clears and fills the given ``text`` into the text field found by ``selector``.</doc>
<msg timestamp="20210525 13:33:34.854" level="INFO">Fills the text '1.72' in the given field.</msg>
<status status="PASS" starttime="20210525 13:33:34.852" endtime="20210525 13:33:34.888"/>
</kw>
<kw name="Submit Student Form" library="students">
<kw name="Click" library="Browser">
<arg>css=button[form$=Student]</arg>
<tag>PageContent</tag>
<tag>Setter</tag>
<doc>Simulates mouse click on the element found by ``selector``.</doc>
<status status="PASS" starttime="20210525 13:33:34.889" endtime="20210525 13:33:34.961"/>
</kw>
<status status="PASS" starttime="20210525 13:33:34.888" endtime="20210525 13:33:34.962"/>
</kw>
<status status="PASS" starttime="20210525 13:33:34.728" endtime="20210525 13:33:34.962"/>
</kw>
<kw name="Toaster Text Should Be" library="components">
<arg>Aluno atualizado com sucesso.</arg>
<kw name="Wait For Elements State" library="Browser">
<arg>css=.Toastify__toast-body &gt;&gt; text=${expect_text}</arg>
<arg>visible</arg>
<arg>5</arg>
<tag>PageContent</tag>
<tag>Wait</tag>
<doc>Waits for the element found by ``selector`` to satisfy state option.</doc>
<msg timestamp="20210525 13:33:35.797" level="INFO">Wait for Element with selector: css=.Toastify__toast-body &gt;&gt; text=Aluno atualizado com sucesso.</msg>
<status status="PASS" starttime="20210525 13:33:34.963" endtime="20210525 13:33:35.798"/>
</kw>
<status status="PASS" starttime="20210525 13:33:34.962" endtime="20210525 13:33:35.798"/>
</kw>
<kw name="Submit Student Form" library="students">
<kw name="Click" library="Browser">
<arg>css=button[form$=Student]</arg>
<tag>PageContent</tag>
<tag>Setter</tag>
<doc>Simulates mouse click on the element found by ``selector``.</doc>
<status status="PASS" starttime="20210525 13:33:35.799" endtime="20210525 13:33:35.866"/>
</kw>
<status status="PASS" starttime="20210525 13:33:35.799" endtime="20210525 13:33:35.867"/>
</kw>
<kw name="Thinking And Take Screenshot" library="base" type="TEARDOWN">
<arg>2</arg>
<kw name="Sleep" library="BuiltIn">
<arg>${timeout}</arg>
<doc>Pauses the test executed for the given time.</doc>
<msg timestamp="20210525 13:33:37.869" level="INFO">Slept 2 seconds</msg>
<status status="PASS" starttime="20210525 13:33:35.868" endtime="20210525 13:33:37.869"/>
</kw>
<kw name="Take Screenshot" library="Browser">
<tag>PageContent</tag>
<doc>Takes a screenshot of the current window and saves it to ``path``. Saves it as a png.</doc>
<msg timestamp="20210525 13:33:38.008" level="INFO" html="true">&lt;/td&gt;&lt;/tr&gt;&lt;tr&gt;&lt;td colspan="3"&gt;&lt;a href="browser/screenshot/robotframework-browser-screenshot-29.png"&gt;&lt;img src="browser/screenshot/robotframework-browser-screenshot-29.png" width="800px"&gt;&lt;/a&gt;</msg>
<status status="PASS" starttime="20210525 13:33:37.869" endtime="20210525 13:33:38.009"/>
</kw>
<status status="PASS" starttime="20210525 13:33:35.867" endtime="20210525 13:33:38.009"/>
</kw>
<status status="PASS" starttime="20210525 13:33:28.342" endtime="20210525 13:33:38.009"/>
</test>
<doc>Atualizar alunos</doc>
<status status="PASS" starttime="20210525 13:33:24.903" endtime="20210525 13:33:38.019"/>
</suite>
<status status="PASS" starttime="20210525 13:32:28.939" endtime="20210525 13:33:38.071"/>
</suite>
<status status="PASS" starttime="20210525 13:31:15.959" endtime="20210525 13:33:38.083"/>
</suite>
<statistics>
<total>
<stat pass="29" fail="0" skip="0">All Tests</stat>
</total>
<tag>
</tag>
<suite>
<stat pass="29" fail="0" skip="0" id="s1" name="Tests">Tests</stat>
<stat pass="7" fail="0" skip="0" id="s1-s1" name="Login">Tests.Login</stat>
<stat pass="7" fail="0" skip="0" id="s1-s1-s1" name="Login">Tests.Login.Login</stat>
<stat pass="10" fail="0" skip="0" id="s1-s2" name="Plans">Tests.Plans</stat>
<stat pass="4" fail="0" skip="0" id="s1-s2-s1" name="Create">Tests.Plans.Create</stat>
<stat pass="2" fail="0" skip="0" id="s1-s2-s2" name="Remove">Tests.Plans.Remove</stat>
<stat pass="3" fail="0" skip="0" id="s1-s2-s3" name="Search">Tests.Plans.Search</stat>
<stat pass="1" fail="0" skip="0" id="s1-s2-s4" name="Update">Tests.Plans.Update</stat>
<stat pass="12" fail="0" skip="0" id="s1-s3" name="Students">Tests.Students</stat>
<stat pass="6" fail="0" skip="0" id="s1-s3-s1" name="Create">Tests.Students.Create</stat>
<stat pass="2" fail="0" skip="0" id="s1-s3-s2" name="Remove">Tests.Students.Remove</stat>
<stat pass="3" fail="0" skip="0" id="s1-s3-s3" name="Search">Tests.Students.Search</stat>
<stat pass="1" fail="0" skip="0" id="s1-s3-s4" name="Update">Tests.Students.Update</stat>
</suite>
</statistics>
<errors>
</errors>
</robot>
