<?xml version="1.0" encoding="UTF-8"?>
<robot generator="Robot 4.0 (Python 3.8.5 on linux)" generated="20210516 14:06:01.037" rpa="false" schemaversion="2">
<suite id="s1" name="Search" source="/home/edson/workspace/courses/qa_ninja/robot_framework/bodytest/tests/students/search.robot">
<kw name="Start Admin Session" library="base" type="SETUP">
<kw name="Start Browser Session" library="base">
<kw name="New Browser" library="Browser">
<arg>chromium</arg>
<arg>true</arg>
<tag>BrowserControl</tag>
<tag>Setter</tag>
<doc>Create a new playwright Browser with specified options.
See `Browser, Context and Page` for more information about Browser and related concepts.</doc>
<msg timestamp="20210516 14:06:01.833" level="INFO">{"browser": "chromium", "headless": true, "handleSIGINT": true, "handleSIGTERM": true, "handleSIGHUP": true, "timeout": 30000.0, "devtools": false, "slowMo": 0.0}</msg>
<msg timestamp="20210516 14:06:02.014" level="INFO">Successfully created browser with options: {"browser":"chromium","headless":true,"handleSIGINT":true,"handleSIGTERM":true,"handleSIGHUP":true,"timeout":30000,"devtools":false,"slowMo":0}</msg>
<status status="PASS" starttime="20210516 14:06:01.832" endtime="20210516 14:06:02.015"/>
</kw>
<kw name="New Page" library="Browser">
<arg>about:blank</arg>
<tag>BrowserControl</tag>
<tag>Setter</tag>
<doc>Open a new Page. A Page is the Playwright equivalent to a tab.
See `Browser, Context and Page` for more information about Page concept.
Returns a stable identifier for the created page.</doc>
<msg timestamp="20210516 14:06:02.126" level="INFO">Successfully initialized new page object and opened url: about:blank</msg>
<status status="PASS" starttime="20210516 14:06:02.015" endtime="20210516 14:06:02.126"/>
</kw>
<status status="PASS" starttime="20210516 14:06:01.831" endtime="20210516 14:06:02.126"/>
</kw>
<kw name="Go To Login Pages" library="auth">
<kw name="Go To" library="Browser">
<arg>https://theotokus-bodytest-web.herokuapp.com/</arg>
<tag>BrowserControl</tag>
<tag>Setter</tag>
<doc>Navigates to the given ``url``.</doc>
<msg timestamp="20210516 14:06:03.944" level="INFO">Succesfully opened URL https://theotokus-bodytest-web.herokuapp.com/</msg>
<status status="PASS" starttime="20210516 14:06:02.127" endtime="20210516 14:06:03.944"/>
</kw>
<status status="PASS" starttime="20210516 14:06:02.127" endtime="20210516 14:06:03.945"/>
</kw>
<kw name="Login With" library="auth">
<arg>admin@bodytest.com</arg>
<arg>pwd123</arg>
<kw name="Fill Text" library="Browser">
<arg>css=input[name=email]</arg>
<arg>${email}</arg>
<tag>PageContent</tag>
<tag>Setter</tag>
<doc>Clears and fills the given ``text`` into the text field found by ``selector``.</doc>
<msg timestamp="20210516 14:06:03.947" level="INFO">Fills the text 'admin@bodytest.com' in the given field.</msg>
<status status="PASS" starttime="20210516 14:06:03.946" endtime="20210516 14:06:04.021"/>
</kw>
<kw name="Fill Text" library="Browser">
<arg>css=input[name=password]</arg>
<arg>${pass}</arg>
<tag>PageContent</tag>
<tag>Setter</tag>
<doc>Clears and fills the given ``text`` into the text field found by ``selector``.</doc>
<msg timestamp="20210516 14:06:04.022" level="INFO">Fills the text 'pwd123' in the given field.</msg>
<status status="PASS" starttime="20210516 14:06:04.021" endtime="20210516 14:06:04.054"/>
</kw>
<kw name="Click" library="Browser">
<arg>text=Entrar</arg>
<tag>PageContent</tag>
<tag>Setter</tag>
<doc>Simulates mouse click on the element found by ``selector``.</doc>
<status status="PASS" starttime="20210516 14:06:04.054" endtime="20210516 14:06:04.145"/>
</kw>
<status status="PASS" starttime="20210516 14:06:03.945" endtime="20210516 14:06:04.145"/>
</kw>
<kw name="User Should Be Logged In" library="nav">
<arg>Administrador</arg>
<kw name="Get Text" library="Browser">
<arg>css=aside strong</arg>
<arg>should be</arg>
<arg>${user_name}</arg>
<tag>Assertion</tag>
<tag>Getter</tag>
<tag>PageContent</tag>
<doc>Returns text attribute of the element found by ``selector``.
See the `Finding elements` section for details about the selectors.</doc>
<status status="PASS" starttime="20210516 14:06:04.146" endtime="20210516 14:06:05.097"/>
</kw>
<status status="PASS" starttime="20210516 14:06:04.145" endtime="20210516 14:06:05.098"/>
</kw>
<status status="PASS" starttime="20210516 14:06:01.830" endtime="20210516 14:06:05.098"/>
</kw>
<test id="s1-t1" name="Cenario: Busca alunos por um único termo">
<kw name="Get JSON" library="base">
<var>${fixtures}</var>
<arg>students-search.json</arg>
<kw name="Get File" library="OperatingSystem">
<var>${file}</var>
<arg>${EXECDIR}/resources/fixtures/${file_name}</arg>
<doc>Returns the contents of a specified file.</doc>
<msg timestamp="20210516 14:06:05.113" level="INFO" html="true">Getting file '&lt;a href="file:///home/edson/workspace/courses/qa_ninja/robot_framework/bodytest/resources/fixtures/students-search.json"&gt;/home/edson/workspace/courses/qa_ninja/robot_framework/bodytest/resources/fixtures/students-search.json&lt;/a&gt;'.</msg>
<msg timestamp="20210516 14:06:05.114" level="INFO">${file} = {
    "word":"David",
    "total":3,
    "students":[
        {
            "name":"David Guetta",
            "email":"dguetta@gmail.com",
            "age":35,
            "weight":75,
            "...</msg>
<status status="PASS" starttime="20210516 14:06:05.112" endtime="20210516 14:06:05.114"/>
</kw>
<kw name="Evaluate" library="BuiltIn">
<var>${json_object}</var>
<arg>json.loads($file)</arg>
<arg>json</arg>
<doc>Evaluates the given expression in Python and returns the result.</doc>
<msg timestamp="20210516 14:06:05.122" level="INFO">${json_object} = {'word': 'David', 'total': 3, 'students': [{'name': 'David Guetta', 'email': 'dguetta@gmail.com', 'age': 35, 'weight': 75, 'feet_tall': 1.75}, {'name': 'David Bowie', 'email': 'dbowie@gmail.com', 'age...</msg>
<status status="PASS" starttime="20210516 14:06:05.114" endtime="20210516 14:06:05.123"/>
</kw>
<msg timestamp="20210516 14:06:05.123" level="INFO">${fixtures} = {'word': 'David', 'total': 3, 'students': [{'name': 'David Guetta', 'email': 'dguetta@gmail.com', 'age': 35, 'weight': 75, 'feet_tall': 1.75}, {'name': 'David Bowie', 'email': 'dbowie@gmail.com', 'age...</msg>
<status status="PASS" starttime="20210516 14:06:05.111" endtime="20210516 14:06:05.123"/>
</kw>
<kw name="Set Variable" library="BuiltIn">
<var>${students}</var>
<arg>${fixtures['students']}</arg>
<doc>Returns the given values which can then be assigned to a variables.</doc>
<msg timestamp="20210516 14:06:05.126" level="INFO">${students} = [{'name': 'David Guetta', 'email': 'dguetta@gmail.com', 'age': 35, 'weight': 75, 'feet_tall': 1.75}, {'name': 'David Bowie', 'email': 'dbowie@gmail.com', 'age': 35, 'weight': 75, 'feet_tall': 1.75}, {...</msg>
<status status="PASS" starttime="20210516 14:06:05.124" endtime="20210516 14:06:05.126"/>
</kw>
<kw name="Set Variable" library="BuiltIn">
<var>${word}</var>
<arg>${fixtures['word']}</arg>
<doc>Returns the given values which can then be assigned to a variables.</doc>
<msg timestamp="20210516 14:06:05.128" level="INFO">${word} = David</msg>
<status status="PASS" starttime="20210516 14:06:05.126" endtime="20210516 14:06:05.128"/>
</kw>
<kw name="Set Variable" library="BuiltIn">
<var>${total}</var>
<arg>${fixtures['total']}</arg>
<doc>Returns the given values which can then be assigned to a variables.</doc>
<msg timestamp="20210516 14:06:05.130" level="INFO">${total} = 3</msg>
<status status="PASS" starttime="20210516 14:06:05.129" endtime="20210516 14:06:05.130"/>
</kw>
<kw name="Remove Student By Name" library="DeloreanLibrary">
<arg>David</arg>
<msg timestamp="20210516 14:06:05.131" level="INFO">delete from students where name LIKE '%David%'</msg>
<status status="PASS" starttime="20210516 14:06:05.131" endtime="20210516 14:06:06.353"/>
</kw>
<for flavor="IN">
<var>${item}</var>
<value>@{students}</value>
<iter>
<var name="${item}">{'name': 'David Guetta', 'email': 'dguetta@gmail.com', 'age': 35, 'weight': 75, 'feet_tall': 1.75}</var>
<kw name="Insert Student" library="DeloreanLibrary">
<arg>${item}</arg>
<msg timestamp="20210516 14:06:06.355" level="INFO">delete from students where email = 'dguetta@gmail.com'</msg>
<msg timestamp="20210516 14:06:07.452" level="INFO">insert into students(name, email, age, weight, feet_tall, created_at, updated_at)values('David Guetta','dguetta@gmail.com',35,75,1.75,NOW(),NOW());</msg>
<status status="PASS" starttime="20210516 14:06:06.354" endtime="20210516 14:06:08.635"/>
</kw>
<status status="PASS" starttime="20210516 14:06:06.354" endtime="20210516 14:06:08.636"/>
</iter>
<iter>
<var name="${item}">{'name': 'David Bowie', 'email': 'dbowie@gmail.com', 'age': 35, 'weight': 75, 'feet_tall': 1.75}</var>
<kw name="Insert Student" library="DeloreanLibrary">
<arg>${item}</arg>
<msg timestamp="20210516 14:06:08.637" level="INFO">delete from students where email = 'dbowie@gmail.com'</msg>
<msg timestamp="20210516 14:06:09.779" level="INFO">insert into students(name, email, age, weight, feet_tall, created_at, updated_at)values('David Bowie','dbowie@gmail.com',35,75,1.75,NOW(),NOW());</msg>
<status status="PASS" starttime="20210516 14:06:08.636" endtime="20210516 14:06:10.899"/>
</kw>
<status status="PASS" starttime="20210516 14:06:08.636" endtime="20210516 14:06:10.899"/>
</iter>
<iter>
<var name="${item}">{'name': 'David Beckham', 'email': 'dbeckham@yahoo.com', 'age': 35, 'weight': 75, 'feet_tall': 1.75}</var>
<kw name="Insert Student" library="DeloreanLibrary">
<arg>${item}</arg>
<msg timestamp="20210516 14:06:10.900" level="INFO">delete from students where email = 'dbeckham@yahoo.com'</msg>
<msg timestamp="20210516 14:06:12.032" level="INFO">insert into students(name, email, age, weight, feet_tall, created_at, updated_at)values('David Beckham','dbeckham@yahoo.com',35,75,1.75,NOW(),NOW());</msg>
<status status="PASS" starttime="20210516 14:06:10.900" endtime="20210516 14:06:13.197"/>
</kw>
<status status="PASS" starttime="20210516 14:06:10.899" endtime="20210516 14:06:13.197"/>
</iter>
<status status="PASS" starttime="20210516 14:06:06.353" endtime="20210516 14:06:13.197"/>
</for>
<kw name="Go to Students" library="nav">
<kw name="Click" library="Browser">
<arg>css=a[href$=alunos]</arg>
<tag>PageContent</tag>
<tag>Setter</tag>
<doc>Simulates mouse click on the element found by ``selector``.</doc>
<status status="PASS" starttime="20210516 14:06:13.199" endtime="20210516 14:06:13.293"/>
</kw>
<kw name="Wait For Elements State" library="Browser">
<arg>css=h1 &gt;&gt; text=Gestão de Alunos</arg>
<arg>visible</arg>
<arg>5</arg>
<tag>PageContent</tag>
<tag>Wait</tag>
<doc>Waits for the element found by ``selector`` to satisfy state option.</doc>
<msg timestamp="20210516 14:06:13.309" level="INFO">Wait for Element with selector: css=h1 &gt;&gt; text=Gestão de Alunos</msg>
<status status="PASS" starttime="20210516 14:06:13.293" endtime="20210516 14:06:13.310"/>
</kw>
<status status="PASS" starttime="20210516 14:06:13.198" endtime="20210516 14:06:13.310"/>
</kw>
<kw name="Search Student By Name" library="students">
<arg>${word}</arg>
<kw name="Fill Text" library="Browser">
<arg>css=input[placeholder="Buscar aluno"]</arg>
<arg>${name}</arg>
<tag>PageContent</tag>
<tag>Setter</tag>
<doc>Clears and fills the given ``text`` into the text field found by ``selector``.</doc>
<msg timestamp="20210516 14:06:13.313" level="INFO">Fills the text 'David' in the given field.</msg>
<status status="PASS" starttime="20210516 14:06:13.312" endtime="20210516 14:06:13.343"/>
</kw>
<status status="PASS" starttime="20210516 14:06:13.311" endtime="20210516 14:06:13.343"/>
</kw>
<for flavor="IN">
<var>${item}</var>
<value>@{students}</value>
<iter>
<var name="${item}">{'name': 'David Guetta', 'email': 'dguetta@gmail.com', 'age': 35, 'weight': 75, 'feet_tall': 1.75}</var>
<kw name="Student Name Should Be Visible" library="components">
<arg>${item['name']}</arg>
<kw name="Wait For Elements State" library="Browser">
<arg>css=table tbody tr &gt;&gt; text=${name}</arg>
<arg>visible</arg>
<arg>5</arg>
<tag>PageContent</tag>
<tag>Wait</tag>
<doc>Waits for the element found by ``selector`` to satisfy state option.</doc>
<msg timestamp="20210516 14:06:13.620" level="INFO">Wait for Element with selector: css=table tbody tr &gt;&gt; text=David Guetta</msg>
<status status="PASS" starttime="20210516 14:06:13.346" endtime="20210516 14:06:13.620"/>
</kw>
<status status="PASS" starttime="20210516 14:06:13.344" endtime="20210516 14:06:13.621"/>
</kw>
<status status="PASS" starttime="20210516 14:06:13.344" endtime="20210516 14:06:13.621"/>
</iter>
<iter>
<var name="${item}">{'name': 'David Bowie', 'email': 'dbowie@gmail.com', 'age': 35, 'weight': 75, 'feet_tall': 1.75}</var>
<kw name="Student Name Should Be Visible" library="components">
<arg>${item['name']}</arg>
<kw name="Wait For Elements State" library="Browser">
<arg>css=table tbody tr &gt;&gt; text=${name}</arg>
<arg>visible</arg>
<arg>5</arg>
<tag>PageContent</tag>
<tag>Wait</tag>
<doc>Waits for the element found by ``selector`` to satisfy state option.</doc>
<msg timestamp="20210516 14:06:13.639" level="INFO">Wait for Element with selector: css=table tbody tr &gt;&gt; text=David Bowie</msg>
<status status="PASS" starttime="20210516 14:06:13.623" endtime="20210516 14:06:13.640"/>
</kw>
<status status="PASS" starttime="20210516 14:06:13.621" endtime="20210516 14:06:13.640"/>
</kw>
<status status="PASS" starttime="20210516 14:06:13.621" endtime="20210516 14:06:13.640"/>
</iter>
<iter>
<var name="${item}">{'name': 'David Beckham', 'email': 'dbeckham@yahoo.com', 'age': 35, 'weight': 75, 'feet_tall': 1.75}</var>
<kw name="Student Name Should Be Visible" library="components">
<arg>${item['name']}</arg>
<kw name="Wait For Elements State" library="Browser">
<arg>css=table tbody tr &gt;&gt; text=${name}</arg>
<arg>visible</arg>
<arg>5</arg>
<tag>PageContent</tag>
<tag>Wait</tag>
<doc>Waits for the element found by ``selector`` to satisfy state option.</doc>
<msg timestamp="20210516 14:06:13.660" level="INFO">Wait for Element with selector: css=table tbody tr &gt;&gt; text=David Beckham</msg>
<status status="PASS" starttime="20210516 14:06:13.643" endtime="20210516 14:06:13.660"/>
</kw>
<status status="PASS" starttime="20210516 14:06:13.641" endtime="20210516 14:06:13.661"/>
</kw>
<status status="PASS" starttime="20210516 14:06:13.641" endtime="20210516 14:06:13.661"/>
</iter>
<status status="PASS" starttime="20210516 14:06:13.344" endtime="20210516 14:06:13.661"/>
</for>
<kw name="Total Items Should Be" library="components">
<arg>${total}</arg>
<kw name="Set Variable" library="BuiltIn">
<var>${element}</var>
<arg>css=#pagination .total</arg>
<doc>Returns the given values which can then be assigned to a variables.</doc>
<msg timestamp="20210516 14:06:13.663" level="INFO">${element} = css=#pagination .total</msg>
<status status="PASS" starttime="20210516 14:06:13.663" endtime="20210516 14:06:13.663"/>
</kw>
<kw name="Wait For Elements State" library="Browser">
<arg>${element}</arg>
<arg>visible</arg>
<arg>5</arg>
<tag>PageContent</tag>
<tag>Wait</tag>
<doc>Waits for the element found by ``selector`` to satisfy state option.</doc>
<msg timestamp="20210516 14:06:13.682" level="INFO">Wait for Element with selector: css=#pagination .total</msg>
<status status="PASS" starttime="20210516 14:06:13.663" endtime="20210516 14:06:13.682"/>
</kw>
<kw name="Get Text" library="Browser">
<arg>${element}</arg>
<arg>==</arg>
<arg>Total: ${number}</arg>
<tag>Assertion</tag>
<tag>Getter</tag>
<tag>PageContent</tag>
<doc>Returns text attribute of the element found by ``selector``.
See the `Finding elements` section for details about the selectors.</doc>
<status status="PASS" starttime="20210516 14:06:13.683" endtime="20210516 14:06:14.199"/>
</kw>
<status status="PASS" starttime="20210516 14:06:13.662" endtime="20210516 14:06:14.199"/>
</kw>
<kw name="Take Screenshot" library="Browser" type="TEARDOWN">
<tag>PageContent</tag>
<doc>Takes a screenshot of the current window and saves it to ``path``. Saves it as a png.</doc>
<msg timestamp="20210516 14:06:14.335" level="INFO" html="true">&lt;/td&gt;&lt;/tr&gt;&lt;tr&gt;&lt;td colspan="3"&gt;&lt;a href="browser/screenshot/robotframework-browser-screenshot-1.png"&gt;&lt;img src="browser/screenshot/robotframework-browser-screenshot-1.png" width="800px"&gt;&lt;/a&gt;</msg>
<status status="PASS" starttime="20210516 14:06:14.200" endtime="20210516 14:06:14.335"/>
</kw>
<tag>temp</tag>
<status status="PASS" starttime="20210516 14:06:05.099" endtime="20210516 14:06:14.335"/>
</test>
<doc>Buscar alunos</doc>
<status status="PASS" starttime="20210516 14:06:01.038" endtime="20210516 14:06:14.343"/>
</suite>
<statistics>
<total>
<stat pass="1" fail="0" skip="0">All Tests</stat>
</total>
<tag>
<stat pass="1" fail="0" skip="0">temp</stat>
</tag>
<suite>
<stat pass="1" fail="0" skip="0" id="s1" name="Search">Search</stat>
</suite>
</statistics>
<errors>
</errors>
</robot>
