<?xml version="1.0" encoding="UTF-8"?>
<robot generator="Robot 4.0 (Python 3.8.5 on linux)" generated="20210528 18:57:28.879" rpa="false" schemaversion="2">
<suite id="s1" name="Create" source="/home/edson/workspace/courses/qa_ninja/robot_framework/bodytest/tests/enrollments/create.robot">
<kw name="Start Admin Session" library="base" type="SETUP">
<kw name="Start Browser Session" library="base">
<kw name="New Browser" library="Browser">
<arg>chromium</arg>
<arg>false</arg>
<tag>BrowserControl</tag>
<tag>Setter</tag>
<doc>Create a new playwright Browser with specified options.
See `Browser, Context and Page` for more information about Browser and related concepts.</doc>
<msg timestamp="20210528 18:57:29.705" level="INFO">{"browser": "chromium", "headless": false, "handleSIGINT": true, "handleSIGTERM": true, "handleSIGHUP": true, "timeout": 30000.0, "devtools": false, "slowMo": 0.0}</msg>
<msg timestamp="20210528 18:57:30.145" level="INFO">Successfully created browser with options: {"browser":"chromium","headless":false,"handleSIGINT":true,"handleSIGTERM":true,"handleSIGHUP":true,"timeout":30000,"devtools":false,"slowMo":0}</msg>
<status status="PASS" starttime="20210528 18:57:29.705" endtime="20210528 18:57:30.145"/>
</kw>
<kw name="New Page" library="Browser">
<arg>about:blank</arg>
<tag>BrowserControl</tag>
<tag>Setter</tag>
<doc>Open a new Page. A Page is the Playwright equivalent to a tab.
See `Browser, Context and Page` for more information about Page concept.
Returns a stable identifier for the created page.</doc>
<msg timestamp="20210528 18:57:30.523" level="INFO">Successfully initialized new page object and opened url: about:blank</msg>
<status status="PASS" starttime="20210528 18:57:30.146" endtime="20210528 18:57:30.523"/>
</kw>
<status status="PASS" starttime="20210528 18:57:29.704" endtime="20210528 18:57:30.524"/>
</kw>
<kw name="Go To Login Pages" library="auth">
<kw name="Go To" library="Browser">
<arg>https://theotokus-bodytest-web.herokuapp.com/</arg>
<tag>BrowserControl</tag>
<tag>Setter</tag>
<doc>Navigates to the given ``url``.</doc>
<msg timestamp="20210528 18:57:33.071" level="INFO">Succesfully opened URL https://theotokus-bodytest-web.herokuapp.com/</msg>
<status status="PASS" starttime="20210528 18:57:30.525" endtime="20210528 18:57:33.071"/>
</kw>
<status status="PASS" starttime="20210528 18:57:30.524" endtime="20210528 18:57:33.071"/>
</kw>
<kw name="Login With" library="auth">
<arg>admin@bodytest.com</arg>
<arg>pwd123</arg>
<kw name="Fill Text" library="Browser">
<arg>css=input[name=email]</arg>
<arg>${email}</arg>
<tag>PageContent</tag>
<tag>Setter</tag>
<doc>Clears and fills the given ``text`` into the text field found by ``selector``.</doc>
<msg timestamp="20210528 18:57:33.073" level="INFO">Fills the text 'admin@bodytest.com' in the given field.</msg>
<status status="PASS" starttime="20210528 18:57:33.072" endtime="20210528 18:57:33.151"/>
</kw>
<kw name="Fill Text" library="Browser">
<arg>css=input[name=password]</arg>
<arg>${pass}</arg>
<tag>PageContent</tag>
<tag>Setter</tag>
<doc>Clears and fills the given ``text`` into the text field found by ``selector``.</doc>
<msg timestamp="20210528 18:57:33.152" level="INFO">Fills the text 'pwd123' in the given field.</msg>
<status status="PASS" starttime="20210528 18:57:33.151" endtime="20210528 18:57:33.188"/>
</kw>
<kw name="Click" library="Browser">
<arg>text=Entrar</arg>
<tag>PageContent</tag>
<tag>Setter</tag>
<doc>Simulates mouse click on the element found by ``selector``.</doc>
<status status="PASS" starttime="20210528 18:57:33.189" endtime="20210528 18:57:33.279"/>
</kw>
<status status="PASS" starttime="20210528 18:57:33.072" endtime="20210528 18:57:33.280"/>
</kw>
<kw name="User Should Be Logged In" library="nav">
<arg>Administrador</arg>
<kw name="Get Text" library="Browser">
<arg>css=aside strong</arg>
<arg>should be</arg>
<arg>${user_name}</arg>
<tag>Assertion</tag>
<tag>Getter</tag>
<tag>PageContent</tag>
<doc>Returns text attribute of the element found by ``selector``.
See the `Finding elements` section for details about the selectors.</doc>
<status status="PASS" starttime="20210528 18:57:33.281" endtime="20210528 18:57:34.318"/>
</kw>
<status status="PASS" starttime="20210528 18:57:33.280" endtime="20210528 18:57:34.319"/>
</kw>
<status status="PASS" starttime="20210528 18:57:29.703" endtime="20210528 18:57:34.319"/>
</kw>
<test id="s1-t1" name="Cenario: Deve exibir data inicial e final conforme o plano escolhido">
<kw name="Get JSON" library="base">
<var>${fixture}</var>
<arg>enroll-dates.json</arg>
<kw name="Get File" library="OperatingSystem">
<var>${file}</var>
<arg>${EXECDIR}/resources/fixtures/${file_name}</arg>
<doc>Returns the contents of a specified file.</doc>
<msg timestamp="20210528 18:57:34.332" level="INFO" html="true">Getting file '&lt;a href="file:///home/edson/workspace/courses/qa_ninja/robot_framework/bodytest/resources/fixtures/enroll-dates.json"&gt;/home/edson/workspace/courses/qa_ninja/robot_framework/bodytest/resources/fixtures/enroll-dates.json&lt;/a&gt;'.</msg>
<msg timestamp="20210528 18:57:34.332" level="INFO">${file} = {
    "student":{
        "name":"John Connor",
        "email":"john@sky.com",
        "age":16,
        "weight":75,
        "feet_tall":1.75
    },
    "plan":{
        "title":"Plano Lisiex",
    ...</msg>
<status status="PASS" starttime="20210528 18:57:34.331" endtime="20210528 18:57:34.332"/>
</kw>
<kw name="Evaluate" library="BuiltIn">
<var>${json_object}</var>
<arg>json.loads($file)</arg>
<arg>json</arg>
<doc>Evaluates the given expression in Python and returns the result.</doc>
<msg timestamp="20210528 18:57:34.343" level="INFO">${json_object} = {'student': {'name': 'John Connor', 'email': 'john@sky.com', 'age': 16, 'weight': 75, 'feet_tall': 1.75}, 'plan': {'title': 'Plano Lisiex', 'duration': 12, 'price': 50.0}, 'days': 365}</msg>
<status status="PASS" starttime="20210528 18:57:34.333" endtime="20210528 18:57:34.344"/>
</kw>
<msg timestamp="20210528 18:57:34.344" level="INFO">${fixture} = {'student': {'name': 'John Connor', 'email': 'john@sky.com', 'age': 16, 'weight': 75, 'feet_tall': 1.75}, 'plan': {'title': 'Plano Lisiex', 'duration': 12, 'price': 50.0}, 'days': 365}</msg>
<status status="PASS" starttime="20210528 18:57:34.330" endtime="20210528 18:57:34.344"/>
</kw>
<kw name="Set Variable" library="BuiltIn">
<var>${student_enroll}</var>
<arg>${fixture['student']}</arg>
<doc>Returns the given values which can then be assigned to a variables.</doc>
<msg timestamp="20210528 18:57:34.347" level="INFO">${student_enroll} = {'name': 'John Connor', 'email': 'john@sky.com', 'age': 16, 'weight': 75, 'feet_tall': 1.75}</msg>
<status status="PASS" starttime="20210528 18:57:34.345" endtime="20210528 18:57:34.347"/>
</kw>
<kw name="Set Variable" library="BuiltIn">
<var>${plan_enroll}</var>
<arg>${fixture['plan']}</arg>
<doc>Returns the given values which can then be assigned to a variables.</doc>
<msg timestamp="20210528 18:57:34.348" level="INFO">${plan_enroll} = {'title': 'Plano Lisiex', 'duration': 12, 'price': 50.0}</msg>
<status status="PASS" starttime="20210528 18:57:34.347" endtime="20210528 18:57:34.349"/>
</kw>
<kw name="Insert Student" library="DeloreanLibrary">
<arg>${student_enroll}</arg>
<msg timestamp="20210528 18:57:34.349" level="INFO">delete from students where email = 'john@sky.com'</msg>
<msg timestamp="20210528 18:57:35.642" level="INFO">insert into students (name, email, age, weight, feet_tall, created_at, updated_at)values('John Connor','john@sky.com',16,75,1.75,NOW(),NOW());</msg>
<status status="PASS" starttime="20210528 18:57:34.349" endtime="20210528 18:57:36.895"/>
</kw>
<kw name="Insert Plan" library="DeloreanLibrary">
<arg>${plan_enroll}</arg>
<msg timestamp="20210528 18:57:36.896" level="INFO">delete from plans where title = 'Plano Lisiex'</msg>
<msg timestamp="20210528 18:57:38.066" level="INFO">insert into plans(title, duration, price, created_at, updated_at)values('Plano Lisiex',12,50.0, NOW(), NOW());</msg>
<status status="PASS" starttime="20210528 18:57:36.895" endtime="20210528 18:57:39.302"/>
</kw>
<kw name="Go To Enrolls" library="nav">
<kw name="Click" library="Browser">
<arg>css=a[href$=matriculas]</arg>
<tag>PageContent</tag>
<tag>Setter</tag>
<doc>Simulates mouse click on the element found by ``selector``.</doc>
<status status="PASS" starttime="20210528 18:57:39.304" endtime="20210528 18:57:39.424"/>
</kw>
<kw name="Wait For Elements State" library="Browser">
<arg>css=h1 &gt;&gt; text=Gestão de Matrículas</arg>
<arg>visible</arg>
<arg>5</arg>
<tag>PageContent</tag>
<tag>Wait</tag>
<doc>Waits for the element found by ``selector`` to satisfy state option.</doc>
<msg timestamp="20210528 18:57:39.448" level="INFO">Wait for Element with selector: css=h1 &gt;&gt; text=Gestão de Matrículas</msg>
<status status="PASS" starttime="20210528 18:57:39.425" endtime="20210528 18:57:39.449"/>
</kw>
<status status="PASS" starttime="20210528 18:57:39.303" endtime="20210528 18:57:39.449"/>
</kw>
<kw name="Go To Form Enroll" library="enrolls">
<kw name="Click" library="Browser">
<arg>css=a[href$="matriculas/new"]</arg>
<tag>PageContent</tag>
<tag>Setter</tag>
<doc>Simulates mouse click on the element found by ``selector``.</doc>
<status status="PASS" starttime="20210528 18:57:39.450" endtime="20210528 18:57:39.602"/>
</kw>
<kw name="Wait For Elements State" library="Browser">
<arg>css=h1 &gt;&gt; text=Nova matrícula</arg>
<arg>visible</arg>
<arg>5</arg>
<tag>PageContent</tag>
<tag>Wait</tag>
<doc>Waits for the element found by ``selector`` to satisfy state option.</doc>
<msg timestamp="20210528 18:57:39.621" level="INFO">Wait for Element with selector: css=h1 &gt;&gt; text=Nova matrícula</msg>
<status status="PASS" starttime="20210528 18:57:39.602" endtime="20210528 18:57:39.621"/>
</kw>
<status status="PASS" starttime="20210528 18:57:39.449" endtime="20210528 18:57:39.621"/>
</kw>
<kw name="Select Student" library="enrolls">
<arg>${student_enroll['name']}</arg>
<kw name="Fill Text" library="Browser">
<arg>css=input[aria-label="student_id"]</arg>
<arg>${name}</arg>
<tag>PageContent</tag>
<tag>Setter</tag>
<doc>Clears and fills the given ``text`` into the text field found by ``selector``.</doc>
<msg timestamp="20210528 18:57:39.625" level="INFO">Fills the text 'John Connor' in the given field.</msg>
<status status="PASS" starttime="20210528 18:57:39.624" endtime="20210528 18:57:39.716"/>
</kw>
<kw name="Click" library="Browser">
<arg>css=div[id*=option] &gt;&gt; text=${name}</arg>
<tag>PageContent</tag>
<tag>Setter</tag>
<doc>Simulates mouse click on the element found by ``selector``.</doc>
<status status="PASS" starttime="20210528 18:57:39.716" endtime="20210528 18:57:40.282"/>
</kw>
<status status="PASS" starttime="20210528 18:57:39.622" endtime="20210528 18:57:40.282"/>
</kw>
<kw name="Select Plan" library="enrolls">
<arg>${plan_enroll['title']}</arg>
<kw name="Fill Text" library="Browser">
<arg>css=input[aria-label="plan_id"]</arg>
<arg>${title}</arg>
<tag>PageContent</tag>
<tag>Setter</tag>
<doc>Clears and fills the given ``text`` into the text field found by ``selector``.</doc>
<msg timestamp="20210528 18:57:40.285" level="INFO">Fills the text 'Plano Lisiex' in the given field.</msg>
<status status="PASS" starttime="20210528 18:57:40.284" endtime="20210528 18:57:40.360"/>
</kw>
<kw name="Click" library="Browser">
<arg>css=div[id*=option] &gt;&gt; text=${title}</arg>
<tag>PageContent</tag>
<tag>Setter</tag>
<doc>Simulates mouse click on the element found by ``selector``.</doc>
<status status="PASS" starttime="20210528 18:57:40.360" endtime="20210528 18:57:40.462"/>
</kw>
<status status="PASS" starttime="20210528 18:57:40.282" endtime="20210528 18:57:40.462"/>
</kw>
<kw name="Start Date Should Today" library="enrolls">
<kw name="Get Current Date" library="DateTime">
<var>${start_date}</var>
<arg>result_format=%d/%m/%Y</arg>
<doc>Returns current local or UTC time with an optional increment.</doc>
<msg timestamp="20210528 18:57:40.465" level="INFO">${start_date} = 28/05/2021</msg>
<status status="PASS" starttime="20210528 18:57:40.464" endtime="20210528 18:57:40.465"/>
</kw>
<kw name="Get Attribute" library="Browser">
<arg>css=input[name="start_date"]</arg>
<arg>value</arg>
<arg>equal</arg>
<arg>${start_date}</arg>
<tag>Assertion</tag>
<tag>Getter</tag>
<tag>PageContent</tag>
<doc>Returns the HTML ``attribute`` of the element found by ``selector``.</doc>
<status status="PASS" starttime="20210528 18:57:40.465" endtime="20210528 18:57:40.510"/>
</kw>
<status status="PASS" starttime="20210528 18:57:40.463" endtime="20210528 18:57:40.510"/>
</kw>
<kw name="End Date Should Be" library="enrolls">
<arg>${fixture['days']}</arg>
<kw name="Get Current Date" library="DateTime">
<var>${current_date}</var>
<doc>Returns current local or UTC time with an optional increment.</doc>
<msg timestamp="20210528 18:57:40.513" level="INFO">${current_date} = 2021-05-28 18:57:40.513</msg>
<status status="PASS" starttime="20210528 18:57:40.513" endtime="20210528 18:57:40.513"/>
</kw>
<kw name="Add Time To Date" library="DateTime">
<var>${end_date}</var>
<arg>${current_date}</arg>
<arg>${days} days</arg>
<arg>result_format=%d/%m/%Y</arg>
<doc>Adds time to date and returns the resulting date.</doc>
<msg timestamp="20210528 18:57:40.517" level="INFO">${end_date} = 28/05/2022</msg>
<status status="PASS" starttime="20210528 18:57:40.513" endtime="20210528 18:57:40.517"/>
</kw>
<kw name="Get Attribute" library="Browser">
<arg>css=input[name="end_date"]</arg>
<arg>value</arg>
<arg>equal</arg>
<arg>${end_date}</arg>
<tag>Assertion</tag>
<tag>Getter</tag>
<tag>PageContent</tag>
<doc>Returns the HTML ``attribute`` of the element found by ``selector``.</doc>
<status status="PASS" starttime="20210528 18:57:40.517" endtime="20210528 18:57:40.552"/>
</kw>
<status status="PASS" starttime="20210528 18:57:40.511" endtime="20210528 18:57:40.552"/>
</kw>
<kw name="Take Screenshot" library="Browser" type="TEARDOWN">
<tag>PageContent</tag>
<doc>Takes a screenshot of the current window and saves it to ``path``. Saves it as a png.</doc>
<msg timestamp="20210528 18:57:40.718" level="INFO" html="true">&lt;/td&gt;&lt;/tr&gt;&lt;tr&gt;&lt;td colspan="3"&gt;&lt;a href="browser/screenshot/robotframework-browser-screenshot-1.png"&gt;&lt;img src="browser/screenshot/robotframework-browser-screenshot-1.png" width="800px"&gt;&lt;/a&gt;</msg>
<status status="PASS" starttime="20210528 18:57:40.553" endtime="20210528 18:57:40.718"/>
</kw>
<status status="PASS" starttime="20210528 18:57:34.319" endtime="20210528 18:57:40.718"/>
</test>
<test id="s1-t2" name="Cenario: Deve matricular um aluno em um plano">
<kw name="Get JSON" library="base">
<var>${fixture}</var>
<arg>enroll-create.json</arg>
<kw name="Get File" library="OperatingSystem">
<var>${file}</var>
<arg>${EXECDIR}/resources/fixtures/${file_name}</arg>
<doc>Returns the contents of a specified file.</doc>
<msg timestamp="20210528 18:57:40.738" level="INFO" html="true">Getting file '&lt;a href="file:///home/edson/workspace/courses/qa_ninja/robot_framework/bodytest/resources/fixtures/enroll-create.json"&gt;/home/edson/workspace/courses/qa_ninja/robot_framework/bodytest/resources/fixtures/enroll-create.json&lt;/a&gt;'.</msg>
<msg timestamp="20210528 18:57:40.740" level="INFO">${file} = {
    "student":{
        "name":"Sara Connor",
        "email":"sara@sky.com",
        "age":60,
        "weight":60,
        "feet_tall":1.65
    },
    "plan":{
        "title":"Plano Fit",
       ...</msg>
<status status="PASS" starttime="20210528 18:57:40.738" endtime="20210528 18:57:40.740"/>
</kw>
<kw name="Evaluate" library="BuiltIn">
<var>${json_object}</var>
<arg>json.loads($file)</arg>
<arg>json</arg>
<doc>Evaluates the given expression in Python and returns the result.</doc>
<msg timestamp="20210528 18:57:40.741" level="INFO">${json_object} = {'student': {'name': 'Sara Connor', 'email': 'sara@sky.com', 'age': 60, 'weight': 60, 'feet_tall': 1.65}, 'plan': {'title': 'Plano Fit', 'duration': 6, 'price': 29.99}, 'days': 182}</msg>
<status status="PASS" starttime="20210528 18:57:40.740" endtime="20210528 18:57:40.741"/>
</kw>
<msg timestamp="20210528 18:57:40.741" level="INFO">${fixture} = {'student': {'name': 'Sara Connor', 'email': 'sara@sky.com', 'age': 60, 'weight': 60, 'feet_tall': 1.65}, 'plan': {'title': 'Plano Fit', 'duration': 6, 'price': 29.99}, 'days': 182}</msg>
<status status="PASS" starttime="20210528 18:57:40.737" endtime="20210528 18:57:40.742"/>
</kw>
<kw name="Set Variable" library="BuiltIn">
<var>${student_enroll}</var>
<arg>${fixture['student']}</arg>
<doc>Returns the given values which can then be assigned to a variables.</doc>
<msg timestamp="20210528 18:57:40.745" level="INFO">${student_enroll} = {'name': 'Sara Connor', 'email': 'sara@sky.com', 'age': 60, 'weight': 60, 'feet_tall': 1.65}</msg>
<status status="PASS" starttime="20210528 18:57:40.743" endtime="20210528 18:57:40.745"/>
</kw>
<kw name="Set Variable" library="BuiltIn">
<var>${plan_enroll}</var>
<arg>${fixture['plan']}</arg>
<doc>Returns the given values which can then be assigned to a variables.</doc>
<msg timestamp="20210528 18:57:40.747" level="INFO">${plan_enroll} = {'title': 'Plano Fit', 'duration': 6, 'price': 29.99}</msg>
<status status="PASS" starttime="20210528 18:57:40.746" endtime="20210528 18:57:40.747"/>
</kw>
<kw name="Insert Student" library="DeloreanLibrary">
<arg>${student_enroll}</arg>
<msg timestamp="20210528 18:57:40.749" level="INFO">delete from students where email = 'sara@sky.com'</msg>
<msg timestamp="20210528 18:57:41.971" level="INFO">insert into students (name, email, age, weight, feet_tall, created_at, updated_at)values('Sara Connor','sara@sky.com',60,60,1.65,NOW(),NOW());</msg>
<status status="PASS" starttime="20210528 18:57:40.748" endtime="20210528 18:57:43.160"/>
</kw>
<kw name="Insert Plan" library="DeloreanLibrary">
<arg>${plan_enroll}</arg>
<msg timestamp="20210528 18:57:43.162" level="INFO">delete from plans where title = 'Plano Fit'</msg>
<msg timestamp="20210528 18:57:44.345" level="INFO">insert into plans(title, duration, price, created_at, updated_at)values('Plano Fit',6,29.99, NOW(), NOW());</msg>
<status status="PASS" starttime="20210528 18:57:43.161" endtime="20210528 18:57:45.575"/>
</kw>
<kw name="Go To Enrolls" library="nav">
<kw name="Click" library="Browser">
<arg>css=a[href$=matriculas]</arg>
<tag>PageContent</tag>
<tag>Setter</tag>
<doc>Simulates mouse click on the element found by ``selector``.</doc>
<status status="PASS" starttime="20210528 18:57:45.577" endtime="20210528 18:57:45.687"/>
</kw>
<kw name="Wait For Elements State" library="Browser">
<arg>css=h1 &gt;&gt; text=Gestão de Matrículas</arg>
<arg>visible</arg>
<arg>5</arg>
<tag>PageContent</tag>
<tag>Wait</tag>
<doc>Waits for the element found by ``selector`` to satisfy state option.</doc>
<msg timestamp="20210528 18:57:45.707" level="INFO">Wait for Element with selector: css=h1 &gt;&gt; text=Gestão de Matrículas</msg>
<status status="PASS" starttime="20210528 18:57:45.687" endtime="20210528 18:57:45.707"/>
</kw>
<status status="PASS" starttime="20210528 18:57:45.576" endtime="20210528 18:57:45.708"/>
</kw>
<kw name="Go To Form Enroll" library="enrolls">
<kw name="Click" library="Browser">
<arg>css=a[href$="matriculas/new"]</arg>
<tag>PageContent</tag>
<tag>Setter</tag>
<doc>Simulates mouse click on the element found by ``selector``.</doc>
<status status="PASS" starttime="20210528 18:57:45.709" endtime="20210528 18:57:45.828"/>
</kw>
<kw name="Wait For Elements State" library="Browser">
<arg>css=h1 &gt;&gt; text=Nova matrícula</arg>
<arg>visible</arg>
<arg>5</arg>
<tag>PageContent</tag>
<tag>Wait</tag>
<doc>Waits for the element found by ``selector`` to satisfy state option.</doc>
<msg timestamp="20210528 18:57:45.846" level="INFO">Wait for Element with selector: css=h1 &gt;&gt; text=Nova matrícula</msg>
<status status="PASS" starttime="20210528 18:57:45.829" endtime="20210528 18:57:45.846"/>
</kw>
<status status="PASS" starttime="20210528 18:57:45.708" endtime="20210528 18:57:45.847"/>
</kw>
<kw name="Select Student" library="enrolls">
<arg>${student_enroll['name']}</arg>
<kw name="Fill Text" library="Browser">
<arg>css=input[aria-label="student_id"]</arg>
<arg>${name}</arg>
<tag>PageContent</tag>
<tag>Setter</tag>
<doc>Clears and fills the given ``text`` into the text field found by ``selector``.</doc>
<msg timestamp="20210528 18:57:45.849" level="INFO">Fills the text 'Sara Connor' in the given field.</msg>
<status status="PASS" starttime="20210528 18:57:45.849" endtime="20210528 18:57:45.935"/>
</kw>
<kw name="Click" library="Browser">
<arg>css=div[id*=option] &gt;&gt; text=${name}</arg>
<tag>PageContent</tag>
<tag>Setter</tag>
<doc>Simulates mouse click on the element found by ``selector``.</doc>
<status status="PASS" starttime="20210528 18:57:45.936" endtime="20210528 18:57:46.343"/>
</kw>
<status status="PASS" starttime="20210528 18:57:45.847" endtime="20210528 18:57:46.343"/>
</kw>
<kw name="Select Plan" library="enrolls">
<arg>${plan_enroll['title']}</arg>
<kw name="Fill Text" library="Browser">
<arg>css=input[aria-label="plan_id"]</arg>
<arg>${title}</arg>
<tag>PageContent</tag>
<tag>Setter</tag>
<doc>Clears and fills the given ``text`` into the text field found by ``selector``.</doc>
<msg timestamp="20210528 18:57:46.347" level="INFO">Fills the text 'Plano Fit' in the given field.</msg>
<status status="PASS" starttime="20210528 18:57:46.347" endtime="20210528 18:57:46.410"/>
</kw>
<kw name="Click" library="Browser">
<arg>css=div[id*=option] &gt;&gt; text=${title}</arg>
<tag>PageContent</tag>
<tag>Setter</tag>
<doc>Simulates mouse click on the element found by ``selector``.</doc>
<status status="PASS" starttime="20210528 18:57:46.410" endtime="20210528 18:57:46.516"/>
</kw>
<status status="PASS" starttime="20210528 18:57:46.344" endtime="20210528 18:57:46.516"/>
</kw>
<kw name="Submit Enrolls Form" library="enrolls">
<kw name="Click" library="Browser">
<arg>css=button[form=formEnrollment]</arg>
<tag>PageContent</tag>
<tag>Setter</tag>
<doc>Simulates mouse click on the element found by ``selector``.</doc>
<status status="PASS" starttime="20210528 18:57:46.520" endtime="20210528 18:57:46.613"/>
</kw>
<status status="PASS" starttime="20210528 18:57:46.519" endtime="20210528 18:57:46.614"/>
</kw>
<kw name="Toaster Text Should Be" library="components">
<arg>Matrícula cadastrada com sucesso</arg>
<kw name="Wait For Elements State" library="Browser">
<arg>css=.Toastify__toast-body &gt;&gt; text=${expect_text}</arg>
<arg>visible</arg>
<arg>5</arg>
<tag>PageContent</tag>
<tag>Wait</tag>
<doc>Waits for the element found by ``selector`` to satisfy state option.</doc>
<msg timestamp="20210528 18:57:47.023" level="INFO">Wait for Element with selector: css=.Toastify__toast-body &gt;&gt; text=Matrícula cadastrada com sucesso</msg>
<status status="PASS" starttime="20210528 18:57:46.615" endtime="20210528 18:57:47.023"/>
</kw>
<status status="PASS" starttime="20210528 18:57:46.614" endtime="20210528 18:57:47.024"/>
</kw>
<kw name="Thinking And Take Screenshot" library="base" type="TEARDOWN">
<arg>5</arg>
<kw name="Sleep" library="BuiltIn">
<arg>${timeout}</arg>
<doc>Pauses the test executed for the given time.</doc>
<msg timestamp="20210528 18:57:52.026" level="INFO">Slept 5 seconds</msg>
<status status="PASS" starttime="20210528 18:57:47.025" endtime="20210528 18:57:52.026"/>
</kw>
<kw name="Take Screenshot" library="Browser">
<tag>PageContent</tag>
<doc>Takes a screenshot of the current window and saves it to ``path``. Saves it as a png.</doc>
<msg timestamp="20210528 18:57:52.178" level="INFO" html="true">&lt;/td&gt;&lt;/tr&gt;&lt;tr&gt;&lt;td colspan="3"&gt;&lt;a href="browser/screenshot/robotframework-browser-screenshot-2.png"&gt;&lt;img src="browser/screenshot/robotframework-browser-screenshot-2.png" width="800px"&gt;&lt;/a&gt;</msg>
<status status="PASS" starttime="20210528 18:57:52.027" endtime="20210528 18:57:52.178"/>
</kw>
<status status="PASS" starttime="20210528 18:57:47.024" endtime="20210528 18:57:52.179"/>
</kw>
<status status="PASS" starttime="20210528 18:57:40.730" endtime="20210528 18:57:52.179"/>
</test>
<doc>Gestão de Matriculas</doc>
<status status="PASS" starttime="20210528 18:57:28.880" endtime="20210528 18:57:52.189"/>
</suite>
<statistics>
<total>
<stat pass="2" fail="0" skip="0">All Tests</stat>
</total>
<tag>
</tag>
<suite>
<stat pass="2" fail="0" skip="0" id="s1" name="Create">Create</stat>
</suite>
</statistics>
<errors>
</errors>
</robot>
