<?xml version="1.0" encoding="UTF-8"?>
<robot generator="Robot 4.0 (Python 3.8.5 on linux)" generated="20210514 10:30:00.450" rpa="false" schemaversion="2">
<suite id="s1" name="Search" source="/home/edson/workspace/courses/qa_ninja/robot_framework/bodytest/tests/plans/search.robot">
<kw name="Start Admin Session" library="base" type="SETUP">
<kw name="Start Browser Session" library="base">
<kw name="New Browser" library="Browser">
<arg>chromium</arg>
<arg>false</arg>
<tag>BrowserControl</tag>
<tag>Setter</tag>
<doc>Create a new playwright Browser with specified options.
See `Browser, Context and Page` for more information about Browser and related concepts.</doc>
<msg timestamp="20210514 10:30:01.266" level="INFO">{"browser": "chromium", "headless": false, "handleSIGINT": true, "handleSIGTERM": true, "handleSIGHUP": true, "timeout": 30000.0, "devtools": false, "slowMo": 0.0}</msg>
<msg timestamp="20210514 10:30:01.695" level="INFO">Successfully created browser with options: {"browser":"chromium","headless":false,"handleSIGINT":true,"handleSIGTERM":true,"handleSIGHUP":true,"timeout":30000,"devtools":false,"slowMo":0}</msg>
<status status="PASS" starttime="20210514 10:30:01.265" endtime="20210514 10:30:01.696"/>
</kw>
<kw name="New Page" library="Browser">
<arg>about:blank</arg>
<tag>BrowserControl</tag>
<tag>Setter</tag>
<doc>Open a new Page. A Page is the Playwright equivalent to a tab.
See `Browser, Context and Page` for more information about Page concept.
Returns a stable identifier for the created page.</doc>
<msg timestamp="20210514 10:30:02.095" level="INFO">Successfully initialized new page object and opened url: about:blank</msg>
<status status="PASS" starttime="20210514 10:30:01.696" endtime="20210514 10:30:02.096"/>
</kw>
<status status="PASS" starttime="20210514 10:30:01.264" endtime="20210514 10:30:02.096"/>
</kw>
<kw name="Go To Login Pages" library="auth">
<kw name="Go To" library="Browser">
<arg>https://theotokus-bodytest-web.herokuapp.com/</arg>
<tag>BrowserControl</tag>
<tag>Setter</tag>
<doc>Navigates to the given ``url``.</doc>
<msg timestamp="20210514 10:30:05.169" level="INFO">Succesfully opened URL https://theotokus-bodytest-web.herokuapp.com/</msg>
<status status="PASS" starttime="20210514 10:30:02.099" endtime="20210514 10:30:05.169"/>
</kw>
<status status="PASS" starttime="20210514 10:30:02.097" endtime="20210514 10:30:05.170"/>
</kw>
<kw name="Login With" library="auth">
<arg>admin@bodytest.com</arg>
<arg>pwd123</arg>
<kw name="Fill Text" library="Browser">
<arg>css=input[name=email]</arg>
<arg>${email}</arg>
<tag>PageContent</tag>
<tag>Setter</tag>
<doc>Clears and fills the given ``text`` into the text field found by ``selector``.</doc>
<msg timestamp="20210514 10:30:05.172" level="INFO">Fills the text 'admin@bodytest.com' in the given field.</msg>
<status status="PASS" starttime="20210514 10:30:05.171" endtime="20210514 10:30:05.249"/>
</kw>
<kw name="Fill Text" library="Browser">
<arg>css=input[name=password]</arg>
<arg>${pass}</arg>
<tag>PageContent</tag>
<tag>Setter</tag>
<doc>Clears and fills the given ``text`` into the text field found by ``selector``.</doc>
<msg timestamp="20210514 10:30:05.250" level="INFO">Fills the text 'pwd123' in the given field.</msg>
<status status="PASS" starttime="20210514 10:30:05.249" endtime="20210514 10:30:05.285"/>
</kw>
<kw name="Click" library="Browser">
<arg>text=Entrar</arg>
<tag>PageContent</tag>
<tag>Setter</tag>
<doc>Simulates mouse click on the element found by ``selector``.</doc>
<status status="PASS" starttime="20210514 10:30:05.286" endtime="20210514 10:30:05.377"/>
</kw>
<status status="PASS" starttime="20210514 10:30:05.170" endtime="20210514 10:30:05.378"/>
</kw>
<kw name="User Should Be Logged In" library="nav">
<arg>Administrador</arg>
<kw name="Get Text" library="Browser">
<arg>css=aside strong</arg>
<arg>should be</arg>
<arg>${user_name}</arg>
<tag>Assertion</tag>
<tag>Getter</tag>
<tag>PageContent</tag>
<doc>Returns text attribute of the element found by ``selector``.
See the `Finding elements` section for details about the selectors.</doc>
<status status="PASS" starttime="20210514 10:30:05.379" endtime="20210514 10:30:06.395"/>
</kw>
<status status="PASS" starttime="20210514 10:30:05.378" endtime="20210514 10:30:06.395"/>
</kw>
<status status="PASS" starttime="20210514 10:30:01.264" endtime="20210514 10:30:06.395"/>
</kw>
<test id="s1-t1" name="Cenario: Registro não Encontrado">
<kw name="Set Variable" library="BuiltIn">
<var>${title}</var>
<arg>Barão Zemo</arg>
<doc>Returns the given values which can then be assigned to a variables.</doc>
<msg timestamp="20210514 10:30:06.415" level="INFO">${title} = Barão Zemo</msg>
<status status="PASS" starttime="20210514 10:30:06.415" endtime="20210514 10:30:06.416"/>
</kw>
<kw name="Remove Plan By Title" library="DeloreanLibrary">
<arg>${title}</arg>
<msg timestamp="20210514 10:30:06.416" level="INFO">delete from plans where title LIKE '%Barão Zemo%'</msg>
<status status="PASS" starttime="20210514 10:30:06.416" endtime="20210514 10:30:07.614"/>
</kw>
<kw name="Go To Plans" library="nav">
<kw name="Click" library="Browser">
<arg>css=a[href$=planos]</arg>
<tag>PageContent</tag>
<tag>Setter</tag>
<doc>Simulates mouse click on the element found by ``selector``.</doc>
<status status="PASS" starttime="20210514 10:30:07.616" endtime="20210514 10:30:07.725"/>
</kw>
<kw name="Wait For Elements State" library="Browser">
<arg>css=h1 &gt;&gt; text=Gestão de Planos</arg>
<arg>visible</arg>
<arg>5</arg>
<tag>PageContent</tag>
<tag>Wait</tag>
<doc>Waits for the element found by ``selector`` to satisfy state option.</doc>
<msg timestamp="20210514 10:30:07.745" level="INFO">Wait for Element with selector: css=h1 &gt;&gt; text=Gestão de Planos</msg>
<status status="PASS" starttime="20210514 10:30:07.726" endtime="20210514 10:30:07.745"/>
</kw>
<status status="PASS" starttime="20210514 10:30:07.615" endtime="20210514 10:30:07.746"/>
</kw>
<kw name="Search Plan By Title" library="plans">
<arg>${title}</arg>
<kw name="Fill Text" library="Browser">
<arg>css=input[placeholder="Buscar plano"]</arg>
<arg>${title}</arg>
<tag>PageContent</tag>
<tag>Setter</tag>
<doc>Clears and fills the given ``text`` into the text field found by ``selector``.</doc>
<msg timestamp="20210514 10:30:07.748" level="INFO">Fills the text 'Barão Zemo' in the given field.</msg>
<status status="PASS" starttime="20210514 10:30:07.747" endtime="20210514 10:30:07.785"/>
</kw>
<status status="PASS" starttime="20210514 10:30:07.746" endtime="20210514 10:30:07.785"/>
</kw>
<kw name="Register Should Not Be Found" library="components">
<kw name="Wait For Elements State" library="Browser">
<arg>css=div &gt;&gt; text=Nenhum registro Encontrado.</arg>
<arg>visible</arg>
<arg>5</arg>
<tag>PageContent</tag>
<tag>Wait</tag>
<doc>Waits for the element found by ``selector`` to satisfy state option.</doc>
<msg timestamp="20210514 10:30:08.641" level="INFO">Wait for Element with selector: css=div &gt;&gt; text=Nenhum registro Encontrado.</msg>
<status status="PASS" starttime="20210514 10:30:07.786" endtime="20210514 10:30:08.642"/>
</kw>
<kw name="Wait For Elements State" library="Browser">
<arg>css=table</arg>
<arg>detached</arg>
<arg>5</arg>
<tag>PageContent</tag>
<tag>Wait</tag>
<doc>Waits for the element found by ``selector`` to satisfy state option.</doc>
<msg timestamp="20210514 10:30:08.654" level="INFO">Wait for Element with selector: css=table</msg>
<status status="PASS" starttime="20210514 10:30:08.642" endtime="20210514 10:30:08.654"/>
</kw>
<status status="PASS" starttime="20210514 10:30:07.785" endtime="20210514 10:30:08.655"/>
</kw>
<kw name="Take Screenshot" library="Browser" type="TEARDOWN">
<tag>PageContent</tag>
<doc>Takes a screenshot of the current window and saves it to ``path``. Saves it as a png.</doc>
<msg timestamp="20210514 10:30:08.843" level="INFO" html="true">&lt;/td&gt;&lt;/tr&gt;&lt;tr&gt;&lt;td colspan="3"&gt;&lt;a href="browser/screenshot/robotframework-browser-screenshot-1.png"&gt;&lt;img src="browser/screenshot/robotframework-browser-screenshot-1.png" width="800px"&gt;&lt;/a&gt;</msg>
<status status="PASS" starttime="20210514 10:30:08.656" endtime="20210514 10:30:08.843"/>
</kw>
<tag>search</tag>
<status status="PASS" starttime="20210514 10:30:06.396" endtime="20210514 10:30:08.844"/>
</test>
<doc>Buscar planos</doc>
<status status="PASS" starttime="20210514 10:30:00.452" endtime="20210514 10:30:08.860"/>
</suite>
<statistics>
<total>
<stat pass="1" fail="0" skip="0">All Tests</stat>
</total>
<tag>
<stat pass="1" fail="0" skip="0">search</stat>
</tag>
<suite>
<stat pass="1" fail="0" skip="0" id="s1" name="Search">Search</stat>
</suite>
</statistics>
<errors>
</errors>
</robot>
