<?xml version="1.0" encoding="UTF-8"?>
<robot generator="Robot 4.0 (Python 3.8.5 on linux)" generated="20210505 11:39:43.315" rpa="false" schemaversion="2">
<suite id="s1" name="Tests" source="/home/edson/workspace/courses/qa_ninja/robot_framework/bodytest/tests">
<suite id="s1-s1" name="Login" source="/home/edson/workspace/courses/qa_ninja/robot_framework/bodytest/tests/login">
<suite id="s1-s1-s1" name="Login" source="/home/edson/workspace/courses/qa_ninja/robot_framework/bodytest/tests/login/login.robot">
<kw name="Start Browser Session" library="base" type="SETUP">
<kw name="New Browser" library="Browser">
<arg>chromium</arg>
<arg>true</arg>
<tag>BrowserControl</tag>
<tag>Setter</tag>
<doc>Create a new playwright Browser with specified options.
See `Browser, Context and Page` for more information about Browser and related concepts.</doc>
<msg timestamp="20210505 11:39:44.128" level="INFO">{"browser": "chromium", "headless": true, "handleSIGINT": true, "handleSIGTERM": true, "handleSIGHUP": true, "timeout": 30000.0, "devtools": false, "slowMo": 0.0}</msg>
<msg timestamp="20210505 11:39:44.307" level="INFO">Successfully created browser with options: {"browser":"chromium","headless":true,"handleSIGINT":true,"handleSIGTERM":true,"handleSIGHUP":true,"timeout":30000,"devtools":false,"slowMo":0}</msg>
<status status="PASS" starttime="20210505 11:39:44.127" endtime="20210505 11:39:44.308"/>
</kw>
<kw name="New Page" library="Browser">
<arg>about:blank</arg>
<tag>BrowserControl</tag>
<tag>Setter</tag>
<doc>Open a new Page. A Page is the Playwright equivalent to a tab.
See `Browser, Context and Page` for more information about Page concept.
Returns a stable identifier for the created page.</doc>
<msg timestamp="20210505 11:39:44.401" level="INFO">Successfully initialized new page object and opened url: about:blank</msg>
<status status="PASS" starttime="20210505 11:39:44.308" endtime="20210505 11:39:44.402"/>
</kw>
<status status="PASS" starttime="20210505 11:39:44.126" endtime="20210505 11:39:44.402"/>
</kw>
<test id="s1-s1-s1-t1" name="Cenario: Login do Administrador">
<kw name="Go To Login Pages" library="auth">
<kw name="Go To" library="Browser">
<arg>https://theotokus-bodytest-web.herokuapp.com/</arg>
<tag>BrowserControl</tag>
<tag>Setter</tag>
<doc>Navigates to the given ``url``.</doc>
<msg timestamp="20210505 11:39:46.284" level="INFO">Succesfully opened URL https://theotokus-bodytest-web.herokuapp.com/</msg>
<status status="PASS" starttime="20210505 11:39:44.415" endtime="20210505 11:39:46.284"/>
</kw>
<status status="PASS" starttime="20210505 11:39:44.414" endtime="20210505 11:39:46.285"/>
</kw>
<kw name="Login With" library="auth">
<arg>admin@bodytest.com</arg>
<arg>pwd123</arg>
<kw name="Fill Text" library="Browser">
<arg>css=input[name=email]</arg>
<arg>${email}</arg>
<tag>PageContent</tag>
<tag>Setter</tag>
<doc>Clears and fills the given ``text`` into the text field found by ``selector``.</doc>
<msg timestamp="20210505 11:39:46.289" level="INFO">Fills the text 'admin@bodytest.com' in the given field.</msg>
<status status="PASS" starttime="20210505 11:39:46.288" endtime="20210505 11:39:46.365"/>
</kw>
<kw name="Fill Text" library="Browser">
<arg>css=input[name=password]</arg>
<arg>${pass}</arg>
<tag>PageContent</tag>
<tag>Setter</tag>
<doc>Clears and fills the given ``text`` into the text field found by ``selector``.</doc>
<msg timestamp="20210505 11:39:46.366" level="INFO">Fills the text 'pwd123' in the given field.</msg>
<status status="PASS" starttime="20210505 11:39:46.366" endtime="20210505 11:39:46.396"/>
</kw>
<kw name="Click" library="Browser">
<arg>text=Entrar</arg>
<tag>PageContent</tag>
<tag>Setter</tag>
<doc>Simulates mouse click on the element found by ``selector``.</doc>
<status status="PASS" starttime="20210505 11:39:46.397" endtime="20210505 11:39:46.475"/>
</kw>
<status status="PASS" starttime="20210505 11:39:46.285" endtime="20210505 11:39:46.476"/>
</kw>
<kw name="User Should Be Logged In" library="nav">
<arg>Administrador</arg>
<kw name="Get Text" library="Browser">
<arg>css=aside strong</arg>
<arg>should be</arg>
<arg>${user_name}</arg>
<tag>Assertion</tag>
<tag>Getter</tag>
<tag>PageContent</tag>
<doc>Returns text attribute of the element found by ``selector``.
See the `Finding elements` section for details about the selectors.</doc>
<status status="PASS" starttime="20210505 11:39:46.478" endtime="20210505 11:39:48.238"/>
</kw>
<status status="PASS" starttime="20210505 11:39:46.476" endtime="20210505 11:39:48.239"/>
</kw>
<kw name="Clean Local Storage And Take Screenshot" library="base" type="TEARDOWN">
<kw name="Take Screenshot" library="Browser">
<tag>PageContent</tag>
<doc>Takes a screenshot of the current window and saves it to ``path``. Saves it as a png.</doc>
<msg timestamp="20210505 11:39:48.368" level="INFO" html="true">&lt;/td&gt;&lt;/tr&gt;&lt;tr&gt;&lt;td colspan="3"&gt;&lt;a href="browser/screenshot/robotframework-browser-screenshot-1.png"&gt;&lt;img src="browser/screenshot/robotframework-browser-screenshot-1.png" width="800px"&gt;&lt;/a&gt;</msg>
<status status="PASS" starttime="20210505 11:39:48.240" endtime="20210505 11:39:48.368"/>
</kw>
<kw name="LocalStorage Clear" library="Browser">
<tag>PageContent</tag>
<tag>Setter</tag>
<doc>Remove all saved data from the local storage.</doc>
<msg timestamp="20210505 11:39:48.380" level="INFO"/>
<status status="PASS" starttime="20210505 11:39:48.369" endtime="20210505 11:39:48.380"/>
</kw>
<status status="PASS" starttime="20210505 11:39:48.239" endtime="20210505 11:39:48.380"/>
</kw>
<status status="PASS" starttime="20210505 11:39:44.402" endtime="20210505 11:39:48.381"/>
</test>
<test id="s1-s1-s1-t2" name="Cenario: Senha incorreta">
<kw name="Go To Login Pages" library="auth">
<kw name="Go To" library="Browser">
<arg>https://theotokus-bodytest-web.herokuapp.com/</arg>
<tag>BrowserControl</tag>
<tag>Setter</tag>
<doc>Navigates to the given ``url``.</doc>
<msg timestamp="20210505 11:39:48.946" level="INFO">Succesfully opened URL https://theotokus-bodytest-web.herokuapp.com/</msg>
<status status="PASS" starttime="20210505 11:39:48.396" endtime="20210505 11:39:48.946"/>
</kw>
<status status="PASS" starttime="20210505 11:39:48.395" endtime="20210505 11:39:48.947"/>
</kw>
<kw name="Login With" library="auth">
<arg>admin@bodytest.com</arg>
<arg>abc123</arg>
<kw name="Fill Text" library="Browser">
<arg>css=input[name=email]</arg>
<arg>${email}</arg>
<tag>PageContent</tag>
<tag>Setter</tag>
<doc>Clears and fills the given ``text`` into the text field found by ``selector``.</doc>
<msg timestamp="20210505 11:39:48.949" level="INFO">Fills the text 'admin@bodytest.com' in the given field.</msg>
<status status="PASS" starttime="20210505 11:39:48.949" endtime="20210505 11:39:48.993"/>
</kw>
<kw name="Fill Text" library="Browser">
<arg>css=input[name=password]</arg>
<arg>${pass}</arg>
<tag>PageContent</tag>
<tag>Setter</tag>
<doc>Clears and fills the given ``text`` into the text field found by ``selector``.</doc>
<msg timestamp="20210505 11:39:48.994" level="INFO">Fills the text 'abc123' in the given field.</msg>
<status status="PASS" starttime="20210505 11:39:48.993" endtime="20210505 11:39:49.034"/>
</kw>
<kw name="Click" library="Browser">
<arg>text=Entrar</arg>
<tag>PageContent</tag>
<tag>Setter</tag>
<doc>Simulates mouse click on the element found by ``selector``.</doc>
<status status="PASS" starttime="20210505 11:39:49.034" endtime="20210505 11:39:49.096"/>
</kw>
<status status="PASS" starttime="20210505 11:39:48.947" endtime="20210505 11:39:49.097"/>
</kw>
<kw name="Toaster Text Should Be" library="components">
<arg>Usuário e/ou senha inválidos.</arg>
<kw name="Wait For Elements State" library="Browser">
<arg>css=.Toastify__toast-body &gt;&gt; text=${expect_text}</arg>
<arg>visible</arg>
<arg>5</arg>
<tag>PageContent</tag>
<tag>Wait</tag>
<doc>Waits for the element found by ``selector`` to satisfy state option.</doc>
<msg timestamp="20210505 11:39:49.305" level="INFO">Wait for Element with selector: css=.Toastify__toast-body &gt;&gt; text=Usuário e/ou senha inválidos.</msg>
<status status="PASS" starttime="20210505 11:39:49.098" endtime="20210505 11:39:49.306"/>
</kw>
<status status="PASS" starttime="20210505 11:39:49.097" endtime="20210505 11:39:49.306"/>
</kw>
<kw name="Thinking And Take Screenshot" library="base" type="TEARDOWN">
<arg>2</arg>
<kw name="Sleep" library="BuiltIn">
<arg>${timeout}</arg>
<doc>Pauses the test executed for the given time.</doc>
<msg timestamp="20210505 11:39:51.309" level="INFO">Slept 2 seconds</msg>
<status status="PASS" starttime="20210505 11:39:49.308" endtime="20210505 11:39:51.310"/>
</kw>
<kw name="Take Screenshot" library="Browser">
<tag>PageContent</tag>
<doc>Takes a screenshot of the current window and saves it to ``path``. Saves it as a png.</doc>
<msg timestamp="20210505 11:39:51.434" level="INFO" html="true">&lt;/td&gt;&lt;/tr&gt;&lt;tr&gt;&lt;td colspan="3"&gt;&lt;a href="browser/screenshot/robotframework-browser-screenshot-2.png"&gt;&lt;img src="browser/screenshot/robotframework-browser-screenshot-2.png" width="800px"&gt;&lt;/a&gt;</msg>
<status status="PASS" starttime="20210505 11:39:51.310" endtime="20210505 11:39:51.434"/>
</kw>
<status status="PASS" starttime="20210505 11:39:49.307" endtime="20210505 11:39:51.435"/>
</kw>
<status status="PASS" starttime="20210505 11:39:48.388" endtime="20210505 11:39:51.435"/>
</test>
<test id="s1-s1-s1-t3" name="Cenario: Email não cadastrado">
<kw name="Go To Login Pages" library="auth">
<kw name="Go To" library="Browser">
<arg>https://theotokus-bodytest-web.herokuapp.com/</arg>
<tag>BrowserControl</tag>
<tag>Setter</tag>
<doc>Navigates to the given ``url``.</doc>
<msg timestamp="20210505 11:39:51.948" level="INFO">Succesfully opened URL https://theotokus-bodytest-web.herokuapp.com/</msg>
<status status="PASS" starttime="20210505 11:39:51.450" endtime="20210505 11:39:51.948"/>
</kw>
<status status="PASS" starttime="20210505 11:39:51.450" endtime="20210505 11:39:51.949"/>
</kw>
<kw name="Login With" library="auth">
<arg>edson@gmail.com</arg>
<arg>abc123</arg>
<kw name="Fill Text" library="Browser">
<arg>css=input[name=email]</arg>
<arg>${email}</arg>
<tag>PageContent</tag>
<tag>Setter</tag>
<doc>Clears and fills the given ``text`` into the text field found by ``selector``.</doc>
<msg timestamp="20210505 11:39:51.952" level="INFO">Fills the text 'edson@gmail.com' in the given field.</msg>
<status status="PASS" starttime="20210505 11:39:51.951" endtime="20210505 11:39:52.000"/>
</kw>
<kw name="Fill Text" library="Browser">
<arg>css=input[name=password]</arg>
<arg>${pass}</arg>
<tag>PageContent</tag>
<tag>Setter</tag>
<doc>Clears and fills the given ``text`` into the text field found by ``selector``.</doc>
<msg timestamp="20210505 11:39:52.001" level="INFO">Fills the text 'abc123' in the given field.</msg>
<status status="PASS" starttime="20210505 11:39:52.000" endtime="20210505 11:39:52.024"/>
</kw>
<kw name="Click" library="Browser">
<arg>text=Entrar</arg>
<tag>PageContent</tag>
<tag>Setter</tag>
<doc>Simulates mouse click on the element found by ``selector``.</doc>
<status status="PASS" starttime="20210505 11:39:52.025" endtime="20210505 11:39:52.089"/>
</kw>
<status status="PASS" starttime="20210505 11:39:51.950" endtime="20210505 11:39:52.089"/>
</kw>
<kw name="Toaster Text Should Be" library="components">
<arg>Usuário e/ou senha inválidos.</arg>
<kw name="Wait For Elements State" library="Browser">
<arg>css=.Toastify__toast-body &gt;&gt; text=${expect_text}</arg>
<arg>visible</arg>
<arg>5</arg>
<tag>PageContent</tag>
<tag>Wait</tag>
<doc>Waits for the element found by ``selector`` to satisfy state option.</doc>
<msg timestamp="20210505 11:39:52.377" level="INFO">Wait for Element with selector: css=.Toastify__toast-body &gt;&gt; text=Usuário e/ou senha inválidos.</msg>
<status status="PASS" starttime="20210505 11:39:52.090" endtime="20210505 11:39:52.378"/>
</kw>
<status status="PASS" starttime="20210505 11:39:52.090" endtime="20210505 11:39:52.378"/>
</kw>
<kw name="Thinking And Take Screenshot" library="base" type="TEARDOWN">
<arg>2</arg>
<kw name="Sleep" library="BuiltIn">
<arg>${timeout}</arg>
<doc>Pauses the test executed for the given time.</doc>
<msg timestamp="20210505 11:39:54.381" level="INFO">Slept 2 seconds</msg>
<status status="PASS" starttime="20210505 11:39:52.380" endtime="20210505 11:39:54.381"/>
</kw>
<kw name="Take Screenshot" library="Browser">
<tag>PageContent</tag>
<doc>Takes a screenshot of the current window and saves it to ``path``. Saves it as a png.</doc>
<msg timestamp="20210505 11:39:54.503" level="INFO" html="true">&lt;/td&gt;&lt;/tr&gt;&lt;tr&gt;&lt;td colspan="3"&gt;&lt;a href="browser/screenshot/robotframework-browser-screenshot-3.png"&gt;&lt;img src="browser/screenshot/robotframework-browser-screenshot-3.png" width="800px"&gt;&lt;/a&gt;</msg>
<status status="PASS" starttime="20210505 11:39:54.382" endtime="20210505 11:39:54.504"/>
</kw>
<status status="PASS" starttime="20210505 11:39:52.379" endtime="20210505 11:39:54.504"/>
</kw>
<status status="PASS" starttime="20210505 11:39:51.443" endtime="20210505 11:39:54.504"/>
</test>
<test id="s1-s1-s1-t4" name="Cenario: Email incorreto">
<kw name="Go To Login Pages" library="auth">
<kw name="Go To" library="Browser">
<arg>https://theotokus-bodytest-web.herokuapp.com/</arg>
<tag>BrowserControl</tag>
<tag>Setter</tag>
<doc>Navigates to the given ``url``.</doc>
<msg timestamp="20210505 11:39:55.049" level="INFO">Succesfully opened URL https://theotokus-bodytest-web.herokuapp.com/</msg>
<status status="PASS" starttime="20210505 11:39:54.521" endtime="20210505 11:39:55.050"/>
</kw>
<status status="PASS" starttime="20210505 11:39:54.520" endtime="20210505 11:39:55.051"/>
</kw>
<kw name="Login With" library="auth">
<arg>admin&amp;bodytest.com</arg>
<arg>abc123</arg>
<kw name="Fill Text" library="Browser">
<arg>css=input[name=email]</arg>
<arg>${email}</arg>
<tag>PageContent</tag>
<tag>Setter</tag>
<doc>Clears and fills the given ``text`` into the text field found by ``selector``.</doc>
<msg timestamp="20210505 11:39:55.053" level="INFO">Fills the text 'admin&amp;bodytest.com' in the given field.</msg>
<status status="PASS" starttime="20210505 11:39:55.052" endtime="20210505 11:39:55.100"/>
</kw>
<kw name="Fill Text" library="Browser">
<arg>css=input[name=password]</arg>
<arg>${pass}</arg>
<tag>PageContent</tag>
<tag>Setter</tag>
<doc>Clears and fills the given ``text`` into the text field found by ``selector``.</doc>
<msg timestamp="20210505 11:39:55.101" level="INFO">Fills the text 'abc123' in the given field.</msg>
<status status="PASS" starttime="20210505 11:39:55.100" endtime="20210505 11:39:55.126"/>
</kw>
<kw name="Click" library="Browser">
<arg>text=Entrar</arg>
<tag>PageContent</tag>
<tag>Setter</tag>
<doc>Simulates mouse click on the element found by ``selector``.</doc>
<status status="PASS" starttime="20210505 11:39:55.127" endtime="20210505 11:39:55.193"/>
</kw>
<status status="PASS" starttime="20210505 11:39:55.051" endtime="20210505 11:39:55.194"/>
</kw>
<kw name="Alert Text Should Be" library="components">
<arg>Informe um e-mail válido</arg>
<kw name="Wait For Elements State" library="Browser">
<arg>css=form span &gt;&gt; text=${expect_text}</arg>
<arg>visible</arg>
<arg>5</arg>
<tag>PageContent</tag>
<tag>Wait</tag>
<doc>Waits for the element found by ``selector`` to satisfy state option.</doc>
<msg timestamp="20210505 11:39:55.223" level="INFO">Wait for Element with selector: css=form span &gt;&gt; text=Informe um e-mail válido</msg>
<status status="PASS" starttime="20210505 11:39:55.197" endtime="20210505 11:39:55.224"/>
</kw>
<status status="PASS" starttime="20210505 11:39:55.196" endtime="20210505 11:39:55.224"/>
</kw>
<kw name="Take Screenshot" library="Browser" type="TEARDOWN">
<tag>PageContent</tag>
<doc>Takes a screenshot of the current window and saves it to ``path``. Saves it as a png.</doc>
<msg timestamp="20210505 11:39:55.363" level="INFO" html="true">&lt;/td&gt;&lt;/tr&gt;&lt;tr&gt;&lt;td colspan="3"&gt;&lt;a href="browser/screenshot/robotframework-browser-screenshot-4.png"&gt;&lt;img src="browser/screenshot/robotframework-browser-screenshot-4.png" width="800px"&gt;&lt;/a&gt;</msg>
<status status="PASS" starttime="20210505 11:39:55.225" endtime="20210505 11:39:55.364"/>
</kw>
<status status="PASS" starttime="20210505 11:39:54.512" endtime="20210505 11:39:55.364"/>
</test>
<test id="s1-s1-s1-t5" name="Cenario: Senha não informada">
<kw name="Go To Login Pages" library="auth">
<kw name="Go To" library="Browser">
<arg>https://theotokus-bodytest-web.herokuapp.com/</arg>
<tag>BrowserControl</tag>
<tag>Setter</tag>
<doc>Navigates to the given ``url``.</doc>
<msg timestamp="20210505 11:39:55.883" level="INFO">Succesfully opened URL https://theotokus-bodytest-web.herokuapp.com/</msg>
<status status="PASS" starttime="20210505 11:39:55.383" endtime="20210505 11:39:55.883"/>
</kw>
<status status="PASS" starttime="20210505 11:39:55.382" endtime="20210505 11:39:55.884"/>
</kw>
<kw name="Login With" library="auth">
<arg>admin@bodytest.com</arg>
<arg>${EMPTY}</arg>
<kw name="Fill Text" library="Browser">
<arg>css=input[name=email]</arg>
<arg>${email}</arg>
<tag>PageContent</tag>
<tag>Setter</tag>
<doc>Clears and fills the given ``text`` into the text field found by ``selector``.</doc>
<msg timestamp="20210505 11:39:55.889" level="INFO">Fills the text 'admin@bodytest.com' in the given field.</msg>
<status status="PASS" starttime="20210505 11:39:55.888" endtime="20210505 11:39:55.932"/>
</kw>
<kw name="Fill Text" library="Browser">
<arg>css=input[name=password]</arg>
<arg>${pass}</arg>
<tag>PageContent</tag>
<tag>Setter</tag>
<doc>Clears and fills the given ``text`` into the text field found by ``selector``.</doc>
<msg timestamp="20210505 11:39:55.934" level="INFO">Fills the text '' in the given field.</msg>
<status status="PASS" starttime="20210505 11:39:55.933" endtime="20210505 11:39:55.959"/>
</kw>
<kw name="Click" library="Browser">
<arg>text=Entrar</arg>
<tag>PageContent</tag>
<tag>Setter</tag>
<doc>Simulates mouse click on the element found by ``selector``.</doc>
<status status="PASS" starttime="20210505 11:39:55.960" endtime="20210505 11:39:56.026"/>
</kw>
<status status="PASS" starttime="20210505 11:39:55.885" endtime="20210505 11:39:56.027"/>
</kw>
<kw name="Alert Text Should Be" library="components">
<arg>A senha é obrigatória</arg>
<kw name="Wait For Elements State" library="Browser">
<arg>css=form span &gt;&gt; text=${expect_text}</arg>
<arg>visible</arg>
<arg>5</arg>
<tag>PageContent</tag>
<tag>Wait</tag>
<doc>Waits for the element found by ``selector`` to satisfy state option.</doc>
<msg timestamp="20210505 11:39:56.047" level="INFO">Wait for Element with selector: css=form span &gt;&gt; text=A senha é obrigatória</msg>
<status status="PASS" starttime="20210505 11:39:56.029" endtime="20210505 11:39:56.048"/>
</kw>
<status status="PASS" starttime="20210505 11:39:56.027" endtime="20210505 11:39:56.048"/>
</kw>
<kw name="Take Screenshot" library="Browser" type="TEARDOWN">
<tag>PageContent</tag>
<doc>Takes a screenshot of the current window and saves it to ``path``. Saves it as a png.</doc>
<msg timestamp="20210505 11:39:56.200" level="INFO" html="true">&lt;/td&gt;&lt;/tr&gt;&lt;tr&gt;&lt;td colspan="3"&gt;&lt;a href="browser/screenshot/robotframework-browser-screenshot-5.png"&gt;&lt;img src="browser/screenshot/robotframework-browser-screenshot-5.png" width="800px"&gt;&lt;/a&gt;</msg>
<status status="PASS" starttime="20210505 11:39:56.049" endtime="20210505 11:39:56.201"/>
</kw>
<status status="PASS" starttime="20210505 11:39:55.370" endtime="20210505 11:39:56.201"/>
</test>
<test id="s1-s1-s1-t6" name="Cenario: Email não informado">
<kw name="Go To Login Pages" library="auth">
<kw name="Go To" library="Browser">
<arg>https://theotokus-bodytest-web.herokuapp.com/</arg>
<tag>BrowserControl</tag>
<tag>Setter</tag>
<doc>Navigates to the given ``url``.</doc>
<msg timestamp="20210505 11:39:56.712" level="INFO">Succesfully opened URL https://theotokus-bodytest-web.herokuapp.com/</msg>
<status status="PASS" starttime="20210505 11:39:56.216" endtime="20210505 11:39:56.713"/>
</kw>
<status status="PASS" starttime="20210505 11:39:56.215" endtime="20210505 11:39:56.714"/>
</kw>
<kw name="Login With" library="auth">
<arg>${EMPTY}</arg>
<arg>pwd123</arg>
<kw name="Fill Text" library="Browser">
<arg>css=input[name=email]</arg>
<arg>${email}</arg>
<tag>PageContent</tag>
<tag>Setter</tag>
<doc>Clears and fills the given ``text`` into the text field found by ``selector``.</doc>
<msg timestamp="20210505 11:39:56.718" level="INFO">Fills the text '' in the given field.</msg>
<status status="PASS" starttime="20210505 11:39:56.717" endtime="20210505 11:39:56.760"/>
</kw>
<kw name="Fill Text" library="Browser">
<arg>css=input[name=password]</arg>
<arg>${pass}</arg>
<tag>PageContent</tag>
<tag>Setter</tag>
<doc>Clears and fills the given ``text`` into the text field found by ``selector``.</doc>
<msg timestamp="20210505 11:39:56.762" level="INFO">Fills the text 'pwd123' in the given field.</msg>
<status status="PASS" starttime="20210505 11:39:56.761" endtime="20210505 11:39:56.790"/>
</kw>
<kw name="Click" library="Browser">
<arg>text=Entrar</arg>
<tag>PageContent</tag>
<tag>Setter</tag>
<doc>Simulates mouse click on the element found by ``selector``.</doc>
<status status="PASS" starttime="20210505 11:39:56.791" endtime="20210505 11:39:56.852"/>
</kw>
<status status="PASS" starttime="20210505 11:39:56.714" endtime="20210505 11:39:56.853"/>
</kw>
<kw name="Alert Text Should Be" library="components">
<arg>O e-mail é obrigatório</arg>
<kw name="Wait For Elements State" library="Browser">
<arg>css=form span &gt;&gt; text=${expect_text}</arg>
<arg>visible</arg>
<arg>5</arg>
<tag>PageContent</tag>
<tag>Wait</tag>
<doc>Waits for the element found by ``selector`` to satisfy state option.</doc>
<msg timestamp="20210505 11:39:56.889" level="INFO">Wait for Element with selector: css=form span &gt;&gt; text=O e-mail é obrigatório</msg>
<status status="PASS" starttime="20210505 11:39:56.855" endtime="20210505 11:39:56.889"/>
</kw>
<status status="PASS" starttime="20210505 11:39:56.854" endtime="20210505 11:39:56.889"/>
</kw>
<kw name="Take Screenshot" library="Browser" type="TEARDOWN">
<tag>PageContent</tag>
<doc>Takes a screenshot of the current window and saves it to ``path``. Saves it as a png.</doc>
<msg timestamp="20210505 11:39:57.020" level="INFO" html="true">&lt;/td&gt;&lt;/tr&gt;&lt;tr&gt;&lt;td colspan="3"&gt;&lt;a href="browser/screenshot/robotframework-browser-screenshot-6.png"&gt;&lt;img src="browser/screenshot/robotframework-browser-screenshot-6.png" width="800px"&gt;&lt;/a&gt;</msg>
<status status="PASS" starttime="20210505 11:39:56.891" endtime="20210505 11:39:57.020"/>
</kw>
<status status="PASS" starttime="20210505 11:39:56.207" endtime="20210505 11:39:57.020"/>
</test>
<test id="s1-s1-s1-t7" name="Cenario: Email e Senha não informados">
<kw name="Go To Login Pages" library="auth">
<kw name="Go To" library="Browser">
<arg>https://theotokus-bodytest-web.herokuapp.com/</arg>
<tag>BrowserControl</tag>
<tag>Setter</tag>
<doc>Navigates to the given ``url``.</doc>
<msg timestamp="20210505 11:39:57.522" level="INFO">Succesfully opened URL https://theotokus-bodytest-web.herokuapp.com/</msg>
<status status="PASS" starttime="20210505 11:39:57.036" endtime="20210505 11:39:57.522"/>
</kw>
<status status="PASS" starttime="20210505 11:39:57.035" endtime="20210505 11:39:57.522"/>
</kw>
<kw name="Login With" library="auth">
<arg>${EMPTY}</arg>
<arg>${EMPTY}</arg>
<kw name="Fill Text" library="Browser">
<arg>css=input[name=email]</arg>
<arg>${email}</arg>
<tag>PageContent</tag>
<tag>Setter</tag>
<doc>Clears and fills the given ``text`` into the text field found by ``selector``.</doc>
<msg timestamp="20210505 11:39:57.527" level="INFO">Fills the text '' in the given field.</msg>
<status status="PASS" starttime="20210505 11:39:57.526" endtime="20210505 11:39:57.569"/>
</kw>
<kw name="Fill Text" library="Browser">
<arg>css=input[name=password]</arg>
<arg>${pass}</arg>
<tag>PageContent</tag>
<tag>Setter</tag>
<doc>Clears and fills the given ``text`` into the text field found by ``selector``.</doc>
<msg timestamp="20210505 11:39:57.570" level="INFO">Fills the text '' in the given field.</msg>
<status status="PASS" starttime="20210505 11:39:57.569" endtime="20210505 11:39:57.590"/>
</kw>
<kw name="Click" library="Browser">
<arg>text=Entrar</arg>
<tag>PageContent</tag>
<tag>Setter</tag>
<doc>Simulates mouse click on the element found by ``selector``.</doc>
<status status="PASS" starttime="20210505 11:39:57.590" endtime="20210505 11:39:57.655"/>
</kw>
<status status="PASS" starttime="20210505 11:39:57.523" endtime="20210505 11:39:57.655"/>
</kw>
<kw name="Alert Text Should Be" library="components">
<arg>O e-mail é obrigatório</arg>
<kw name="Wait For Elements State" library="Browser">
<arg>css=form span &gt;&gt; text=${expect_text}</arg>
<arg>visible</arg>
<arg>5</arg>
<tag>PageContent</tag>
<tag>Wait</tag>
<doc>Waits for the element found by ``selector`` to satisfy state option.</doc>
<msg timestamp="20210505 11:39:57.672" level="INFO">Wait for Element with selector: css=form span &gt;&gt; text=O e-mail é obrigatório</msg>
<status status="PASS" starttime="20210505 11:39:57.657" endtime="20210505 11:39:57.672"/>
</kw>
<status status="PASS" starttime="20210505 11:39:57.656" endtime="20210505 11:39:57.673"/>
</kw>
<kw name="Alert Text Should Be" library="components">
<arg>A senha é obrigatória</arg>
<kw name="Wait For Elements State" library="Browser">
<arg>css=form span &gt;&gt; text=${expect_text}</arg>
<arg>visible</arg>
<arg>5</arg>
<tag>PageContent</tag>
<tag>Wait</tag>
<doc>Waits for the element found by ``selector`` to satisfy state option.</doc>
<msg timestamp="20210505 11:39:57.692" level="INFO">Wait for Element with selector: css=form span &gt;&gt; text=A senha é obrigatória</msg>
<status status="PASS" starttime="20210505 11:39:57.674" endtime="20210505 11:39:57.692"/>
</kw>
<status status="PASS" starttime="20210505 11:39:57.673" endtime="20210505 11:39:57.693"/>
</kw>
<kw name="Take Screenshot" library="Browser" type="TEARDOWN">
<tag>PageContent</tag>
<doc>Takes a screenshot of the current window and saves it to ``path``. Saves it as a png.</doc>
<msg timestamp="20210505 11:39:57.811" level="INFO" html="true">&lt;/td&gt;&lt;/tr&gt;&lt;tr&gt;&lt;td colspan="3"&gt;&lt;a href="browser/screenshot/robotframework-browser-screenshot-7.png"&gt;&lt;img src="browser/screenshot/robotframework-browser-screenshot-7.png" width="800px"&gt;&lt;/a&gt;</msg>
<status status="PASS" starttime="20210505 11:39:57.693" endtime="20210505 11:39:57.811"/>
</kw>
<status status="PASS" starttime="20210505 11:39:57.028" endtime="20210505 11:39:57.812"/>
</test>
<doc>Suite de testes de Login do Administrador</doc>
<status status="PASS" starttime="20210505 11:39:43.348" endtime="20210505 11:39:57.820"/>
</suite>
<status status="PASS" starttime="20210505 11:39:43.346" endtime="20210505 11:39:57.871"/>
</suite>
<suite id="s1-s2" name="Students" source="/home/edson/workspace/courses/qa_ninja/robot_framework/bodytest/tests/students">
<suite id="s1-s2-s1" name="Create" source="/home/edson/workspace/courses/qa_ninja/robot_framework/bodytest/tests/students/create.robot">
<kw name="Start Admin Session" library="base" type="SETUP">
<kw name="Start Browser Session" library="base">
<kw name="New Browser" library="Browser">
<arg>chromium</arg>
<arg>true</arg>
<tag>BrowserControl</tag>
<tag>Setter</tag>
<doc>Create a new playwright Browser with specified options.
See `Browser, Context and Page` for more information about Browser and related concepts.</doc>
<msg timestamp="20210505 11:39:57.891" level="INFO">{"browser": "chromium", "headless": true, "handleSIGINT": true, "handleSIGTERM": true, "handleSIGHUP": true, "timeout": 30000.0, "devtools": false, "slowMo": 0.0}</msg>
<msg timestamp="20210505 11:39:58.062" level="INFO">Successfully created browser with options: {"browser":"chromium","headless":true,"handleSIGINT":true,"handleSIGTERM":true,"handleSIGHUP":true,"timeout":30000,"devtools":false,"slowMo":0}</msg>
<status status="PASS" starttime="20210505 11:39:57.890" endtime="20210505 11:39:58.063"/>
</kw>
<kw name="New Page" library="Browser">
<arg>about:blank</arg>
<tag>BrowserControl</tag>
<tag>Setter</tag>
<doc>Open a new Page. A Page is the Playwright equivalent to a tab.
See `Browser, Context and Page` for more information about Page concept.
Returns a stable identifier for the created page.</doc>
<msg timestamp="20210505 11:39:58.152" level="INFO">Successfully initialized new page object and opened url: about:blank</msg>
<status status="PASS" starttime="20210505 11:39:58.063" endtime="20210505 11:39:58.152"/>
</kw>
<status status="PASS" starttime="20210505 11:39:57.890" endtime="20210505 11:39:58.153"/>
</kw>
<kw name="Go To Login Pages" library="auth">
<kw name="Go To" library="Browser">
<arg>https://theotokus-bodytest-web.herokuapp.com/</arg>
<tag>BrowserControl</tag>
<tag>Setter</tag>
<doc>Navigates to the given ``url``.</doc>
<msg timestamp="20210505 11:40:00.001" level="INFO">Succesfully opened URL https://theotokus-bodytest-web.herokuapp.com/</msg>
<status status="PASS" starttime="20210505 11:39:58.154" endtime="20210505 11:40:00.001"/>
</kw>
<status status="PASS" starttime="20210505 11:39:58.153" endtime="20210505 11:40:00.002"/>
</kw>
<kw name="Login With" library="auth">
<arg>admin@bodytest.com</arg>
<arg>pwd123</arg>
<kw name="Fill Text" library="Browser">
<arg>css=input[name=email]</arg>
<arg>${email}</arg>
<tag>PageContent</tag>
<tag>Setter</tag>
<doc>Clears and fills the given ``text`` into the text field found by ``selector``.</doc>
<msg timestamp="20210505 11:40:00.003" level="INFO">Fills the text 'admin@bodytest.com' in the given field.</msg>
<status status="PASS" starttime="20210505 11:40:00.003" endtime="20210505 11:40:00.058"/>
</kw>
<kw name="Fill Text" library="Browser">
<arg>css=input[name=password]</arg>
<arg>${pass}</arg>
<tag>PageContent</tag>
<tag>Setter</tag>
<doc>Clears and fills the given ``text`` into the text field found by ``selector``.</doc>
<msg timestamp="20210505 11:40:00.059" level="INFO">Fills the text 'pwd123' in the given field.</msg>
<status status="PASS" starttime="20210505 11:40:00.058" endtime="20210505 11:40:00.087"/>
</kw>
<kw name="Click" library="Browser">
<arg>text=Entrar</arg>
<tag>PageContent</tag>
<tag>Setter</tag>
<doc>Simulates mouse click on the element found by ``selector``.</doc>
<status status="PASS" starttime="20210505 11:40:00.088" endtime="20210505 11:40:00.171"/>
</kw>
<status status="PASS" starttime="20210505 11:40:00.002" endtime="20210505 11:40:00.171"/>
</kw>
<kw name="User Should Be Logged In" library="nav">
<arg>Administrador</arg>
<kw name="Get Text" library="Browser">
<arg>css=aside strong</arg>
<arg>should be</arg>
<arg>${user_name}</arg>
<tag>Assertion</tag>
<tag>Getter</tag>
<tag>PageContent</tag>
<doc>Returns text attribute of the element found by ``selector``.
See the `Finding elements` section for details about the selectors.</doc>
<status status="PASS" starttime="20210505 11:40:00.172" endtime="20210505 11:40:00.904"/>
</kw>
<status status="PASS" starttime="20210505 11:40:00.171" endtime="20210505 11:40:00.905"/>
</kw>
<status status="PASS" starttime="20210505 11:39:57.889" endtime="20210505 11:40:00.905"/>
</kw>
<test id="s1-s2-s1-t1" name="Cenario: Novo aluno">
<kw name="Create Dictionary" library="BuiltIn">
<var>&amp;{student}</var>
<arg>name=Edson José dos Santos</arg>
<arg>email=edson@theotokus.com</arg>
<arg>age=39</arg>
<arg>weight=81</arg>
<arg>feet_tall=1.82</arg>
<doc>Creates and returns a dictionary based on the given ``items``.</doc>
<msg timestamp="20210505 11:40:00.914" level="INFO">&amp;{student} = { name=Edson José dos Santos | email=edson@theotokus.com | age=39 | weight=81 | feet_tall=1.82 }</msg>
<status status="PASS" starttime="20210505 11:40:00.913" endtime="20210505 11:40:00.914"/>
</kw>
<kw name="Remove Student" library="DeloreanLibrary">
<arg>${student.email}</arg>
<msg timestamp="20210505 11:40:00.916" level="INFO">delete from students where email = 'edson@theotokus.com'</msg>
<status status="PASS" starttime="20210505 11:40:00.915" endtime="20210505 11:40:02.395"/>
</kw>
<kw name="Go to Students" library="nav">
<kw name="Click" library="Browser">
<arg>css=a[href$=alunos]</arg>
<tag>PageContent</tag>
<tag>Setter</tag>
<doc>Simulates mouse click on the element found by ``selector``.</doc>
<status status="PASS" starttime="20210505 11:40:02.397" endtime="20210505 11:40:02.503"/>
</kw>
<kw name="Wait For Elements State" library="Browser">
<arg>css=h1 &gt;&gt; text=Gestão de Alunos</arg>
<arg>visible</arg>
<arg>5</arg>
<tag>PageContent</tag>
<tag>Wait</tag>
<doc>Waits for the element found by ``selector`` to satisfy state option.</doc>
<msg timestamp="20210505 11:40:02.523" level="INFO">Wait for Element with selector: css=h1 &gt;&gt; text=Gestão de Alunos</msg>
<status status="PASS" starttime="20210505 11:40:02.503" endtime="20210505 11:40:02.523"/>
</kw>
<status status="PASS" starttime="20210505 11:40:02.396" endtime="20210505 11:40:02.523"/>
</kw>
<kw name="Go to Form Student" library="students">
<kw name="Click" library="Browser">
<arg>css=a[href$="alunos/new"]</arg>
<tag>PageContent</tag>
<tag>Setter</tag>
<doc>Simulates mouse click on the element found by ``selector``.</doc>
<status status="PASS" starttime="20210505 11:40:02.524" endtime="20210505 11:40:02.606"/>
</kw>
<kw name="Wait For Elements State" library="Browser">
<arg>css=h1 &gt;&gt; text=Novo aluno</arg>
<arg>visible</arg>
<arg>5</arg>
<tag>PageContent</tag>
<tag>Wait</tag>
<doc>Waits for the element found by ``selector`` to satisfy state option.</doc>
<msg timestamp="20210505 11:40:02.629" level="INFO">Wait for Element with selector: css=h1 &gt;&gt; text=Novo aluno</msg>
<status status="PASS" starttime="20210505 11:40:02.607" endtime="20210505 11:40:02.629"/>
</kw>
<status status="PASS" starttime="20210505 11:40:02.523" endtime="20210505 11:40:02.629"/>
</kw>
<kw name="New Student" library="students">
<arg>${student}</arg>
<kw name="Fill Text" library="Browser">
<arg>${NAME_FIELD}</arg>
<arg>${student.name}</arg>
<tag>PageContent</tag>
<tag>Setter</tag>
<doc>Clears and fills the given ``text`` into the text field found by ``selector``.</doc>
<msg timestamp="20210505 11:40:02.632" level="INFO">Fills the text 'Edson José dos Santos' in the given field.</msg>
<status status="PASS" starttime="20210505 11:40:02.631" endtime="20210505 11:40:02.661"/>
</kw>
<kw name="Fill Text" library="Browser">
<arg>${EMAIL_FIELD}</arg>
<arg>${student.email}</arg>
<tag>PageContent</tag>
<tag>Setter</tag>
<doc>Clears and fills the given ``text`` into the text field found by ``selector``.</doc>
<msg timestamp="20210505 11:40:02.663" level="INFO">Fills the text 'edson@theotokus.com' in the given field.</msg>
<status status="PASS" starttime="20210505 11:40:02.661" endtime="20210505 11:40:02.696"/>
</kw>
<kw name="Fill Text" library="Browser">
<arg>${AGE_FIELD}</arg>
<arg>${student.age}</arg>
<tag>PageContent</tag>
<tag>Setter</tag>
<doc>Clears and fills the given ``text`` into the text field found by ``selector``.</doc>
<msg timestamp="20210505 11:40:02.697" level="INFO">Fills the text '39' in the given field.</msg>
<status status="PASS" starttime="20210505 11:40:02.696" endtime="20210505 11:40:02.723"/>
</kw>
<kw name="Fill Text" library="Browser">
<arg>${WEIGTH_FIELD}</arg>
<arg>${student.weight}</arg>
<tag>PageContent</tag>
<tag>Setter</tag>
<doc>Clears and fills the given ``text`` into the text field found by ``selector``.</doc>
<msg timestamp="20210505 11:40:02.725" level="INFO">Fills the text '81' in the given field.</msg>
<status status="PASS" starttime="20210505 11:40:02.723" endtime="20210505 11:40:02.751"/>
</kw>
<kw name="Fill Text" library="Browser">
<arg>${FEET_TALL_FIELD}</arg>
<arg>${student.feet_tall}</arg>
<tag>PageContent</tag>
<tag>Setter</tag>
<doc>Clears and fills the given ``text`` into the text field found by ``selector``.</doc>
<msg timestamp="20210505 11:40:02.752" level="INFO">Fills the text '1.82' in the given field.</msg>
<status status="PASS" starttime="20210505 11:40:02.751" endtime="20210505 11:40:02.778"/>
</kw>
<kw name="Submit Student Form" library="students">
<kw name="Click" library="Browser">
<arg>css=button[form$=Student]</arg>
<tag>PageContent</tag>
<tag>Setter</tag>
<doc>Simulates mouse click on the element found by ``selector``.</doc>
<status status="PASS" starttime="20210505 11:40:02.779" endtime="20210505 11:40:02.843"/>
</kw>
<status status="PASS" starttime="20210505 11:40:02.778" endtime="20210505 11:40:02.843"/>
</kw>
<status status="PASS" starttime="20210505 11:40:02.630" endtime="20210505 11:40:02.843"/>
</kw>
<kw name="Toaster Text Should Be" library="components">
<arg>Aluno cadastrado com sucesso.</arg>
<kw name="Wait For Elements State" library="Browser">
<arg>css=.Toastify__toast-body &gt;&gt; text=${expect_text}</arg>
<arg>visible</arg>
<arg>5</arg>
<tag>PageContent</tag>
<tag>Wait</tag>
<doc>Waits for the element found by ``selector`` to satisfy state option.</doc>
<msg timestamp="20210505 11:40:03.252" level="INFO">Wait for Element with selector: css=.Toastify__toast-body &gt;&gt; text=Aluno cadastrado com sucesso.</msg>
<status status="PASS" starttime="20210505 11:40:02.845" endtime="20210505 11:40:03.252"/>
</kw>
<status status="PASS" starttime="20210505 11:40:02.844" endtime="20210505 11:40:03.253"/>
</kw>
<kw name="Thinking And Take Screenshot" library="base" type="TEARDOWN">
<arg>2</arg>
<kw name="Sleep" library="BuiltIn">
<arg>${timeout}</arg>
<doc>Pauses the test executed for the given time.</doc>
<msg timestamp="20210505 11:40:05.255" level="INFO">Slept 2 seconds</msg>
<status status="PASS" starttime="20210505 11:40:03.254" endtime="20210505 11:40:05.255"/>
</kw>
<kw name="Take Screenshot" library="Browser">
<tag>PageContent</tag>
<doc>Takes a screenshot of the current window and saves it to ``path``. Saves it as a png.</doc>
<msg timestamp="20210505 11:40:05.392" level="INFO" html="true">&lt;/td&gt;&lt;/tr&gt;&lt;tr&gt;&lt;td colspan="3"&gt;&lt;a href="browser/screenshot/robotframework-browser-screenshot-8.png"&gt;&lt;img src="browser/screenshot/robotframework-browser-screenshot-8.png" width="800px"&gt;&lt;/a&gt;</msg>
<status status="PASS" starttime="20210505 11:40:05.256" endtime="20210505 11:40:05.393"/>
</kw>
<status status="PASS" starttime="20210505 11:40:03.253" endtime="20210505 11:40:05.393"/>
</kw>
<status status="PASS" starttime="20210505 11:40:00.905" endtime="20210505 11:40:05.394"/>
</test>
<test id="s1-s2-s1-t2" name="Cenario: Não deve permitir email duplicado">
<kw name="Create Dictionary" library="BuiltIn">
<var>&amp;{student}</var>
<arg>name=Ricardo de Mauro</arg>
<arg>email=ricardo@theotokus.com</arg>
<arg>age=34</arg>
<arg>weight=98</arg>
<arg>feet_tall=1.75</arg>
<doc>Creates and returns a dictionary based on the given ``items``.</doc>
<msg timestamp="20210505 11:40:05.409" level="INFO">&amp;{student} = { name=Ricardo de Mauro | email=ricardo@theotokus.com | age=34 | weight=98 | feet_tall=1.75 }</msg>
<status status="PASS" starttime="20210505 11:40:05.408" endtime="20210505 11:40:05.409"/>
</kw>
<kw name="Insert Student" library="DeloreanLibrary">
<arg>${student}</arg>
<msg timestamp="20210505 11:40:05.410" level="INFO">delete from students where email = 'ricardo@theotokus.com'</msg>
<msg timestamp="20210505 11:40:06.523" level="INFO">insert into students(name, email, age, weight, feet_tall, created_at, updated_at)values('Ricardo de Mauro','ricardo@theotokus.com',34,98,1.75,NOW(),NOW());</msg>
<status status="PASS" starttime="20210505 11:40:05.409" endtime="20210505 11:40:07.611"/>
</kw>
<kw name="Go to Students" library="nav">
<kw name="Click" library="Browser">
<arg>css=a[href$=alunos]</arg>
<tag>PageContent</tag>
<tag>Setter</tag>
<doc>Simulates mouse click on the element found by ``selector``.</doc>
<status status="PASS" starttime="20210505 11:40:07.613" endtime="20210505 11:40:07.675"/>
</kw>
<kw name="Wait For Elements State" library="Browser">
<arg>css=h1 &gt;&gt; text=Gestão de Alunos</arg>
<arg>visible</arg>
<arg>5</arg>
<tag>PageContent</tag>
<tag>Wait</tag>
<doc>Waits for the element found by ``selector`` to satisfy state option.</doc>
<msg timestamp="20210505 11:40:07.689" level="INFO">Wait for Element with selector: css=h1 &gt;&gt; text=Gestão de Alunos</msg>
<status status="PASS" starttime="20210505 11:40:07.675" endtime="20210505 11:40:07.689"/>
</kw>
<status status="PASS" starttime="20210505 11:40:07.612" endtime="20210505 11:40:07.689"/>
</kw>
<kw name="Go to Form Student" library="students">
<kw name="Click" library="Browser">
<arg>css=a[href$="alunos/new"]</arg>
<tag>PageContent</tag>
<tag>Setter</tag>
<doc>Simulates mouse click on the element found by ``selector``.</doc>
<status status="PASS" starttime="20210505 11:40:07.690" endtime="20210505 11:40:07.773"/>
</kw>
<kw name="Wait For Elements State" library="Browser">
<arg>css=h1 &gt;&gt; text=Novo aluno</arg>
<arg>visible</arg>
<arg>5</arg>
<tag>PageContent</tag>
<tag>Wait</tag>
<doc>Waits for the element found by ``selector`` to satisfy state option.</doc>
<msg timestamp="20210505 11:40:07.789" level="INFO">Wait for Element with selector: css=h1 &gt;&gt; text=Novo aluno</msg>
<status status="PASS" starttime="20210505 11:40:07.774" endtime="20210505 11:40:07.789"/>
</kw>
<status status="PASS" starttime="20210505 11:40:07.690" endtime="20210505 11:40:07.790"/>
</kw>
<kw name="New Student" library="students">
<arg>${student}</arg>
<kw name="Fill Text" library="Browser">
<arg>${NAME_FIELD}</arg>
<arg>${student.name}</arg>
<tag>PageContent</tag>
<tag>Setter</tag>
<doc>Clears and fills the given ``text`` into the text field found by ``selector``.</doc>
<msg timestamp="20210505 11:40:07.793" level="INFO">Fills the text 'Ricardo de Mauro' in the given field.</msg>
<status status="PASS" starttime="20210505 11:40:07.791" endtime="20210505 11:40:07.818"/>
</kw>
<kw name="Fill Text" library="Browser">
<arg>${EMAIL_FIELD}</arg>
<arg>${student.email}</arg>
<tag>PageContent</tag>
<tag>Setter</tag>
<doc>Clears and fills the given ``text`` into the text field found by ``selector``.</doc>
<msg timestamp="20210505 11:40:07.821" level="INFO">Fills the text 'ricardo@theotokus.com' in the given field.</msg>
<status status="PASS" starttime="20210505 11:40:07.819" endtime="20210505 11:40:07.853"/>
</kw>
<kw name="Fill Text" library="Browser">
<arg>${AGE_FIELD}</arg>
<arg>${student.age}</arg>
<tag>PageContent</tag>
<tag>Setter</tag>
<doc>Clears and fills the given ``text`` into the text field found by ``selector``.</doc>
<msg timestamp="20210505 11:40:07.855" level="INFO">Fills the text '34' in the given field.</msg>
<status status="PASS" starttime="20210505 11:40:07.854" endtime="20210505 11:40:07.879"/>
</kw>
<kw name="Fill Text" library="Browser">
<arg>${WEIGTH_FIELD}</arg>
<arg>${student.weight}</arg>
<tag>PageContent</tag>
<tag>Setter</tag>
<doc>Clears and fills the given ``text`` into the text field found by ``selector``.</doc>
<msg timestamp="20210505 11:40:07.881" level="INFO">Fills the text '98' in the given field.</msg>
<status status="PASS" starttime="20210505 11:40:07.880" endtime="20210505 11:40:07.908"/>
</kw>
<kw name="Fill Text" library="Browser">
<arg>${FEET_TALL_FIELD}</arg>
<arg>${student.feet_tall}</arg>
<tag>PageContent</tag>
<tag>Setter</tag>
<doc>Clears and fills the given ``text`` into the text field found by ``selector``.</doc>
<msg timestamp="20210505 11:40:07.911" level="INFO">Fills the text '1.75' in the given field.</msg>
<status status="PASS" starttime="20210505 11:40:07.909" endtime="20210505 11:40:07.936"/>
</kw>
<kw name="Submit Student Form" library="students">
<kw name="Click" library="Browser">
<arg>css=button[form$=Student]</arg>
<tag>PageContent</tag>
<tag>Setter</tag>
<doc>Simulates mouse click on the element found by ``selector``.</doc>
<status status="PASS" starttime="20210505 11:40:07.937" endtime="20210505 11:40:08.004"/>
</kw>
<status status="PASS" starttime="20210505 11:40:07.936" endtime="20210505 11:40:08.004"/>
</kw>
<status status="PASS" starttime="20210505 11:40:07.790" endtime="20210505 11:40:08.005"/>
</kw>
<kw name="Toaster Text Should Be" library="components">
<arg>Email já existe no sistema.</arg>
<kw name="Wait For Elements State" library="Browser">
<arg>css=.Toastify__toast-body &gt;&gt; text=${expect_text}</arg>
<arg>visible</arg>
<arg>5</arg>
<tag>PageContent</tag>
<tag>Wait</tag>
<doc>Waits for the element found by ``selector`` to satisfy state option.</doc>
<msg timestamp="20210505 11:40:08.289" level="INFO">Wait for Element with selector: css=.Toastify__toast-body &gt;&gt; text=Email já existe no sistema.</msg>
<status status="PASS" starttime="20210505 11:40:08.006" endtime="20210505 11:40:08.289"/>
</kw>
<status status="PASS" starttime="20210505 11:40:08.005" endtime="20210505 11:40:08.290"/>
</kw>
<kw name="Thinking And Take Screenshot" library="base" type="TEARDOWN">
<arg>2</arg>
<kw name="Sleep" library="BuiltIn">
<arg>${timeout}</arg>
<doc>Pauses the test executed for the given time.</doc>
<msg timestamp="20210505 11:40:10.292" level="INFO">Slept 2 seconds</msg>
<status status="PASS" starttime="20210505 11:40:08.291" endtime="20210505 11:40:10.292"/>
</kw>
<kw name="Take Screenshot" library="Browser">
<tag>PageContent</tag>
<doc>Takes a screenshot of the current window and saves it to ``path``. Saves it as a png.</doc>
<msg timestamp="20210505 11:40:10.419" level="INFO" html="true">&lt;/td&gt;&lt;/tr&gt;&lt;tr&gt;&lt;td colspan="3"&gt;&lt;a href="browser/screenshot/robotframework-browser-screenshot-9.png"&gt;&lt;img src="browser/screenshot/robotframework-browser-screenshot-9.png" width="800px"&gt;&lt;/a&gt;</msg>
<status status="PASS" starttime="20210505 11:40:10.293" endtime="20210505 11:40:10.420"/>
</kw>
<status status="PASS" starttime="20210505 11:40:08.290" endtime="20210505 11:40:10.420"/>
</kw>
<tag>duplicado</tag>
<status status="PASS" starttime="20210505 11:40:05.401" endtime="20210505 11:40:10.420"/>
</test>
<test id="s1-s2-s1-t3" name="Cenario: Todos os campos devem ser obrigatórios">
<kw name="Set Variable" library="BuiltIn">
<var>@{expected_alerts}</var>
<arg>Nome é obrigatório</arg>
<arg>O e-mail é obrigatório</arg>
<arg>idade é obrigatória</arg>
<arg>o peso é obrigatório</arg>
<arg>a Altura é obrigatória</arg>
<doc>Returns the given values which can then be assigned to a variables.</doc>
<msg timestamp="20210505 11:40:10.437" level="INFO">@{expected_alerts} = [ Nome é obrigatório | O e-mail é obrigatório | idade é obrigatória | o peso é obrigatório | a Altura é obrigatória ]</msg>
<status status="PASS" starttime="20210505 11:40:10.436" endtime="20210505 11:40:10.437"/>
</kw>
<kw name="Create List" library="BuiltIn">
<var>@{got_alerts}</var>
<doc>Returns a list containing given items.</doc>
<msg timestamp="20210505 11:40:10.438" level="INFO">@{got_alerts} = [ ]</msg>
<status status="PASS" starttime="20210505 11:40:10.438" endtime="20210505 11:40:10.438"/>
</kw>
<kw name="Go to Students" library="nav">
<kw name="Click" library="Browser">
<arg>css=a[href$=alunos]</arg>
<tag>PageContent</tag>
<tag>Setter</tag>
<doc>Simulates mouse click on the element found by ``selector``.</doc>
<status status="PASS" starttime="20210505 11:40:10.439" endtime="20210505 11:40:10.539"/>
</kw>
<kw name="Wait For Elements State" library="Browser">
<arg>css=h1 &gt;&gt; text=Gestão de Alunos</arg>
<arg>visible</arg>
<arg>5</arg>
<tag>PageContent</tag>
<tag>Wait</tag>
<doc>Waits for the element found by ``selector`` to satisfy state option.</doc>
<msg timestamp="20210505 11:40:10.553" level="INFO">Wait for Element with selector: css=h1 &gt;&gt; text=Gestão de Alunos</msg>
<status status="PASS" starttime="20210505 11:40:10.539" endtime="20210505 11:40:10.554"/>
</kw>
<status status="PASS" starttime="20210505 11:40:10.438" endtime="20210505 11:40:10.554"/>
</kw>
<kw name="Go to Form Student" library="students">
<kw name="Click" library="Browser">
<arg>css=a[href$="alunos/new"]</arg>
<tag>PageContent</tag>
<tag>Setter</tag>
<doc>Simulates mouse click on the element found by ``selector``.</doc>
<status status="PASS" starttime="20210505 11:40:10.555" endtime="20210505 11:40:10.637"/>
</kw>
<kw name="Wait For Elements State" library="Browser">
<arg>css=h1 &gt;&gt; text=Novo aluno</arg>
<arg>visible</arg>
<arg>5</arg>
<tag>PageContent</tag>
<tag>Wait</tag>
<doc>Waits for the element found by ``selector`` to satisfy state option.</doc>
<msg timestamp="20210505 11:40:10.650" level="INFO">Wait for Element with selector: css=h1 &gt;&gt; text=Novo aluno</msg>
<status status="PASS" starttime="20210505 11:40:10.637" endtime="20210505 11:40:10.650"/>
</kw>
<status status="PASS" starttime="20210505 11:40:10.554" endtime="20210505 11:40:10.651"/>
</kw>
<kw name="Submit Student Form" library="students">
<kw name="Click" library="Browser">
<arg>css=button[form$=Student]</arg>
<tag>PageContent</tag>
<tag>Setter</tag>
<doc>Simulates mouse click on the element found by ``selector``.</doc>
<status status="PASS" starttime="20210505 11:40:10.652" endtime="20210505 11:40:10.720"/>
</kw>
<status status="PASS" starttime="20210505 11:40:10.651" endtime="20210505 11:40:10.720"/>
</kw>
<for flavor="IN RANGE">
<var>${index}</var>
<value>1</value>
<value>6</value>
<iter>
<var name="${index}">1</var>
<kw name="Get Required Alerts" library="components">
<var>${span}</var>
<arg>${index}</arg>
<kw name="Get Text" library="Browser">
<var>${span}</var>
<arg>xpath=(//form//span)[${index}]</arg>
<tag>Assertion</tag>
<tag>Getter</tag>
<tag>PageContent</tag>
<doc>Returns text attribute of the element found by ``selector``.
See the `Finding elements` section for details about the selectors.</doc>
<msg timestamp="20210505 11:40:10.755" level="INFO">${span} = Nome é obrigatório</msg>
<status status="PASS" starttime="20210505 11:40:10.723" endtime="20210505 11:40:10.755"/>
</kw>
<msg timestamp="20210505 11:40:10.756" level="INFO">${span} = Nome é obrigatório</msg>
<status status="PASS" starttime="20210505 11:40:10.722" endtime="20210505 11:40:10.756"/>
</kw>
<kw name="Append To List" library="Collections">
<arg>${got_alerts}</arg>
<arg>${span}</arg>
<doc>Adds ``values`` to the end of ``list``.</doc>
<status status="PASS" starttime="20210505 11:40:10.756" endtime="20210505 11:40:10.757"/>
</kw>
<status status="PASS" starttime="20210505 11:40:10.721" endtime="20210505 11:40:10.757"/>
</iter>
<iter>
<var name="${index}">2</var>
<kw name="Get Required Alerts" library="components">
<var>${span}</var>
<arg>${index}</arg>
<kw name="Get Text" library="Browser">
<var>${span}</var>
<arg>xpath=(//form//span)[${index}]</arg>
<tag>Assertion</tag>
<tag>Getter</tag>
<tag>PageContent</tag>
<doc>Returns text attribute of the element found by ``selector``.
See the `Finding elements` section for details about the selectors.</doc>
<msg timestamp="20210505 11:40:10.791" level="INFO">${span} = O e-mail é obrigatório</msg>
<status status="PASS" starttime="20210505 11:40:10.759" endtime="20210505 11:40:10.791"/>
</kw>
<msg timestamp="20210505 11:40:10.792" level="INFO">${span} = O e-mail é obrigatório</msg>
<status status="PASS" starttime="20210505 11:40:10.758" endtime="20210505 11:40:10.792"/>
</kw>
<kw name="Append To List" library="Collections">
<arg>${got_alerts}</arg>
<arg>${span}</arg>
<doc>Adds ``values`` to the end of ``list``.</doc>
<status status="PASS" starttime="20210505 11:40:10.792" endtime="20210505 11:40:10.793"/>
</kw>
<status status="PASS" starttime="20210505 11:40:10.757" endtime="20210505 11:40:10.793"/>
</iter>
<iter>
<var name="${index}">3</var>
<kw name="Get Required Alerts" library="components">
<var>${span}</var>
<arg>${index}</arg>
<kw name="Get Text" library="Browser">
<var>${span}</var>
<arg>xpath=(//form//span)[${index}]</arg>
<tag>Assertion</tag>
<tag>Getter</tag>
<tag>PageContent</tag>
<doc>Returns text attribute of the element found by ``selector``.
See the `Finding elements` section for details about the selectors.</doc>
<msg timestamp="20210505 11:40:10.832" level="INFO">${span} = idade é obrigatória</msg>
<status status="PASS" starttime="20210505 11:40:10.794" endtime="20210505 11:40:10.832"/>
</kw>
<msg timestamp="20210505 11:40:10.833" level="INFO">${span} = idade é obrigatória</msg>
<status status="PASS" starttime="20210505 11:40:10.793" endtime="20210505 11:40:10.833"/>
</kw>
<kw name="Append To List" library="Collections">
<arg>${got_alerts}</arg>
<arg>${span}</arg>
<doc>Adds ``values`` to the end of ``list``.</doc>
<status status="PASS" starttime="20210505 11:40:10.833" endtime="20210505 11:40:10.834"/>
</kw>
<status status="PASS" starttime="20210505 11:40:10.793" endtime="20210505 11:40:10.834"/>
</iter>
<iter>
<var name="${index}">4</var>
<kw name="Get Required Alerts" library="components">
<var>${span}</var>
<arg>${index}</arg>
<kw name="Get Text" library="Browser">
<var>${span}</var>
<arg>xpath=(//form//span)[${index}]</arg>
<tag>Assertion</tag>
<tag>Getter</tag>
<tag>PageContent</tag>
<doc>Returns text attribute of the element found by ``selector``.
See the `Finding elements` section for details about the selectors.</doc>
<msg timestamp="20210505 11:40:10.871" level="INFO">${span} = o peso é obrigatório</msg>
<status status="PASS" starttime="20210505 11:40:10.836" endtime="20210505 11:40:10.871"/>
</kw>
<msg timestamp="20210505 11:40:10.872" level="INFO">${span} = o peso é obrigatório</msg>
<status status="PASS" starttime="20210505 11:40:10.834" endtime="20210505 11:40:10.872"/>
</kw>
<kw name="Append To List" library="Collections">
<arg>${got_alerts}</arg>
<arg>${span}</arg>
<doc>Adds ``values`` to the end of ``list``.</doc>
<status status="PASS" starttime="20210505 11:40:10.872" endtime="20210505 11:40:10.873"/>
</kw>
<status status="PASS" starttime="20210505 11:40:10.834" endtime="20210505 11:40:10.873"/>
</iter>
<iter>
<var name="${index}">5</var>
<kw name="Get Required Alerts" library="components">
<var>${span}</var>
<arg>${index}</arg>
<kw name="Get Text" library="Browser">
<var>${span}</var>
<arg>xpath=(//form//span)[${index}]</arg>
<tag>Assertion</tag>
<tag>Getter</tag>
<tag>PageContent</tag>
<doc>Returns text attribute of the element found by ``selector``.
See the `Finding elements` section for details about the selectors.</doc>
<msg timestamp="20210505 11:40:10.905" level="INFO">${span} = a Altura é obrigatória</msg>
<status status="PASS" starttime="20210505 11:40:10.874" endtime="20210505 11:40:10.905"/>
</kw>
<msg timestamp="20210505 11:40:10.906" level="INFO">${span} = a Altura é obrigatória</msg>
<status status="PASS" starttime="20210505 11:40:10.874" endtime="20210505 11:40:10.906"/>
</kw>
<kw name="Append To List" library="Collections">
<arg>${got_alerts}</arg>
<arg>${span}</arg>
<doc>Adds ``values`` to the end of ``list``.</doc>
<status status="PASS" starttime="20210505 11:40:10.906" endtime="20210505 11:40:10.907"/>
</kw>
<status status="PASS" starttime="20210505 11:40:10.873" endtime="20210505 11:40:10.907"/>
</iter>
<status status="PASS" starttime="20210505 11:40:10.721" endtime="20210505 11:40:10.907"/>
</for>
<kw name="Log" library="BuiltIn">
<arg>${expected_alerts}</arg>
<doc>Logs the given message with the given level.</doc>
<msg timestamp="20210505 11:40:10.908" level="INFO">['Nome é obrigatório', 'O e-mail é obrigatório', 'idade é obrigatória', 'o peso é obrigatório', 'a Altura é obrigatória']</msg>
<status status="PASS" starttime="20210505 11:40:10.907" endtime="20210505 11:40:10.908"/>
</kw>
<kw name="Log" library="BuiltIn">
<arg>${got_alerts}</arg>
<doc>Logs the given message with the given level.</doc>
<msg timestamp="20210505 11:40:10.909" level="INFO">['Nome é obrigatório', 'O e-mail é obrigatório', 'idade é obrigatória', 'o peso é obrigatório', 'a Altura é obrigatória']</msg>
<status status="PASS" starttime="20210505 11:40:10.909" endtime="20210505 11:40:10.909"/>
</kw>
<kw name="Lists Should Be Equal" library="Collections">
<arg>${expected_alerts}</arg>
<arg>${got_alerts}</arg>
<doc>Fails if given lists are unequal.</doc>
<status status="PASS" starttime="20210505 11:40:10.910" endtime="20210505 11:40:10.910"/>
</kw>
<kw name="Take Screenshot" library="Browser" type="TEARDOWN">
<tag>PageContent</tag>
<doc>Takes a screenshot of the current window and saves it to ``path``. Saves it as a png.</doc>
<msg timestamp="20210505 11:40:11.057" level="INFO" html="true">&lt;/td&gt;&lt;/tr&gt;&lt;tr&gt;&lt;td colspan="3"&gt;&lt;a href="browser/screenshot/robotframework-browser-screenshot-10.png"&gt;&lt;img src="browser/screenshot/robotframework-browser-screenshot-10.png" width="800px"&gt;&lt;/a&gt;</msg>
<status status="PASS" starttime="20210505 11:40:10.911" endtime="20210505 11:40:11.057"/>
</kw>
<tag>fail</tag>
<status status="PASS" starttime="20210505 11:40:10.428" endtime="20210505 11:40:11.057"/>
</test>
<test id="s1-s2-s1-t4" name="Cenario: Validação dos Campos Numéricos">
<kw name="Check Type Field On Student Form">
<arg>${AGE_FIELD}</arg>
<arg>number</arg>
<kw name="Go to Students" library="nav">
<kw name="Click" library="Browser">
<arg>css=a[href$=alunos]</arg>
<tag>PageContent</tag>
<tag>Setter</tag>
<doc>Simulates mouse click on the element found by ``selector``.</doc>
<status status="PASS" starttime="20210505 11:40:11.070" endtime="20210505 11:40:11.167"/>
</kw>
<kw name="Wait For Elements State" library="Browser">
<arg>css=h1 &gt;&gt; text=Gestão de Alunos</arg>
<arg>visible</arg>
<arg>5</arg>
<tag>PageContent</tag>
<tag>Wait</tag>
<doc>Waits for the element found by ``selector`` to satisfy state option.</doc>
<msg timestamp="20210505 11:40:11.189" level="INFO">Wait for Element with selector: css=h1 &gt;&gt; text=Gestão de Alunos</msg>
<status status="PASS" starttime="20210505 11:40:11.167" endtime="20210505 11:40:11.189"/>
</kw>
<status status="PASS" starttime="20210505 11:40:11.070" endtime="20210505 11:40:11.190"/>
</kw>
<kw name="Go to Form Student" library="students">
<kw name="Click" library="Browser">
<arg>css=a[href$="alunos/new"]</arg>
<tag>PageContent</tag>
<tag>Setter</tag>
<doc>Simulates mouse click on the element found by ``selector``.</doc>
<status status="PASS" starttime="20210505 11:40:11.191" endtime="20210505 11:40:11.273"/>
</kw>
<kw name="Wait For Elements State" library="Browser">
<arg>css=h1 &gt;&gt; text=Novo aluno</arg>
<arg>visible</arg>
<arg>5</arg>
<tag>PageContent</tag>
<tag>Wait</tag>
<doc>Waits for the element found by ``selector`` to satisfy state option.</doc>
<msg timestamp="20210505 11:40:11.288" level="INFO">Wait for Element with selector: css=h1 &gt;&gt; text=Novo aluno</msg>
<status status="PASS" starttime="20210505 11:40:11.274" endtime="20210505 11:40:11.289"/>
</kw>
<status status="PASS" starttime="20210505 11:40:11.190" endtime="20210505 11:40:11.289"/>
</kw>
<kw name="Field Should Be Type" library="components">
<arg>${element}</arg>
<arg>${type}</arg>
<kw name="Get Attribute" library="Browser">
<var>${attr}</var>
<arg>${element}</arg>
<arg>type</arg>
<tag>Assertion</tag>
<tag>Getter</tag>
<tag>PageContent</tag>
<doc>Returns the HTML ``attribute`` of the element found by ``selector``.</doc>
<msg timestamp="20210505 11:40:11.329" level="INFO">${attr} = number</msg>
<status status="PASS" starttime="20210505 11:40:11.290" endtime="20210505 11:40:11.329"/>
</kw>
<kw name="Should Be Equal" library="BuiltIn">
<arg>${attr}</arg>
<arg>${type}</arg>
<doc>Fails if the given objects are unequal.</doc>
<status status="PASS" starttime="20210505 11:40:11.330" endtime="20210505 11:40:11.330"/>
</kw>
<status status="PASS" starttime="20210505 11:40:11.289" endtime="20210505 11:40:11.331"/>
</kw>
<status status="PASS" starttime="20210505 11:40:11.069" endtime="20210505 11:40:11.331"/>
</kw>
<kw name="Check Type Field On Student Form">
<arg>${WEIGTH_FIELD}</arg>
<arg>number</arg>
<kw name="Go to Students" library="nav">
<kw name="Click" library="Browser">
<arg>css=a[href$=alunos]</arg>
<tag>PageContent</tag>
<tag>Setter</tag>
<doc>Simulates mouse click on the element found by ``selector``.</doc>
<status status="PASS" starttime="20210505 11:40:11.333" endtime="20210505 11:40:11.418"/>
</kw>
<kw name="Wait For Elements State" library="Browser">
<arg>css=h1 &gt;&gt; text=Gestão de Alunos</arg>
<arg>visible</arg>
<arg>5</arg>
<tag>PageContent</tag>
<tag>Wait</tag>
<doc>Waits for the element found by ``selector`` to satisfy state option.</doc>
<msg timestamp="20210505 11:40:11.434" level="INFO">Wait for Element with selector: css=h1 &gt;&gt; text=Gestão de Alunos</msg>
<status status="PASS" starttime="20210505 11:40:11.418" endtime="20210505 11:40:11.434"/>
</kw>
<status status="PASS" starttime="20210505 11:40:11.332" endtime="20210505 11:40:11.435"/>
</kw>
<kw name="Go to Form Student" library="students">
<kw name="Click" library="Browser">
<arg>css=a[href$="alunos/new"]</arg>
<tag>PageContent</tag>
<tag>Setter</tag>
<doc>Simulates mouse click on the element found by ``selector``.</doc>
<status status="PASS" starttime="20210505 11:40:11.436" endtime="20210505 11:40:11.528"/>
</kw>
<kw name="Wait For Elements State" library="Browser">
<arg>css=h1 &gt;&gt; text=Novo aluno</arg>
<arg>visible</arg>
<arg>5</arg>
<tag>PageContent</tag>
<tag>Wait</tag>
<doc>Waits for the element found by ``selector`` to satisfy state option.</doc>
<msg timestamp="20210505 11:40:11.542" level="INFO">Wait for Element with selector: css=h1 &gt;&gt; text=Novo aluno</msg>
<status status="PASS" starttime="20210505 11:40:11.528" endtime="20210505 11:40:11.542"/>
</kw>
<status status="PASS" starttime="20210505 11:40:11.435" endtime="20210505 11:40:11.543"/>
</kw>
<kw name="Field Should Be Type" library="components">
<arg>${element}</arg>
<arg>${type}</arg>
<kw name="Get Attribute" library="Browser">
<var>${attr}</var>
<arg>${element}</arg>
<arg>type</arg>
<tag>Assertion</tag>
<tag>Getter</tag>
<tag>PageContent</tag>
<doc>Returns the HTML ``attribute`` of the element found by ``selector``.</doc>
<msg timestamp="20210505 11:40:11.578" level="INFO">${attr} = number</msg>
<status status="PASS" starttime="20210505 11:40:11.544" endtime="20210505 11:40:11.578"/>
</kw>
<kw name="Should Be Equal" library="BuiltIn">
<arg>${attr}</arg>
<arg>${type}</arg>
<doc>Fails if the given objects are unequal.</doc>
<status status="PASS" starttime="20210505 11:40:11.578" endtime="20210505 11:40:11.579"/>
</kw>
<status status="PASS" starttime="20210505 11:40:11.543" endtime="20210505 11:40:11.579"/>
</kw>
<status status="PASS" starttime="20210505 11:40:11.331" endtime="20210505 11:40:11.580"/>
</kw>
<kw name="Check Type Field On Student Form">
<arg>${FEET_TALL_FIELD}</arg>
<arg>number</arg>
<kw name="Go to Students" library="nav">
<kw name="Click" library="Browser">
<arg>css=a[href$=alunos]</arg>
<tag>PageContent</tag>
<tag>Setter</tag>
<doc>Simulates mouse click on the element found by ``selector``.</doc>
<status status="PASS" starttime="20210505 11:40:11.582" endtime="20210505 11:40:11.690"/>
</kw>
<kw name="Wait For Elements State" library="Browser">
<arg>css=h1 &gt;&gt; text=Gestão de Alunos</arg>
<arg>visible</arg>
<arg>5</arg>
<tag>PageContent</tag>
<tag>Wait</tag>
<doc>Waits for the element found by ``selector`` to satisfy state option.</doc>
<msg timestamp="20210505 11:40:11.705" level="INFO">Wait for Element with selector: css=h1 &gt;&gt; text=Gestão de Alunos</msg>
<status status="PASS" starttime="20210505 11:40:11.691" endtime="20210505 11:40:11.705"/>
</kw>
<status status="PASS" starttime="20210505 11:40:11.581" endtime="20210505 11:40:11.706"/>
</kw>
<kw name="Go to Form Student" library="students">
<kw name="Click" library="Browser">
<arg>css=a[href$="alunos/new"]</arg>
<tag>PageContent</tag>
<tag>Setter</tag>
<doc>Simulates mouse click on the element found by ``selector``.</doc>
<status status="PASS" starttime="20210505 11:40:11.707" endtime="20210505 11:40:11.778"/>
</kw>
<kw name="Wait For Elements State" library="Browser">
<arg>css=h1 &gt;&gt; text=Novo aluno</arg>
<arg>visible</arg>
<arg>5</arg>
<tag>PageContent</tag>
<tag>Wait</tag>
<doc>Waits for the element found by ``selector`` to satisfy state option.</doc>
<msg timestamp="20210505 11:40:11.794" level="INFO">Wait for Element with selector: css=h1 &gt;&gt; text=Novo aluno</msg>
<status status="PASS" starttime="20210505 11:40:11.779" endtime="20210505 11:40:11.795"/>
</kw>
<status status="PASS" starttime="20210505 11:40:11.706" endtime="20210505 11:40:11.795"/>
</kw>
<kw name="Field Should Be Type" library="components">
<arg>${element}</arg>
<arg>${type}</arg>
<kw name="Get Attribute" library="Browser">
<var>${attr}</var>
<arg>${element}</arg>
<arg>type</arg>
<tag>Assertion</tag>
<tag>Getter</tag>
<tag>PageContent</tag>
<doc>Returns the HTML ``attribute`` of the element found by ``selector``.</doc>
<msg timestamp="20210505 11:40:11.820" level="INFO">${attr} = number</msg>
<status status="PASS" starttime="20210505 11:40:11.796" endtime="20210505 11:40:11.820"/>
</kw>
<kw name="Should Be Equal" library="BuiltIn">
<arg>${attr}</arg>
<arg>${type}</arg>
<doc>Fails if the given objects are unequal.</doc>
<status status="PASS" starttime="20210505 11:40:11.820" endtime="20210505 11:40:11.821"/>
</kw>
<status status="PASS" starttime="20210505 11:40:11.795" endtime="20210505 11:40:11.821"/>
</kw>
<status status="PASS" starttime="20210505 11:40:11.580" endtime="20210505 11:40:11.822"/>
</kw>
<kw name="Take Screenshot" library="Browser" type="TEARDOWN">
<tag>PageContent</tag>
<doc>Takes a screenshot of the current window and saves it to ``path``. Saves it as a png.</doc>
<msg timestamp="20210505 11:40:11.951" level="INFO" html="true">&lt;/td&gt;&lt;/tr&gt;&lt;tr&gt;&lt;td colspan="3"&gt;&lt;a href="browser/screenshot/robotframework-browser-screenshot-11.png"&gt;&lt;img src="browser/screenshot/robotframework-browser-screenshot-11.png" width="800px"&gt;&lt;/a&gt;</msg>
<status status="PASS" starttime="20210505 11:40:11.822" endtime="20210505 11:40:11.951"/>
</kw>
<tag>temp</tag>
<status status="PASS" starttime="20210505 11:40:11.063" endtime="20210505 11:40:11.951"/>
</test>
<test id="s1-s2-s1-t5" name="Cenario: Validação dos Campos do Tipo E-mail">
<kw name="Check Type Field On Student Form">
<arg>${EMAIL_FIELD}</arg>
<arg>email</arg>
<kw name="Go to Students" library="nav">
<kw name="Click" library="Browser">
<arg>css=a[href$=alunos]</arg>
<tag>PageContent</tag>
<tag>Setter</tag>
<doc>Simulates mouse click on the element found by ``selector``.</doc>
<status status="PASS" starttime="20210505 11:40:11.966" endtime="20210505 11:40:12.053"/>
</kw>
<kw name="Wait For Elements State" library="Browser">
<arg>css=h1 &gt;&gt; text=Gestão de Alunos</arg>
<arg>visible</arg>
<arg>5</arg>
<tag>PageContent</tag>
<tag>Wait</tag>
<doc>Waits for the element found by ``selector`` to satisfy state option.</doc>
<msg timestamp="20210505 11:40:12.075" level="INFO">Wait for Element with selector: css=h1 &gt;&gt; text=Gestão de Alunos</msg>
<status status="PASS" starttime="20210505 11:40:12.054" endtime="20210505 11:40:12.076"/>
</kw>
<status status="PASS" starttime="20210505 11:40:11.965" endtime="20210505 11:40:12.076"/>
</kw>
<kw name="Go to Form Student" library="students">
<kw name="Click" library="Browser">
<arg>css=a[href$="alunos/new"]</arg>
<tag>PageContent</tag>
<tag>Setter</tag>
<doc>Simulates mouse click on the element found by ``selector``.</doc>
<status status="PASS" starttime="20210505 11:40:12.077" endtime="20210505 11:40:12.161"/>
</kw>
<kw name="Wait For Elements State" library="Browser">
<arg>css=h1 &gt;&gt; text=Novo aluno</arg>
<arg>visible</arg>
<arg>5</arg>
<tag>PageContent</tag>
<tag>Wait</tag>
<doc>Waits for the element found by ``selector`` to satisfy state option.</doc>
<msg timestamp="20210505 11:40:12.179" level="INFO">Wait for Element with selector: css=h1 &gt;&gt; text=Novo aluno</msg>
<status status="PASS" starttime="20210505 11:40:12.161" endtime="20210505 11:40:12.179"/>
</kw>
<status status="PASS" starttime="20210505 11:40:12.077" endtime="20210505 11:40:12.180"/>
</kw>
<kw name="Field Should Be Type" library="components">
<arg>${element}</arg>
<arg>${type}</arg>
<kw name="Get Attribute" library="Browser">
<var>${attr}</var>
<arg>${element}</arg>
<arg>type</arg>
<tag>Assertion</tag>
<tag>Getter</tag>
<tag>PageContent</tag>
<doc>Returns the HTML ``attribute`` of the element found by ``selector``.</doc>
<msg timestamp="20210505 11:40:12.205" level="INFO">${attr} = email</msg>
<status status="PASS" starttime="20210505 11:40:12.181" endtime="20210505 11:40:12.205"/>
</kw>
<kw name="Should Be Equal" library="BuiltIn">
<arg>${attr}</arg>
<arg>${type}</arg>
<doc>Fails if the given objects are unequal.</doc>
<status status="PASS" starttime="20210505 11:40:12.205" endtime="20210505 11:40:12.206"/>
</kw>
<status status="PASS" starttime="20210505 11:40:12.180" endtime="20210505 11:40:12.207"/>
</kw>
<status status="PASS" starttime="20210505 11:40:11.964" endtime="20210505 11:40:12.207"/>
</kw>
<kw name="Take Screenshot" library="Browser" type="TEARDOWN">
<tag>PageContent</tag>
<doc>Takes a screenshot of the current window and saves it to ``path``. Saves it as a png.</doc>
<msg timestamp="20210505 11:40:12.351" level="INFO" html="true">&lt;/td&gt;&lt;/tr&gt;&lt;tr&gt;&lt;td colspan="3"&gt;&lt;a href="browser/screenshot/robotframework-browser-screenshot-12.png"&gt;&lt;img src="browser/screenshot/robotframework-browser-screenshot-12.png" width="800px"&gt;&lt;/a&gt;</msg>
<status status="PASS" starttime="20210505 11:40:12.208" endtime="20210505 11:40:12.351"/>
</kw>
<tag>temp</tag>
<status status="PASS" starttime="20210505 11:40:11.958" endtime="20210505 11:40:12.352"/>
</test>
<test id="s1-s2-s1-t6" name="Cenario: Menor de 14 anos não pode fazer cadastro">
<kw name="Create Dictionary" library="BuiltIn">
<var>&amp;{student}</var>
<arg>name=Livia da Silva</arg>
<arg>email=livia@theotokus.com</arg>
<arg>age=13</arg>
<arg>weight=50</arg>
<arg>feet_tall=1.65</arg>
<doc>Creates and returns a dictionary based on the given ``items``.</doc>
<msg timestamp="20210505 11:40:12.366" level="INFO">&amp;{student} = { name=Livia da Silva | email=livia@theotokus.com | age=13 | weight=50 | feet_tall=1.65 }</msg>
<status status="PASS" starttime="20210505 11:40:12.366" endtime="20210505 11:40:12.367"/>
</kw>
<kw name="Go to Students" library="nav">
<kw name="Click" library="Browser">
<arg>css=a[href$=alunos]</arg>
<tag>PageContent</tag>
<tag>Setter</tag>
<doc>Simulates mouse click on the element found by ``selector``.</doc>
<status status="PASS" starttime="20210505 11:40:12.368" endtime="20210505 11:40:12.455"/>
</kw>
<kw name="Wait For Elements State" library="Browser">
<arg>css=h1 &gt;&gt; text=Gestão de Alunos</arg>
<arg>visible</arg>
<arg>5</arg>
<tag>PageContent</tag>
<tag>Wait</tag>
<doc>Waits for the element found by ``selector`` to satisfy state option.</doc>
<msg timestamp="20210505 11:40:12.469" level="INFO">Wait for Element with selector: css=h1 &gt;&gt; text=Gestão de Alunos</msg>
<status status="PASS" starttime="20210505 11:40:12.456" endtime="20210505 11:40:12.470"/>
</kw>
<status status="PASS" starttime="20210505 11:40:12.367" endtime="20210505 11:40:12.470"/>
</kw>
<kw name="Go to Form Student" library="students">
<kw name="Click" library="Browser">
<arg>css=a[href$="alunos/new"]</arg>
<tag>PageContent</tag>
<tag>Setter</tag>
<doc>Simulates mouse click on the element found by ``selector``.</doc>
<status status="PASS" starttime="20210505 11:40:12.471" endtime="20210505 11:40:12.549"/>
</kw>
<kw name="Wait For Elements State" library="Browser">
<arg>css=h1 &gt;&gt; text=Novo aluno</arg>
<arg>visible</arg>
<arg>5</arg>
<tag>PageContent</tag>
<tag>Wait</tag>
<doc>Waits for the element found by ``selector`` to satisfy state option.</doc>
<msg timestamp="20210505 11:40:12.564" level="INFO">Wait for Element with selector: css=h1 &gt;&gt; text=Novo aluno</msg>
<status status="PASS" starttime="20210505 11:40:12.549" endtime="20210505 11:40:12.565"/>
</kw>
<status status="PASS" starttime="20210505 11:40:12.470" endtime="20210505 11:40:12.565"/>
</kw>
<kw name="New Student" library="students">
<arg>${student}</arg>
<kw name="Fill Text" library="Browser">
<arg>${NAME_FIELD}</arg>
<arg>${student.name}</arg>
<tag>PageContent</tag>
<tag>Setter</tag>
<doc>Clears and fills the given ``text`` into the text field found by ``selector``.</doc>
<msg timestamp="20210505 11:40:12.568" level="INFO">Fills the text 'Livia da Silva' in the given field.</msg>
<status status="PASS" starttime="20210505 11:40:12.567" endtime="20210505 11:40:12.590"/>
</kw>
<kw name="Fill Text" library="Browser">
<arg>${EMAIL_FIELD}</arg>
<arg>${student.email}</arg>
<tag>PageContent</tag>
<tag>Setter</tag>
<doc>Clears and fills the given ``text`` into the text field found by ``selector``.</doc>
<msg timestamp="20210505 11:40:12.592" level="INFO">Fills the text 'livia@theotokus.com' in the given field.</msg>
<status status="PASS" starttime="20210505 11:40:12.591" endtime="20210505 11:40:12.622"/>
</kw>
<kw name="Fill Text" library="Browser">
<arg>${AGE_FIELD}</arg>
<arg>${student.age}</arg>
<tag>PageContent</tag>
<tag>Setter</tag>
<doc>Clears and fills the given ``text`` into the text field found by ``selector``.</doc>
<msg timestamp="20210505 11:40:12.625" level="INFO">Fills the text '13' in the given field.</msg>
<status status="PASS" starttime="20210505 11:40:12.623" endtime="20210505 11:40:12.656"/>
</kw>
<kw name="Fill Text" library="Browser">
<arg>${WEIGTH_FIELD}</arg>
<arg>${student.weight}</arg>
<tag>PageContent</tag>
<tag>Setter</tag>
<doc>Clears and fills the given ``text`` into the text field found by ``selector``.</doc>
<msg timestamp="20210505 11:40:12.658" level="INFO">Fills the text '50' in the given field.</msg>
<status status="PASS" starttime="20210505 11:40:12.656" endtime="20210505 11:40:12.685"/>
</kw>
<kw name="Fill Text" library="Browser">
<arg>${FEET_TALL_FIELD}</arg>
<arg>${student.feet_tall}</arg>
<tag>PageContent</tag>
<tag>Setter</tag>
<doc>Clears and fills the given ``text`` into the text field found by ``selector``.</doc>
<msg timestamp="20210505 11:40:12.687" level="INFO">Fills the text '1.65' in the given field.</msg>
<status status="PASS" starttime="20210505 11:40:12.686" endtime="20210505 11:40:12.714"/>
</kw>
<kw name="Submit Student Form" library="students">
<kw name="Click" library="Browser">
<arg>css=button[form$=Student]</arg>
<tag>PageContent</tag>
<tag>Setter</tag>
<doc>Simulates mouse click on the element found by ``selector``.</doc>
<status status="PASS" starttime="20210505 11:40:12.715" endtime="20210505 11:40:12.767"/>
</kw>
<status status="PASS" starttime="20210505 11:40:12.714" endtime="20210505 11:40:12.768"/>
</kw>
<status status="PASS" starttime="20210505 11:40:12.565" endtime="20210505 11:40:12.768"/>
</kw>
<kw name="Alert Text Should Be" library="components">
<arg>A idade deve ser maior ou igual 14 anos</arg>
<kw name="Wait For Elements State" library="Browser">
<arg>css=form span &gt;&gt; text=${expect_text}</arg>
<arg>visible</arg>
<arg>5</arg>
<tag>PageContent</tag>
<tag>Wait</tag>
<doc>Waits for the element found by ``selector`` to satisfy state option.</doc>
<msg timestamp="20210505 11:40:12.791" level="INFO">Wait for Element with selector: css=form span &gt;&gt; text=A idade deve ser maior ou igual 14 anos</msg>
<status status="PASS" starttime="20210505 11:40:12.769" endtime="20210505 11:40:12.791"/>
</kw>
<status status="PASS" starttime="20210505 11:40:12.768" endtime="20210505 11:40:12.791"/>
</kw>
<kw name="Take Screenshot" library="Browser" type="TEARDOWN">
<tag>PageContent</tag>
<doc>Takes a screenshot of the current window and saves it to ``path``. Saves it as a png.</doc>
<msg timestamp="20210505 11:40:12.928" level="INFO" html="true">&lt;/td&gt;&lt;/tr&gt;&lt;tr&gt;&lt;td colspan="3"&gt;&lt;a href="browser/screenshot/robotframework-browser-screenshot-13.png"&gt;&lt;img src="browser/screenshot/robotframework-browser-screenshot-13.png" width="800px"&gt;&lt;/a&gt;</msg>
<status status="PASS" starttime="20210505 11:40:12.792" endtime="20210505 11:40:12.928"/>
</kw>
<status status="PASS" starttime="20210505 11:40:12.359" endtime="20210505 11:40:12.928"/>
</test>
<doc>Cadastro de alunos</doc>
<status status="PASS" starttime="20210505 11:39:57.877" endtime="20210505 11:40:12.935"/>
</suite>
<suite id="s1-s2-s2" name="Remove" source="/home/edson/workspace/courses/qa_ninja/robot_framework/bodytest/tests/students/remove.robot">
<test id="s1-s2-s2-t1" name="Cenario: Remover aluno cadastrado">
<kw name="Start Admin Session" library="base" type="SETUP">
<kw name="Start Browser Session" library="base">
<kw name="New Browser" library="Browser">
<arg>chromium</arg>
<arg>true</arg>
<tag>BrowserControl</tag>
<tag>Setter</tag>
<doc>Create a new playwright Browser with specified options.
See `Browser, Context and Page` for more information about Browser and related concepts.</doc>
<msg timestamp="20210505 11:40:13.006" level="INFO">{"browser": "chromium", "headless": true, "handleSIGINT": true, "handleSIGTERM": true, "handleSIGHUP": true, "timeout": 30000.0, "devtools": false, "slowMo": 0.0}</msg>
<msg timestamp="20210505 11:40:13.180" level="INFO">Successfully created browser with options: {"browser":"chromium","headless":true,"handleSIGINT":true,"handleSIGTERM":true,"handleSIGHUP":true,"timeout":30000,"devtools":false,"slowMo":0}</msg>
<status status="PASS" starttime="20210505 11:40:13.005" endtime="20210505 11:40:13.181"/>
</kw>
<kw name="New Page" library="Browser">
<arg>about:blank</arg>
<tag>BrowserControl</tag>
<tag>Setter</tag>
<doc>Open a new Page. A Page is the Playwright equivalent to a tab.
See `Browser, Context and Page` for more information about Page concept.
Returns a stable identifier for the created page.</doc>
<msg timestamp="20210505 11:40:13.264" level="INFO">Successfully initialized new page object and opened url: about:blank</msg>
<status status="PASS" starttime="20210505 11:40:13.181" endtime="20210505 11:40:13.264"/>
</kw>
<status status="PASS" starttime="20210505 11:40:13.004" endtime="20210505 11:40:13.264"/>
</kw>
<kw name="Go To Login Pages" library="auth">
<kw name="Go To" library="Browser">
<arg>https://theotokus-bodytest-web.herokuapp.com/</arg>
<tag>BrowserControl</tag>
<tag>Setter</tag>
<doc>Navigates to the given ``url``.</doc>
<msg timestamp="20210505 11:40:15.077" level="INFO">Succesfully opened URL https://theotokus-bodytest-web.herokuapp.com/</msg>
<status status="PASS" starttime="20210505 11:40:13.265" endtime="20210505 11:40:15.077"/>
</kw>
<status status="PASS" starttime="20210505 11:40:13.265" endtime="20210505 11:40:15.078"/>
</kw>
<kw name="Login With" library="auth">
<arg>admin@bodytest.com</arg>
<arg>pwd123</arg>
<kw name="Fill Text" library="Browser">
<arg>css=input[name=email]</arg>
<arg>${email}</arg>
<tag>PageContent</tag>
<tag>Setter</tag>
<doc>Clears and fills the given ``text`` into the text field found by ``selector``.</doc>
<msg timestamp="20210505 11:40:15.080" level="INFO">Fills the text 'admin@bodytest.com' in the given field.</msg>
<status status="PASS" starttime="20210505 11:40:15.080" endtime="20210505 11:40:15.135"/>
</kw>
<kw name="Fill Text" library="Browser">
<arg>css=input[name=password]</arg>
<arg>${pass}</arg>
<tag>PageContent</tag>
<tag>Setter</tag>
<doc>Clears and fills the given ``text`` into the text field found by ``selector``.</doc>
<msg timestamp="20210505 11:40:15.136" level="INFO">Fills the text 'pwd123' in the given field.</msg>
<status status="PASS" starttime="20210505 11:40:15.135" endtime="20210505 11:40:15.165"/>
</kw>
<kw name="Click" library="Browser">
<arg>text=Entrar</arg>
<tag>PageContent</tag>
<tag>Setter</tag>
<doc>Simulates mouse click on the element found by ``selector``.</doc>
<status status="PASS" starttime="20210505 11:40:15.165" endtime="20210505 11:40:15.252"/>
</kw>
<status status="PASS" starttime="20210505 11:40:15.078" endtime="20210505 11:40:15.253"/>
</kw>
<kw name="User Should Be Logged In" library="nav">
<arg>Administrador</arg>
<kw name="Get Text" library="Browser">
<arg>css=aside strong</arg>
<arg>should be</arg>
<arg>${user_name}</arg>
<tag>Assertion</tag>
<tag>Getter</tag>
<tag>PageContent</tag>
<doc>Returns text attribute of the element found by ``selector``.
See the `Finding elements` section for details about the selectors.</doc>
<status status="PASS" starttime="20210505 11:40:15.254" endtime="20210505 11:40:15.966"/>
</kw>
<status status="PASS" starttime="20210505 11:40:15.253" endtime="20210505 11:40:15.966"/>
</kw>
<status status="PASS" starttime="20210505 11:40:13.004" endtime="20210505 11:40:15.966"/>
</kw>
<kw name="Create Dictionary" library="BuiltIn">
<var>&amp;{student}</var>
<arg>name=Cintia Rodrigues</arg>
<arg>email=cintia@xpto.com</arg>
<arg>age=30</arg>
<arg>weight=60</arg>
<arg>feet_tall=1.71</arg>
<doc>Creates and returns a dictionary based on the given ``items``.</doc>
<msg timestamp="20210505 11:40:15.968" level="INFO">&amp;{student} = { name=Cintia Rodrigues | email=cintia@xpto.com | age=30 | weight=60 | feet_tall=1.71 }</msg>
<status status="PASS" starttime="20210505 11:40:15.967" endtime="20210505 11:40:15.968"/>
</kw>
<kw name="Insert Student" library="DeloreanLibrary">
<arg>${student}</arg>
<msg timestamp="20210505 11:40:15.969" level="INFO">delete from students where email = 'cintia@xpto.com'</msg>
<msg timestamp="20210505 11:40:17.106" level="INFO">insert into students(name, email, age, weight, feet_tall, created_at, updated_at)values('Cintia Rodrigues','cintia@xpto.com',30,60,1.71,NOW(),NOW());</msg>
<status status="PASS" starttime="20210505 11:40:15.968" endtime="20210505 11:40:18.252"/>
</kw>
<kw name="Go to Students" library="nav">
<kw name="Click" library="Browser">
<arg>css=a[href$=alunos]</arg>
<tag>PageContent</tag>
<tag>Setter</tag>
<doc>Simulates mouse click on the element found by ``selector``.</doc>
<status status="PASS" starttime="20210505 11:40:18.254" endtime="20210505 11:40:18.371"/>
</kw>
<kw name="Wait For Elements State" library="Browser">
<arg>css=h1 &gt;&gt; text=Gestão de Alunos</arg>
<arg>visible</arg>
<arg>5</arg>
<tag>PageContent</tag>
<tag>Wait</tag>
<doc>Waits for the element found by ``selector`` to satisfy state option.</doc>
<msg timestamp="20210505 11:40:18.388" level="INFO">Wait for Element with selector: css=h1 &gt;&gt; text=Gestão de Alunos</msg>
<status status="PASS" starttime="20210505 11:40:18.371" endtime="20210505 11:40:18.388"/>
</kw>
<status status="PASS" starttime="20210505 11:40:18.253" endtime="20210505 11:40:18.388"/>
</kw>
<kw name="Search Student By Name" library="students">
<arg>${student.name}</arg>
<kw name="Fill Text" library="Browser">
<arg>css=input[placeholder="Buscar aluno"]</arg>
<arg>${name}</arg>
<tag>PageContent</tag>
<tag>Setter</tag>
<doc>Clears and fills the given ``text`` into the text field found by ``selector``.</doc>
<msg timestamp="20210505 11:40:18.391" level="INFO">Fills the text 'Cintia Rodrigues' in the given field.</msg>
<status status="PASS" starttime="20210505 11:40:18.390" endtime="20210505 11:40:18.423"/>
</kw>
<status status="PASS" starttime="20210505 11:40:18.389" endtime="20210505 11:40:18.423"/>
</kw>
<kw name="Request Removal By Email" library="students">
<arg>${student.email}</arg>
<kw name="Click" library="Browser">
<arg>xpath=//td[contains(text(),"${email}")]/../td/button[@id="trash"]</arg>
<tag>PageContent</tag>
<tag>Setter</tag>
<doc>Simulates mouse click on the element found by ``selector``.</doc>
<status status="PASS" starttime="20210505 11:40:18.426" endtime="20210505 11:40:18.777"/>
</kw>
<status status="PASS" starttime="20210505 11:40:18.424" endtime="20210505 11:40:18.778"/>
</kw>
<kw name="Confirm Removal" library="students">
<kw name="Click" library="Browser">
<arg>text=SIM, pode apagar!</arg>
<tag>PageContent</tag>
<tag>Setter</tag>
<doc>Simulates mouse click on the element found by ``selector``.</doc>
<status status="PASS" starttime="20210505 11:40:18.779" endtime="20210505 11:40:19.120"/>
</kw>
<status status="PASS" starttime="20210505 11:40:18.778" endtime="20210505 11:40:19.121"/>
</kw>
<kw name="Toaster Text Should Be" library="components">
<arg>Aluno removido com sucesso.</arg>
<kw name="Wait For Elements State" library="Browser">
<arg>css=.Toastify__toast-body &gt;&gt; text=${expect_text}</arg>
<arg>visible</arg>
<arg>5</arg>
<tag>PageContent</tag>
<tag>Wait</tag>
<doc>Waits for the element found by ``selector`` to satisfy state option.</doc>
<msg timestamp="20210505 11:40:19.541" level="INFO">Wait for Element with selector: css=.Toastify__toast-body &gt;&gt; text=Aluno removido com sucesso.</msg>
<status status="PASS" starttime="20210505 11:40:19.122" endtime="20210505 11:40:19.542"/>
</kw>
<status status="PASS" starttime="20210505 11:40:19.121" endtime="20210505 11:40:19.542"/>
</kw>
<kw name="Student Should Not Visible" library="students">
<arg>${student.email}</arg>
<kw name="Wait For Elements State" library="Browser">
<arg>xpath=//td[contains(text(),"${email}")]</arg>
<arg>detached</arg>
<arg>5</arg>
<tag>PageContent</tag>
<tag>Wait</tag>
<doc>Waits for the element found by ``selector`` to satisfy state option.</doc>
<msg timestamp="20210505 11:40:19.556" level="INFO">Wait for Element with selector: xpath=//td[contains(text(),"cintia@xpto.com")]</msg>
<status status="PASS" starttime="20210505 11:40:19.545" endtime="20210505 11:40:19.556"/>
</kw>
<status status="PASS" starttime="20210505 11:40:19.543" endtime="20210505 11:40:19.557"/>
</kw>
<kw name="Thinking And Take Screenshot" library="base" type="TEARDOWN">
<arg>2</arg>
<kw name="Sleep" library="BuiltIn">
<arg>${timeout}</arg>
<doc>Pauses the test executed for the given time.</doc>
<msg timestamp="20210505 11:40:21.559" level="INFO">Slept 2 seconds</msg>
<status status="PASS" starttime="20210505 11:40:19.559" endtime="20210505 11:40:21.560"/>
</kw>
<kw name="Take Screenshot" library="Browser">
<tag>PageContent</tag>
<doc>Takes a screenshot of the current window and saves it to ``path``. Saves it as a png.</doc>
<msg timestamp="20210505 11:40:21.688" level="INFO" html="true">&lt;/td&gt;&lt;/tr&gt;&lt;tr&gt;&lt;td colspan="3"&gt;&lt;a href="browser/screenshot/robotframework-browser-screenshot-14.png"&gt;&lt;img src="browser/screenshot/robotframework-browser-screenshot-14.png" width="800px"&gt;&lt;/a&gt;</msg>
<status status="PASS" starttime="20210505 11:40:21.560" endtime="20210505 11:40:21.688"/>
</kw>
<status status="PASS" starttime="20210505 11:40:19.557" endtime="20210505 11:40:21.688"/>
</kw>
<status status="PASS" starttime="20210505 11:40:12.999" endtime="20210505 11:40:21.689"/>
</test>
<test id="s1-s2-s2-t2" name="Cenario: Desistir da exclusão">
<kw name="Start Admin Session" library="base" type="SETUP">
<kw name="Start Browser Session" library="base">
<kw name="New Browser" library="Browser">
<arg>chromium</arg>
<arg>true</arg>
<tag>BrowserControl</tag>
<tag>Setter</tag>
<doc>Create a new playwright Browser with specified options.
See `Browser, Context and Page` for more information about Browser and related concepts.</doc>
<msg timestamp="20210505 11:40:21.735" level="INFO">{"browser": "chromium", "headless": true, "handleSIGINT": true, "handleSIGTERM": true, "handleSIGHUP": true, "timeout": 30000.0, "devtools": false, "slowMo": 0.0}</msg>
<msg timestamp="20210505 11:40:21.886" level="INFO">Successfully created browser with options: {"browser":"chromium","headless":true,"handleSIGINT":true,"handleSIGTERM":true,"handleSIGHUP":true,"timeout":30000,"devtools":false,"slowMo":0}</msg>
<status status="PASS" starttime="20210505 11:40:21.735" endtime="20210505 11:40:21.886"/>
</kw>
<kw name="New Page" library="Browser">
<arg>about:blank</arg>
<tag>BrowserControl</tag>
<tag>Setter</tag>
<doc>Open a new Page. A Page is the Playwright equivalent to a tab.
See `Browser, Context and Page` for more information about Page concept.
Returns a stable identifier for the created page.</doc>
<msg timestamp="20210505 11:40:21.963" level="INFO">Successfully initialized new page object and opened url: about:blank</msg>
<status status="PASS" starttime="20210505 11:40:21.887" endtime="20210505 11:40:21.963"/>
</kw>
<status status="PASS" starttime="20210505 11:40:21.734" endtime="20210505 11:40:21.964"/>
</kw>
<kw name="Go To Login Pages" library="auth">
<kw name="Go To" library="Browser">
<arg>https://theotokus-bodytest-web.herokuapp.com/</arg>
<tag>BrowserControl</tag>
<tag>Setter</tag>
<doc>Navigates to the given ``url``.</doc>
<msg timestamp="20210505 11:40:23.822" level="INFO">Succesfully opened URL https://theotokus-bodytest-web.herokuapp.com/</msg>
<status status="PASS" starttime="20210505 11:40:21.965" endtime="20210505 11:40:23.822"/>
</kw>
<status status="PASS" starttime="20210505 11:40:21.964" endtime="20210505 11:40:23.823"/>
</kw>
<kw name="Login With" library="auth">
<arg>admin@bodytest.com</arg>
<arg>pwd123</arg>
<kw name="Fill Text" library="Browser">
<arg>css=input[name=email]</arg>
<arg>${email}</arg>
<tag>PageContent</tag>
<tag>Setter</tag>
<doc>Clears and fills the given ``text`` into the text field found by ``selector``.</doc>
<msg timestamp="20210505 11:40:23.825" level="INFO">Fills the text 'admin@bodytest.com' in the given field.</msg>
<status status="PASS" starttime="20210505 11:40:23.824" endtime="20210505 11:40:23.880"/>
</kw>
<kw name="Fill Text" library="Browser">
<arg>css=input[name=password]</arg>
<arg>${pass}</arg>
<tag>PageContent</tag>
<tag>Setter</tag>
<doc>Clears and fills the given ``text`` into the text field found by ``selector``.</doc>
<msg timestamp="20210505 11:40:23.881" level="INFO">Fills the text 'pwd123' in the given field.</msg>
<status status="PASS" starttime="20210505 11:40:23.880" endtime="20210505 11:40:23.913"/>
</kw>
<kw name="Click" library="Browser">
<arg>text=Entrar</arg>
<tag>PageContent</tag>
<tag>Setter</tag>
<doc>Simulates mouse click on the element found by ``selector``.</doc>
<status status="PASS" starttime="20210505 11:40:23.914" endtime="20210505 11:40:23.983"/>
</kw>
<status status="PASS" starttime="20210505 11:40:23.823" endtime="20210505 11:40:23.983"/>
</kw>
<kw name="User Should Be Logged In" library="nav">
<arg>Administrador</arg>
<kw name="Get Text" library="Browser">
<arg>css=aside strong</arg>
<arg>should be</arg>
<arg>${user_name}</arg>
<tag>Assertion</tag>
<tag>Getter</tag>
<tag>PageContent</tag>
<doc>Returns text attribute of the element found by ``selector``.
See the `Finding elements` section for details about the selectors.</doc>
<status status="PASS" starttime="20210505 11:40:23.984" endtime="20210505 11:40:24.712"/>
</kw>
<status status="PASS" starttime="20210505 11:40:23.983" endtime="20210505 11:40:24.713"/>
</kw>
<status status="PASS" starttime="20210505 11:40:21.734" endtime="20210505 11:40:24.713"/>
</kw>
<kw name="Create Dictionary" library="BuiltIn">
<var>&amp;{student}</var>
<arg>name=Izabel Santos</arg>
<arg>email=izabel@xpto.com</arg>
<arg>age=63</arg>
<arg>weight=80</arg>
<arg>feet_tall=1.56</arg>
<doc>Creates and returns a dictionary based on the given ``items``.</doc>
<msg timestamp="20210505 11:40:24.715" level="INFO">&amp;{student} = { name=Izabel Santos | email=izabel@xpto.com | age=63 | weight=80 | feet_tall=1.56 }</msg>
<status status="PASS" starttime="20210505 11:40:24.714" endtime="20210505 11:40:24.715"/>
</kw>
<kw name="Insert Student" library="DeloreanLibrary">
<arg>${student}</arg>
<msg timestamp="20210505 11:40:24.717" level="INFO">delete from students where email = 'izabel@xpto.com'</msg>
<msg timestamp="20210505 11:40:25.841" level="INFO">insert into students(name, email, age, weight, feet_tall, created_at, updated_at)values('Izabel Santos','izabel@xpto.com',63,80,1.56,NOW(),NOW());</msg>
<status status="PASS" starttime="20210505 11:40:24.716" endtime="20210505 11:40:27.017"/>
</kw>
<kw name="Go to Students" library="nav">
<kw name="Click" library="Browser">
<arg>css=a[href$=alunos]</arg>
<tag>PageContent</tag>
<tag>Setter</tag>
<doc>Simulates mouse click on the element found by ``selector``.</doc>
<status status="PASS" starttime="20210505 11:40:27.019" endtime="20210505 11:40:27.105"/>
</kw>
<kw name="Wait For Elements State" library="Browser">
<arg>css=h1 &gt;&gt; text=Gestão de Alunos</arg>
<arg>visible</arg>
<arg>5</arg>
<tag>PageContent</tag>
<tag>Wait</tag>
<doc>Waits for the element found by ``selector`` to satisfy state option.</doc>
<msg timestamp="20210505 11:40:27.119" level="INFO">Wait for Element with selector: css=h1 &gt;&gt; text=Gestão de Alunos</msg>
<status status="PASS" starttime="20210505 11:40:27.105" endtime="20210505 11:40:27.119"/>
</kw>
<status status="PASS" starttime="20210505 11:40:27.017" endtime="20210505 11:40:27.120"/>
</kw>
<kw name="Search Student By Name" library="students">
<arg>${student.name}</arg>
<kw name="Fill Text" library="Browser">
<arg>css=input[placeholder="Buscar aluno"]</arg>
<arg>${name}</arg>
<tag>PageContent</tag>
<tag>Setter</tag>
<doc>Clears and fills the given ``text`` into the text field found by ``selector``.</doc>
<msg timestamp="20210505 11:40:27.122" level="INFO">Fills the text 'Izabel Santos' in the given field.</msg>
<status status="PASS" starttime="20210505 11:40:27.122" endtime="20210505 11:40:27.152"/>
</kw>
<status status="PASS" starttime="20210505 11:40:27.120" endtime="20210505 11:40:27.153"/>
</kw>
<kw name="Request Removal By Email" library="students">
<arg>${student.email}</arg>
<kw name="Click" library="Browser">
<arg>xpath=//td[contains(text(),"${email}")]/../td/button[@id="trash"]</arg>
<tag>PageContent</tag>
<tag>Setter</tag>
<doc>Simulates mouse click on the element found by ``selector``.</doc>
<status status="PASS" starttime="20210505 11:40:27.155" endtime="20210505 11:40:27.518"/>
</kw>
<status status="PASS" starttime="20210505 11:40:27.153" endtime="20210505 11:40:27.518"/>
</kw>
<kw name="Cancel Removal" library="students">
<kw name="Click" library="Browser">
<arg>text=NÃO</arg>
<tag>PageContent</tag>
<tag>Setter</tag>
<doc>Simulates mouse click on the element found by ``selector``.</doc>
<status status="PASS" starttime="20210505 11:40:27.520" endtime="20210505 11:40:27.849"/>
</kw>
<status status="PASS" starttime="20210505 11:40:27.519" endtime="20210505 11:40:27.849"/>
</kw>
<kw name="Student Should Be Visible" library="students">
<arg>${student.email}</arg>
<kw name="Wait For Elements State" library="Browser">
<arg>xpath=//td[contains(text(),"${email}")]</arg>
<arg>visible</arg>
<arg>5</arg>
<tag>PageContent</tag>
<tag>Wait</tag>
<doc>Waits for the element found by ``selector`` to satisfy state option.</doc>
<msg timestamp="20210505 11:40:27.969" level="INFO">Wait for Element with selector: xpath=//td[contains(text(),"izabel@xpto.com")]</msg>
<status status="PASS" starttime="20210505 11:40:27.851" endtime="20210505 11:40:27.969"/>
</kw>
<status status="PASS" starttime="20210505 11:40:27.849" endtime="20210505 11:40:27.969"/>
</kw>
<kw name="Take Screenshot" library="Browser" type="TEARDOWN">
<tag>PageContent</tag>
<doc>Takes a screenshot of the current window and saves it to ``path``. Saves it as a png.</doc>
<msg timestamp="20210505 11:40:28.104" level="INFO" html="true">&lt;/td&gt;&lt;/tr&gt;&lt;tr&gt;&lt;td colspan="3"&gt;&lt;a href="browser/screenshot/robotframework-browser-screenshot-15.png"&gt;&lt;img src="browser/screenshot/robotframework-browser-screenshot-15.png" width="800px"&gt;&lt;/a&gt;</msg>
<status status="PASS" starttime="20210505 11:40:27.970" endtime="20210505 11:40:28.104"/>
</kw>
<status status="PASS" starttime="20210505 11:40:21.729" endtime="20210505 11:40:28.105"/>
</test>
<doc>Remoção de alunos</doc>
<status status="PASS" starttime="20210505 11:40:12.986" endtime="20210505 11:40:28.153"/>
</suite>
<status status="PASS" starttime="20210505 11:39:57.873" endtime="20210505 11:40:28.162"/>
</suite>
<status status="PASS" starttime="20210505 11:39:43.316" endtime="20210505 11:40:28.169"/>
</suite>
<statistics>
<total>
<stat pass="15" fail="0" skip="0">All Tests</stat>
</total>
<tag>
<stat pass="1" fail="0" skip="0">duplicado</stat>
<stat pass="1" fail="0" skip="0">fail</stat>
<stat pass="2" fail="0" skip="0">temp</stat>
</tag>
<suite>
<stat pass="15" fail="0" skip="0" id="s1" name="Tests">Tests</stat>
<stat pass="7" fail="0" skip="0" id="s1-s1" name="Login">Tests.Login</stat>
<stat pass="7" fail="0" skip="0" id="s1-s1-s1" name="Login">Tests.Login.Login</stat>
<stat pass="8" fail="0" skip="0" id="s1-s2" name="Students">Tests.Students</stat>
<stat pass="6" fail="0" skip="0" id="s1-s2-s1" name="Create">Tests.Students.Create</stat>
<stat pass="2" fail="0" skip="0" id="s1-s2-s2" name="Remove">Tests.Students.Remove</stat>
</suite>
</statistics>
<errors>
</errors>
</robot>
