<?xml version="1.0" encoding="UTF-8"?>
<robot generator="Robot 4.0 (Python 3.8.5 on linux)" generated="20210527 12:46:47.443" rpa="false" schemaversion="2">
<suite id="s1" name="Create" source="/home/edson/workspace/courses/qa_ninja/robot_framework/bodytest/tests/enrollments/create.robot">
<kw name="Start Admin Session" library="base" type="SETUP">
<kw name="Start Browser Session" library="base">
<kw name="New Browser" library="Browser">
<arg>chromium</arg>
<arg>true</arg>
<tag>BrowserControl</tag>
<tag>Setter</tag>
<doc>Create a new playwright Browser with specified options.
See `Browser, Context and Page` for more information about Browser and related concepts.</doc>
<msg timestamp="20210527 12:46:48.277" level="INFO">{"browser": "chromium", "headless": true, "handleSIGINT": true, "handleSIGTERM": true, "handleSIGHUP": true, "timeout": 30000.0, "devtools": false, "slowMo": 0.0}</msg>
<msg timestamp="20210527 12:46:48.456" level="INFO">Successfully created browser with options: {"browser":"chromium","headless":true,"handleSIGINT":true,"handleSIGTERM":true,"handleSIGHUP":true,"timeout":30000,"devtools":false,"slowMo":0}</msg>
<status status="PASS" starttime="20210527 12:46:48.276" endtime="20210527 12:46:48.456"/>
</kw>
<kw name="New Page" library="Browser">
<arg>about:blank</arg>
<tag>BrowserControl</tag>
<tag>Setter</tag>
<doc>Open a new Page. A Page is the Playwright equivalent to a tab.
See `Browser, Context and Page` for more information about Page concept.
Returns a stable identifier for the created page.</doc>
<msg timestamp="20210527 12:46:48.580" level="INFO">Successfully initialized new page object and opened url: about:blank</msg>
<status status="PASS" starttime="20210527 12:46:48.457" endtime="20210527 12:46:48.581"/>
</kw>
<status status="PASS" starttime="20210527 12:46:48.276" endtime="20210527 12:46:48.581"/>
</kw>
<kw name="Go To Login Pages" library="auth">
<kw name="Go To" library="Browser">
<arg>https://theotokus-bodytest-web.herokuapp.com/</arg>
<tag>BrowserControl</tag>
<tag>Setter</tag>
<doc>Navigates to the given ``url``.</doc>
<msg timestamp="20210527 12:46:50.783" level="INFO">Succesfully opened URL https://theotokus-bodytest-web.herokuapp.com/</msg>
<status status="PASS" starttime="20210527 12:46:48.582" endtime="20210527 12:46:50.783"/>
</kw>
<status status="PASS" starttime="20210527 12:46:48.582" endtime="20210527 12:46:50.784"/>
</kw>
<kw name="Login With" library="auth">
<arg>admin@bodytest.com</arg>
<arg>pwd123</arg>
<kw name="Fill Text" library="Browser">
<arg>css=input[name=email]</arg>
<arg>${email}</arg>
<tag>PageContent</tag>
<tag>Setter</tag>
<doc>Clears and fills the given ``text`` into the text field found by ``selector``.</doc>
<msg timestamp="20210527 12:46:50.786" level="INFO">Fills the text 'admin@bodytest.com' in the given field.</msg>
<status status="PASS" starttime="20210527 12:46:50.785" endtime="20210527 12:46:50.868"/>
</kw>
<kw name="Fill Text" library="Browser">
<arg>css=input[name=password]</arg>
<arg>${pass}</arg>
<tag>PageContent</tag>
<tag>Setter</tag>
<doc>Clears and fills the given ``text`` into the text field found by ``selector``.</doc>
<msg timestamp="20210527 12:46:50.869" level="INFO">Fills the text 'pwd123' in the given field.</msg>
<status status="PASS" starttime="20210527 12:46:50.869" endtime="20210527 12:46:50.902"/>
</kw>
<kw name="Click" library="Browser">
<arg>text=Entrar</arg>
<tag>PageContent</tag>
<tag>Setter</tag>
<doc>Simulates mouse click on the element found by ``selector``.</doc>
<status status="PASS" starttime="20210527 12:46:50.903" endtime="20210527 12:46:50.985"/>
</kw>
<status status="PASS" starttime="20210527 12:46:50.784" endtime="20210527 12:46:50.985"/>
</kw>
<kw name="User Should Be Logged In" library="nav">
<arg>Administrador</arg>
<kw name="Get Text" library="Browser">
<arg>css=aside strong</arg>
<arg>should be</arg>
<arg>${user_name}</arg>
<tag>Assertion</tag>
<tag>Getter</tag>
<tag>PageContent</tag>
<doc>Returns text attribute of the element found by ``selector``.
See the `Finding elements` section for details about the selectors.</doc>
<status status="PASS" starttime="20210527 12:46:50.987" endtime="20210527 12:46:52.099"/>
</kw>
<status status="PASS" starttime="20210527 12:46:50.986" endtime="20210527 12:46:52.100"/>
</kw>
<status status="PASS" starttime="20210527 12:46:48.275" endtime="20210527 12:46:52.100"/>
</kw>
<test id="s1-t1" name="Cenario: Deve exibir data inicial e final conforme o plano escolhido">
<kw name="Go To Enrolls" library="nav">
<kw name="Click" library="Browser">
<arg>css=a[href$=matriculas]</arg>
<tag>PageContent</tag>
<tag>Setter</tag>
<doc>Simulates mouse click on the element found by ``selector``.</doc>
<status status="PASS" starttime="20210527 12:46:52.116" endtime="20210527 12:46:52.227"/>
</kw>
<kw name="Wait For Elements State" library="Browser">
<arg>css=h1 &gt;&gt; text=Gestão de Matrículas</arg>
<arg>visible</arg>
<arg>5</arg>
<tag>PageContent</tag>
<tag>Wait</tag>
<doc>Waits for the element found by ``selector`` to satisfy state option.</doc>
<msg timestamp="20210527 12:46:52.254" level="INFO">Wait for Element with selector: css=h1 &gt;&gt; text=Gestão de Matrículas</msg>
<status status="PASS" starttime="20210527 12:46:52.227" endtime="20210527 12:46:52.254"/>
</kw>
<status status="PASS" starttime="20210527 12:46:52.115" endtime="20210527 12:46:52.254"/>
</kw>
<kw name="Go To Form Enroll" library="enrolls">
<kw name="Click" library="Browser">
<arg>css=a[href$="matriculas/new"]</arg>
<tag>PageContent</tag>
<tag>Setter</tag>
<doc>Simulates mouse click on the element found by ``selector``.</doc>
<status status="PASS" starttime="20210527 12:46:52.256" endtime="20210527 12:46:52.384"/>
</kw>
<kw name="Wait For Elements State" library="Browser">
<arg>css=h1 &gt;&gt; text=Nova matrícula</arg>
<arg>visible</arg>
<arg>5</arg>
<tag>PageContent</tag>
<tag>Wait</tag>
<doc>Waits for the element found by ``selector`` to satisfy state option.</doc>
<msg timestamp="20210527 12:46:52.403" level="INFO">Wait for Element with selector: css=h1 &gt;&gt; text=Nova matrícula</msg>
<status status="PASS" starttime="20210527 12:46:52.385" endtime="20210527 12:46:52.403"/>
</kw>
<status status="PASS" starttime="20210527 12:46:52.255" endtime="20210527 12:46:52.403"/>
</kw>
<kw name="Select Student" library="enrolls">
<arg>John Connor</arg>
<kw name="Fill Text" library="Browser">
<arg>css=input[aria-label="student_id"]</arg>
<arg>${name}</arg>
<tag>PageContent</tag>
<tag>Setter</tag>
<doc>Clears and fills the given ``text`` into the text field found by ``selector``.</doc>
<msg timestamp="20210527 12:46:52.405" level="INFO">Fills the text 'John Connor' in the given field.</msg>
<status status="PASS" starttime="20210527 12:46:52.405" endtime="20210527 12:46:52.480"/>
</kw>
<kw name="Click" library="Browser">
<arg>css=div[id*=option] &gt;&gt; text=${name}</arg>
<tag>PageContent</tag>
<tag>Setter</tag>
<doc>Simulates mouse click on the element found by ``selector``.</doc>
<status status="PASS" starttime="20210527 12:46:52.481" endtime="20210527 12:46:53.183"/>
</kw>
<status status="PASS" starttime="20210527 12:46:52.404" endtime="20210527 12:46:53.184"/>
</kw>
<kw name="Select Plan" library="enrolls">
<arg>Plano Lisiex</arg>
<kw name="Fill Text" library="Browser">
<arg>css=input[aria-label="plan_id"]</arg>
<arg>${title}</arg>
<tag>PageContent</tag>
<tag>Setter</tag>
<doc>Clears and fills the given ``text`` into the text field found by ``selector``.</doc>
<msg timestamp="20210527 12:46:53.186" level="INFO">Fills the text 'Plano Lisiex' in the given field.</msg>
<status status="PASS" starttime="20210527 12:46:53.186" endtime="20210527 12:46:53.247"/>
</kw>
<kw name="Click" library="Browser">
<arg>css=div[id*=option] &gt;&gt; text=${title}</arg>
<tag>PageContent</tag>
<tag>Setter</tag>
<doc>Simulates mouse click on the element found by ``selector``.</doc>
<status status="PASS" starttime="20210527 12:46:53.247" endtime="20210527 12:46:53.325"/>
</kw>
<status status="PASS" starttime="20210527 12:46:53.185" endtime="20210527 12:46:53.326"/>
</kw>
<kw name="Take Screenshot" library="Browser" type="TEARDOWN">
<tag>PageContent</tag>
<doc>Takes a screenshot of the current window and saves it to ``path``. Saves it as a png.</doc>
<msg timestamp="20210527 12:46:53.500" level="INFO" html="true">&lt;/td&gt;&lt;/tr&gt;&lt;tr&gt;&lt;td colspan="3"&gt;&lt;a href="browser/screenshot/robotframework-browser-screenshot-1.png"&gt;&lt;img src="browser/screenshot/robotframework-browser-screenshot-1.png" width="800px"&gt;&lt;/a&gt;</msg>
<status status="PASS" starttime="20210527 12:46:53.327" endtime="20210527 12:46:53.500"/>
</kw>
<status status="PASS" starttime="20210527 12:46:52.100" endtime="20210527 12:46:53.500"/>
</test>
<doc>Gestão de Matriculas</doc>
<status status="PASS" starttime="20210527 12:46:47.444" endtime="20210527 12:46:53.513"/>
</suite>
<statistics>
<total>
<stat pass="1" fail="0" skip="0">All Tests</stat>
</total>
<tag>
</tag>
<suite>
<stat pass="1" fail="0" skip="0" id="s1" name="Create">Create</stat>
</suite>
</statistics>
<errors>
</errors>
</robot>
