<?xml version="1.0" encoding="UTF-8"?>
<robot generator="Robot 4.0 (Python 3.8.5 on linux)" generated="20210516 14:40:22.377" rpa="false" schemaversion="2">
<suite id="s1" name="Tests" source="/home/edson/workspace/courses/qa_ninja/robot_framework/bodytest/tests">
<suite id="s1-s1" name="Login" source="/home/edson/workspace/courses/qa_ninja/robot_framework/bodytest/tests/login">
<suite id="s1-s1-s1" name="Login" source="/home/edson/workspace/courses/qa_ninja/robot_framework/bodytest/tests/login/login.robot">
<kw name="Start Browser Session" library="base" type="SETUP">
<kw name="New Browser" library="Browser">
<arg>chromium</arg>
<arg>true</arg>
<tag>BrowserControl</tag>
<tag>Setter</tag>
<doc>Create a new playwright Browser with specified options.
See `Browser, Context and Page` for more information about Browser and related concepts.</doc>
<msg timestamp="20210516 14:40:23.208" level="INFO">{"browser": "chromium", "headless": true, "handleSIGINT": true, "handleSIGTERM": true, "handleSIGHUP": true, "timeout": 30000.0, "devtools": false, "slowMo": 0.0}</msg>
<msg timestamp="20210516 14:40:23.394" level="INFO">Successfully created browser with options: {"browser":"chromium","headless":true,"handleSIGINT":true,"handleSIGTERM":true,"handleSIGHUP":true,"timeout":30000,"devtools":false,"slowMo":0}</msg>
<status status="PASS" starttime="20210516 14:40:23.208" endtime="20210516 14:40:23.395"/>
</kw>
<kw name="New Page" library="Browser">
<arg>about:blank</arg>
<tag>BrowserControl</tag>
<tag>Setter</tag>
<doc>Open a new Page. A Page is the Playwright equivalent to a tab.
See `Browser, Context and Page` for more information about Page concept.
Returns a stable identifier for the created page.</doc>
<msg timestamp="20210516 14:40:23.490" level="INFO">Successfully initialized new page object and opened url: about:blank</msg>
<status status="PASS" starttime="20210516 14:40:23.395" endtime="20210516 14:40:23.490"/>
</kw>
<status status="PASS" starttime="20210516 14:40:23.206" endtime="20210516 14:40:23.491"/>
</kw>
<test id="s1-s1-s1-t1" name="Cenario: Login do Administrador">
<kw name="Go To Login Pages" library="auth">
<kw name="Go To" library="Browser">
<arg>https://theotokus-bodytest-web.herokuapp.com/</arg>
<tag>BrowserControl</tag>
<tag>Setter</tag>
<doc>Navigates to the given ``url``.</doc>
<msg timestamp="20210516 14:40:26.361" level="INFO">Succesfully opened URL https://theotokus-bodytest-web.herokuapp.com/</msg>
<status status="PASS" starttime="20210516 14:40:23.512" endtime="20210516 14:40:26.362"/>
</kw>
<status status="PASS" starttime="20210516 14:40:23.511" endtime="20210516 14:40:26.362"/>
</kw>
<kw name="Login With" library="auth">
<arg>admin@bodytest.com</arg>
<arg>pwd123</arg>
<kw name="Fill Text" library="Browser">
<arg>css=input[name=email]</arg>
<arg>${email}</arg>
<tag>PageContent</tag>
<tag>Setter</tag>
<doc>Clears and fills the given ``text`` into the text field found by ``selector``.</doc>
<msg timestamp="20210516 14:40:26.365" level="INFO">Fills the text 'admin@bodytest.com' in the given field.</msg>
<status status="PASS" starttime="20210516 14:40:26.364" endtime="20210516 14:40:26.451"/>
</kw>
<kw name="Fill Text" library="Browser">
<arg>css=input[name=password]</arg>
<arg>${pass}</arg>
<tag>PageContent</tag>
<tag>Setter</tag>
<doc>Clears and fills the given ``text`` into the text field found by ``selector``.</doc>
<msg timestamp="20210516 14:40:26.452" level="INFO">Fills the text 'pwd123' in the given field.</msg>
<status status="PASS" starttime="20210516 14:40:26.451" endtime="20210516 14:40:26.481"/>
</kw>
<kw name="Click" library="Browser">
<arg>text=Entrar</arg>
<tag>PageContent</tag>
<tag>Setter</tag>
<doc>Simulates mouse click on the element found by ``selector``.</doc>
<status status="PASS" starttime="20210516 14:40:26.481" endtime="20210516 14:40:26.571"/>
</kw>
<status status="PASS" starttime="20210516 14:40:26.363" endtime="20210516 14:40:26.571"/>
</kw>
<kw name="User Should Be Logged In" library="nav">
<arg>Administrador</arg>
<kw name="Get Text" library="Browser">
<arg>css=aside strong</arg>
<arg>should be</arg>
<arg>${user_name}</arg>
<tag>Assertion</tag>
<tag>Getter</tag>
<tag>PageContent</tag>
<doc>Returns text attribute of the element found by ``selector``.
See the `Finding elements` section for details about the selectors.</doc>
<status status="PASS" starttime="20210516 14:40:26.572" endtime="20210516 14:40:28.501"/>
</kw>
<status status="PASS" starttime="20210516 14:40:26.571" endtime="20210516 14:40:28.502"/>
</kw>
<kw name="Clean Local Storage And Take Screenshot" library="base" type="TEARDOWN">
<kw name="Take Screenshot" library="Browser">
<tag>PageContent</tag>
<doc>Takes a screenshot of the current window and saves it to ``path``. Saves it as a png.</doc>
<msg timestamp="20210516 14:40:28.632" level="INFO" html="true">&lt;/td&gt;&lt;/tr&gt;&lt;tr&gt;&lt;td colspan="3"&gt;&lt;a href="browser/screenshot/robotframework-browser-screenshot-1.png"&gt;&lt;img src="browser/screenshot/robotframework-browser-screenshot-1.png" width="800px"&gt;&lt;/a&gt;</msg>
<status status="PASS" starttime="20210516 14:40:28.504" endtime="20210516 14:40:28.632"/>
</kw>
<kw name="LocalStorage Clear" library="Browser">
<tag>PageContent</tag>
<tag>Setter</tag>
<doc>Remove all saved data from the local storage.</doc>
<msg timestamp="20210516 14:40:28.643" level="INFO"/>
<status status="PASS" starttime="20210516 14:40:28.632" endtime="20210516 14:40:28.644"/>
</kw>
<status status="PASS" starttime="20210516 14:40:28.503" endtime="20210516 14:40:28.644"/>
</kw>
<status status="PASS" starttime="20210516 14:40:23.491" endtime="20210516 14:40:28.646"/>
</test>
<test id="s1-s1-s1-t2" name="Cenario: Senha incorreta">
<kw name="Go To Login Pages" library="auth">
<kw name="Go To" library="Browser">
<arg>https://theotokus-bodytest-web.herokuapp.com/</arg>
<tag>BrowserControl</tag>
<tag>Setter</tag>
<doc>Navigates to the given ``url``.</doc>
<msg timestamp="20210516 14:40:29.193" level="INFO">Succesfully opened URL https://theotokus-bodytest-web.herokuapp.com/</msg>
<status status="PASS" starttime="20210516 14:40:28.662" endtime="20210516 14:40:29.194"/>
</kw>
<status status="PASS" starttime="20210516 14:40:28.661" endtime="20210516 14:40:29.194"/>
</kw>
<kw name="Login With" library="auth">
<arg>admin@bodytest.com</arg>
<arg>abc123</arg>
<kw name="Fill Text" library="Browser">
<arg>css=input[name=email]</arg>
<arg>${email}</arg>
<tag>PageContent</tag>
<tag>Setter</tag>
<doc>Clears and fills the given ``text`` into the text field found by ``selector``.</doc>
<msg timestamp="20210516 14:40:29.198" level="INFO">Fills the text 'admin@bodytest.com' in the given field.</msg>
<status status="PASS" starttime="20210516 14:40:29.197" endtime="20210516 14:40:29.243"/>
</kw>
<kw name="Fill Text" library="Browser">
<arg>css=input[name=password]</arg>
<arg>${pass}</arg>
<tag>PageContent</tag>
<tag>Setter</tag>
<doc>Clears and fills the given ``text`` into the text field found by ``selector``.</doc>
<msg timestamp="20210516 14:40:29.245" level="INFO">Fills the text 'abc123' in the given field.</msg>
<status status="PASS" starttime="20210516 14:40:29.244" endtime="20210516 14:40:29.271"/>
</kw>
<kw name="Click" library="Browser">
<arg>text=Entrar</arg>
<tag>PageContent</tag>
<tag>Setter</tag>
<doc>Simulates mouse click on the element found by ``selector``.</doc>
<status status="PASS" starttime="20210516 14:40:29.272" endtime="20210516 14:40:29.345"/>
</kw>
<status status="PASS" starttime="20210516 14:40:29.194" endtime="20210516 14:40:29.346"/>
</kw>
<kw name="Toaster Text Should Be" library="components">
<arg>Usuário e/ou senha inválidos.</arg>
<kw name="Wait For Elements State" library="Browser">
<arg>css=.Toastify__toast-body &gt;&gt; text=${expect_text}</arg>
<arg>visible</arg>
<arg>5</arg>
<tag>PageContent</tag>
<tag>Wait</tag>
<doc>Waits for the element found by ``selector`` to satisfy state option.</doc>
<msg timestamp="20210516 14:40:29.697" level="INFO">Wait for Element with selector: css=.Toastify__toast-body &gt;&gt; text=Usuário e/ou senha inválidos.</msg>
<status status="PASS" starttime="20210516 14:40:29.347" endtime="20210516 14:40:29.697"/>
</kw>
<status status="PASS" starttime="20210516 14:40:29.347" endtime="20210516 14:40:29.698"/>
</kw>
<kw name="Thinking And Take Screenshot" library="base" type="TEARDOWN">
<arg>2</arg>
<kw name="Sleep" library="BuiltIn">
<arg>${timeout}</arg>
<doc>Pauses the test executed for the given time.</doc>
<msg timestamp="20210516 14:40:31.701" level="INFO">Slept 2 seconds</msg>
<status status="PASS" starttime="20210516 14:40:29.700" endtime="20210516 14:40:31.701"/>
</kw>
<kw name="Take Screenshot" library="Browser">
<tag>PageContent</tag>
<doc>Takes a screenshot of the current window and saves it to ``path``. Saves it as a png.</doc>
<msg timestamp="20210516 14:40:31.821" level="INFO" html="true">&lt;/td&gt;&lt;/tr&gt;&lt;tr&gt;&lt;td colspan="3"&gt;&lt;a href="browser/screenshot/robotframework-browser-screenshot-2.png"&gt;&lt;img src="browser/screenshot/robotframework-browser-screenshot-2.png" width="800px"&gt;&lt;/a&gt;</msg>
<status status="PASS" starttime="20210516 14:40:31.702" endtime="20210516 14:40:31.822"/>
</kw>
<status status="PASS" starttime="20210516 14:40:29.698" endtime="20210516 14:40:31.822"/>
</kw>
<status status="PASS" starttime="20210516 14:40:28.653" endtime="20210516 14:40:31.822"/>
</test>
<test id="s1-s1-s1-t3" name="Cenario: Email não cadastrado">
<kw name="Go To Login Pages" library="auth">
<kw name="Go To" library="Browser">
<arg>https://theotokus-bodytest-web.herokuapp.com/</arg>
<tag>BrowserControl</tag>
<tag>Setter</tag>
<doc>Navigates to the given ``url``.</doc>
<msg timestamp="20210516 14:40:32.338" level="INFO">Succesfully opened URL https://theotokus-bodytest-web.herokuapp.com/</msg>
<status status="PASS" starttime="20210516 14:40:31.839" endtime="20210516 14:40:32.338"/>
</kw>
<status status="PASS" starttime="20210516 14:40:31.838" endtime="20210516 14:40:32.339"/>
</kw>
<kw name="Login With" library="auth">
<arg>edson@gmail.com</arg>
<arg>abc123</arg>
<kw name="Fill Text" library="Browser">
<arg>css=input[name=email]</arg>
<arg>${email}</arg>
<tag>PageContent</tag>
<tag>Setter</tag>
<doc>Clears and fills the given ``text`` into the text field found by ``selector``.</doc>
<msg timestamp="20210516 14:40:32.342" level="INFO">Fills the text 'edson@gmail.com' in the given field.</msg>
<status status="PASS" starttime="20210516 14:40:32.341" endtime="20210516 14:40:32.384"/>
</kw>
<kw name="Fill Text" library="Browser">
<arg>css=input[name=password]</arg>
<arg>${pass}</arg>
<tag>PageContent</tag>
<tag>Setter</tag>
<doc>Clears and fills the given ``text`` into the text field found by ``selector``.</doc>
<msg timestamp="20210516 14:40:32.385" level="INFO">Fills the text 'abc123' in the given field.</msg>
<status status="PASS" starttime="20210516 14:40:32.385" endtime="20210516 14:40:32.412"/>
</kw>
<kw name="Click" library="Browser">
<arg>text=Entrar</arg>
<tag>PageContent</tag>
<tag>Setter</tag>
<doc>Simulates mouse click on the element found by ``selector``.</doc>
<status status="PASS" starttime="20210516 14:40:32.412" endtime="20210516 14:40:32.481"/>
</kw>
<status status="PASS" starttime="20210516 14:40:32.339" endtime="20210516 14:40:32.481"/>
</kw>
<kw name="Toaster Text Should Be" library="components">
<arg>Usuário e/ou senha inválidos.</arg>
<kw name="Wait For Elements State" library="Browser">
<arg>css=.Toastify__toast-body &gt;&gt; text=${expect_text}</arg>
<arg>visible</arg>
<arg>5</arg>
<tag>PageContent</tag>
<tag>Wait</tag>
<doc>Waits for the element found by ``selector`` to satisfy state option.</doc>
<msg timestamp="20210516 14:40:32.827" level="INFO">Wait for Element with selector: css=.Toastify__toast-body &gt;&gt; text=Usuário e/ou senha inválidos.</msg>
<status status="PASS" starttime="20210516 14:40:32.483" endtime="20210516 14:40:32.827"/>
</kw>
<status status="PASS" starttime="20210516 14:40:32.482" endtime="20210516 14:40:32.828"/>
</kw>
<kw name="Thinking And Take Screenshot" library="base" type="TEARDOWN">
<arg>2</arg>
<kw name="Sleep" library="BuiltIn">
<arg>${timeout}</arg>
<doc>Pauses the test executed for the given time.</doc>
<msg timestamp="20210516 14:40:34.831" level="INFO">Slept 2 seconds</msg>
<status status="PASS" starttime="20210516 14:40:32.830" endtime="20210516 14:40:34.831"/>
</kw>
<kw name="Take Screenshot" library="Browser">
<tag>PageContent</tag>
<doc>Takes a screenshot of the current window and saves it to ``path``. Saves it as a png.</doc>
<msg timestamp="20210516 14:40:34.953" level="INFO" html="true">&lt;/td&gt;&lt;/tr&gt;&lt;tr&gt;&lt;td colspan="3"&gt;&lt;a href="browser/screenshot/robotframework-browser-screenshot-3.png"&gt;&lt;img src="browser/screenshot/robotframework-browser-screenshot-3.png" width="800px"&gt;&lt;/a&gt;</msg>
<status status="PASS" starttime="20210516 14:40:34.832" endtime="20210516 14:40:34.953"/>
</kw>
<status status="PASS" starttime="20210516 14:40:32.829" endtime="20210516 14:40:34.954"/>
</kw>
<status status="PASS" starttime="20210516 14:40:31.831" endtime="20210516 14:40:34.954"/>
</test>
<test id="s1-s1-s1-t4" name="Cenario: Email incorreto">
<kw name="Go To Login Pages" library="auth">
<kw name="Go To" library="Browser">
<arg>https://theotokus-bodytest-web.herokuapp.com/</arg>
<tag>BrowserControl</tag>
<tag>Setter</tag>
<doc>Navigates to the given ``url``.</doc>
<msg timestamp="20210516 14:40:35.464" level="INFO">Succesfully opened URL https://theotokus-bodytest-web.herokuapp.com/</msg>
<status status="PASS" starttime="20210516 14:40:34.971" endtime="20210516 14:40:35.465"/>
</kw>
<status status="PASS" starttime="20210516 14:40:34.970" endtime="20210516 14:40:35.465"/>
</kw>
<kw name="Login With" library="auth">
<arg>admin&amp;bodytest.com</arg>
<arg>abc123</arg>
<kw name="Fill Text" library="Browser">
<arg>css=input[name=email]</arg>
<arg>${email}</arg>
<tag>PageContent</tag>
<tag>Setter</tag>
<doc>Clears and fills the given ``text`` into the text field found by ``selector``.</doc>
<msg timestamp="20210516 14:40:35.468" level="INFO">Fills the text 'admin&amp;bodytest.com' in the given field.</msg>
<status status="PASS" starttime="20210516 14:40:35.467" endtime="20210516 14:40:35.509"/>
</kw>
<kw name="Fill Text" library="Browser">
<arg>css=input[name=password]</arg>
<arg>${pass}</arg>
<tag>PageContent</tag>
<tag>Setter</tag>
<doc>Clears and fills the given ``text`` into the text field found by ``selector``.</doc>
<msg timestamp="20210516 14:40:35.511" level="INFO">Fills the text 'abc123' in the given field.</msg>
<status status="PASS" starttime="20210516 14:40:35.510" endtime="20210516 14:40:35.537"/>
</kw>
<kw name="Click" library="Browser">
<arg>text=Entrar</arg>
<tag>PageContent</tag>
<tag>Setter</tag>
<doc>Simulates mouse click on the element found by ``selector``.</doc>
<status status="PASS" starttime="20210516 14:40:35.538" endtime="20210516 14:40:35.613"/>
</kw>
<status status="PASS" starttime="20210516 14:40:35.466" endtime="20210516 14:40:35.614"/>
</kw>
<kw name="Alert Text Should Be" library="components">
<arg>Informe um e-mail válido</arg>
<kw name="Wait For Elements State" library="Browser">
<arg>css=form span &gt;&gt; text=${expect_text}</arg>
<arg>visible</arg>
<arg>5</arg>
<tag>PageContent</tag>
<tag>Wait</tag>
<doc>Waits for the element found by ``selector`` to satisfy state option.</doc>
<msg timestamp="20210516 14:40:35.636" level="INFO">Wait for Element with selector: css=form span &gt;&gt; text=Informe um e-mail válido</msg>
<status status="PASS" starttime="20210516 14:40:35.615" endtime="20210516 14:40:35.636"/>
</kw>
<status status="PASS" starttime="20210516 14:40:35.614" endtime="20210516 14:40:35.636"/>
</kw>
<kw name="Take Screenshot" library="Browser" type="TEARDOWN">
<tag>PageContent</tag>
<doc>Takes a screenshot of the current window and saves it to ``path``. Saves it as a png.</doc>
<msg timestamp="20210516 14:40:35.805" level="INFO" html="true">&lt;/td&gt;&lt;/tr&gt;&lt;tr&gt;&lt;td colspan="3"&gt;&lt;a href="browser/screenshot/robotframework-browser-screenshot-4.png"&gt;&lt;img src="browser/screenshot/robotframework-browser-screenshot-4.png" width="800px"&gt;&lt;/a&gt;</msg>
<status status="PASS" starttime="20210516 14:40:35.637" endtime="20210516 14:40:35.806"/>
</kw>
<status status="PASS" starttime="20210516 14:40:34.961" endtime="20210516 14:40:35.806"/>
</test>
<test id="s1-s1-s1-t5" name="Cenario: Senha não informada">
<kw name="Go To Login Pages" library="auth">
<kw name="Go To" library="Browser">
<arg>https://theotokus-bodytest-web.herokuapp.com/</arg>
<tag>BrowserControl</tag>
<tag>Setter</tag>
<doc>Navigates to the given ``url``.</doc>
<msg timestamp="20210516 14:40:36.312" level="INFO">Succesfully opened URL https://theotokus-bodytest-web.herokuapp.com/</msg>
<status status="PASS" starttime="20210516 14:40:35.823" endtime="20210516 14:40:36.313"/>
</kw>
<status status="PASS" starttime="20210516 14:40:35.823" endtime="20210516 14:40:36.314"/>
</kw>
<kw name="Login With" library="auth">
<arg>admin@bodytest.com</arg>
<arg>${EMPTY}</arg>
<kw name="Fill Text" library="Browser">
<arg>css=input[name=email]</arg>
<arg>${email}</arg>
<tag>PageContent</tag>
<tag>Setter</tag>
<doc>Clears and fills the given ``text`` into the text field found by ``selector``.</doc>
<msg timestamp="20210516 14:40:36.318" level="INFO">Fills the text 'admin@bodytest.com' in the given field.</msg>
<status status="PASS" starttime="20210516 14:40:36.317" endtime="20210516 14:40:36.360"/>
</kw>
<kw name="Fill Text" library="Browser">
<arg>css=input[name=password]</arg>
<arg>${pass}</arg>
<tag>PageContent</tag>
<tag>Setter</tag>
<doc>Clears and fills the given ``text`` into the text field found by ``selector``.</doc>
<msg timestamp="20210516 14:40:36.361" level="INFO">Fills the text '' in the given field.</msg>
<status status="PASS" starttime="20210516 14:40:36.360" endtime="20210516 14:40:36.387"/>
</kw>
<kw name="Click" library="Browser">
<arg>text=Entrar</arg>
<tag>PageContent</tag>
<tag>Setter</tag>
<doc>Simulates mouse click on the element found by ``selector``.</doc>
<status status="PASS" starttime="20210516 14:40:36.387" endtime="20210516 14:40:36.459"/>
</kw>
<status status="PASS" starttime="20210516 14:40:36.314" endtime="20210516 14:40:36.459"/>
</kw>
<kw name="Alert Text Should Be" library="components">
<arg>A senha é obrigatória</arg>
<kw name="Wait For Elements State" library="Browser">
<arg>css=form span &gt;&gt; text=${expect_text}</arg>
<arg>visible</arg>
<arg>5</arg>
<tag>PageContent</tag>
<tag>Wait</tag>
<doc>Waits for the element found by ``selector`` to satisfy state option.</doc>
<msg timestamp="20210516 14:40:36.491" level="INFO">Wait for Element with selector: css=form span &gt;&gt; text=A senha é obrigatória</msg>
<status status="PASS" starttime="20210516 14:40:36.461" endtime="20210516 14:40:36.491"/>
</kw>
<status status="PASS" starttime="20210516 14:40:36.460" endtime="20210516 14:40:36.491"/>
</kw>
<kw name="Take Screenshot" library="Browser" type="TEARDOWN">
<tag>PageContent</tag>
<doc>Takes a screenshot of the current window and saves it to ``path``. Saves it as a png.</doc>
<msg timestamp="20210516 14:40:36.644" level="INFO" html="true">&lt;/td&gt;&lt;/tr&gt;&lt;tr&gt;&lt;td colspan="3"&gt;&lt;a href="browser/screenshot/robotframework-browser-screenshot-5.png"&gt;&lt;img src="browser/screenshot/robotframework-browser-screenshot-5.png" width="800px"&gt;&lt;/a&gt;</msg>
<status status="PASS" starttime="20210516 14:40:36.492" endtime="20210516 14:40:36.644"/>
</kw>
<status status="PASS" starttime="20210516 14:40:35.813" endtime="20210516 14:40:36.645"/>
</test>
<test id="s1-s1-s1-t6" name="Cenario: Email não informado">
<kw name="Go To Login Pages" library="auth">
<kw name="Go To" library="Browser">
<arg>https://theotokus-bodytest-web.herokuapp.com/</arg>
<tag>BrowserControl</tag>
<tag>Setter</tag>
<doc>Navigates to the given ``url``.</doc>
<msg timestamp="20210516 14:40:37.143" level="INFO">Succesfully opened URL https://theotokus-bodytest-web.herokuapp.com/</msg>
<status status="PASS" starttime="20210516 14:40:36.659" endtime="20210516 14:40:37.144"/>
</kw>
<status status="PASS" starttime="20210516 14:40:36.658" endtime="20210516 14:40:37.144"/>
</kw>
<kw name="Login With" library="auth">
<arg>${EMPTY}</arg>
<arg>pwd123</arg>
<kw name="Fill Text" library="Browser">
<arg>css=input[name=email]</arg>
<arg>${email}</arg>
<tag>PageContent</tag>
<tag>Setter</tag>
<doc>Clears and fills the given ``text`` into the text field found by ``selector``.</doc>
<msg timestamp="20210516 14:40:37.148" level="INFO">Fills the text '' in the given field.</msg>
<status status="PASS" starttime="20210516 14:40:37.147" endtime="20210516 14:40:37.185"/>
</kw>
<kw name="Fill Text" library="Browser">
<arg>css=input[name=password]</arg>
<arg>${pass}</arg>
<tag>PageContent</tag>
<tag>Setter</tag>
<doc>Clears and fills the given ``text`` into the text field found by ``selector``.</doc>
<msg timestamp="20210516 14:40:37.185" level="INFO">Fills the text 'pwd123' in the given field.</msg>
<status status="PASS" starttime="20210516 14:40:37.185" endtime="20210516 14:40:37.209"/>
</kw>
<kw name="Click" library="Browser">
<arg>text=Entrar</arg>
<tag>PageContent</tag>
<tag>Setter</tag>
<doc>Simulates mouse click on the element found by ``selector``.</doc>
<status status="PASS" starttime="20210516 14:40:37.209" endtime="20210516 14:40:37.270"/>
</kw>
<status status="PASS" starttime="20210516 14:40:37.145" endtime="20210516 14:40:37.271"/>
</kw>
<kw name="Alert Text Should Be" library="components">
<arg>O e-mail é obrigatório</arg>
<kw name="Wait For Elements State" library="Browser">
<arg>css=form span &gt;&gt; text=${expect_text}</arg>
<arg>visible</arg>
<arg>5</arg>
<tag>PageContent</tag>
<tag>Wait</tag>
<doc>Waits for the element found by ``selector`` to satisfy state option.</doc>
<msg timestamp="20210516 14:40:37.296" level="INFO">Wait for Element with selector: css=form span &gt;&gt; text=O e-mail é obrigatório</msg>
<status status="PASS" starttime="20210516 14:40:37.273" endtime="20210516 14:40:37.297"/>
</kw>
<status status="PASS" starttime="20210516 14:40:37.271" endtime="20210516 14:40:37.297"/>
</kw>
<kw name="Take Screenshot" library="Browser" type="TEARDOWN">
<tag>PageContent</tag>
<doc>Takes a screenshot of the current window and saves it to ``path``. Saves it as a png.</doc>
<msg timestamp="20210516 14:40:37.445" level="INFO" html="true">&lt;/td&gt;&lt;/tr&gt;&lt;tr&gt;&lt;td colspan="3"&gt;&lt;a href="browser/screenshot/robotframework-browser-screenshot-6.png"&gt;&lt;img src="browser/screenshot/robotframework-browser-screenshot-6.png" width="800px"&gt;&lt;/a&gt;</msg>
<status status="PASS" starttime="20210516 14:40:37.298" endtime="20210516 14:40:37.445"/>
</kw>
<status status="PASS" starttime="20210516 14:40:36.651" endtime="20210516 14:40:37.445"/>
</test>
<test id="s1-s1-s1-t7" name="Cenario: Email e Senha não informados">
<kw name="Go To Login Pages" library="auth">
<kw name="Go To" library="Browser">
<arg>https://theotokus-bodytest-web.herokuapp.com/</arg>
<tag>BrowserControl</tag>
<tag>Setter</tag>
<doc>Navigates to the given ``url``.</doc>
<msg timestamp="20210516 14:40:37.968" level="INFO">Succesfully opened URL https://theotokus-bodytest-web.herokuapp.com/</msg>
<status status="PASS" starttime="20210516 14:40:37.460" endtime="20210516 14:40:37.969"/>
</kw>
<status status="PASS" starttime="20210516 14:40:37.458" endtime="20210516 14:40:37.969"/>
</kw>
<kw name="Login With" library="auth">
<arg>${EMPTY}</arg>
<arg>${EMPTY}</arg>
<kw name="Fill Text" library="Browser">
<arg>css=input[name=email]</arg>
<arg>${email}</arg>
<tag>PageContent</tag>
<tag>Setter</tag>
<doc>Clears and fills the given ``text`` into the text field found by ``selector``.</doc>
<msg timestamp="20210516 14:40:37.975" level="INFO">Fills the text '' in the given field.</msg>
<status status="PASS" starttime="20210516 14:40:37.974" endtime="20210516 14:40:38.014"/>
</kw>
<kw name="Fill Text" library="Browser">
<arg>css=input[name=password]</arg>
<arg>${pass}</arg>
<tag>PageContent</tag>
<tag>Setter</tag>
<doc>Clears and fills the given ``text`` into the text field found by ``selector``.</doc>
<msg timestamp="20210516 14:40:38.015" level="INFO">Fills the text '' in the given field.</msg>
<status status="PASS" starttime="20210516 14:40:38.014" endtime="20210516 14:40:38.038"/>
</kw>
<kw name="Click" library="Browser">
<arg>text=Entrar</arg>
<tag>PageContent</tag>
<tag>Setter</tag>
<doc>Simulates mouse click on the element found by ``selector``.</doc>
<status status="PASS" starttime="20210516 14:40:38.038" endtime="20210516 14:40:38.107"/>
</kw>
<status status="PASS" starttime="20210516 14:40:37.970" endtime="20210516 14:40:38.107"/>
</kw>
<kw name="Alert Text Should Be" library="components">
<arg>O e-mail é obrigatório</arg>
<kw name="Wait For Elements State" library="Browser">
<arg>css=form span &gt;&gt; text=${expect_text}</arg>
<arg>visible</arg>
<arg>5</arg>
<tag>PageContent</tag>
<tag>Wait</tag>
<doc>Waits for the element found by ``selector`` to satisfy state option.</doc>
<msg timestamp="20210516 14:40:38.129" level="INFO">Wait for Element with selector: css=form span &gt;&gt; text=O e-mail é obrigatório</msg>
<status status="PASS" starttime="20210516 14:40:38.108" endtime="20210516 14:40:38.129"/>
</kw>
<status status="PASS" starttime="20210516 14:40:38.107" endtime="20210516 14:40:38.130"/>
</kw>
<kw name="Alert Text Should Be" library="components">
<arg>A senha é obrigatória</arg>
<kw name="Wait For Elements State" library="Browser">
<arg>css=form span &gt;&gt; text=${expect_text}</arg>
<arg>visible</arg>
<arg>5</arg>
<tag>PageContent</tag>
<tag>Wait</tag>
<doc>Waits for the element found by ``selector`` to satisfy state option.</doc>
<msg timestamp="20210516 14:40:38.150" level="INFO">Wait for Element with selector: css=form span &gt;&gt; text=A senha é obrigatória</msg>
<status status="PASS" starttime="20210516 14:40:38.131" endtime="20210516 14:40:38.151"/>
</kw>
<status status="PASS" starttime="20210516 14:40:38.130" endtime="20210516 14:40:38.151"/>
</kw>
<kw name="Take Screenshot" library="Browser" type="TEARDOWN">
<tag>PageContent</tag>
<doc>Takes a screenshot of the current window and saves it to ``path``. Saves it as a png.</doc>
<msg timestamp="20210516 14:40:38.276" level="INFO" html="true">&lt;/td&gt;&lt;/tr&gt;&lt;tr&gt;&lt;td colspan="3"&gt;&lt;a href="browser/screenshot/robotframework-browser-screenshot-7.png"&gt;&lt;img src="browser/screenshot/robotframework-browser-screenshot-7.png" width="800px"&gt;&lt;/a&gt;</msg>
<status status="PASS" starttime="20210516 14:40:38.152" endtime="20210516 14:40:38.277"/>
</kw>
<status status="PASS" starttime="20210516 14:40:37.452" endtime="20210516 14:40:38.277"/>
</test>
<doc>Suite de testes de Login do Administrador</doc>
<status status="PASS" starttime="20210516 14:40:22.411" endtime="20210516 14:40:38.284"/>
</suite>
<status status="PASS" starttime="20210516 14:40:22.409" endtime="20210516 14:40:38.339"/>
</suite>
<suite id="s1-s2" name="Plans" source="/home/edson/workspace/courses/qa_ninja/robot_framework/bodytest/tests/plans">
<suite id="s1-s2-s1" name="Create" source="/home/edson/workspace/courses/qa_ninja/robot_framework/bodytest/tests/plans/create.robot">
<kw name="Start Admin Session" library="base" type="SETUP">
<kw name="Start Browser Session" library="base">
<kw name="New Browser" library="Browser">
<arg>chromium</arg>
<arg>true</arg>
<tag>BrowserControl</tag>
<tag>Setter</tag>
<doc>Create a new playwright Browser with specified options.
See `Browser, Context and Page` for more information about Browser and related concepts.</doc>
<msg timestamp="20210516 14:40:38.370" level="INFO">{"browser": "chromium", "headless": true, "handleSIGINT": true, "handleSIGTERM": true, "handleSIGHUP": true, "timeout": 30000.0, "devtools": false, "slowMo": 0.0}</msg>
<msg timestamp="20210516 14:40:38.553" level="INFO">Successfully created browser with options: {"browser":"chromium","headless":true,"handleSIGINT":true,"handleSIGTERM":true,"handleSIGHUP":true,"timeout":30000,"devtools":false,"slowMo":0}</msg>
<status status="PASS" starttime="20210516 14:40:38.369" endtime="20210516 14:40:38.553"/>
</kw>
<kw name="New Page" library="Browser">
<arg>about:blank</arg>
<tag>BrowserControl</tag>
<tag>Setter</tag>
<doc>Open a new Page. A Page is the Playwright equivalent to a tab.
See `Browser, Context and Page` for more information about Page concept.
Returns a stable identifier for the created page.</doc>
<msg timestamp="20210516 14:40:38.641" level="INFO">Successfully initialized new page object and opened url: about:blank</msg>
<status status="PASS" starttime="20210516 14:40:38.554" endtime="20210516 14:40:38.642"/>
</kw>
<status status="PASS" starttime="20210516 14:40:38.369" endtime="20210516 14:40:38.642"/>
</kw>
<kw name="Go To Login Pages" library="auth">
<kw name="Go To" library="Browser">
<arg>https://theotokus-bodytest-web.herokuapp.com/</arg>
<tag>BrowserControl</tag>
<tag>Setter</tag>
<doc>Navigates to the given ``url``.</doc>
<msg timestamp="20210516 14:40:40.467" level="INFO">Succesfully opened URL https://theotokus-bodytest-web.herokuapp.com/</msg>
<status status="PASS" starttime="20210516 14:40:38.643" endtime="20210516 14:40:40.468"/>
</kw>
<status status="PASS" starttime="20210516 14:40:38.643" endtime="20210516 14:40:40.468"/>
</kw>
<kw name="Login With" library="auth">
<arg>admin@bodytest.com</arg>
<arg>pwd123</arg>
<kw name="Fill Text" library="Browser">
<arg>css=input[name=email]</arg>
<arg>${email}</arg>
<tag>PageContent</tag>
<tag>Setter</tag>
<doc>Clears and fills the given ``text`` into the text field found by ``selector``.</doc>
<msg timestamp="20210516 14:40:40.471" level="INFO">Fills the text 'admin@bodytest.com' in the given field.</msg>
<status status="PASS" starttime="20210516 14:40:40.470" endtime="20210516 14:40:40.531"/>
</kw>
<kw name="Fill Text" library="Browser">
<arg>css=input[name=password]</arg>
<arg>${pass}</arg>
<tag>PageContent</tag>
<tag>Setter</tag>
<doc>Clears and fills the given ``text`` into the text field found by ``selector``.</doc>
<msg timestamp="20210516 14:40:40.532" level="INFO">Fills the text 'pwd123' in the given field.</msg>
<status status="PASS" starttime="20210516 14:40:40.531" endtime="20210516 14:40:40.559"/>
</kw>
<kw name="Click" library="Browser">
<arg>text=Entrar</arg>
<tag>PageContent</tag>
<tag>Setter</tag>
<doc>Simulates mouse click on the element found by ``selector``.</doc>
<status status="PASS" starttime="20210516 14:40:40.559" endtime="20210516 14:40:40.639"/>
</kw>
<status status="PASS" starttime="20210516 14:40:40.469" endtime="20210516 14:40:40.639"/>
</kw>
<kw name="User Should Be Logged In" library="nav">
<arg>Administrador</arg>
<kw name="Get Text" library="Browser">
<arg>css=aside strong</arg>
<arg>should be</arg>
<arg>${user_name}</arg>
<tag>Assertion</tag>
<tag>Getter</tag>
<tag>PageContent</tag>
<doc>Returns text attribute of the element found by ``selector``.
See the `Finding elements` section for details about the selectors.</doc>
<status status="PASS" starttime="20210516 14:40:40.640" endtime="20210516 14:40:41.540"/>
</kw>
<status status="PASS" starttime="20210516 14:40:40.640" endtime="20210516 14:40:41.541"/>
</kw>
<status status="PASS" starttime="20210516 14:40:38.368" endtime="20210516 14:40:41.541"/>
</kw>
<test id="s1-s2-s1-t1" name="Cenario: Calcular Preço Total do Plano">
<kw name="Create Dictionary" library="BuiltIn">
<var>&amp;{plan}</var>
<arg>title=Edson Teste</arg>
<arg>duration=12</arg>
<arg>price=19,99</arg>
<arg>total=R$ 239,88</arg>
<doc>Creates and returns a dictionary based on the given ``items``.</doc>
<msg timestamp="20210516 14:40:41.561" level="INFO">&amp;{plan} = { title=Edson Teste | duration=12 | price=19,99 | total=R$ 239,88 }</msg>
<status status="PASS" starttime="20210516 14:40:41.560" endtime="20210516 14:40:41.561"/>
</kw>
<kw name="Go To Plans" library="nav">
<kw name="Click" library="Browser">
<arg>css=a[href$=planos]</arg>
<tag>PageContent</tag>
<tag>Setter</tag>
<doc>Simulates mouse click on the element found by ``selector``.</doc>
<status status="PASS" starttime="20210516 14:40:41.562" endtime="20210516 14:40:41.672"/>
</kw>
<kw name="Wait For Elements State" library="Browser">
<arg>css=h1 &gt;&gt; text=Gestão de Planos</arg>
<arg>visible</arg>
<arg>5</arg>
<tag>PageContent</tag>
<tag>Wait</tag>
<doc>Waits for the element found by ``selector`` to satisfy state option.</doc>
<msg timestamp="20210516 14:40:41.690" level="INFO">Wait for Element with selector: css=h1 &gt;&gt; text=Gestão de Planos</msg>
<status status="PASS" starttime="20210516 14:40:41.672" endtime="20210516 14:40:41.691"/>
</kw>
<status status="PASS" starttime="20210516 14:40:41.562" endtime="20210516 14:40:41.691"/>
</kw>
<kw name="Go To Form Plan" library="plans">
<kw name="Click" library="Browser">
<arg>css=a[href$="planos/new"]</arg>
<tag>PageContent</tag>
<tag>Setter</tag>
<doc>Simulates mouse click on the element found by ``selector``.</doc>
<status status="PASS" starttime="20210516 14:40:41.692" endtime="20210516 14:40:41.824"/>
</kw>
<kw name="Wait For Elements State" library="Browser">
<arg>css=h1 &gt;&gt; text=Novo plano</arg>
<arg>visible</arg>
<arg>5</arg>
<tag>PageContent</tag>
<tag>Wait</tag>
<doc>Waits for the element found by ``selector`` to satisfy state option.</doc>
<msg timestamp="20210516 14:40:41.838" level="INFO">Wait for Element with selector: css=h1 &gt;&gt; text=Novo plano</msg>
<status status="PASS" starttime="20210516 14:40:41.824" endtime="20210516 14:40:41.839"/>
</kw>
<status status="PASS" starttime="20210516 14:40:41.692" endtime="20210516 14:40:41.839"/>
</kw>
<kw name="Fill Plan Forms" library="plans">
<arg>${plan}</arg>
<kw name="Fill Text" library="Browser">
<arg>${TITLE_FIELD}</arg>
<arg>${plan.title}</arg>
<tag>PageContent</tag>
<tag>Setter</tag>
<doc>Clears and fills the given ``text`` into the text field found by ``selector``.</doc>
<msg timestamp="20210516 14:40:41.842" level="INFO">Fills the text 'Edson Teste' in the given field.</msg>
<status status="PASS" starttime="20210516 14:40:41.841" endtime="20210516 14:40:41.877"/>
</kw>
<kw name="Fill Text" library="Browser">
<arg>${DURATION_FIELD}</arg>
<arg>${plan.duration}</arg>
<tag>PageContent</tag>
<tag>Setter</tag>
<doc>Clears and fills the given ``text`` into the text field found by ``selector``.</doc>
<msg timestamp="20210516 14:40:41.878" level="INFO">Fills the text '12' in the given field.</msg>
<status status="PASS" starttime="20210516 14:40:41.877" endtime="20210516 14:40:41.915"/>
</kw>
<kw name="Fill Text" library="Browser">
<arg>${PRICE_FIELD}</arg>
<arg>${plan.price}</arg>
<tag>PageContent</tag>
<tag>Setter</tag>
<doc>Clears and fills the given ``text`` into the text field found by ``selector``.</doc>
<msg timestamp="20210516 14:40:41.918" level="INFO">Fills the text '19,99' in the given field.</msg>
<status status="PASS" starttime="20210516 14:40:41.916" endtime="20210516 14:40:41.954"/>
</kw>
<status status="PASS" starttime="20210516 14:40:41.839" endtime="20210516 14:40:41.954"/>
</kw>
<kw name="Total Plan Should Be" library="plans">
<arg>${plan.total}</arg>
<kw name="Get Attribute" library="Browser">
<arg>${TOTAL_FIELD}</arg>
<arg>value</arg>
<arg>==</arg>
<arg>${total}</arg>
<tag>Assertion</tag>
<tag>Getter</tag>
<tag>PageContent</tag>
<doc>Returns the HTML ``attribute`` of the element found by ``selector``.</doc>
<status status="PASS" starttime="20210516 14:40:41.957" endtime="20210516 14:40:41.987"/>
</kw>
<status status="PASS" starttime="20210516 14:40:41.955" endtime="20210516 14:40:41.988"/>
</kw>
<kw name="Take Screenshot" library="Browser" type="TEARDOWN">
<tag>PageContent</tag>
<doc>Takes a screenshot of the current window and saves it to ``path``. Saves it as a png.</doc>
<msg timestamp="20210516 14:40:42.149" level="INFO" html="true">&lt;/td&gt;&lt;/tr&gt;&lt;tr&gt;&lt;td colspan="3"&gt;&lt;a href="browser/screenshot/robotframework-browser-screenshot-8.png"&gt;&lt;img src="browser/screenshot/robotframework-browser-screenshot-8.png" width="800px"&gt;&lt;/a&gt;</msg>
<status status="PASS" starttime="20210516 14:40:41.989" endtime="20210516 14:40:42.149"/>
</kw>
<status status="PASS" starttime="20210516 14:40:41.542" endtime="20210516 14:40:42.149"/>
</test>
<test id="s1-s2-s1-t2" name="Cenario: Novo Plano">
<kw name="Create Dictionary" library="BuiltIn">
<var>&amp;{plan}</var>
<arg>title=Edson Teste</arg>
<arg>duration=12</arg>
<arg>price=19,99</arg>
<arg>total=R$ 239,88</arg>
<doc>Creates and returns a dictionary based on the given ``items``.</doc>
<msg timestamp="20210516 14:40:42.164" level="INFO">&amp;{plan} = { title=Edson Teste | duration=12 | price=19,99 | total=R$ 239,88 }</msg>
<status status="PASS" starttime="20210516 14:40:42.163" endtime="20210516 14:40:42.164"/>
</kw>
<kw name="Go To Plans" library="nav">
<kw name="Click" library="Browser">
<arg>css=a[href$=planos]</arg>
<tag>PageContent</tag>
<tag>Setter</tag>
<doc>Simulates mouse click on the element found by ``selector``.</doc>
<status status="PASS" starttime="20210516 14:40:42.166" endtime="20210516 14:40:42.257"/>
</kw>
<kw name="Wait For Elements State" library="Browser">
<arg>css=h1 &gt;&gt; text=Gestão de Planos</arg>
<arg>visible</arg>
<arg>5</arg>
<tag>PageContent</tag>
<tag>Wait</tag>
<doc>Waits for the element found by ``selector`` to satisfy state option.</doc>
<msg timestamp="20210516 14:40:42.273" level="INFO">Wait for Element with selector: css=h1 &gt;&gt; text=Gestão de Planos</msg>
<status status="PASS" starttime="20210516 14:40:42.257" endtime="20210516 14:40:42.273"/>
</kw>
<status status="PASS" starttime="20210516 14:40:42.165" endtime="20210516 14:40:42.274"/>
</kw>
<kw name="Go To Form Plan" library="plans">
<kw name="Click" library="Browser">
<arg>css=a[href$="planos/new"]</arg>
<tag>PageContent</tag>
<tag>Setter</tag>
<doc>Simulates mouse click on the element found by ``selector``.</doc>
<status status="PASS" starttime="20210516 14:40:42.275" endtime="20210516 14:40:42.350"/>
</kw>
<kw name="Wait For Elements State" library="Browser">
<arg>css=h1 &gt;&gt; text=Novo plano</arg>
<arg>visible</arg>
<arg>5</arg>
<tag>PageContent</tag>
<tag>Wait</tag>
<doc>Waits for the element found by ``selector`` to satisfy state option.</doc>
<msg timestamp="20210516 14:40:42.363" level="INFO">Wait for Element with selector: css=h1 &gt;&gt; text=Novo plano</msg>
<status status="PASS" starttime="20210516 14:40:42.351" endtime="20210516 14:40:42.364"/>
</kw>
<status status="PASS" starttime="20210516 14:40:42.274" endtime="20210516 14:40:42.364"/>
</kw>
<kw name="Fill Plan Forms" library="plans">
<arg>${plan}</arg>
<kw name="Fill Text" library="Browser">
<arg>${TITLE_FIELD}</arg>
<arg>${plan.title}</arg>
<tag>PageContent</tag>
<tag>Setter</tag>
<doc>Clears and fills the given ``text`` into the text field found by ``selector``.</doc>
<msg timestamp="20210516 14:40:42.367" level="INFO">Fills the text 'Edson Teste' in the given field.</msg>
<status status="PASS" starttime="20210516 14:40:42.365" endtime="20210516 14:40:42.400"/>
</kw>
<kw name="Fill Text" library="Browser">
<arg>${DURATION_FIELD}</arg>
<arg>${plan.duration}</arg>
<tag>PageContent</tag>
<tag>Setter</tag>
<doc>Clears and fills the given ``text`` into the text field found by ``selector``.</doc>
<msg timestamp="20210516 14:40:42.402" level="INFO">Fills the text '12' in the given field.</msg>
<status status="PASS" starttime="20210516 14:40:42.400" endtime="20210516 14:40:42.436"/>
</kw>
<kw name="Fill Text" library="Browser">
<arg>${PRICE_FIELD}</arg>
<arg>${plan.price}</arg>
<tag>PageContent</tag>
<tag>Setter</tag>
<doc>Clears and fills the given ``text`` into the text field found by ``selector``.</doc>
<msg timestamp="20210516 14:40:42.439" level="INFO">Fills the text '19,99' in the given field.</msg>
<status status="PASS" starttime="20210516 14:40:42.436" endtime="20210516 14:40:42.474"/>
</kw>
<status status="PASS" starttime="20210516 14:40:42.364" endtime="20210516 14:40:42.474"/>
</kw>
<kw name="Submit Plan Form" library="plans">
<kw name="Click" library="Browser">
<arg>xpath=//button[contains(text(), "Salvar")]</arg>
<tag>PageContent</tag>
<tag>Setter</tag>
<doc>Simulates mouse click on the element found by ``selector``.</doc>
<status status="PASS" starttime="20210516 14:40:42.476" endtime="20210516 14:40:42.535"/>
</kw>
<status status="PASS" starttime="20210516 14:40:42.475" endtime="20210516 14:40:42.535"/>
</kw>
<kw name="Toaster Text Should Be" library="components">
<arg>Plano cadastrado com sucesso</arg>
<kw name="Wait For Elements State" library="Browser">
<arg>css=.Toastify__toast-body &gt;&gt; text=${expect_text}</arg>
<arg>visible</arg>
<arg>5</arg>
<tag>PageContent</tag>
<tag>Wait</tag>
<doc>Waits for the element found by ``selector`` to satisfy state option.</doc>
<msg timestamp="20210516 14:40:42.995" level="INFO">Wait for Element with selector: css=.Toastify__toast-body &gt;&gt; text=Plano cadastrado com sucesso</msg>
<status status="PASS" starttime="20210516 14:40:42.537" endtime="20210516 14:40:42.996"/>
</kw>
<status status="PASS" starttime="20210516 14:40:42.536" endtime="20210516 14:40:42.996"/>
</kw>
<kw name="Thinking And Take Screenshot" library="base" type="TEARDOWN">
<arg>2</arg>
<kw name="Sleep" library="BuiltIn">
<arg>${timeout}</arg>
<doc>Pauses the test executed for the given time.</doc>
<msg timestamp="20210516 14:40:44.999" level="INFO">Slept 2 seconds</msg>
<status status="PASS" starttime="20210516 14:40:42.998" endtime="20210516 14:40:44.999"/>
</kw>
<kw name="Take Screenshot" library="Browser">
<tag>PageContent</tag>
<doc>Takes a screenshot of the current window and saves it to ``path``. Saves it as a png.</doc>
<msg timestamp="20210516 14:40:45.125" level="INFO" html="true">&lt;/td&gt;&lt;/tr&gt;&lt;tr&gt;&lt;td colspan="3"&gt;&lt;a href="browser/screenshot/robotframework-browser-screenshot-9.png"&gt;&lt;img src="browser/screenshot/robotframework-browser-screenshot-9.png" width="800px"&gt;&lt;/a&gt;</msg>
<status status="PASS" starttime="20210516 14:40:45.000" endtime="20210516 14:40:45.125"/>
</kw>
<status status="PASS" starttime="20210516 14:40:42.997" endtime="20210516 14:40:45.125"/>
</kw>
<status status="PASS" starttime="20210516 14:40:42.156" endtime="20210516 14:40:45.126"/>
</test>
<test id="s1-s2-s1-t3" name="Cenario: Campos Título e Duração devem ser obrigatoriios">
<kw name="Set Variable" library="BuiltIn">
<var>@{expected_alerts}</var>
<arg>Informe o título do plano</arg>
<arg>Informe a duração do plano em meses</arg>
<doc>Returns the given values which can then be assigned to a variables.</doc>
<msg timestamp="20210516 14:40:45.142" level="INFO">@{expected_alerts} = [ Informe o título do plano | Informe a duração do plano em meses ]</msg>
<status status="PASS" starttime="20210516 14:40:45.141" endtime="20210516 14:40:45.142"/>
</kw>
<kw name="Create List" library="BuiltIn">
<var>@{got_alerts}</var>
<doc>Returns a list containing given items.</doc>
<msg timestamp="20210516 14:40:45.143" level="INFO">@{got_alerts} = [ ]</msg>
<status status="PASS" starttime="20210516 14:40:45.142" endtime="20210516 14:40:45.143"/>
</kw>
<kw name="Go To Plans" library="nav">
<kw name="Click" library="Browser">
<arg>css=a[href$=planos]</arg>
<tag>PageContent</tag>
<tag>Setter</tag>
<doc>Simulates mouse click on the element found by ``selector``.</doc>
<status status="PASS" starttime="20210516 14:40:45.144" endtime="20210516 14:40:45.226"/>
</kw>
<kw name="Wait For Elements State" library="Browser">
<arg>css=h1 &gt;&gt; text=Gestão de Planos</arg>
<arg>visible</arg>
<arg>5</arg>
<tag>PageContent</tag>
<tag>Wait</tag>
<doc>Waits for the element found by ``selector`` to satisfy state option.</doc>
<msg timestamp="20210516 14:40:45.239" level="INFO">Wait for Element with selector: css=h1 &gt;&gt; text=Gestão de Planos</msg>
<status status="PASS" starttime="20210516 14:40:45.226" endtime="20210516 14:40:45.239"/>
</kw>
<status status="PASS" starttime="20210516 14:40:45.144" endtime="20210516 14:40:45.239"/>
</kw>
<kw name="Go To Form Plan" library="plans">
<kw name="Click" library="Browser">
<arg>css=a[href$="planos/new"]</arg>
<tag>PageContent</tag>
<tag>Setter</tag>
<doc>Simulates mouse click on the element found by ``selector``.</doc>
<status status="PASS" starttime="20210516 14:40:45.240" endtime="20210516 14:40:45.318"/>
</kw>
<kw name="Wait For Elements State" library="Browser">
<arg>css=h1 &gt;&gt; text=Novo plano</arg>
<arg>visible</arg>
<arg>5</arg>
<tag>PageContent</tag>
<tag>Wait</tag>
<doc>Waits for the element found by ``selector`` to satisfy state option.</doc>
<msg timestamp="20210516 14:40:45.340" level="INFO">Wait for Element with selector: css=h1 &gt;&gt; text=Novo plano</msg>
<status status="PASS" starttime="20210516 14:40:45.319" endtime="20210516 14:40:45.340"/>
</kw>
<status status="PASS" starttime="20210516 14:40:45.240" endtime="20210516 14:40:45.340"/>
</kw>
<kw name="Submit Plan Form" library="plans">
<kw name="Click" library="Browser">
<arg>xpath=//button[contains(text(), "Salvar")]</arg>
<tag>PageContent</tag>
<tag>Setter</tag>
<doc>Simulates mouse click on the element found by ``selector``.</doc>
<status status="PASS" starttime="20210516 14:40:45.342" endtime="20210516 14:40:45.407"/>
</kw>
<status status="PASS" starttime="20210516 14:40:45.341" endtime="20210516 14:40:45.407"/>
</kw>
<for flavor="IN RANGE">
<var>${index}</var>
<value>1</value>
<value>3</value>
<iter>
<var name="${index}">1</var>
<kw name="Get Required Alerts" library="components">
<var>${span}</var>
<arg>${index}</arg>
<kw name="Get Text" library="Browser">
<var>${span}</var>
<arg>xpath=(//form//span)[${index}]</arg>
<tag>Assertion</tag>
<tag>Getter</tag>
<tag>PageContent</tag>
<doc>Returns text attribute of the element found by ``selector``.
See the `Finding elements` section for details about the selectors.</doc>
<msg timestamp="20210516 14:40:45.439" level="INFO">${span} = Informe o título do plano</msg>
<status status="PASS" starttime="20210516 14:40:45.409" endtime="20210516 14:40:45.439"/>
</kw>
<msg timestamp="20210516 14:40:45.440" level="INFO">${span} = Informe o título do plano</msg>
<status status="PASS" starttime="20210516 14:40:45.408" endtime="20210516 14:40:45.440"/>
</kw>
<kw name="Append To List" library="Collections">
<arg>${got_alerts}</arg>
<arg>${span}</arg>
<doc>Adds ``values`` to the end of ``list``.</doc>
<status status="PASS" starttime="20210516 14:40:45.440" endtime="20210516 14:40:45.441"/>
</kw>
<status status="PASS" starttime="20210516 14:40:45.408" endtime="20210516 14:40:45.441"/>
</iter>
<iter>
<var name="${index}">2</var>
<kw name="Get Required Alerts" library="components">
<var>${span}</var>
<arg>${index}</arg>
<kw name="Get Text" library="Browser">
<var>${span}</var>
<arg>xpath=(//form//span)[${index}]</arg>
<tag>Assertion</tag>
<tag>Getter</tag>
<tag>PageContent</tag>
<doc>Returns text attribute of the element found by ``selector``.
See the `Finding elements` section for details about the selectors.</doc>
<msg timestamp="20210516 14:40:45.471" level="INFO">${span} = Informe a duração do plano em meses</msg>
<status status="PASS" starttime="20210516 14:40:45.443" endtime="20210516 14:40:45.471"/>
</kw>
<msg timestamp="20210516 14:40:45.472" level="INFO">${span} = Informe a duração do plano em meses</msg>
<status status="PASS" starttime="20210516 14:40:45.442" endtime="20210516 14:40:45.472"/>
</kw>
<kw name="Append To List" library="Collections">
<arg>${got_alerts}</arg>
<arg>${span}</arg>
<doc>Adds ``values`` to the end of ``list``.</doc>
<status status="PASS" starttime="20210516 14:40:45.472" endtime="20210516 14:40:45.472"/>
</kw>
<status status="PASS" starttime="20210516 14:40:45.441" endtime="20210516 14:40:45.473"/>
</iter>
<status status="PASS" starttime="20210516 14:40:45.407" endtime="20210516 14:40:45.473"/>
</for>
<kw name="Log" library="BuiltIn">
<arg>${expected_alerts}</arg>
<doc>Logs the given message with the given level.</doc>
<msg timestamp="20210516 14:40:45.473" level="INFO">['Informe o título do plano', 'Informe a duração do plano em meses']</msg>
<status status="PASS" starttime="20210516 14:40:45.473" endtime="20210516 14:40:45.473"/>
</kw>
<kw name="Log" library="BuiltIn">
<arg>${got_alerts}</arg>
<doc>Logs the given message with the given level.</doc>
<msg timestamp="20210516 14:40:45.474" level="INFO">['Informe o título do plano', 'Informe a duração do plano em meses']</msg>
<status status="PASS" starttime="20210516 14:40:45.474" endtime="20210516 14:40:45.474"/>
</kw>
<kw name="Lists Should Be Equal" library="Collections">
<arg>${expected_alerts}</arg>
<arg>${got_alerts}</arg>
<doc>Fails if given lists are unequal.</doc>
<status status="PASS" starttime="20210516 14:40:45.475" endtime="20210516 14:40:45.475"/>
</kw>
<kw name="Take Screenshot" library="Browser" type="TEARDOWN">
<tag>PageContent</tag>
<doc>Takes a screenshot of the current window and saves it to ``path``. Saves it as a png.</doc>
<msg timestamp="20210516 14:40:45.653" level="INFO" html="true">&lt;/td&gt;&lt;/tr&gt;&lt;tr&gt;&lt;td colspan="3"&gt;&lt;a href="browser/screenshot/robotframework-browser-screenshot-10.png"&gt;&lt;img src="browser/screenshot/robotframework-browser-screenshot-10.png" width="800px"&gt;&lt;/a&gt;</msg>
<status status="PASS" starttime="20210516 14:40:45.476" endtime="20210516 14:40:45.653"/>
</kw>
<status status="PASS" starttime="20210516 14:40:45.133" endtime="20210516 14:40:45.653"/>
</test>
<test id="s1-s2-s1-t4" name="Cenario: A duração deve ser no mínimo 1 mês">
<kw name="Create Dictionary" library="BuiltIn">
<var>&amp;{plan}</var>
<arg>title=Edson Teste</arg>
<arg>duration=0</arg>
<arg>price=19,99</arg>
<arg>total=R$ 239,88</arg>
<doc>Creates and returns a dictionary based on the given ``items``.</doc>
<msg timestamp="20210516 14:40:45.671" level="INFO">&amp;{plan} = { title=Edson Teste | duration=0 | price=19,99 | total=R$ 239,88 }</msg>
<status status="PASS" starttime="20210516 14:40:45.670" endtime="20210516 14:40:45.671"/>
</kw>
<kw name="Go To Plans" library="nav">
<kw name="Click" library="Browser">
<arg>css=a[href$=planos]</arg>
<tag>PageContent</tag>
<tag>Setter</tag>
<doc>Simulates mouse click on the element found by ``selector``.</doc>
<status status="PASS" starttime="20210516 14:40:45.672" endtime="20210516 14:40:45.760"/>
</kw>
<kw name="Wait For Elements State" library="Browser">
<arg>css=h1 &gt;&gt; text=Gestão de Planos</arg>
<arg>visible</arg>
<arg>5</arg>
<tag>PageContent</tag>
<tag>Wait</tag>
<doc>Waits for the element found by ``selector`` to satisfy state option.</doc>
<msg timestamp="20210516 14:40:45.775" level="INFO">Wait for Element with selector: css=h1 &gt;&gt; text=Gestão de Planos</msg>
<status status="PASS" starttime="20210516 14:40:45.761" endtime="20210516 14:40:45.775"/>
</kw>
<status status="PASS" starttime="20210516 14:40:45.671" endtime="20210516 14:40:45.776"/>
</kw>
<kw name="Go To Form Plan" library="plans">
<kw name="Click" library="Browser">
<arg>css=a[href$="planos/new"]</arg>
<tag>PageContent</tag>
<tag>Setter</tag>
<doc>Simulates mouse click on the element found by ``selector``.</doc>
<status status="PASS" starttime="20210516 14:40:45.777" endtime="20210516 14:40:45.855"/>
</kw>
<kw name="Wait For Elements State" library="Browser">
<arg>css=h1 &gt;&gt; text=Novo plano</arg>
<arg>visible</arg>
<arg>5</arg>
<tag>PageContent</tag>
<tag>Wait</tag>
<doc>Waits for the element found by ``selector`` to satisfy state option.</doc>
<msg timestamp="20210516 14:40:45.873" level="INFO">Wait for Element with selector: css=h1 &gt;&gt; text=Novo plano</msg>
<status status="PASS" starttime="20210516 14:40:45.856" endtime="20210516 14:40:45.874"/>
</kw>
<status status="PASS" starttime="20210516 14:40:45.776" endtime="20210516 14:40:45.874"/>
</kw>
<kw name="Fill Plan Forms" library="plans">
<arg>${plan}</arg>
<kw name="Fill Text" library="Browser">
<arg>${TITLE_FIELD}</arg>
<arg>${plan.title}</arg>
<tag>PageContent</tag>
<tag>Setter</tag>
<doc>Clears and fills the given ``text`` into the text field found by ``selector``.</doc>
<msg timestamp="20210516 14:40:45.877" level="INFO">Fills the text 'Edson Teste' in the given field.</msg>
<status status="PASS" starttime="20210516 14:40:45.875" endtime="20210516 14:40:45.900"/>
</kw>
<kw name="Fill Text" library="Browser">
<arg>${DURATION_FIELD}</arg>
<arg>${plan.duration}</arg>
<tag>PageContent</tag>
<tag>Setter</tag>
<doc>Clears and fills the given ``text`` into the text field found by ``selector``.</doc>
<msg timestamp="20210516 14:40:45.902" level="INFO">Fills the text '0' in the given field.</msg>
<status status="PASS" starttime="20210516 14:40:45.901" endtime="20210516 14:40:45.938"/>
</kw>
<kw name="Fill Text" library="Browser">
<arg>${PRICE_FIELD}</arg>
<arg>${plan.price}</arg>
<tag>PageContent</tag>
<tag>Setter</tag>
<doc>Clears and fills the given ``text`` into the text field found by ``selector``.</doc>
<msg timestamp="20210516 14:40:45.941" level="INFO">Fills the text '19,99' in the given field.</msg>
<status status="PASS" starttime="20210516 14:40:45.939" endtime="20210516 14:40:45.970"/>
</kw>
<status status="PASS" starttime="20210516 14:40:45.874" endtime="20210516 14:40:45.970"/>
</kw>
<kw name="Submit Plan Form" library="plans">
<kw name="Click" library="Browser">
<arg>xpath=//button[contains(text(), "Salvar")]</arg>
<tag>PageContent</tag>
<tag>Setter</tag>
<doc>Simulates mouse click on the element found by ``selector``.</doc>
<status status="PASS" starttime="20210516 14:40:45.972" endtime="20210516 14:40:46.043"/>
</kw>
<status status="PASS" starttime="20210516 14:40:45.971" endtime="20210516 14:40:46.044"/>
</kw>
<kw name="Alert Text Should Be" library="components">
<arg>A duração dever ser no mínimo 1 mês</arg>
<kw name="Wait For Elements State" library="Browser">
<arg>css=form span &gt;&gt; text=${expect_text}</arg>
<arg>visible</arg>
<arg>5</arg>
<tag>PageContent</tag>
<tag>Wait</tag>
<doc>Waits for the element found by ``selector`` to satisfy state option.</doc>
<msg timestamp="20210516 14:40:46.061" level="INFO">Wait for Element with selector: css=form span &gt;&gt; text=A duração dever ser no mínimo 1 mês</msg>
<status status="PASS" starttime="20210516 14:40:46.046" endtime="20210516 14:40:46.061"/>
</kw>
<status status="PASS" starttime="20210516 14:40:46.045" endtime="20210516 14:40:46.062"/>
</kw>
<kw name="Take Screenshot" library="Browser" type="TEARDOWN">
<tag>PageContent</tag>
<doc>Takes a screenshot of the current window and saves it to ``path``. Saves it as a png.</doc>
<msg timestamp="20210516 14:40:46.247" level="INFO" html="true">&lt;/td&gt;&lt;/tr&gt;&lt;tr&gt;&lt;td colspan="3"&gt;&lt;a href="browser/screenshot/robotframework-browser-screenshot-11.png"&gt;&lt;img src="browser/screenshot/robotframework-browser-screenshot-11.png" width="800px"&gt;&lt;/a&gt;</msg>
<status status="PASS" starttime="20210516 14:40:46.063" endtime="20210516 14:40:46.247"/>
</kw>
<status status="PASS" starttime="20210516 14:40:45.663" endtime="20210516 14:40:46.247"/>
</test>
<doc>Cadastro de Planos</doc>
<status status="PASS" starttime="20210516 14:40:38.353" endtime="20210516 14:40:46.254"/>
</suite>
<suite id="s1-s2-s2" name="Remove" source="/home/edson/workspace/courses/qa_ninja/robot_framework/bodytest/tests/plans/remove.robot">
<test id="s1-s2-s2-t1" name="Cenario: Remover plano cadastrado">
<kw name="Start Admin Session" library="base" type="SETUP">
<kw name="Start Browser Session" library="base">
<kw name="New Browser" library="Browser">
<arg>chromium</arg>
<arg>true</arg>
<tag>BrowserControl</tag>
<tag>Setter</tag>
<doc>Create a new playwright Browser with specified options.
See `Browser, Context and Page` for more information about Browser and related concepts.</doc>
<msg timestamp="20210516 14:40:46.356" level="INFO">{"browser": "chromium", "headless": true, "handleSIGINT": true, "handleSIGTERM": true, "handleSIGHUP": true, "timeout": 30000.0, "devtools": false, "slowMo": 0.0}</msg>
<msg timestamp="20210516 14:40:46.522" level="INFO">Successfully created browser with options: {"browser":"chromium","headless":true,"handleSIGINT":true,"handleSIGTERM":true,"handleSIGHUP":true,"timeout":30000,"devtools":false,"slowMo":0}</msg>
<status status="PASS" starttime="20210516 14:40:46.355" endtime="20210516 14:40:46.522"/>
</kw>
<kw name="New Page" library="Browser">
<arg>about:blank</arg>
<tag>BrowserControl</tag>
<tag>Setter</tag>
<doc>Open a new Page. A Page is the Playwright equivalent to a tab.
See `Browser, Context and Page` for more information about Page concept.
Returns a stable identifier for the created page.</doc>
<msg timestamp="20210516 14:40:46.654" level="INFO">Successfully initialized new page object and opened url: about:blank</msg>
<status status="PASS" starttime="20210516 14:40:46.523" endtime="20210516 14:40:46.655"/>
</kw>
<status status="PASS" starttime="20210516 14:40:46.355" endtime="20210516 14:40:46.655"/>
</kw>
<kw name="Go To Login Pages" library="auth">
<kw name="Go To" library="Browser">
<arg>https://theotokus-bodytest-web.herokuapp.com/</arg>
<tag>BrowserControl</tag>
<tag>Setter</tag>
<doc>Navigates to the given ``url``.</doc>
<msg timestamp="20210516 14:40:48.469" level="INFO">Succesfully opened URL https://theotokus-bodytest-web.herokuapp.com/</msg>
<status status="PASS" starttime="20210516 14:40:46.656" endtime="20210516 14:40:48.469"/>
</kw>
<status status="PASS" starttime="20210516 14:40:46.656" endtime="20210516 14:40:48.470"/>
</kw>
<kw name="Login With" library="auth">
<arg>admin@bodytest.com</arg>
<arg>pwd123</arg>
<kw name="Fill Text" library="Browser">
<arg>css=input[name=email]</arg>
<arg>${email}</arg>
<tag>PageContent</tag>
<tag>Setter</tag>
<doc>Clears and fills the given ``text`` into the text field found by ``selector``.</doc>
<msg timestamp="20210516 14:40:48.472" level="INFO">Fills the text 'admin@bodytest.com' in the given field.</msg>
<status status="PASS" starttime="20210516 14:40:48.471" endtime="20210516 14:40:48.527"/>
</kw>
<kw name="Fill Text" library="Browser">
<arg>css=input[name=password]</arg>
<arg>${pass}</arg>
<tag>PageContent</tag>
<tag>Setter</tag>
<doc>Clears and fills the given ``text`` into the text field found by ``selector``.</doc>
<msg timestamp="20210516 14:40:48.528" level="INFO">Fills the text 'pwd123' in the given field.</msg>
<status status="PASS" starttime="20210516 14:40:48.527" endtime="20210516 14:40:48.554"/>
</kw>
<kw name="Click" library="Browser">
<arg>text=Entrar</arg>
<tag>PageContent</tag>
<tag>Setter</tag>
<doc>Simulates mouse click on the element found by ``selector``.</doc>
<status status="PASS" starttime="20210516 14:40:48.555" endtime="20210516 14:40:48.638"/>
</kw>
<status status="PASS" starttime="20210516 14:40:48.470" endtime="20210516 14:40:48.638"/>
</kw>
<kw name="User Should Be Logged In" library="nav">
<arg>Administrador</arg>
<kw name="Get Text" library="Browser">
<arg>css=aside strong</arg>
<arg>should be</arg>
<arg>${user_name}</arg>
<tag>Assertion</tag>
<tag>Getter</tag>
<tag>PageContent</tag>
<doc>Returns text attribute of the element found by ``selector``.
See the `Finding elements` section for details about the selectors.</doc>
<status status="PASS" starttime="20210516 14:40:48.639" endtime="20210516 14:40:49.636"/>
</kw>
<status status="PASS" starttime="20210516 14:40:48.638" endtime="20210516 14:40:49.637"/>
</kw>
<status status="PASS" starttime="20210516 14:40:46.354" endtime="20210516 14:40:49.637"/>
</kw>
<kw name="Create Dictionary" library="BuiltIn">
<var>&amp;{plan}</var>
<arg>title=Plano Gama</arg>
<arg>duration=6</arg>
<arg>price=10</arg>
<doc>Creates and returns a dictionary based on the given ``items``.</doc>
<msg timestamp="20210516 14:40:49.639" level="INFO">&amp;{plan} = { title=Plano Gama | duration=6 | price=10 }</msg>
<status status="PASS" starttime="20210516 14:40:49.638" endtime="20210516 14:40:49.639"/>
</kw>
<kw name="Insert Plan" library="DeloreanLibrary">
<arg>${plan}</arg>
<msg timestamp="20210516 14:40:49.640" level="INFO">delete from plans where title = 'Plano Gama'</msg>
<msg timestamp="20210516 14:40:50.756" level="INFO">insert into plans(title, duration, price, created_at, updated_at)values('Plano Gama',6,10, NOW(), NOW());</msg>
<status status="PASS" starttime="20210516 14:40:49.639" endtime="20210516 14:40:51.886"/>
</kw>
<kw name="Go To Plans" library="nav">
<kw name="Click" library="Browser">
<arg>css=a[href$=planos]</arg>
<tag>PageContent</tag>
<tag>Setter</tag>
<doc>Simulates mouse click on the element found by ``selector``.</doc>
<status status="PASS" starttime="20210516 14:40:51.888" endtime="20210516 14:40:51.985"/>
</kw>
<kw name="Wait For Elements State" library="Browser">
<arg>css=h1 &gt;&gt; text=Gestão de Planos</arg>
<arg>visible</arg>
<arg>5</arg>
<tag>PageContent</tag>
<tag>Wait</tag>
<doc>Waits for the element found by ``selector`` to satisfy state option.</doc>
<msg timestamp="20210516 14:40:52.002" level="INFO">Wait for Element with selector: css=h1 &gt;&gt; text=Gestão de Planos</msg>
<status status="PASS" starttime="20210516 14:40:51.986" endtime="20210516 14:40:52.002"/>
</kw>
<status status="PASS" starttime="20210516 14:40:51.886" endtime="20210516 14:40:52.002"/>
</kw>
<kw name="Search Plan By Title" library="plans">
<arg>${plan.title}</arg>
<kw name="Fill Text" library="Browser">
<arg>css=input[placeholder="Buscar plano"]</arg>
<arg>${title}</arg>
<tag>PageContent</tag>
<tag>Setter</tag>
<doc>Clears and fills the given ``text`` into the text field found by ``selector``.</doc>
<msg timestamp="20210516 14:40:52.005" level="INFO">Fills the text 'Plano Gama' in the given field.</msg>
<status status="PASS" starttime="20210516 14:40:52.004" endtime="20210516 14:40:52.042"/>
</kw>
<status status="PASS" starttime="20210516 14:40:52.003" endtime="20210516 14:40:52.042"/>
</kw>
<kw name="Request Removal By Title" library="plans">
<arg>${plan.title}</arg>
<kw name="Click" library="Browser">
<arg>xpath=//td[contains(text(),"${title}")]/../td/button[@id="trash"]</arg>
<tag>PageContent</tag>
<tag>Setter</tag>
<doc>Simulates mouse click on the element found by ``selector``.</doc>
<status status="PASS" starttime="20210516 14:40:52.045" endtime="20210516 14:40:52.415"/>
</kw>
<status status="PASS" starttime="20210516 14:40:52.042" endtime="20210516 14:40:52.415"/>
</kw>
<kw name="Confirm Removal" library="students">
<kw name="Click" library="Browser">
<arg>text=SIM, pode apagar!</arg>
<tag>PageContent</tag>
<tag>Setter</tag>
<doc>Simulates mouse click on the element found by ``selector``.</doc>
<status status="PASS" starttime="20210516 14:40:52.416" endtime="20210516 14:40:52.759"/>
</kw>
<status status="PASS" starttime="20210516 14:40:52.415" endtime="20210516 14:40:52.759"/>
</kw>
<kw name="Toaster Text Should Be" library="components">
<arg>Plano removido com sucesso</arg>
<kw name="Wait For Elements State" library="Browser">
<arg>css=.Toastify__toast-body &gt;&gt; text=${expect_text}</arg>
<arg>visible</arg>
<arg>5</arg>
<tag>PageContent</tag>
<tag>Wait</tag>
<doc>Waits for the element found by ``selector`` to satisfy state option.</doc>
<msg timestamp="20210516 14:40:53.213" level="INFO">Wait for Element with selector: css=.Toastify__toast-body &gt;&gt; text=Plano removido com sucesso</msg>
<status status="PASS" starttime="20210516 14:40:52.760" endtime="20210516 14:40:53.214"/>
</kw>
<status status="PASS" starttime="20210516 14:40:52.759" endtime="20210516 14:40:53.214"/>
</kw>
<kw name="Plan Should Not Visible" library="plans">
<arg>${plan.title}</arg>
<kw name="Wait For Elements State" library="Browser">
<arg>xpath=//td[contains(text(),"${title}")]</arg>
<arg>detached</arg>
<arg>5</arg>
<tag>PageContent</tag>
<tag>Wait</tag>
<doc>Waits for the element found by ``selector`` to satisfy state option.</doc>
<msg timestamp="20210516 14:40:53.228" level="INFO">Wait for Element with selector: xpath=//td[contains(text(),"Plano Gama")]</msg>
<status status="PASS" starttime="20210516 14:40:53.217" endtime="20210516 14:40:53.229"/>
</kw>
<status status="PASS" starttime="20210516 14:40:53.214" endtime="20210516 14:40:53.229"/>
</kw>
<kw name="Thinking And Take Screenshot" library="base" type="TEARDOWN">
<arg>2</arg>
<kw name="Sleep" library="BuiltIn">
<arg>${timeout}</arg>
<doc>Pauses the test executed for the given time.</doc>
<msg timestamp="20210516 14:40:55.232" level="INFO">Slept 2 seconds</msg>
<status status="PASS" starttime="20210516 14:40:53.231" endtime="20210516 14:40:55.232"/>
</kw>
<kw name="Take Screenshot" library="Browser">
<tag>PageContent</tag>
<doc>Takes a screenshot of the current window and saves it to ``path``. Saves it as a png.</doc>
<msg timestamp="20210516 14:40:55.357" level="INFO" html="true">&lt;/td&gt;&lt;/tr&gt;&lt;tr&gt;&lt;td colspan="3"&gt;&lt;a href="browser/screenshot/robotframework-browser-screenshot-12.png"&gt;&lt;img src="browser/screenshot/robotframework-browser-screenshot-12.png" width="800px"&gt;&lt;/a&gt;</msg>
<status status="PASS" starttime="20210516 14:40:55.233" endtime="20210516 14:40:55.358"/>
</kw>
<status status="PASS" starttime="20210516 14:40:53.230" endtime="20210516 14:40:55.358"/>
</kw>
<status status="PASS" starttime="20210516 14:40:46.351" endtime="20210516 14:40:55.358"/>
</test>
<test id="s1-s2-s2-t2" name="Cenario: Desistir da exclusão">
<kw name="Start Admin Session" library="base" type="SETUP">
<kw name="Start Browser Session" library="base">
<kw name="New Browser" library="Browser">
<arg>chromium</arg>
<arg>true</arg>
<tag>BrowserControl</tag>
<tag>Setter</tag>
<doc>Create a new playwright Browser with specified options.
See `Browser, Context and Page` for more information about Browser and related concepts.</doc>
<msg timestamp="20210516 14:40:55.412" level="INFO">{"browser": "chromium", "headless": true, "handleSIGINT": true, "handleSIGTERM": true, "handleSIGHUP": true, "timeout": 30000.0, "devtools": false, "slowMo": 0.0}</msg>
<msg timestamp="20210516 14:40:55.602" level="INFO">Successfully created browser with options: {"browser":"chromium","headless":true,"handleSIGINT":true,"handleSIGTERM":true,"handleSIGHUP":true,"timeout":30000,"devtools":false,"slowMo":0}</msg>
<status status="PASS" starttime="20210516 14:40:55.412" endtime="20210516 14:40:55.602"/>
</kw>
<kw name="New Page" library="Browser">
<arg>about:blank</arg>
<tag>BrowserControl</tag>
<tag>Setter</tag>
<doc>Open a new Page. A Page is the Playwright equivalent to a tab.
See `Browser, Context and Page` for more information about Page concept.
Returns a stable identifier for the created page.</doc>
<msg timestamp="20210516 14:40:55.700" level="INFO">Successfully initialized new page object and opened url: about:blank</msg>
<status status="PASS" starttime="20210516 14:40:55.602" endtime="20210516 14:40:55.700"/>
</kw>
<status status="PASS" starttime="20210516 14:40:55.411" endtime="20210516 14:40:55.701"/>
</kw>
<kw name="Go To Login Pages" library="auth">
<kw name="Go To" library="Browser">
<arg>https://theotokus-bodytest-web.herokuapp.com/</arg>
<tag>BrowserControl</tag>
<tag>Setter</tag>
<doc>Navigates to the given ``url``.</doc>
<msg timestamp="20210516 14:40:57.515" level="INFO">Succesfully opened URL https://theotokus-bodytest-web.herokuapp.com/</msg>
<status status="PASS" starttime="20210516 14:40:55.702" endtime="20210516 14:40:57.515"/>
</kw>
<status status="PASS" starttime="20210516 14:40:55.701" endtime="20210516 14:40:57.515"/>
</kw>
<kw name="Login With" library="auth">
<arg>admin@bodytest.com</arg>
<arg>pwd123</arg>
<kw name="Fill Text" library="Browser">
<arg>css=input[name=email]</arg>
<arg>${email}</arg>
<tag>PageContent</tag>
<tag>Setter</tag>
<doc>Clears and fills the given ``text`` into the text field found by ``selector``.</doc>
<msg timestamp="20210516 14:40:57.517" level="INFO">Fills the text 'admin@bodytest.com' in the given field.</msg>
<status status="PASS" starttime="20210516 14:40:57.516" endtime="20210516 14:40:57.575"/>
</kw>
<kw name="Fill Text" library="Browser">
<arg>css=input[name=password]</arg>
<arg>${pass}</arg>
<tag>PageContent</tag>
<tag>Setter</tag>
<doc>Clears and fills the given ``text`` into the text field found by ``selector``.</doc>
<msg timestamp="20210516 14:40:57.576" level="INFO">Fills the text 'pwd123' in the given field.</msg>
<status status="PASS" starttime="20210516 14:40:57.575" endtime="20210516 14:40:57.601"/>
</kw>
<kw name="Click" library="Browser">
<arg>text=Entrar</arg>
<tag>PageContent</tag>
<tag>Setter</tag>
<doc>Simulates mouse click on the element found by ``selector``.</doc>
<status status="PASS" starttime="20210516 14:40:57.602" endtime="20210516 14:40:57.687"/>
</kw>
<status status="PASS" starttime="20210516 14:40:57.516" endtime="20210516 14:40:57.687"/>
</kw>
<kw name="User Should Be Logged In" library="nav">
<arg>Administrador</arg>
<kw name="Get Text" library="Browser">
<arg>css=aside strong</arg>
<arg>should be</arg>
<arg>${user_name}</arg>
<tag>Assertion</tag>
<tag>Getter</tag>
<tag>PageContent</tag>
<doc>Returns text attribute of the element found by ``selector``.
See the `Finding elements` section for details about the selectors.</doc>
<status status="PASS" starttime="20210516 14:40:57.688" endtime="20210516 14:40:58.475"/>
</kw>
<status status="PASS" starttime="20210516 14:40:57.687" endtime="20210516 14:40:58.476"/>
</kw>
<status status="PASS" starttime="20210516 14:40:55.410" endtime="20210516 14:40:58.476"/>
</kw>
<kw name="Create Dictionary" library="BuiltIn">
<var>&amp;{plan}</var>
<arg>title=Plano Hepta</arg>
<arg>duration=3</arg>
<arg>price=15</arg>
<doc>Creates and returns a dictionary based on the given ``items``.</doc>
<msg timestamp="20210516 14:40:58.478" level="INFO">&amp;{plan} = { title=Plano Hepta | duration=3 | price=15 }</msg>
<status status="PASS" starttime="20210516 14:40:58.477" endtime="20210516 14:40:58.478"/>
</kw>
<kw name="Insert Plan" library="DeloreanLibrary">
<arg>${plan}</arg>
<msg timestamp="20210516 14:40:58.479" level="INFO">delete from plans where title = 'Plano Hepta'</msg>
<msg timestamp="20210516 14:40:59.588" level="INFO">insert into plans(title, duration, price, created_at, updated_at)values('Plano Hepta',3,15, NOW(), NOW());</msg>
<status status="PASS" starttime="20210516 14:40:58.479" endtime="20210516 14:41:00.777"/>
</kw>
<kw name="Go To Plans" library="nav">
<kw name="Click" library="Browser">
<arg>css=a[href$=planos]</arg>
<tag>PageContent</tag>
<tag>Setter</tag>
<doc>Simulates mouse click on the element found by ``selector``.</doc>
<status status="PASS" starttime="20210516 14:41:00.778" endtime="20210516 14:41:00.885"/>
</kw>
<kw name="Wait For Elements State" library="Browser">
<arg>css=h1 &gt;&gt; text=Gestão de Planos</arg>
<arg>visible</arg>
<arg>5</arg>
<tag>PageContent</tag>
<tag>Wait</tag>
<doc>Waits for the element found by ``selector`` to satisfy state option.</doc>
<msg timestamp="20210516 14:41:00.905" level="INFO">Wait for Element with selector: css=h1 &gt;&gt; text=Gestão de Planos</msg>
<status status="PASS" starttime="20210516 14:41:00.886" endtime="20210516 14:41:00.905"/>
</kw>
<status status="PASS" starttime="20210516 14:41:00.777" endtime="20210516 14:41:00.906"/>
</kw>
<kw name="Search Plan By Title" library="plans">
<arg>${plan.title}</arg>
<kw name="Fill Text" library="Browser">
<arg>css=input[placeholder="Buscar plano"]</arg>
<arg>${title}</arg>
<tag>PageContent</tag>
<tag>Setter</tag>
<doc>Clears and fills the given ``text`` into the text field found by ``selector``.</doc>
<msg timestamp="20210516 14:41:00.909" level="INFO">Fills the text 'Plano Hepta' in the given field.</msg>
<status status="PASS" starttime="20210516 14:41:00.908" endtime="20210516 14:41:00.932"/>
</kw>
<status status="PASS" starttime="20210516 14:41:00.906" endtime="20210516 14:41:00.933"/>
</kw>
<kw name="Request Removal By Title" library="plans">
<arg>${plan.title}</arg>
<kw name="Click" library="Browser">
<arg>xpath=//td[contains(text(),"${title}")]/../td/button[@id="trash"]</arg>
<tag>PageContent</tag>
<tag>Setter</tag>
<doc>Simulates mouse click on the element found by ``selector``.</doc>
<status status="PASS" starttime="20210516 14:41:00.936" endtime="20210516 14:41:01.342"/>
</kw>
<status status="PASS" starttime="20210516 14:41:00.933" endtime="20210516 14:41:01.343"/>
</kw>
<kw name="Cancel Removal" library="students">
<kw name="Click" library="Browser">
<arg>text=NÃO</arg>
<tag>PageContent</tag>
<tag>Setter</tag>
<doc>Simulates mouse click on the element found by ``selector``.</doc>
<status status="PASS" starttime="20210516 14:41:01.345" endtime="20210516 14:41:01.672"/>
</kw>
<status status="PASS" starttime="20210516 14:41:01.344" endtime="20210516 14:41:01.673"/>
</kw>
<kw name="Plan Should Be Visible" library="plans">
<arg>${plan.title}</arg>
<kw name="Wait For Elements State" library="Browser">
<arg>xpath=//td[contains(text(),"${title}")]</arg>
<arg>visible</arg>
<arg>5</arg>
<tag>PageContent</tag>
<tag>Wait</tag>
<doc>Waits for the element found by ``selector`` to satisfy state option.</doc>
<msg timestamp="20210516 14:41:01.790" level="INFO">Wait for Element with selector: xpath=//td[contains(text(),"Plano Hepta")]</msg>
<status status="PASS" starttime="20210516 14:41:01.675" endtime="20210516 14:41:01.790"/>
</kw>
<status status="PASS" starttime="20210516 14:41:01.673" endtime="20210516 14:41:01.791"/>
</kw>
<kw name="Take Screenshot" library="Browser" type="TEARDOWN">
<tag>PageContent</tag>
<doc>Takes a screenshot of the current window and saves it to ``path``. Saves it as a png.</doc>
<msg timestamp="20210516 14:41:01.923" level="INFO" html="true">&lt;/td&gt;&lt;/tr&gt;&lt;tr&gt;&lt;td colspan="3"&gt;&lt;a href="browser/screenshot/robotframework-browser-screenshot-13.png"&gt;&lt;img src="browser/screenshot/robotframework-browser-screenshot-13.png" width="800px"&gt;&lt;/a&gt;</msg>
<status status="PASS" starttime="20210516 14:41:01.792" endtime="20210516 14:41:01.923"/>
</kw>
<status status="PASS" starttime="20210516 14:40:55.403" endtime="20210516 14:41:01.924"/>
</test>
<doc>Remoção de planos</doc>
<status status="PASS" starttime="20210516 14:40:46.306" endtime="20210516 14:41:01.967"/>
</suite>
<suite id="s1-s2-s3" name="Search" source="/home/edson/workspace/courses/qa_ninja/robot_framework/bodytest/tests/plans/search.robot">
<kw name="Start Admin Session" library="base" type="SETUP">
<kw name="Start Browser Session" library="base">
<kw name="New Browser" library="Browser">
<arg>chromium</arg>
<arg>true</arg>
<tag>BrowserControl</tag>
<tag>Setter</tag>
<doc>Create a new playwright Browser with specified options.
See `Browser, Context and Page` for more information about Browser and related concepts.</doc>
<msg timestamp="20210516 14:41:01.988" level="INFO">{"browser": "chromium", "headless": true, "handleSIGINT": true, "handleSIGTERM": true, "handleSIGHUP": true, "timeout": 30000.0, "devtools": false, "slowMo": 0.0}</msg>
<msg timestamp="20210516 14:41:02.161" level="INFO">Successfully created browser with options: {"browser":"chromium","headless":true,"handleSIGINT":true,"handleSIGTERM":true,"handleSIGHUP":true,"timeout":30000,"devtools":false,"slowMo":0}</msg>
<status status="PASS" starttime="20210516 14:41:01.988" endtime="20210516 14:41:02.161"/>
</kw>
<kw name="New Page" library="Browser">
<arg>about:blank</arg>
<tag>BrowserControl</tag>
<tag>Setter</tag>
<doc>Open a new Page. A Page is the Playwright equivalent to a tab.
See `Browser, Context and Page` for more information about Page concept.
Returns a stable identifier for the created page.</doc>
<msg timestamp="20210516 14:41:02.269" level="INFO">Successfully initialized new page object and opened url: about:blank</msg>
<status status="PASS" starttime="20210516 14:41:02.162" endtime="20210516 14:41:02.269"/>
</kw>
<status status="PASS" starttime="20210516 14:41:01.987" endtime="20210516 14:41:02.269"/>
</kw>
<kw name="Go To Login Pages" library="auth">
<kw name="Go To" library="Browser">
<arg>https://theotokus-bodytest-web.herokuapp.com/</arg>
<tag>BrowserControl</tag>
<tag>Setter</tag>
<doc>Navigates to the given ``url``.</doc>
<msg timestamp="20210516 14:41:04.129" level="INFO">Succesfully opened URL https://theotokus-bodytest-web.herokuapp.com/</msg>
<status status="PASS" starttime="20210516 14:41:02.270" endtime="20210516 14:41:04.130"/>
</kw>
<status status="PASS" starttime="20210516 14:41:02.270" endtime="20210516 14:41:04.130"/>
</kw>
<kw name="Login With" library="auth">
<arg>admin@bodytest.com</arg>
<arg>pwd123</arg>
<kw name="Fill Text" library="Browser">
<arg>css=input[name=email]</arg>
<arg>${email}</arg>
<tag>PageContent</tag>
<tag>Setter</tag>
<doc>Clears and fills the given ``text`` into the text field found by ``selector``.</doc>
<msg timestamp="20210516 14:41:04.133" level="INFO">Fills the text 'admin@bodytest.com' in the given field.</msg>
<status status="PASS" starttime="20210516 14:41:04.132" endtime="20210516 14:41:04.192"/>
</kw>
<kw name="Fill Text" library="Browser">
<arg>css=input[name=password]</arg>
<arg>${pass}</arg>
<tag>PageContent</tag>
<tag>Setter</tag>
<doc>Clears and fills the given ``text`` into the text field found by ``selector``.</doc>
<msg timestamp="20210516 14:41:04.193" level="INFO">Fills the text 'pwd123' in the given field.</msg>
<status status="PASS" starttime="20210516 14:41:04.192" endtime="20210516 14:41:04.220"/>
</kw>
<kw name="Click" library="Browser">
<arg>text=Entrar</arg>
<tag>PageContent</tag>
<tag>Setter</tag>
<doc>Simulates mouse click on the element found by ``selector``.</doc>
<status status="PASS" starttime="20210516 14:41:04.221" endtime="20210516 14:41:04.306"/>
</kw>
<status status="PASS" starttime="20210516 14:41:04.131" endtime="20210516 14:41:04.307"/>
</kw>
<kw name="User Should Be Logged In" library="nav">
<arg>Administrador</arg>
<kw name="Get Text" library="Browser">
<arg>css=aside strong</arg>
<arg>should be</arg>
<arg>${user_name}</arg>
<tag>Assertion</tag>
<tag>Getter</tag>
<tag>PageContent</tag>
<doc>Returns text attribute of the element found by ``selector``.
See the `Finding elements` section for details about the selectors.</doc>
<status status="PASS" starttime="20210516 14:41:04.308" endtime="20210516 14:41:05.054"/>
</kw>
<status status="PASS" starttime="20210516 14:41:04.307" endtime="20210516 14:41:05.054"/>
</kw>
<status status="PASS" starttime="20210516 14:41:01.986" endtime="20210516 14:41:05.054"/>
</kw>
<test id="s1-s2-s3-t1" name="Cenario: Busca exata">
<kw name="Create Dictionary" library="BuiltIn">
<var>&amp;{plan}</var>
<arg>title=Edson Teste</arg>
<arg>duration=12</arg>
<arg>price=19.99</arg>
<arg>total=R$ 239,88</arg>
<doc>Creates and returns a dictionary based on the given ``items``.</doc>
<msg timestamp="20210516 14:41:05.066" level="INFO">&amp;{plan} = { title=Edson Teste | duration=12 | price=19.99 | total=R$ 239,88 }</msg>
<status status="PASS" starttime="20210516 14:41:05.066" endtime="20210516 14:41:05.066"/>
</kw>
<kw name="Remove Plan By Title" library="DeloreanLibrary">
<arg>${plan.title}</arg>
<msg timestamp="20210516 14:41:05.068" level="INFO">delete from plans where title LIKE '%Edson Teste%'</msg>
<status status="PASS" starttime="20210516 14:41:05.067" endtime="20210516 14:41:06.170"/>
</kw>
<kw name="Insert Plan" library="DeloreanLibrary">
<arg>${plan}</arg>
<msg timestamp="20210516 14:41:06.171" level="INFO">delete from plans where title = 'Edson Teste'</msg>
<msg timestamp="20210516 14:41:07.321" level="INFO">insert into plans(title, duration, price, created_at, updated_at)values('Edson Teste',12,19.99, NOW(), NOW());</msg>
<status status="PASS" starttime="20210516 14:41:06.170" endtime="20210516 14:41:08.425"/>
</kw>
<kw name="Go To Plans" library="nav">
<kw name="Click" library="Browser">
<arg>css=a[href$=planos]</arg>
<tag>PageContent</tag>
<tag>Setter</tag>
<doc>Simulates mouse click on the element found by ``selector``.</doc>
[...]
<msg timestamp="20210516 14:42:20.112" level="INFO">Wait for Element with selector: css=table tbody tr &gt;&gt; text=David Beckham</msg>
<status status="PASS" starttime="20210516 14:42:20.098" endtime="20210516 14:42:20.112"/>
</kw>
<status status="PASS" starttime="20210516 14:42:20.096" endtime="20210516 14:42:20.112"/>
</kw>
<status status="PASS" starttime="20210516 14:42:20.096" endtime="20210516 14:42:20.112"/>
</iter>
<status status="PASS" starttime="20210516 14:42:19.247" endtime="20210516 14:42:20.112"/>
</for>
<kw name="Total Items Should Be" library="components">
<arg>${total}</arg>
<kw name="Set Variable" library="BuiltIn">
<var>${element}</var>
<arg>css=#pagination .total</arg>
<doc>Returns the given values which can then be assigned to a variables.</doc>
<msg timestamp="20210516 14:42:20.114" level="INFO">${element} = css=#pagination .total</msg>
<status status="PASS" starttime="20210516 14:42:20.114" endtime="20210516 14:42:20.114"/>
</kw>
<kw name="Wait For Elements State" library="Browser">
<arg>${element}</arg>
<arg>visible</arg>
<arg>5</arg>
<tag>PageContent</tag>
<tag>Wait</tag>
<doc>Waits for the element found by ``selector`` to satisfy state option.</doc>
<msg timestamp="20210516 14:42:20.131" level="INFO">Wait for Element with selector: css=#pagination .total</msg>
<status status="PASS" starttime="20210516 14:42:20.115" endtime="20210516 14:42:20.131"/>
</kw>
<kw name="Get Text" library="Browser">
<arg>${element}</arg>
<arg>==</arg>
<arg>Total: ${number}</arg>
<tag>Assertion</tag>
<tag>Getter</tag>
<tag>PageContent</tag>
<doc>Returns text attribute of the element found by ``selector``.
See the `Finding elements` section for details about the selectors.</doc>
<status status="PASS" starttime="20210516 14:42:20.131" endtime="20210516 14:42:20.164"/>
</kw>
<status status="PASS" starttime="20210516 14:42:20.113" endtime="20210516 14:42:20.165"/>
</kw>
<kw name="Take Screenshot" library="Browser" type="TEARDOWN">
<tag>PageContent</tag>
<doc>Takes a screenshot of the current window and saves it to ``path``. Saves it as a png.</doc>
<msg timestamp="20210516 14:42:20.298" level="INFO" html="true">&lt;/td&gt;&lt;/tr&gt;&lt;tr&gt;&lt;td colspan="3"&gt;&lt;a href="browser/screenshot/robotframework-browser-screenshot-28.png"&gt;&lt;img src="browser/screenshot/robotframework-browser-screenshot-28.png" width="800px"&gt;&lt;/a&gt;</msg>
<status status="PASS" starttime="20210516 14:42:20.165" endtime="20210516 14:42:20.298"/>
</kw>
<status status="PASS" starttime="20210516 14:42:11.114" endtime="20210516 14:42:20.299"/>
</test>
<doc>Buscar alunos</doc>
<status status="PASS" starttime="20210516 14:42:01.164" endtime="20210516 14:42:20.307"/>
</suite>
<suite id="s1-s3-s4" name="Update" source="/home/edson/workspace/courses/qa_ninja/robot_framework/bodytest/tests/students/update.robot">
<kw name="Start Admin Session" library="base" type="SETUP">
<kw name="Start Browser Session" library="base">
<kw name="New Browser" library="Browser">
<arg>chromium</arg>
<arg>true</arg>
<tag>BrowserControl</tag>
<tag>Setter</tag>
<doc>Create a new playwright Browser with specified options.
See `Browser, Context and Page` for more information about Browser and related concepts.</doc>
<msg timestamp="20210516 14:42:20.368" level="INFO">{"browser": "chromium", "headless": true, "handleSIGINT": true, "handleSIGTERM": true, "handleSIGHUP": true, "timeout": 30000.0, "devtools": false, "slowMo": 0.0}</msg>
<msg timestamp="20210516 14:42:20.544" level="INFO">Successfully created browser with options: {"browser":"chromium","headless":true,"handleSIGINT":true,"handleSIGTERM":true,"handleSIGHUP":true,"timeout":30000,"devtools":false,"slowMo":0}</msg>
<status status="PASS" starttime="20210516 14:42:20.367" endtime="20210516 14:42:20.544"/>
</kw>
<kw name="New Page" library="Browser">
<arg>about:blank</arg>
<tag>BrowserControl</tag>
<tag>Setter</tag>
<doc>Open a new Page. A Page is the Playwright equivalent to a tab.
See `Browser, Context and Page` for more information about Page concept.
Returns a stable identifier for the created page.</doc>
<msg timestamp="20210516 14:42:20.645" level="INFO">Successfully initialized new page object and opened url: about:blank</msg>
<status status="PASS" starttime="20210516 14:42:20.545" endtime="20210516 14:42:20.645"/>
</kw>
<status status="PASS" starttime="20210516 14:42:20.367" endtime="20210516 14:42:20.646"/>
</kw>
<kw name="Go To Login Pages" library="auth">
<kw name="Go To" library="Browser">
<arg>https://theotokus-bodytest-web.herokuapp.com/</arg>
<tag>BrowserControl</tag>
<tag>Setter</tag>
<doc>Navigates to the given ``url``.</doc>
<msg timestamp="20210516 14:42:22.454" level="INFO">Succesfully opened URL https://theotokus-bodytest-web.herokuapp.com/</msg>
<status status="PASS" starttime="20210516 14:42:20.647" endtime="20210516 14:42:22.454"/>
</kw>
<status status="PASS" starttime="20210516 14:42:20.646" endtime="20210516 14:42:22.455"/>
</kw>
<kw name="Login With" library="auth">
<arg>admin@bodytest.com</arg>
<arg>pwd123</arg>
<kw name="Fill Text" library="Browser">
<arg>css=input[name=email]</arg>
<arg>${email}</arg>
<tag>PageContent</tag>
<tag>Setter</tag>
<doc>Clears and fills the given ``text`` into the text field found by ``selector``.</doc>
<msg timestamp="20210516 14:42:22.456" level="INFO">Fills the text 'admin@bodytest.com' in the given field.</msg>
<status status="PASS" starttime="20210516 14:42:22.456" endtime="20210516 14:42:22.516"/>
</kw>
<kw name="Fill Text" library="Browser">
<arg>css=input[name=password]</arg>
<arg>${pass}</arg>
<tag>PageContent</tag>
<tag>Setter</tag>
<doc>Clears and fills the given ``text`` into the text field found by ``selector``.</doc>
<msg timestamp="20210516 14:42:22.517" level="INFO">Fills the text 'pwd123' in the given field.</msg>
<status status="PASS" starttime="20210516 14:42:22.517" endtime="20210516 14:42:22.543"/>
</kw>
<kw name="Click" library="Browser">
<arg>text=Entrar</arg>
<tag>PageContent</tag>
<tag>Setter</tag>
<doc>Simulates mouse click on the element found by ``selector``.</doc>
<status status="PASS" starttime="20210516 14:42:22.543" endtime="20210516 14:42:22.617"/>
</kw>
<status status="PASS" starttime="20210516 14:42:22.455" endtime="20210516 14:42:22.618"/>
</kw>
<kw name="User Should Be Logged In" library="nav">
<arg>Administrador</arg>
<kw name="Get Text" library="Browser">
<arg>css=aside strong</arg>
<arg>should be</arg>
<arg>${user_name}</arg>
<tag>Assertion</tag>
<tag>Getter</tag>
<tag>PageContent</tag>
<doc>Returns text attribute of the element found by ``selector``.
See the `Finding elements` section for details about the selectors.</doc>
<status status="PASS" starttime="20210516 14:42:22.619" endtime="20210516 14:42:23.445"/>
</kw>
<status status="PASS" starttime="20210516 14:42:22.618" endtime="20210516 14:42:23.446"/>
</kw>
<status status="PASS" starttime="20210516 14:42:20.366" endtime="20210516 14:42:23.446"/>
</kw>
<test id="s1-s3-s4-t1" name="Cenario: Atualizar um aluno já cadastrado">
<kw name="Get JSON" library="base">
<var>${fixture}</var>
<arg>students-update.json</arg>
<kw name="Get File" library="OperatingSystem">
<var>${file}</var>
<arg>${EXECDIR}/resources/fixtures/${file_name}</arg>
<doc>Returns the contents of a specified file.</doc>
<msg timestamp="20210516 14:42:23.460" level="INFO" html="true">Getting file '&lt;a href="file:///home/edson/workspace/courses/qa_ninja/robot_framework/bodytest/resources/fixtures/students-update.json"&gt;/home/edson/workspace/courses/qa_ninja/robot_framework/bodytest/resources/fixtures/students-update.json&lt;/a&gt;'.</msg>
<msg timestamp="20210516 14:42:23.460" level="INFO">${file} = {
    "before": {
        "name": "Kamala Khan",
        "email": "kamalakhan@gmail.com",
        "age": 15,
        "weight": 60,
        "feet_tall": 1.70
    },
    "after": {
        "name": "Ms M...</msg>
<status status="PASS" starttime="20210516 14:42:23.459" endtime="20210516 14:42:23.460"/>
</kw>
<kw name="Evaluate" library="BuiltIn">
<var>${json_object}</var>
<arg>json.loads($file)</arg>
<arg>json</arg>
<doc>Evaluates the given expression in Python and returns the result.</doc>
<msg timestamp="20210516 14:42:23.461" level="INFO">${json_object} = {'before': {'name': 'Kamala Khan', 'email': 'kamalakhan@gmail.com', 'age': 15, 'weight': 60, 'feet_tall': 1.7}, 'after': {'name': 'Ms Marvel', 'email': 'ms@marvel.com', 'age': 16, 'weight': 65, 'feet_...</msg>
<status status="PASS" starttime="20210516 14:42:23.461" endtime="20210516 14:42:23.462"/>
</kw>
<msg timestamp="20210516 14:42:23.462" level="INFO">${fixture} = {'before': {'name': 'Kamala Khan', 'email': 'kamalakhan@gmail.com', 'age': 15, 'weight': 60, 'feet_tall': 1.7}, 'after': {'name': 'Ms Marvel', 'email': 'ms@marvel.com', 'age': 16, 'weight': 65, 'feet_...</msg>
<status status="PASS" starttime="20210516 14:42:23.458" endtime="20210516 14:42:23.462"/>
</kw>
<kw name="Set Variable" library="BuiltIn">
<var>${kamalakhan}</var>
<arg>${fixture['before']}</arg>
<doc>Returns the given values which can then be assigned to a variables.</doc>
<msg timestamp="20210516 14:42:23.464" level="INFO">${kamalakhan} = {'name': 'Kamala Khan', 'email': 'kamalakhan@gmail.com', 'age': 15, 'weight': 60, 'feet_tall': 1.7}</msg>
<status status="PASS" starttime="20210516 14:42:23.462" endtime="20210516 14:42:23.464"/>
</kw>
<kw name="Set Variable" library="BuiltIn">
<var>${msmarvel}</var>
<arg>${fixture['after']}</arg>
<doc>Returns the given values which can then be assigned to a variables.</doc>
<msg timestamp="20210516 14:42:23.466" level="INFO">${msmarvel} = {'name': 'Ms Marvel', 'email': 'ms@marvel.com', 'age': 16, 'weight': 65, 'feet_tall': 1.72}</msg>
<status status="PASS" starttime="20210516 14:42:23.464" endtime="20210516 14:42:23.466"/>
</kw>
<kw name="Remove Student By Name" library="DeloreanLibrary">
<arg>${kamalakhan['name']}</arg>
<msg timestamp="20210516 14:42:23.469" level="INFO">delete from students where name LIKE '%Kamala Khan%'</msg>
<status status="PASS" starttime="20210516 14:42:23.467" endtime="20210516 14:42:24.554"/>
</kw>
<kw name="Remove Student By Name" library="DeloreanLibrary">
<arg>${msmarvel['name']}</arg>
<msg timestamp="20210516 14:42:24.557" level="INFO">delete from students where name LIKE '%Ms Marvel%'</msg>
<status status="PASS" starttime="20210516 14:42:24.554" endtime="20210516 14:42:25.628"/>
</kw>
<kw name="Insert Student" library="DeloreanLibrary">
<arg>${kamalakhan}</arg>
<msg timestamp="20210516 14:42:25.630" level="INFO">delete from students where email = 'kamalakhan@gmail.com'</msg>
<msg timestamp="20210516 14:42:26.767" level="INFO">insert into students(name, email, age, weight, feet_tall, created_at, updated_at)values('Kamala Khan','kamalakhan@gmail.com',15,60,1.7,NOW(),NOW());</msg>
<status status="PASS" starttime="20210516 14:42:25.629" endtime="20210516 14:42:27.845"/>
</kw>
<kw name="Go to Students" library="nav">
<kw name="Click" library="Browser">
<arg>css=a[href$=alunos]</arg>
<tag>PageContent</tag>
<tag>Setter</tag>
<doc>Simulates mouse click on the element found by ``selector``.</doc>
<status status="PASS" starttime="20210516 14:42:27.847" endtime="20210516 14:42:27.967"/>
</kw>
<kw name="Wait For Elements State" library="Browser">
<arg>css=h1 &gt;&gt; text=Gestão de Alunos</arg>
<arg>visible</arg>
<arg>5</arg>
<tag>PageContent</tag>
<tag>Wait</tag>
<doc>Waits for the element found by ``selector`` to satisfy state option.</doc>
<msg timestamp="20210516 14:42:27.982" level="INFO">Wait for Element with selector: css=h1 &gt;&gt; text=Gestão de Alunos</msg>
<status status="PASS" starttime="20210516 14:42:27.967" endtime="20210516 14:42:27.983"/>
</kw>
<status status="PASS" starttime="20210516 14:42:27.845" endtime="20210516 14:42:27.983"/>
</kw>
<kw name="Search Student By Name" library="students">
<arg>${kamalakhan['name']}</arg>
<kw name="Fill Text" library="Browser">
<arg>css=input[placeholder="Buscar aluno"]</arg>
<arg>${name}</arg>
<tag>PageContent</tag>
<tag>Setter</tag>
<doc>Clears and fills the given ``text`` into the text field found by ``selector``.</doc>
<msg timestamp="20210516 14:42:27.986" level="INFO">Fills the text 'Kamala Khan' in the given field.</msg>
<status status="PASS" starttime="20210516 14:42:27.986" endtime="20210516 14:42:28.015"/>
</kw>
<status status="PASS" starttime="20210516 14:42:27.984" endtime="20210516 14:42:28.015"/>
</kw>
<kw name="Go To Student Update Form" library="students">
<arg>${kamalakhan['email']}</arg>
<kw name="Click" library="Browser">
<arg>xpath=//td[contains(text(),'${email}')]/..//a[@class='edit']</arg>
<tag>PageContent</tag>
<tag>Setter</tag>
<doc>Simulates mouse click on the element found by ``selector``.</doc>
<status status="PASS" starttime="20210516 14:42:28.018" endtime="20210516 14:42:28.984"/>
</kw>
<kw name="Wait For Elements State" library="Browser">
<arg>css=h1 &gt;&gt; text=Edição de aluno</arg>
<arg>visible</arg>
<arg>5</arg>
<tag>PageContent</tag>
<tag>Wait</tag>
<doc>Waits for the element found by ``selector`` to satisfy state option.</doc>
<msg timestamp="20210516 14:42:28.998" level="INFO">Wait for Element with selector: css=h1 &gt;&gt; text=Edição de aluno</msg>
<status status="PASS" starttime="20210516 14:42:28.985" endtime="20210516 14:42:28.999"/>
</kw>
<status status="PASS" starttime="20210516 14:42:28.016" endtime="20210516 14:42:28.999"/>
</kw>
<kw name="Update a Student" library="students">
<arg>${msmarvel}</arg>
<kw name="Fill Text" library="Browser">
<arg>${NAME_FIELD}</arg>
<arg>${student['name']}</arg>
<tag>PageContent</tag>
<tag>Setter</tag>
<doc>Clears and fills the given ``text`` into the text field found by ``selector``.</doc>
<msg timestamp="20210516 14:42:29.002" level="INFO">Fills the text 'Ms Marvel' in the given field.</msg>
<status status="PASS" starttime="20210516 14:42:29.001" endtime="20210516 14:42:29.030"/>
</kw>
<kw name="Fill Text" library="Browser">
<arg>${EMAIL_FIELD}</arg>
<arg>${student['email']}</arg>
<tag>PageContent</tag>
<tag>Setter</tag>
<doc>Clears and fills the given ``text`` into the text field found by ``selector``.</doc>
<msg timestamp="20210516 14:42:29.032" level="INFO">Fills the text 'ms@marvel.com' in the given field.</msg>
<status status="PASS" starttime="20210516 14:42:29.031" endtime="20210516 14:42:29.057"/>
</kw>
<kw name="Fill Text" library="Browser">
<arg>${AGE_FIELD}</arg>
<arg>${student['age']}</arg>
<tag>PageContent</tag>
<tag>Setter</tag>
<doc>Clears and fills the given ``text`` into the text field found by ``selector``.</doc>
<msg timestamp="20210516 14:42:29.059" level="INFO">Fills the text '16' in the given field.</msg>
<status status="PASS" starttime="20210516 14:42:29.057" endtime="20210516 14:42:29.084"/>
</kw>
<kw name="Fill Text" library="Browser">
<arg>${WEIGTH_FIELD}</arg>
<arg>${student['weight']}</arg>
<tag>PageContent</tag>
<tag>Setter</tag>
<doc>Clears and fills the given ``text`` into the text field found by ``selector``.</doc>
<msg timestamp="20210516 14:42:29.086" level="INFO">Fills the text '65' in the given field.</msg>
<status status="PASS" starttime="20210516 14:42:29.085" endtime="20210516 14:42:29.116"/>
</kw>
<kw name="Fill Text" library="Browser">
<arg>${FEET_TALL_FIELD}</arg>
<arg>${student['feet_tall']}</arg>
<tag>PageContent</tag>
<tag>Setter</tag>
<doc>Clears and fills the given ``text`` into the text field found by ``selector``.</doc>
<msg timestamp="20210516 14:42:29.118" level="INFO">Fills the text '1.72' in the given field.</msg>
<status status="PASS" starttime="20210516 14:42:29.116" endtime="20210516 14:42:29.140"/>
</kw>
<kw name="Submit Student Form" library="students">
<kw name="Click" library="Browser">
<arg>css=button[form$=Student]</arg>
<tag>PageContent</tag>
<tag>Setter</tag>
<doc>Simulates mouse click on the element found by ``selector``.</doc>
<status status="PASS" starttime="20210516 14:42:29.142" endtime="20210516 14:42:29.204"/>
</kw>
<status status="PASS" starttime="20210516 14:42:29.141" endtime="20210516 14:42:29.204"/>
</kw>
<status status="PASS" starttime="20210516 14:42:29.000" endtime="20210516 14:42:29.205"/>
</kw>
<kw name="Toaster Text Should Be" library="components">
<arg>Aluno atualizado com sucesso.</arg>
<kw name="Wait For Elements State" library="Browser">
<arg>css=.Toastify__toast-body &gt;&gt; text=${expect_text}</arg>
<arg>visible</arg>
<arg>5</arg>
<tag>PageContent</tag>
<tag>Wait</tag>
<doc>Waits for the element found by ``selector`` to satisfy state option.</doc>
<msg timestamp="20210516 14:42:29.641" level="INFO">Wait for Element with selector: css=.Toastify__toast-body &gt;&gt; text=Aluno atualizado com sucesso.</msg>
<status status="PASS" starttime="20210516 14:42:29.206" endtime="20210516 14:42:29.641"/>
</kw>
<status status="PASS" starttime="20210516 14:42:29.205" endtime="20210516 14:42:29.642"/>
</kw>
<kw name="Submit Student Form" library="students">
<kw name="Click" library="Browser">
<arg>css=button[form$=Student]</arg>
<tag>PageContent</tag>
<tag>Setter</tag>
<doc>Simulates mouse click on the element found by ``selector``.</doc>
<status status="PASS" starttime="20210516 14:42:29.643" endtime="20210516 14:42:29.712"/>
</kw>
<status status="PASS" starttime="20210516 14:42:29.642" endtime="20210516 14:42:29.712"/>
</kw>
<kw name="Thinking And Take Screenshot" library="base" type="TEARDOWN">
<arg>2</arg>
<kw name="Sleep" library="BuiltIn">
<arg>${timeout}</arg>
<doc>Pauses the test executed for the given time.</doc>
<msg timestamp="20210516 14:42:31.715" level="INFO">Slept 2 seconds</msg>
<status status="PASS" starttime="20210516 14:42:29.714" endtime="20210516 14:42:31.715"/>
</kw>
<kw name="Take Screenshot" library="Browser">
<tag>PageContent</tag>
<doc>Takes a screenshot of the current window and saves it to ``path``. Saves it as a png.</doc>
<msg timestamp="20210516 14:42:31.852" level="INFO" html="true">&lt;/td&gt;&lt;/tr&gt;&lt;tr&gt;&lt;td colspan="3"&gt;&lt;a href="browser/screenshot/robotframework-browser-screenshot-29.png"&gt;&lt;img src="browser/screenshot/robotframework-browser-screenshot-29.png" width="800px"&gt;&lt;/a&gt;</msg>
<status status="PASS" starttime="20210516 14:42:31.715" endtime="20210516 14:42:31.852"/>
</kw>
<status status="PASS" starttime="20210516 14:42:29.713" endtime="20210516 14:42:31.853"/>
</kw>
<status status="PASS" starttime="20210516 14:42:23.446" endtime="20210516 14:42:31.853"/>
</test>
<doc>Atualizar alunos</doc>
<status status="PASS" starttime="20210516 14:42:20.349" endtime="20210516 14:42:31.865"/>
</suite>
<status status="PASS" starttime="20210516 14:41:29.906" endtime="20210516 14:42:31.907"/>
</suite>
<status status="PASS" starttime="20210516 14:40:22.378" endtime="20210516 14:42:31.917"/>
</suite>
<statistics>
<total>
<stat pass="29" fail="0" skip="0">All Tests</stat>
</total>
<tag>
</tag>
<suite>
<stat pass="29" fail="0" skip="0" id="s1" name="Tests">Tests</stat>
<stat pass="7" fail="0" skip="0" id="s1-s1" name="Login">Tests.Login</stat>
<stat pass="7" fail="0" skip="0" id="s1-s1-s1" name="Login">Tests.Login.Login</stat>
<stat pass="10" fail="0" skip="0" id="s1-s2" name="Plans">Tests.Plans</stat>
<stat pass="4" fail="0" skip="0" id="s1-s2-s1" name="Create">Tests.Plans.Create</stat>
<stat pass="2" fail="0" skip="0" id="s1-s2-s2" name="Remove">Tests.Plans.Remove</stat>
<stat pass="3" fail="0" skip="0" id="s1-s2-s3" name="Search">Tests.Plans.Search</stat>
<stat pass="1" fail="0" skip="0" id="s1-s2-s4" name="Update">Tests.Plans.Update</stat>
<stat pass="12" fail="0" skip="0" id="s1-s3" name="Students">Tests.Students</stat>
<stat pass="6" fail="0" skip="0" id="s1-s3-s1" name="Create">Tests.Students.Create</stat>
<stat pass="2" fail="0" skip="0" id="s1-s3-s2" name="Remove">Tests.Students.Remove</stat>
<stat pass="3" fail="0" skip="0" id="s1-s3-s3" name="Search">Tests.Students.Search</stat>
<stat pass="1" fail="0" skip="0" id="s1-s3-s4" name="Update">Tests.Students.Update</stat>
</suite>
</statistics>
<errors>
</errors>
</robot>
