<?xml version="1.0" encoding="UTF-8"?>
<robot generator="Robot 4.0 (Python 3.8.5 on linux)" generated="20210504 09:46:15.918" rpa="false" schemaversion="2">
<suite id="s1" name="Tests" source="/home/edson/workspace/courses/qa_ninja/robot_framework/bodytest/tests">
<suite id="s1-s1" name="Login" source="/home/edson/workspace/courses/qa_ninja/robot_framework/bodytest/tests/login">
<suite id="s1-s1-s1" name="Login" source="/home/edson/workspace/courses/qa_ninja/robot_framework/bodytest/tests/login/login.robot">
<kw name="Start Browser Session" library="base" type="SETUP">
<kw name="New Browser" library="Browser">
<arg>chromium</arg>
<arg>true</arg>
<tag>BrowserControl</tag>
<tag>Setter</tag>
<doc>Create a new playwright Browser with specified options.
See `Browser, Context and Page` for more information about Browser and related concepts.</doc>
<msg timestamp="20210504 09:46:16.926" level="INFO">{"browser": "chromium", "headless": true, "handleSIGINT": true, "handleSIGTERM": true, "handleSIGHUP": true, "timeout": 30000.0, "devtools": false, "slowMo": 0.0}</msg>
<msg timestamp="20210504 09:46:17.117" level="INFO">Successfully created browser with options: {"browser":"chromium","headless":true,"handleSIGINT":true,"handleSIGTERM":true,"handleSIGHUP":true,"timeout":30000,"devtools":false,"slowMo":0}</msg>
<status status="PASS" starttime="20210504 09:46:16.925" endtime="20210504 09:46:17.117"/>
</kw>
<kw name="New Page" library="Browser">
<arg>about:blank</arg>
<tag>BrowserControl</tag>
<tag>Setter</tag>
<doc>Open a new Page. A Page is the Playwright equivalent to a tab.
See `Browser, Context and Page` for more information about Page concept.
Returns a stable identifier for the created page.</doc>
<msg timestamp="20210504 09:46:17.241" level="INFO">Successfully initialized new page object and opened url: about:blank</msg>
<status status="PASS" starttime="20210504 09:46:17.118" endtime="20210504 09:46:17.242"/>
</kw>
<status status="PASS" starttime="20210504 09:46:16.925" endtime="20210504 09:46:17.242"/>
</kw>
<test id="s1-s1-s1-t1" name="Cenario: Login do Administrador">
<kw name="Go To Login Pages" library="auth">
<kw name="Go To" library="Browser">
<arg>https://theotokus-bodytest-web.herokuapp.com/</arg>
<tag>BrowserControl</tag>
<tag>Setter</tag>
<doc>Navigates to the given ``url``.</doc>
<msg timestamp="20210504 09:46:19.180" level="INFO">Succesfully opened URL https://theotokus-bodytest-web.herokuapp.com/</msg>
<status status="PASS" starttime="20210504 09:46:17.262" endtime="20210504 09:46:19.180"/>
</kw>
<status status="PASS" starttime="20210504 09:46:17.261" endtime="20210504 09:46:19.181"/>
</kw>
<kw name="Login With" library="auth">
<arg>admin@bodytest.com</arg>
<arg>pwd123</arg>
<kw name="Fill Text" library="Browser">
<arg>css=input[name=email]</arg>
<arg>${email}</arg>
<tag>PageContent</tag>
<tag>Setter</tag>
<doc>Clears and fills the given ``text`` into the text field found by ``selector``.</doc>
<msg timestamp="20210504 09:46:19.183" level="INFO">Fills the text 'admin@bodytest.com' in the given field.</msg>
<status status="PASS" starttime="20210504 09:46:19.182" endtime="20210504 09:46:19.266"/>
</kw>
<kw name="Fill Text" library="Browser">
<arg>css=input[name=password]</arg>
<arg>${pass}</arg>
<tag>PageContent</tag>
<tag>Setter</tag>
<doc>Clears and fills the given ``text`` into the text field found by ``selector``.</doc>
<msg timestamp="20210504 09:46:19.267" level="INFO">Fills the text 'pwd123' in the given field.</msg>
<status status="PASS" starttime="20210504 09:46:19.267" endtime="20210504 09:46:19.302"/>
</kw>
<kw name="Click" library="Browser">
<arg>text=Entrar</arg>
<tag>PageContent</tag>
<tag>Setter</tag>
<doc>Simulates mouse click on the element found by ``selector``.</doc>
<status status="PASS" starttime="20210504 09:46:19.302" endtime="20210504 09:46:19.390"/>
</kw>
<status status="PASS" starttime="20210504 09:46:19.181" endtime="20210504 09:46:19.390"/>
</kw>
<kw name="User Should Be Logged In" library="nav">
<arg>Administrador</arg>
<kw name="Get Text" library="Browser">
<arg>css=aside strong</arg>
<arg>should be</arg>
<arg>${user_name}</arg>
<tag>Assertion</tag>
<tag>Getter</tag>
<tag>PageContent</tag>
<doc>Returns text attribute of the element found by ``selector``.
See the `Finding elements` section for details about the selectors.</doc>
<status status="PASS" starttime="20210504 09:46:19.392" endtime="20210504 09:46:20.128"/>
</kw>
<status status="PASS" starttime="20210504 09:46:19.391" endtime="20210504 09:46:20.128"/>
</kw>
<kw name="Clean Local Storage And Take Screenshot" library="base" type="TEARDOWN">
<kw name="Take Screenshot" library="Browser">
<tag>PageContent</tag>
<doc>Takes a screenshot of the current window and saves it to ``path``. Saves it as a png.</doc>
<msg timestamp="20210504 09:46:20.257" level="INFO" html="true">&lt;/td&gt;&lt;/tr&gt;&lt;tr&gt;&lt;td colspan="3"&gt;&lt;a href="browser/screenshot/robotframework-browser-screenshot-1.png"&gt;&lt;img src="browser/screenshot/robotframework-browser-screenshot-1.png" width="800px"&gt;&lt;/a&gt;</msg>
<status status="PASS" starttime="20210504 09:46:20.130" endtime="20210504 09:46:20.257"/>
</kw>
<kw name="LocalStorage Clear" library="Browser">
<tag>PageContent</tag>
<tag>Setter</tag>
<doc>Remove all saved data from the local storage.</doc>
<msg timestamp="20210504 09:46:20.268" level="INFO"/>
<status status="PASS" starttime="20210504 09:46:20.257" endtime="20210504 09:46:20.269"/>
</kw>
<status status="PASS" starttime="20210504 09:46:20.129" endtime="20210504 09:46:20.269"/>
</kw>
<status status="PASS" starttime="20210504 09:46:17.242" endtime="20210504 09:46:20.269"/>
</test>
<test id="s1-s1-s1-t2" name="Cenario: Senha incorreta">
<kw name="Go To Login Pages" library="auth">
<kw name="Go To" library="Browser">
<arg>https://theotokus-bodytest-web.herokuapp.com/</arg>
<tag>BrowserControl</tag>
<tag>Setter</tag>
<doc>Navigates to the given ``url``.</doc>
<msg timestamp="20210504 09:46:20.832" level="INFO">Succesfully opened URL https://theotokus-bodytest-web.herokuapp.com/</msg>
<status status="PASS" starttime="20210504 09:46:20.293" endtime="20210504 09:46:20.833"/>
</kw>
<status status="PASS" starttime="20210504 09:46:20.291" endtime="20210504 09:46:20.833"/>
</kw>
<kw name="Login With" library="auth">
<arg>admin@bodytest.com</arg>
<arg>abc123</arg>
<kw name="Fill Text" library="Browser">
<arg>css=input[name=email]</arg>
<arg>${email}</arg>
<tag>PageContent</tag>
<tag>Setter</tag>
<doc>Clears and fills the given ``text`` into the text field found by ``selector``.</doc>
<msg timestamp="20210504 09:46:20.837" level="INFO">Fills the text 'admin@bodytest.com' in the given field.</msg>
<status status="PASS" starttime="20210504 09:46:20.836" endtime="20210504 09:46:20.888"/>
</kw>
<kw name="Fill Text" library="Browser">
<arg>css=input[name=password]</arg>
<arg>${pass}</arg>
<tag>PageContent</tag>
<tag>Setter</tag>
<doc>Clears and fills the given ``text`` into the text field found by ``selector``.</doc>
<msg timestamp="20210504 09:46:20.889" level="INFO">Fills the text 'abc123' in the given field.</msg>
<status status="PASS" starttime="20210504 09:46:20.888" endtime="20210504 09:46:20.932"/>
</kw>
<kw name="Click" library="Browser">
<arg>text=Entrar</arg>
<tag>PageContent</tag>
<tag>Setter</tag>
<doc>Simulates mouse click on the element found by ``selector``.</doc>
<status status="PASS" starttime="20210504 09:46:20.933" endtime="20210504 09:46:20.994"/>
</kw>
<status status="PASS" starttime="20210504 09:46:20.834" endtime="20210504 09:46:20.994"/>
</kw>
<kw name="Toaster Text Should Be" library="components">
<arg>Usuário e/ou senha inválidos.</arg>
<kw name="Wait For Elements State" library="Browser">
<arg>css=.Toastify__toast-body &gt;&gt; text=${expect_text}</arg>
<arg>visible</arg>
<arg>5</arg>
<tag>PageContent</tag>
<tag>Wait</tag>
<doc>Waits for the element found by ``selector`` to satisfy state option.</doc>
<msg timestamp="20210504 09:46:21.243" level="INFO">Wait for Element with selector: css=.Toastify__toast-body &gt;&gt; text=Usuário e/ou senha inválidos.</msg>
<status status="PASS" starttime="20210504 09:46:20.996" endtime="20210504 09:46:21.243"/>
</kw>
<status status="PASS" starttime="20210504 09:46:20.995" endtime="20210504 09:46:21.244"/>
</kw>
<kw name="Thinking And Take Screenshot" library="base" type="TEARDOWN">
<arg>2</arg>
<kw name="Sleep" library="BuiltIn">
<arg>${timeout}</arg>
<doc>Pauses the test executed for the given time.</doc>
<msg timestamp="20210504 09:46:23.247" level="INFO">Slept 2 seconds</msg>
<status status="PASS" starttime="20210504 09:46:21.246" endtime="20210504 09:46:23.247"/>
</kw>
<kw name="Take Screenshot" library="Browser">
<tag>PageContent</tag>
<doc>Takes a screenshot of the current window and saves it to ``path``. Saves it as a png.</doc>
<msg timestamp="20210504 09:46:23.389" level="INFO" html="true">&lt;/td&gt;&lt;/tr&gt;&lt;tr&gt;&lt;td colspan="3"&gt;&lt;a href="browser/screenshot/robotframework-browser-screenshot-2.png"&gt;&lt;img src="browser/screenshot/robotframework-browser-screenshot-2.png" width="800px"&gt;&lt;/a&gt;</msg>
<status status="PASS" starttime="20210504 09:46:23.247" endtime="20210504 09:46:23.389"/>
</kw>
<status status="PASS" starttime="20210504 09:46:21.245" endtime="20210504 09:46:23.390"/>
</kw>
<status status="PASS" starttime="20210504 09:46:20.281" endtime="20210504 09:46:23.391"/>
</test>
<test id="s1-s1-s1-t3" name="Cenario: Email não cadastrado">
<kw name="Go To Login Pages" library="auth">
<kw name="Go To" library="Browser">
<arg>https://theotokus-bodytest-web.herokuapp.com/</arg>
<tag>BrowserControl</tag>
<tag>Setter</tag>
<doc>Navigates to the given ``url``.</doc>
<msg timestamp="20210504 09:46:23.929" level="INFO">Succesfully opened URL https://theotokus-bodytest-web.herokuapp.com/</msg>
<status status="PASS" starttime="20210504 09:46:23.410" endtime="20210504 09:46:23.930"/>
</kw>
<status status="PASS" starttime="20210504 09:46:23.410" endtime="20210504 09:46:23.931"/>
</kw>
<kw name="Login With" library="auth">
<arg>edson@gmail.com</arg>
<arg>abc123</arg>
<kw name="Fill Text" library="Browser">
<arg>css=input[name=email]</arg>
<arg>${email}</arg>
<tag>PageContent</tag>
<tag>Setter</tag>
<doc>Clears and fills the given ``text`` into the text field found by ``selector``.</doc>
<msg timestamp="20210504 09:46:23.935" level="INFO">Fills the text 'edson@gmail.com' in the given field.</msg>
<status status="PASS" starttime="20210504 09:46:23.934" endtime="20210504 09:46:23.988"/>
</kw>
<kw name="Fill Text" library="Browser">
<arg>css=input[name=password]</arg>
<arg>${pass}</arg>
<tag>PageContent</tag>
<tag>Setter</tag>
<doc>Clears and fills the given ``text`` into the text field found by ``selector``.</doc>
<msg timestamp="20210504 09:46:23.990" level="INFO">Fills the text 'abc123' in the given field.</msg>
<status status="PASS" starttime="20210504 09:46:23.989" endtime="20210504 09:46:24.029"/>
</kw>
<kw name="Click" library="Browser">
<arg>text=Entrar</arg>
<tag>PageContent</tag>
<tag>Setter</tag>
<doc>Simulates mouse click on the element found by ``selector``.</doc>
<status status="PASS" starttime="20210504 09:46:24.030" endtime="20210504 09:46:24.087"/>
</kw>
<status status="PASS" starttime="20210504 09:46:23.931" endtime="20210504 09:46:24.088"/>
</kw>
<kw name="Toaster Text Should Be" library="components">
<arg>Usuário e/ou senha inválidos.</arg>
<kw name="Wait For Elements State" library="Browser">
<arg>css=.Toastify__toast-body &gt;&gt; text=${expect_text}</arg>
<arg>visible</arg>
<arg>5</arg>
<tag>PageContent</tag>
<tag>Wait</tag>
<doc>Waits for the element found by ``selector`` to satisfy state option.</doc>
<msg timestamp="20210504 09:46:24.383" level="INFO">Wait for Element with selector: css=.Toastify__toast-body &gt;&gt; text=Usuário e/ou senha inválidos.</msg>
<status status="PASS" starttime="20210504 09:46:24.089" endtime="20210504 09:46:24.383"/>
</kw>
<status status="PASS" starttime="20210504 09:46:24.088" endtime="20210504 09:46:24.384"/>
</kw>
<kw name="Thinking And Take Screenshot" library="base" type="TEARDOWN">
<arg>2</arg>
<kw name="Sleep" library="BuiltIn">
<arg>${timeout}</arg>
<doc>Pauses the test executed for the given time.</doc>
<msg timestamp="20210504 09:46:26.387" level="INFO">Slept 2 seconds</msg>
<status status="PASS" starttime="20210504 09:46:24.386" endtime="20210504 09:46:26.387"/>
</kw>
<kw name="Take Screenshot" library="Browser">
<tag>PageContent</tag>
<doc>Takes a screenshot of the current window and saves it to ``path``. Saves it as a png.</doc>
<msg timestamp="20210504 09:46:26.519" level="INFO" html="true">&lt;/td&gt;&lt;/tr&gt;&lt;tr&gt;&lt;td colspan="3"&gt;&lt;a href="browser/screenshot/robotframework-browser-screenshot-3.png"&gt;&lt;img src="browser/screenshot/robotframework-browser-screenshot-3.png" width="800px"&gt;&lt;/a&gt;</msg>
<status status="PASS" starttime="20210504 09:46:26.387" endtime="20210504 09:46:26.519"/>
</kw>
<status status="PASS" starttime="20210504 09:46:24.385" endtime="20210504 09:46:26.520"/>
</kw>
<status status="PASS" starttime="20210504 09:46:23.400" endtime="20210504 09:46:26.520"/>
</test>
<test id="s1-s1-s1-t4" name="Cenario: Email incorreto">
<kw name="Go To Login Pages" library="auth">
<kw name="Go To" library="Browser">
<arg>https://theotokus-bodytest-web.herokuapp.com/</arg>
<tag>BrowserControl</tag>
<tag>Setter</tag>
<doc>Navigates to the given ``url``.</doc>
<msg timestamp="20210504 09:46:27.088" level="INFO">Succesfully opened URL https://theotokus-bodytest-web.herokuapp.com/</msg>
<status status="PASS" starttime="20210504 09:46:26.541" endtime="20210504 09:46:27.089"/>
</kw>
<status status="PASS" starttime="20210504 09:46:26.540" endtime="20210504 09:46:27.090"/>
</kw>
<kw name="Login With" library="auth">
<arg>admin&amp;bodytest.com</arg>
<arg>abc123</arg>
<kw name="Fill Text" library="Browser">
<arg>css=input[name=email]</arg>
<arg>${email}</arg>
<tag>PageContent</tag>
<tag>Setter</tag>
<doc>Clears and fills the given ``text`` into the text field found by ``selector``.</doc>
<msg timestamp="20210504 09:46:27.093" level="INFO">Fills the text 'admin&amp;bodytest.com' in the given field.</msg>
<status status="PASS" starttime="20210504 09:46:27.092" endtime="20210504 09:46:27.144"/>
</kw>
<kw name="Fill Text" library="Browser">
<arg>css=input[name=password]</arg>
<arg>${pass}</arg>
<tag>PageContent</tag>
<tag>Setter</tag>
<doc>Clears and fills the given ``text`` into the text field found by ``selector``.</doc>
<msg timestamp="20210504 09:46:27.145" level="INFO">Fills the text 'abc123' in the given field.</msg>
<status status="PASS" starttime="20210504 09:46:27.145" endtime="20210504 09:46:27.182"/>
</kw>
<kw name="Click" library="Browser">
<arg>text=Entrar</arg>
<tag>PageContent</tag>
<tag>Setter</tag>
<doc>Simulates mouse click on the element found by ``selector``.</doc>
<status status="PASS" starttime="20210504 09:46:27.183" endtime="20210504 09:46:27.257"/>
</kw>
<status status="PASS" starttime="20210504 09:46:27.091" endtime="20210504 09:46:27.257"/>
</kw>
<kw name="Alert Text Should Be" library="components">
<arg>Informe um e-mail válido</arg>
<kw name="Wait For Elements State" library="Browser">
<arg>css=form span &gt;&gt; text=${expect_text}</arg>
<arg>visible</arg>
<arg>5</arg>
<tag>PageContent</tag>
<tag>Wait</tag>
<doc>Waits for the element found by ``selector`` to satisfy state option.</doc>
<msg timestamp="20210504 09:46:27.293" level="INFO">Wait for Element with selector: css=form span &gt;&gt; text=Informe um e-mail válido</msg>
<status status="PASS" starttime="20210504 09:46:27.260" endtime="20210504 09:46:27.293"/>
</kw>
<status status="PASS" starttime="20210504 09:46:27.258" endtime="20210504 09:46:27.293"/>
</kw>
<kw name="Take Screenshot" library="Browser" type="TEARDOWN">
<tag>PageContent</tag>
<doc>Takes a screenshot of the current window and saves it to ``path``. Saves it as a png.</doc>
<msg timestamp="20210504 09:46:27.471" level="INFO" html="true">&lt;/td&gt;&lt;/tr&gt;&lt;tr&gt;&lt;td colspan="3"&gt;&lt;a href="browser/screenshot/robotframework-browser-screenshot-4.png"&gt;&lt;img src="browser/screenshot/robotframework-browser-screenshot-4.png" width="800px"&gt;&lt;/a&gt;</msg>
<status status="PASS" starttime="20210504 09:46:27.294" endtime="20210504 09:46:27.471"/>
</kw>
<status status="PASS" starttime="20210504 09:46:26.528" endtime="20210504 09:46:27.471"/>
</test>
<test id="s1-s1-s1-t5" name="Cenario: Senha não informada">
<kw name="Go To Login Pages" library="auth">
<kw name="Go To" library="Browser">
<arg>https://theotokus-bodytest-web.herokuapp.com/</arg>
<tag>BrowserControl</tag>
<tag>Setter</tag>
<doc>Navigates to the given ``url``.</doc>
<msg timestamp="20210504 09:46:28.115" level="INFO">Succesfully opened URL https://theotokus-bodytest-web.herokuapp.com/</msg>
<status status="PASS" starttime="20210504 09:46:27.496" endtime="20210504 09:46:28.116"/>
</kw>
<status status="PASS" starttime="20210504 09:46:27.496" endtime="20210504 09:46:28.116"/>
</kw>
<kw name="Login With" library="auth">
<arg>admin@bodytest.com</arg>
<arg>${EMPTY}</arg>
<kw name="Fill Text" library="Browser">
<arg>css=input[name=email]</arg>
<arg>${email}</arg>
<tag>PageContent</tag>
<tag>Setter</tag>
<doc>Clears and fills the given ``text`` into the text field found by ``selector``.</doc>
<msg timestamp="20210504 09:46:28.120" level="INFO">Fills the text 'admin@bodytest.com' in the given field.</msg>
<status status="PASS" starttime="20210504 09:46:28.119" endtime="20210504 09:46:28.176"/>
</kw>
<kw name="Fill Text" library="Browser">
<arg>css=input[name=password]</arg>
<arg>${pass}</arg>
<tag>PageContent</tag>
<tag>Setter</tag>
<doc>Clears and fills the given ``text`` into the text field found by ``selector``.</doc>
<msg timestamp="20210504 09:46:28.177" level="INFO">Fills the text '' in the given field.</msg>
<status status="PASS" starttime="20210504 09:46:28.176" endtime="20210504 09:46:28.208"/>
</kw>
<kw name="Click" library="Browser">
<arg>text=Entrar</arg>
<tag>PageContent</tag>
<tag>Setter</tag>
<doc>Simulates mouse click on the element found by ``selector``.</doc>
<status status="PASS" starttime="20210504 09:46:28.208" endtime="20210504 09:46:28.266"/>
</kw>
<status status="PASS" starttime="20210504 09:46:28.117" endtime="20210504 09:46:28.267"/>
</kw>
<kw name="Alert Text Should Be" library="components">
<arg>A senha é obrigatória</arg>
<kw name="Wait For Elements State" library="Browser">
<arg>css=form span &gt;&gt; text=${expect_text}</arg>
<arg>visible</arg>
<arg>5</arg>
<tag>PageContent</tag>
<tag>Wait</tag>
<doc>Waits for the element found by ``selector`` to satisfy state option.</doc>
<msg timestamp="20210504 09:46:28.298" level="INFO">Wait for Element with selector: css=form span &gt;&gt; text=A senha é obrigatória</msg>
<status status="PASS" starttime="20210504 09:46:28.269" endtime="20210504 09:46:28.298"/>
</kw>
<status status="PASS" starttime="20210504 09:46:28.268" endtime="20210504 09:46:28.298"/>
</kw>
<kw name="Take Screenshot" library="Browser" type="TEARDOWN">
<tag>PageContent</tag>
<doc>Takes a screenshot of the current window and saves it to ``path``. Saves it as a png.</doc>
<msg timestamp="20210504 09:46:28.470" level="INFO" html="true">&lt;/td&gt;&lt;/tr&gt;&lt;tr&gt;&lt;td colspan="3"&gt;&lt;a href="browser/screenshot/robotframework-browser-screenshot-5.png"&gt;&lt;img src="browser/screenshot/robotframework-browser-screenshot-5.png" width="800px"&gt;&lt;/a&gt;</msg>
<status status="PASS" starttime="20210504 09:46:28.299" endtime="20210504 09:46:28.470"/>
</kw>
<status status="PASS" starttime="20210504 09:46:27.478" endtime="20210504 09:46:28.470"/>
</test>
<test id="s1-s1-s1-t6" name="Cenario: Email não informado">
<kw name="Go To Login Pages" library="auth">
<kw name="Go To" library="Browser">
<arg>https://theotokus-bodytest-web.herokuapp.com/</arg>
<tag>BrowserControl</tag>
<tag>Setter</tag>
<doc>Navigates to the given ``url``.</doc>
<msg timestamp="20210504 09:46:29.046" level="INFO">Succesfully opened URL https://theotokus-bodytest-web.herokuapp.com/</msg>
<status status="PASS" starttime="20210504 09:46:28.489" endtime="20210504 09:46:29.047"/>
</kw>
<status status="PASS" starttime="20210504 09:46:28.487" endtime="20210504 09:46:29.047"/>
</kw>
<kw name="Login With" library="auth">
<arg>${EMPTY}</arg>
<arg>pwd123</arg>
<kw name="Fill Text" library="Browser">
<arg>css=input[name=email]</arg>
<arg>${email}</arg>
<tag>PageContent</tag>
<tag>Setter</tag>
<doc>Clears and fills the given ``text`` into the text field found by ``selector``.</doc>
<msg timestamp="20210504 09:46:29.050" level="INFO">Fills the text '' in the given field.</msg>
<status status="PASS" starttime="20210504 09:46:29.050" endtime="20210504 09:46:29.101"/>
</kw>
<kw name="Fill Text" library="Browser">
<arg>css=input[name=password]</arg>
<arg>${pass}</arg>
<tag>PageContent</tag>
<tag>Setter</tag>
<doc>Clears and fills the given ``text`` into the text field found by ``selector``.</doc>
<msg timestamp="20210504 09:46:29.102" level="INFO">Fills the text 'pwd123' in the given field.</msg>
<status status="PASS" starttime="20210504 09:46:29.102" endtime="20210504 09:46:29.132"/>
</kw>
<kw name="Click" library="Browser">
<arg>text=Entrar</arg>
<tag>PageContent</tag>
<tag>Setter</tag>
<doc>Simulates mouse click on the element found by ``selector``.</doc>
<status status="PASS" starttime="20210504 09:46:29.132" endtime="20210504 09:46:29.215"/>
</kw>
<status status="PASS" starttime="20210504 09:46:29.048" endtime="20210504 09:46:29.215"/>
</kw>
<kw name="Alert Text Should Be" library="components">
<arg>O e-mail é obrigatório</arg>
<kw name="Wait For Elements State" library="Browser">
<arg>css=form span &gt;&gt; text=${expect_text}</arg>
<arg>visible</arg>
<arg>5</arg>
<tag>PageContent</tag>
<tag>Wait</tag>
<doc>Waits for the element found by ``selector`` to satisfy state option.</doc>
<msg timestamp="20210504 09:46:29.248" level="INFO">Wait for Element with selector: css=form span &gt;&gt; text=O e-mail é obrigatório</msg>
<status status="PASS" starttime="20210504 09:46:29.217" endtime="20210504 09:46:29.248"/>
</kw>
<status status="PASS" starttime="20210504 09:46:29.215" endtime="20210504 09:46:29.249"/>
</kw>
<kw name="Take Screenshot" library="Browser" type="TEARDOWN">
<tag>PageContent</tag>
<doc>Takes a screenshot of the current window and saves it to ``path``. Saves it as a png.</doc>
<msg timestamp="20210504 09:46:29.396" level="INFO" html="true">&lt;/td&gt;&lt;/tr&gt;&lt;tr&gt;&lt;td colspan="3"&gt;&lt;a href="browser/screenshot/robotframework-browser-screenshot-6.png"&gt;&lt;img src="browser/screenshot/robotframework-browser-screenshot-6.png" width="800px"&gt;&lt;/a&gt;</msg>
<status status="PASS" starttime="20210504 09:46:29.249" endtime="20210504 09:46:29.396"/>
</kw>
<status status="PASS" starttime="20210504 09:46:28.479" endtime="20210504 09:46:29.397"/>
</test>
<test id="s1-s1-s1-t7" name="Cenario: Email e Senha não informados">
<kw name="Go To Login Pages" library="auth">
<kw name="Go To" library="Browser">
<arg>https://theotokus-bodytest-web.herokuapp.com/</arg>
<tag>BrowserControl</tag>
<tag>Setter</tag>
<doc>Navigates to the given ``url``.</doc>
<msg timestamp="20210504 09:46:29.938" level="INFO">Succesfully opened URL https://theotokus-bodytest-web.herokuapp.com/</msg>
<status status="PASS" starttime="20210504 09:46:29.418" endtime="20210504 09:46:29.938"/>
</kw>
<status status="PASS" starttime="20210504 09:46:29.417" endtime="20210504 09:46:29.938"/>
</kw>
<kw name="Login With" library="auth">
<arg>${EMPTY}</arg>
<arg>${EMPTY}</arg>
<kw name="Fill Text" library="Browser">
<arg>css=input[name=email]</arg>
<arg>${email}</arg>
<tag>PageContent</tag>
<tag>Setter</tag>
<doc>Clears and fills the given ``text`` into the text field found by ``selector``.</doc>
<msg timestamp="20210504 09:46:29.943" level="INFO">Fills the text '' in the given field.</msg>
<status status="PASS" starttime="20210504 09:46:29.942" endtime="20210504 09:46:29.997"/>
</kw>
<kw name="Fill Text" library="Browser">
<arg>css=input[name=password]</arg>
<arg>${pass}</arg>
<tag>PageContent</tag>
<tag>Setter</tag>
<doc>Clears and fills the given ``text`` into the text field found by ``selector``.</doc>
<msg timestamp="20210504 09:46:29.998" level="INFO">Fills the text '' in the given field.</msg>
<status status="PASS" starttime="20210504 09:46:29.997" endtime="20210504 09:46:30.023"/>
</kw>
<kw name="Click" library="Browser">
<arg>text=Entrar</arg>
<tag>PageContent</tag>
<tag>Setter</tag>
<doc>Simulates mouse click on the element found by ``selector``.</doc>
<status status="PASS" starttime="20210504 09:46:30.024" endtime="20210504 09:46:30.097"/>
</kw>
<status status="PASS" starttime="20210504 09:46:29.939" endtime="20210504 09:46:30.098"/>
</kw>
<kw name="Alert Text Should Be" library="components">
<arg>O e-mail é obrigatório</arg>
<kw name="Wait For Elements State" library="Browser">
<arg>css=form span &gt;&gt; text=${expect_text}</arg>
<arg>visible</arg>
<arg>5</arg>
<tag>PageContent</tag>
<tag>Wait</tag>
<doc>Waits for the element found by ``selector`` to satisfy state option.</doc>
<msg timestamp="20210504 09:46:30.122" level="INFO">Wait for Element with selector: css=form span &gt;&gt; text=O e-mail é obrigatório</msg>
<status status="PASS" starttime="20210504 09:46:30.100" endtime="20210504 09:46:30.122"/>
</kw>
<status status="PASS" starttime="20210504 09:46:30.099" endtime="20210504 09:46:30.123"/>
</kw>
<kw name="Alert Text Should Be" library="components">
<arg>A senha é obrigatória</arg>
<kw name="Wait For Elements State" library="Browser">
<arg>css=form span &gt;&gt; text=${expect_text}</arg>
<arg>visible</arg>
<arg>5</arg>
<tag>PageContent</tag>
<tag>Wait</tag>
<doc>Waits for the element found by ``selector`` to satisfy state option.</doc>
<msg timestamp="20210504 09:46:30.151" level="INFO">Wait for Element with selector: css=form span &gt;&gt; text=A senha é obrigatória</msg>
<status status="PASS" starttime="20210504 09:46:30.124" endtime="20210504 09:46:30.151"/>
</kw>
<status status="PASS" starttime="20210504 09:46:30.123" endtime="20210504 09:46:30.152"/>
</kw>
<kw name="Take Screenshot" library="Browser" type="TEARDOWN">
<tag>PageContent</tag>
<doc>Takes a screenshot of the current window and saves it to ``path``. Saves it as a png.</doc>
<msg timestamp="20210504 09:46:30.308" level="INFO" html="true">&lt;/td&gt;&lt;/tr&gt;&lt;tr&gt;&lt;td colspan="3"&gt;&lt;a href="browser/screenshot/robotframework-browser-screenshot-7.png"&gt;&lt;img src="browser/screenshot/robotframework-browser-screenshot-7.png" width="800px"&gt;&lt;/a&gt;</msg>
<status status="PASS" starttime="20210504 09:46:30.152" endtime="20210504 09:46:30.308"/>
</kw>
<status status="PASS" starttime="20210504 09:46:29.404" endtime="20210504 09:46:30.309"/>
</test>
<doc>Suite de testes de Login do Administrador</doc>
<status status="PASS" starttime="20210504 09:46:15.957" endtime="20210504 09:46:30.317"/>
</suite>
<status status="PASS" starttime="20210504 09:46:15.955" endtime="20210504 09:46:30.384"/>
</suite>
<suite id="s1-s2" name="Students" source="/home/edson/workspace/courses/qa_ninja/robot_framework/bodytest/tests/students">
<suite id="s1-s2-s1" name="Create" source="/home/edson/workspace/courses/qa_ninja/robot_framework/bodytest/tests/students/create.robot">
<kw name="Start Admin Session" library="base" type="SETUP">
<kw name="Start Browser Session" library="base">
<kw name="New Browser" library="Browser">
<arg>chromium</arg>
<arg>true</arg>
<tag>BrowserControl</tag>
<tag>Setter</tag>
<doc>Create a new playwright Browser with specified options.
See `Browser, Context and Page` for more information about Browser and related concepts.</doc>
<msg timestamp="20210504 09:46:30.410" level="INFO">{"browser": "chromium", "headless": true, "handleSIGINT": true, "handleSIGTERM": true, "handleSIGHUP": true, "timeout": 30000.0, "devtools": false, "slowMo": 0.0}</msg>
<msg timestamp="20210504 09:46:30.626" level="INFO">Successfully created browser with options: {"browser":"chromium","headless":true,"handleSIGINT":true,"handleSIGTERM":true,"handleSIGHUP":true,"timeout":30000,"devtools":false,"slowMo":0}</msg>
<status status="PASS" starttime="20210504 09:46:30.409" endtime="20210504 09:46:30.626"/>
</kw>
<kw name="New Page" library="Browser">
<arg>about:blank</arg>
<tag>BrowserControl</tag>
<tag>Setter</tag>
<doc>Open a new Page. A Page is the Playwright equivalent to a tab.
See `Browser, Context and Page` for more information about Page concept.
Returns a stable identifier for the created page.</doc>
<msg timestamp="20210504 09:46:30.749" level="INFO">Successfully initialized new page object and opened url: about:blank</msg>
<status status="PASS" starttime="20210504 09:46:30.627" endtime="20210504 09:46:30.750"/>
</kw>
<status status="PASS" starttime="20210504 09:46:30.409" endtime="20210504 09:46:30.750"/>
</kw>
<kw name="Go To Login Pages" library="auth">
<kw name="Go To" library="Browser">
<arg>https://theotokus-bodytest-web.herokuapp.com/</arg>
<tag>BrowserControl</tag>
<tag>Setter</tag>
<doc>Navigates to the given ``url``.</doc>
<msg timestamp="20210504 09:46:32.616" level="INFO">Succesfully opened URL https://theotokus-bodytest-web.herokuapp.com/</msg>
<status status="PASS" starttime="20210504 09:46:30.751" endtime="20210504 09:46:32.617"/>
</kw>
<status status="PASS" starttime="20210504 09:46:30.751" endtime="20210504 09:46:32.617"/>
</kw>
<kw name="Login With" library="auth">
<arg>admin@bodytest.com</arg>
<arg>pwd123</arg>
<kw name="Fill Text" library="Browser">
<arg>css=input[name=email]</arg>
<arg>${email}</arg>
<tag>PageContent</tag>
<tag>Setter</tag>
<doc>Clears and fills the given ``text`` into the text field found by ``selector``.</doc>
<msg timestamp="20210504 09:46:32.620" level="INFO">Fills the text 'admin@bodytest.com' in the given field.</msg>
<status status="PASS" starttime="20210504 09:46:32.619" endtime="20210504 09:46:32.677"/>
</kw>
<kw name="Fill Text" library="Browser">
<arg>css=input[name=password]</arg>
<arg>${pass}</arg>
<tag>PageContent</tag>
<tag>Setter</tag>
<doc>Clears and fills the given ``text`` into the text field found by ``selector``.</doc>
<msg timestamp="20210504 09:46:32.678" level="INFO">Fills the text 'pwd123' in the given field.</msg>
<status status="PASS" starttime="20210504 09:46:32.678" endtime="20210504 09:46:32.715"/>
</kw>
<kw name="Click" library="Browser">
<arg>text=Entrar</arg>
<tag>PageContent</tag>
<tag>Setter</tag>
<doc>Simulates mouse click on the element found by ``selector``.</doc>
<status status="PASS" starttime="20210504 09:46:32.715" endtime="20210504 09:46:32.810"/>
</kw>
<status status="PASS" starttime="20210504 09:46:32.618" endtime="20210504 09:46:32.810"/>
</kw>
<kw name="User Should Be Logged In" library="nav">
<arg>Administrador</arg>
<kw name="Get Text" library="Browser">
<arg>css=aside strong</arg>
<arg>should be</arg>
<arg>${user_name}</arg>
<tag>Assertion</tag>
<tag>Getter</tag>
<tag>PageContent</tag>
<doc>Returns text attribute of the element found by ``selector``.
See the `Finding elements` section for details about the selectors.</doc>
<status status="PASS" starttime="20210504 09:46:32.811" endtime="20210504 09:46:33.529"/>
</kw>
<status status="PASS" starttime="20210504 09:46:32.811" endtime="20210504 09:46:33.530"/>
</kw>
<status status="PASS" starttime="20210504 09:46:30.408" endtime="20210504 09:46:33.530"/>
</kw>
<test id="s1-s2-s1-t1" name="Cenario: Novo aluno">
<kw name="Create Dictionary" library="BuiltIn">
<var>&amp;{student}</var>
<arg>name=Edson José dos Santos</arg>
<arg>email=edson@theotokus.com</arg>
<arg>age=39</arg>
<arg>weight=81</arg>
<arg>feet_tall=1.82</arg>
<doc>Creates and returns a dictionary based on the given ``items``.</doc>
<msg timestamp="20210504 09:46:33.549" level="INFO">&amp;{student} = { name=Edson José dos Santos | email=edson@theotokus.com | age=39 | weight=81 | feet_tall=1.82 }</msg>
<status status="PASS" starttime="20210504 09:46:33.546" endtime="20210504 09:46:33.549"/>
</kw>
<kw name="Remove Student" library="DeloreanLibrary">
<arg>${student.email}</arg>
<msg timestamp="20210504 09:46:33.552" level="INFO">delete from students where email = 'edson@theotokus.com'</msg>
<status status="PASS" starttime="20210504 09:46:33.550" endtime="20210504 09:46:34.666"/>
</kw>
<kw name="Go to Students" library="nav">
<kw name="Click" library="Browser">
<arg>css=a[href$=alunos]</arg>
<tag>PageContent</tag>
<tag>Setter</tag>
<doc>Simulates mouse click on the element found by ``selector``.</doc>
<status status="PASS" starttime="20210504 09:46:34.668" endtime="20210504 09:46:34.784"/>
</kw>
<kw name="Wait For Elements State" library="Browser">
<arg>css=h1 &gt;&gt; text=Gestão de Alunos</arg>
<arg>visible</arg>
<arg>5</arg>
<tag>PageContent</tag>
<tag>Wait</tag>
<doc>Waits for the element found by ``selector`` to satisfy state option.</doc>
<msg timestamp="20210504 09:46:34.815" level="INFO">Wait for Element with selector: css=h1 &gt;&gt; text=Gestão de Alunos</msg>
<status status="PASS" starttime="20210504 09:46:34.784" endtime="20210504 09:46:34.815"/>
</kw>
<status status="PASS" starttime="20210504 09:46:34.667" endtime="20210504 09:46:34.816"/>
</kw>
<kw name="Go to Form Student" library="students">
<kw name="Click" library="Browser">
<arg>css=a[href$="alunos/new"]</arg>
<tag>PageContent</tag>
<tag>Setter</tag>
<doc>Simulates mouse click on the element found by ``selector``.</doc>
<status status="PASS" starttime="20210504 09:46:34.817" endtime="20210504 09:46:34.920"/>
</kw>
<kw name="Wait For Elements State" library="Browser">
<arg>css=h1 &gt;&gt; text=Novo aluno</arg>
<arg>visible</arg>
<arg>5</arg>
<tag>PageContent</tag>
<tag>Wait</tag>
<doc>Waits for the element found by ``selector`` to satisfy state option.</doc>
<msg timestamp="20210504 09:46:34.941" level="INFO">Wait for Element with selector: css=h1 &gt;&gt; text=Novo aluno</msg>
<status status="PASS" starttime="20210504 09:46:34.921" endtime="20210504 09:46:34.941"/>
</kw>
<status status="PASS" starttime="20210504 09:46:34.816" endtime="20210504 09:46:34.942"/>
</kw>
<kw name="New Student" library="students">
<arg>${student}</arg>
<kw name="Fill Text" library="Browser">
<arg>${NAME_FIELD}</arg>
<arg>${student.name}</arg>
<tag>PageContent</tag>
<tag>Setter</tag>
<doc>Clears and fills the given ``text`` into the text field found by ``selector``.</doc>
<msg timestamp="20210504 09:46:34.944" level="INFO">Fills the text 'Edson José dos Santos' in the given field.</msg>
<status status="PASS" starttime="20210504 09:46:34.943" endtime="20210504 09:46:34.994"/>
</kw>
<kw name="Fill Text" library="Browser">
<arg>${EMAIL_FIELD}</arg>
<arg>${student.email}</arg>
<tag>PageContent</tag>
<tag>Setter</tag>
<doc>Clears and fills the given ``text`` into the text field found by ``selector``.</doc>
<msg timestamp="20210504 09:46:34.997" level="INFO">Fills the text 'edson@theotokus.com' in the given field.</msg>
<status status="PASS" starttime="20210504 09:46:34.994" endtime="20210504 09:46:35.026"/>
</kw>
<kw name="Fill Text" library="Browser">
<arg>${AGE_FIELD}</arg>
<arg>${student.age}</arg>
<tag>PageContent</tag>
<tag>Setter</tag>
<doc>Clears and fills the given ``text`` into the text field found by ``selector``.</doc>
<msg timestamp="20210504 09:46:35.029" level="INFO">Fills the text '39' in the given field.</msg>
<status status="PASS" starttime="20210504 09:46:35.027" endtime="20210504 09:46:35.073"/>
</kw>
<kw name="Fill Text" library="Browser">
<arg>${WEIGTH_FIELD}</arg>
<arg>${student.weight}</arg>
<tag>PageContent</tag>
<tag>Setter</tag>
<doc>Clears and fills the given ``text`` into the text field found by ``selector``.</doc>
<msg timestamp="20210504 09:46:35.074" level="INFO">Fills the text '81' in the given field.</msg>
<status status="PASS" starttime="20210504 09:46:35.073" endtime="20210504 09:46:35.109"/>
</kw>
<kw name="Fill Text" library="Browser">
<arg>${FEET_TALL_FIELD}</arg>
<arg>${student.feet_tall}</arg>
<tag>PageContent</tag>
<tag>Setter</tag>
<doc>Clears and fills the given ``text`` into the text field found by ``selector``.</doc>
<msg timestamp="20210504 09:46:35.111" level="INFO">Fills the text '1.82' in the given field.</msg>
<status status="PASS" starttime="20210504 09:46:35.109" endtime="20210504 09:46:35.144"/>
</kw>
<kw name="Submit Student Form" library="students">
<kw name="Click" library="Browser">
<arg>css=button[form$=Student]</arg>
<tag>PageContent</tag>
<tag>Setter</tag>
<doc>Simulates mouse click on the element found by ``selector``.</doc>
<status status="PASS" starttime="20210504 09:46:35.145" endtime="20210504 09:46:35.206"/>
</kw>
<status status="PASS" starttime="20210504 09:46:35.144" endtime="20210504 09:46:35.207"/>
</kw>
<status status="PASS" starttime="20210504 09:46:34.942" endtime="20210504 09:46:35.207"/>
</kw>
<kw name="Toaster Text Should Be" library="components">
<arg>Aluno cadastrado com sucesso.</arg>
<kw name="Wait For Elements State" library="Browser">
<arg>css=.Toastify__toast-body &gt;&gt; text=${expect_text}</arg>
<arg>visible</arg>
<arg>5</arg>
<tag>PageContent</tag>
<tag>Wait</tag>
<doc>Waits for the element found by ``selector`` to satisfy state option.</doc>
<msg timestamp="20210504 09:46:35.574" level="INFO">Wait for Element with selector: css=.Toastify__toast-body &gt;&gt; text=Aluno cadastrado com sucesso.</msg>
<status status="PASS" starttime="20210504 09:46:35.208" endtime="20210504 09:46:35.574"/>
</kw>
<status status="PASS" starttime="20210504 09:46:35.207" endtime="20210504 09:46:35.575"/>
</kw>
<kw name="Thinking And Take Screenshot" library="base" type="TEARDOWN">
<arg>2</arg>
<kw name="Sleep" library="BuiltIn">
<arg>${timeout}</arg>
<doc>Pauses the test executed for the given time.</doc>
<msg timestamp="20210504 09:46:37.576" level="INFO">Slept 2 seconds</msg>
<status status="PASS" starttime="20210504 09:46:35.576" endtime="20210504 09:46:37.577"/>
</kw>
<kw name="Take Screenshot" library="Browser">
<tag>PageContent</tag>
<doc>Takes a screenshot of the current window and saves it to ``path``. Saves it as a png.</doc>
<msg timestamp="20210504 09:46:37.724" level="INFO" html="true">&lt;/td&gt;&lt;/tr&gt;&lt;tr&gt;&lt;td colspan="3"&gt;&lt;a href="browser/screenshot/robotframework-browser-screenshot-8.png"&gt;&lt;img src="browser/screenshot/robotframework-browser-screenshot-8.png" width="800px"&gt;&lt;/a&gt;</msg>
<status status="PASS" starttime="20210504 09:46:37.577" endtime="20210504 09:46:37.724"/>
</kw>
<status status="PASS" starttime="20210504 09:46:35.575" endtime="20210504 09:46:37.725"/>
</kw>
<status status="PASS" starttime="20210504 09:46:33.531" endtime="20210504 09:46:37.725"/>
</test>
<test id="s1-s2-s1-t2" name="Cenario: Não deve permitir email duplicado">
<kw name="Create Dictionary" library="BuiltIn">
<var>&amp;{student}</var>
<arg>name=Ricardo de Mauro</arg>
<arg>email=ricardo@theotokus.com</arg>
<arg>age=34</arg>
<arg>weight=98</arg>
<arg>feet_tall=1.75</arg>
<doc>Creates and returns a dictionary based on the given ``items``.</doc>
<msg timestamp="20210504 09:46:37.747" level="INFO">&amp;{student} = { name=Ricardo de Mauro | email=ricardo@theotokus.com | age=34 | weight=98 | feet_tall=1.75 }</msg>
<status status="PASS" starttime="20210504 09:46:37.746" endtime="20210504 09:46:37.747"/>
</kw>
<kw name="Insert Student" library="DeloreanLibrary">
<arg>${student}</arg>
<msg timestamp="20210504 09:46:37.749" level="INFO">delete from students where email = 'ricardo@theotokus.com'</msg>
<msg timestamp="20210504 09:46:38.830" level="INFO">insert into students(name, email, age, weight, feet_tall, created_at, updated_at)values('Ricardo de Mauro','ricardo@theotokus.com',34,98,1.75,NOW(),NOW());</msg>
<status status="PASS" starttime="20210504 09:46:37.748" endtime="20210504 09:46:39.923"/>
</kw>
<kw name="Go to Students" library="nav">
<kw name="Click" library="Browser">
<arg>css=a[href$=alunos]</arg>
<tag>PageContent</tag>
<tag>Setter</tag>
<doc>Simulates mouse click on the element found by ``selector``.</doc>
<status status="PASS" starttime="20210504 09:46:39.925" endtime="20210504 09:46:39.985"/>
</kw>
<kw name="Wait For Elements State" library="Browser">
<arg>css=h1 &gt;&gt; text=Gestão de Alunos</arg>
<arg>visible</arg>
<arg>5</arg>
<tag>PageContent</tag>
<tag>Wait</tag>
<doc>Waits for the element found by ``selector`` to satisfy state option.</doc>
<msg timestamp="20210504 09:46:40.007" level="INFO">Wait for Element with selector: css=h1 &gt;&gt; text=Gestão de Alunos</msg>
<status status="PASS" starttime="20210504 09:46:39.985" endtime="20210504 09:46:40.007"/>
</kw>
<status status="PASS" starttime="20210504 09:46:39.924" endtime="20210504 09:46:40.007"/>
</kw>
<kw name="Go to Form Student" library="students">
<kw name="Click" library="Browser">
<arg>css=a[href$="alunos/new"]</arg>
<tag>PageContent</tag>
<tag>Setter</tag>
<doc>Simulates mouse click on the element found by ``selector``.</doc>
<status status="PASS" starttime="20210504 09:46:40.008" endtime="20210504 09:46:40.083"/>
</kw>
<kw name="Wait For Elements State" library="Browser">
<arg>css=h1 &gt;&gt; text=Novo aluno</arg>
<arg>visible</arg>
<arg>5</arg>
<tag>PageContent</tag>
<tag>Wait</tag>
<doc>Waits for the element found by ``selector`` to satisfy state option.</doc>
<msg timestamp="20210504 09:46:40.110" level="INFO">Wait for Element with selector: css=h1 &gt;&gt; text=Novo aluno</msg>
<status status="PASS" starttime="20210504 09:46:40.084" endtime="20210504 09:46:40.111"/>
</kw>
<status status="PASS" starttime="20210504 09:46:40.008" endtime="20210504 09:46:40.111"/>
</kw>
<kw name="New Student" library="students">
<arg>${student}</arg>
<kw name="Fill Text" library="Browser">
<arg>${NAME_FIELD}</arg>
<arg>${student.name}</arg>
<tag>PageContent</tag>
<tag>Setter</tag>
<doc>Clears and fills the given ``text`` into the text field found by ``selector``.</doc>
<msg timestamp="20210504 09:46:40.115" level="INFO">Fills the text 'Ricardo de Mauro' in the given field.</msg>
<status status="PASS" starttime="20210504 09:46:40.112" endtime="20210504 09:46:40.160"/>
</kw>
<kw name="Fill Text" library="Browser">
<arg>${EMAIL_FIELD}</arg>
<arg>${student.email}</arg>
<tag>PageContent</tag>
<tag>Setter</tag>
<doc>Clears and fills the given ``text`` into the text field found by ``selector``.</doc>
<msg timestamp="20210504 09:46:40.163" level="INFO">Fills the text 'ricardo@theotokus.com' in the given field.</msg>
<status status="PASS" starttime="20210504 09:46:40.161" endtime="20210504 09:46:40.196"/>
</kw>
<kw name="Fill Text" library="Browser">
<arg>${AGE_FIELD}</arg>
<arg>${student.age}</arg>
<tag>PageContent</tag>
<tag>Setter</tag>
<doc>Clears and fills the given ``text`` into the text field found by ``selector``.</doc>
<msg timestamp="20210504 09:46:40.205" level="INFO">Fills the text '34' in the given field.</msg>
<status status="PASS" starttime="20210504 09:46:40.196" endtime="20210504 09:46:40.239"/>
</kw>
<kw name="Fill Text" library="Browser">
<arg>${WEIGTH_FIELD}</arg>
<arg>${student.weight}</arg>
<tag>PageContent</tag>
<tag>Setter</tag>
<doc>Clears and fills the given ``text`` into the text field found by ``selector``.</doc>
<msg timestamp="20210504 09:46:40.241" level="INFO">Fills the text '98' in the given field.</msg>
<status status="PASS" starttime="20210504 09:46:40.239" endtime="20210504 09:46:40.275"/>
</kw>
<kw name="Fill Text" library="Browser">
<arg>${FEET_TALL_FIELD}</arg>
<arg>${student.feet_tall}</arg>
<tag>PageContent</tag>
<tag>Setter</tag>
<doc>Clears and fills the given ``text`` into the text field found by ``selector``.</doc>
<msg timestamp="20210504 09:46:40.277" level="INFO">Fills the text '1.75' in the given field.</msg>
<status status="PASS" starttime="20210504 09:46:40.275" endtime="20210504 09:46:40.312"/>
</kw>
<kw name="Submit Student Form" library="students">
<kw name="Click" library="Browser">
<arg>css=button[form$=Student]</arg>
<tag>PageContent</tag>
<tag>Setter</tag>
<doc>Simulates mouse click on the element found by ``selector``.</doc>
<status status="PASS" starttime="20210504 09:46:40.313" endtime="20210504 09:46:40.381"/>
</kw>
<status status="PASS" starttime="20210504 09:46:40.312" endtime="20210504 09:46:40.381"/>
</kw>
<status status="PASS" starttime="20210504 09:46:40.111" endtime="20210504 09:46:40.381"/>
</kw>
<kw name="Toaster Text Should Be" library="components">
<arg>Email já existe no sistema.</arg>
<kw name="Wait For Elements State" library="Browser">
<arg>css=.Toastify__toast-body &gt;&gt; text=${expect_text}</arg>
<arg>visible</arg>
<arg>5</arg>
<tag>PageContent</tag>
<tag>Wait</tag>
<doc>Waits for the element found by ``selector`` to satisfy state option.</doc>
<msg timestamp="20210504 09:46:40.695" level="INFO">Wait for Element with selector: css=.Toastify__toast-body &gt;&gt; text=Email já existe no sistema.</msg>
<status status="PASS" starttime="20210504 09:46:40.382" endtime="20210504 09:46:40.695"/>
</kw>
<status status="PASS" starttime="20210504 09:46:40.381" endtime="20210504 09:46:40.696"/>
</kw>
<kw name="Thinking And Take Screenshot" library="base" type="TEARDOWN">
<arg>2</arg>
<kw name="Sleep" library="BuiltIn">
<arg>${timeout}</arg>
<doc>Pauses the test executed for the given time.</doc>
<msg timestamp="20210504 09:46:42.699" level="INFO">Slept 2 seconds</msg>
<status status="PASS" starttime="20210504 09:46:40.697" endtime="20210504 09:46:42.700"/>
</kw>
<kw name="Take Screenshot" library="Browser">
<tag>PageContent</tag>
<doc>Takes a screenshot of the current window and saves it to ``path``. Saves it as a png.</doc>
<msg timestamp="20210504 09:46:42.834" level="INFO" html="true">&lt;/td&gt;&lt;/tr&gt;&lt;tr&gt;&lt;td colspan="3"&gt;&lt;a href="browser/screenshot/robotframework-browser-screenshot-9.png"&gt;&lt;img src="browser/screenshot/robotframework-browser-screenshot-9.png" width="800px"&gt;&lt;/a&gt;</msg>
<status status="PASS" starttime="20210504 09:46:42.700" endtime="20210504 09:46:42.834"/>
</kw>
<status status="PASS" starttime="20210504 09:46:40.697" endtime="20210504 09:46:42.835"/>
</kw>
<tag>duplicado</tag>
<status status="PASS" starttime="20210504 09:46:37.733" endtime="20210504 09:46:42.835"/>
</test>
<test id="s1-s2-s1-t3" name="Cenario: Todos os campos devem ser obrigatórios">
<kw name="Set Variable" library="BuiltIn">
<var>@{expected_alerts}</var>
<arg>Nome é obrigatório</arg>
<arg>O e-mail é obrigatório</arg>
<arg>idade é obrigatória</arg>
<arg>o peso é obrigatório</arg>
<arg>a Altura é obrigatória</arg>
<doc>Returns the given values which can then be assigned to a variables.</doc>
<msg timestamp="20210504 09:46:42.853" level="INFO">@{expected_alerts} = [ Nome é obrigatório | O e-mail é obrigatório | idade é obrigatória | o peso é obrigatório | a Altura é obrigatória ]</msg>
<status status="PASS" starttime="20210504 09:46:42.852" endtime="20210504 09:46:42.853"/>
</kw>
<kw name="Create List" library="BuiltIn">
<var>@{got_alerts}</var>
<doc>Returns a list containing given items.</doc>
<msg timestamp="20210504 09:46:42.854" level="INFO">@{got_alerts} = [ ]</msg>
<status status="PASS" starttime="20210504 09:46:42.854" endtime="20210504 09:46:42.855"/>
</kw>
<kw name="Go to Students" library="nav">
<kw name="Click" library="Browser">
<arg>css=a[href$=alunos]</arg>
<tag>PageContent</tag>
<tag>Setter</tag>
<doc>Simulates mouse click on the element found by ``selector``.</doc>
<status status="PASS" starttime="20210504 09:46:42.856" endtime="20210504 09:46:42.962"/>
</kw>
<kw name="Wait For Elements State" library="Browser">
<arg>css=h1 &gt;&gt; text=Gestão de Alunos</arg>
<arg>visible</arg>
<arg>5</arg>
<tag>PageContent</tag>
<tag>Wait</tag>
<doc>Waits for the element found by ``selector`` to satisfy state option.</doc>
<msg timestamp="20210504 09:46:42.984" level="INFO">Wait for Element with selector: css=h1 &gt;&gt; text=Gestão de Alunos</msg>
<status status="PASS" starttime="20210504 09:46:42.963" endtime="20210504 09:46:42.984"/>
</kw>
<status status="PASS" starttime="20210504 09:46:42.855" endtime="20210504 09:46:42.985"/>
</kw>
<kw name="Go to Form Student" library="students">
<kw name="Click" library="Browser">
<arg>css=a[href$="alunos/new"]</arg>
<tag>PageContent</tag>
<tag>Setter</tag>
<doc>Simulates mouse click on the element found by ``selector``.</doc>
<status status="PASS" starttime="20210504 09:46:42.986" endtime="20210504 09:46:43.080"/>
</kw>
<kw name="Wait For Elements State" library="Browser">
<arg>css=h1 &gt;&gt; text=Novo aluno</arg>
<arg>visible</arg>
<arg>5</arg>
<tag>PageContent</tag>
<tag>Wait</tag>
<doc>Waits for the element found by ``selector`` to satisfy state option.</doc>
<msg timestamp="20210504 09:46:43.105" level="INFO">Wait for Element with selector: css=h1 &gt;&gt; text=Novo aluno</msg>
<status status="PASS" starttime="20210504 09:46:43.080" endtime="20210504 09:46:43.106"/>
</kw>
<status status="PASS" starttime="20210504 09:46:42.986" endtime="20210504 09:46:43.107"/>
</kw>
<kw name="Submit Student Form" library="students">
<kw name="Click" library="Browser">
<arg>css=button[form$=Student]</arg>
<tag>PageContent</tag>
<tag>Setter</tag>
<doc>Simulates mouse click on the element found by ``selector``.</doc>
<status status="PASS" starttime="20210504 09:46:43.108" endtime="20210504 09:46:43.193"/>
</kw>
<status status="PASS" starttime="20210504 09:46:43.107" endtime="20210504 09:46:43.194"/>
</kw>
<for flavor="IN RANGE">
<var>${index}</var>
<value>1</value>
<value>6</value>
<iter>
<var name="${index}">1</var>
<kw name="Get Required Alerts" library="components">
<var>${span}</var>
<arg>${index}</arg>
<kw name="Get Text" library="Browser">
<var>${span}</var>
<arg>xpath=(//form//span)[${index}])</arg>
<tag>Assertion</tag>
<tag>Getter</tag>
<tag>PageContent</tag>
<doc>Returns text attribute of the element found by ``selector``.
See the `Finding elements` section for details about the selectors.</doc>
<msg timestamp="20210504 09:46:44.372" level="INFO" html="true">&lt;/td&gt;&lt;/tr&gt;&lt;tr&gt;&lt;td colspan="3"&gt;&lt;a href="Cenario_Todos_os_campos_devem_ser_obrigatrios_FAILURE_SCREENSHOT_5.png"&gt;&lt;img src="Cenario_Todos_os_campos_devem_ser_obrigatrios_FAILURE_SCREENSHOT_5.png" width="800px"&gt;&lt;/a&gt;</msg>
<msg timestamp="20210504 09:46:44.374" level="FAIL">Error: page.waitForSelector: Evaluation failed: DOMException: Failed to execute 'evaluate' on 'Document': The string '(//form//span)[1])' is not a valid XPath expression.
    at Object.query (&lt;anonymous&gt;:2868:29)
    at InjectedScript._queryEngine (&lt;anonymous&gt;:1591:47)
    at InjectedScript._querySelectorRecursively (&lt;anonymous&gt;:1547:25)
    at InjectedScript.querySelector (&lt;anonymous&gt;:1538:25)
    at eval (eval at evaluate (:303:29), &lt;anonymous&gt;:4:38)
    at onRaf (&lt;anonymous&gt;:1667:37)
    at &lt;anonymous&gt;:1677:13
    at Object.run (&lt;anonymous&gt;:1735:28)
    at eval (eval at evaluate (:303:29), &lt;anonymous&gt;:1:14)
    at UtilityScript.evaluate (&lt;anonymous&gt;:305:22)
=========================== logs ===========================
waiting for selector "xpath=(//form//span)[1])"
============================================================
Note: use DEBUG=pw:api environment variable to capture Playwright logs.</msg>
<status status="FAIL" starttime="20210504 09:46:43.197" endtime="20210504 09:46:44.374"/>
</kw>
<status status="FAIL" starttime="20210504 09:46:43.196" endtime="20210504 09:46:44.375"/>
</kw>
<kw name="Append To List" library="Collections">
<arg>${got_alerts}</arg>
<arg>${span}</arg>
<doc>Adds ``values`` to the end of ``list``.</doc>
<status status="NOT RUN" starttime="20210504 09:46:44.375" endtime="20210504 09:46:44.375"/>
</kw>
<status status="FAIL" starttime="20210504 09:46:43.195" endtime="20210504 09:46:44.375"/>
</iter>
<status status="FAIL" starttime="20210504 09:46:43.194" endtime="20210504 09:46:44.375"/>
</for>
<kw name="Log" library="BuiltIn">
<arg>${expected_alerts}</arg>
<doc>Logs the given message with the given level.</doc>
<status status="NOT RUN" starttime="20210504 09:46:44.376" endtime="20210504 09:46:44.376"/>
</kw>
<kw name="Log" library="BuiltIn">
<arg>${got_alerts}</arg>
<doc>Logs the given message with the given level.</doc>
<status status="NOT RUN" starttime="20210504 09:46:44.376" endtime="20210504 09:46:44.376"/>
</kw>
<kw name="List Should Be Equal">
<arg>${expected_alerts}</arg>
<arg>${got_alerts}</arg>
<status status="NOT RUN" starttime="20210504 09:46:44.383" endtime="20210504 09:46:44.383"/>
</kw>
<kw name="Take Screenshot" library="Browser" type="TEARDOWN">
<tag>PageContent</tag>
<doc>Takes a screenshot of the current window and saves it to ``path``. Saves it as a png.</doc>
<msg timestamp="20210504 09:46:44.551" level="INFO" html="true">&lt;/td&gt;&lt;/tr&gt;&lt;tr&gt;&lt;td colspan="3"&gt;&lt;a href="browser/screenshot/robotframework-browser-screenshot-10.png"&gt;&lt;img src="browser/screenshot/robotframework-browser-screenshot-10.png" width="800px"&gt;&lt;/a&gt;</msg>
<status status="PASS" starttime="20210504 09:46:44.384" endtime="20210504 09:46:44.552"/>
</kw>
<tag>fail</tag>
<status status="FAIL" starttime="20210504 09:46:42.844" endtime="20210504 09:46:44.552">Error: page.waitForSelector: Evaluation failed: DOMException: Failed to execute 'evaluate' on 'Document': The string '(//form//span)[1])' is not a valid XPath expression.
    at Object.query (&lt;anonymous&gt;:2868:29)
    at InjectedScript._queryEngine (&lt;anonymous&gt;:1591:47)
    at InjectedScript._querySelectorRecursively (&lt;anonymous&gt;:1547:25)
    at InjectedScript.querySelector (&lt;anonymous&gt;:1538:25)
    at eval (eval at evaluate (:303:29), &lt;anonymous&gt;:4:38)
    at onRaf (&lt;anonymous&gt;:1667:37)
    at &lt;anonymous&gt;:1677:13
    at Object.run (&lt;anonymous&gt;:1735:28)
    at eval (eval at evaluate (:303:29), &lt;anonymous&gt;:1:14)
    at UtilityScript.evaluate (&lt;anonymous&gt;:305:22)
=========================== logs ===========================
waiting for selector "xpath=(//form//span)[1])"
============================================================
Note: use DEBUG=pw:api environment variable to capture Playwright logs.</status>
</test>
<test id="s1-s2-s1-t4" name="Cenario: Validação dos Campos Numéricos">
<kw name="Check Type Field On Student Form">
<arg>${AGE_FIELD}</arg>
<arg>number</arg>
<kw name="Go to Students" library="nav">
<kw name="Click" library="Browser">
<arg>css=a[href$=alunos]</arg>
<tag>PageContent</tag>
<tag>Setter</tag>
<doc>Simulates mouse click on the element found by ``selector``.</doc>
<status status="PASS" starttime="20210504 09:46:44.581" endtime="20210504 09:46:44.684"/>
</kw>
<kw name="Wait For Elements State" library="Browser">
<arg>css=h1 &gt;&gt; text=Gestão de Alunos</arg>
<arg>visible</arg>
<arg>5</arg>
<tag>PageContent</tag>
<tag>Wait</tag>
<doc>Waits for the element found by ``selector`` to satisfy state option.</doc>
<msg timestamp="20210504 09:46:44.706" level="INFO">Wait for Element with selector: css=h1 &gt;&gt; text=Gestão de Alunos</msg>
<status status="PASS" starttime="20210504 09:46:44.684" endtime="20210504 09:46:44.706"/>
</kw>
<status status="PASS" starttime="20210504 09:46:44.581" endtime="20210504 09:46:44.707"/>
</kw>
<kw name="Go to Form Student" library="students">
<kw name="Click" library="Browser">
<arg>css=a[href$="alunos/new"]</arg>
<tag>PageContent</tag>
<tag>Setter</tag>
<doc>Simulates mouse click on the element found by ``selector``.</doc>
<status status="PASS" starttime="20210504 09:46:44.708" endtime="20210504 09:46:44.824"/>
</kw>
<kw name="Wait For Elements State" library="Browser">
<arg>css=h1 &gt;&gt; text=Novo aluno</arg>
<arg>visible</arg>
<arg>5</arg>
<tag>PageContent</tag>
<tag>Wait</tag>
<doc>Waits for the element found by ``selector`` to satisfy state option.</doc>
<msg timestamp="20210504 09:46:44.847" level="INFO">Wait for Element with selector: css=h1 &gt;&gt; text=Novo aluno</msg>
<status status="PASS" starttime="20210504 09:46:44.824" endtime="20210504 09:46:44.848"/>
</kw>
<status status="PASS" starttime="20210504 09:46:44.707" endtime="20210504 09:46:44.848"/>
</kw>
<kw name="Field Should Be Type" library="components">
<arg>${element}</arg>
<arg>${type}</arg>
<kw name="Get Attribute" library="Browser">
<var>${attr}</var>
<arg>${element}</arg>
<arg>type</arg>
<tag>Assertion</tag>
<tag>Getter</tag>
<tag>PageContent</tag>
<doc>Returns the HTML ``attribute`` of the element found by ``selector``.</doc>
<msg timestamp="20210504 09:46:44.885" level="INFO">${attr} = number</msg>
<status status="PASS" starttime="20210504 09:46:44.850" endtime="20210504 09:46:44.885"/>
</kw>
<kw name="Should Be Equal" library="BuiltIn">
<arg>${attr}</arg>
<arg>${type}</arg>
<doc>Fails if the given objects are unequal.</doc>
<status status="PASS" starttime="20210504 09:46:44.886" endtime="20210504 09:46:44.887"/>
</kw>
<status status="PASS" starttime="20210504 09:46:44.849" endtime="20210504 09:46:44.887"/>
</kw>
<status status="PASS" starttime="20210504 09:46:44.579" endtime="20210504 09:46:44.888"/>
</kw>
<kw name="Check Type Field On Student Form">
<arg>${WEIGTH_FIELD}</arg>
<arg>number</arg>
<kw name="Go to Students" library="nav">
<kw name="Click" library="Browser">
<arg>css=a[href$=alunos]</arg>
<tag>PageContent</tag>
<tag>Setter</tag>
<doc>Simulates mouse click on the element found by ``selector``.</doc>
<status status="PASS" starttime="20210504 09:46:44.891" endtime="20210504 09:46:44.993"/>
</kw>
<kw name="Wait For Elements State" library="Browser">
<arg>css=h1 &gt;&gt; text=Gestão de Alunos</arg>
<arg>visible</arg>
<arg>5</arg>
<tag>PageContent</tag>
<tag>Wait</tag>
<doc>Waits for the element found by ``selector`` to satisfy state option.</doc>
<msg timestamp="20210504 09:46:45.015" level="INFO">Wait for Element with selector: css=h1 &gt;&gt; text=Gestão de Alunos</msg>
<status status="PASS" starttime="20210504 09:46:44.994" endtime="20210504 09:46:45.016"/>
</kw>
<status status="PASS" starttime="20210504 09:46:44.890" endtime="20210504 09:46:45.016"/>
</kw>
<kw name="Go to Form Student" library="students">
<kw name="Click" library="Browser">
<arg>css=a[href$="alunos/new"]</arg>
<tag>PageContent</tag>
<tag>Setter</tag>
<doc>Simulates mouse click on the element found by ``selector``.</doc>
<status status="PASS" starttime="20210504 09:46:45.017" endtime="20210504 09:46:45.089"/>
</kw>
<kw name="Wait For Elements State" library="Browser">
<arg>css=h1 &gt;&gt; text=Novo aluno</arg>
<arg>visible</arg>
<arg>5</arg>
<tag>PageContent</tag>
<tag>Wait</tag>
<doc>Waits for the element found by ``selector`` to satisfy state option.</doc>
<msg timestamp="20210504 09:46:45.109" level="INFO">Wait for Element with selector: css=h1 &gt;&gt; text=Novo aluno</msg>
<status status="PASS" starttime="20210504 09:46:45.089" endtime="20210504 09:46:45.109"/>
</kw>
<status status="PASS" starttime="20210504 09:46:45.016" endtime="20210504 09:46:45.110"/>
</kw>
<kw name="Field Should Be Type" library="components">
<arg>${element}</arg>
<arg>${type}</arg>
<kw name="Get Attribute" library="Browser">
<var>${attr}</var>
<arg>${element}</arg>
<arg>type</arg>
<tag>Assertion</tag>
<tag>Getter</tag>
<tag>PageContent</tag>
<doc>Returns the HTML ``attribute`` of the element found by ``selector``.</doc>
<msg timestamp="20210504 09:46:45.144" level="INFO">${attr} = number</msg>
<status status="PASS" starttime="20210504 09:46:45.112" endtime="20210504 09:46:45.144"/>
</kw>
<kw name="Should Be Equal" library="BuiltIn">
<arg>${attr}</arg>
<arg>${type}</arg>
<doc>Fails if the given objects are unequal.</doc>
<status status="PASS" starttime="20210504 09:46:45.144" endtime="20210504 09:46:45.145"/>
</kw>
<status status="PASS" starttime="20210504 09:46:45.110" endtime="20210504 09:46:45.145"/>
</kw>
<status status="PASS" starttime="20210504 09:46:44.888" endtime="20210504 09:46:45.146"/>
</kw>
<kw name="Check Type Field On Student Form">
<arg>${FEET_TALL_FIELD}</arg>
<arg>number</arg>
<kw name="Go to Students" library="nav">
<kw name="Click" library="Browser">
<arg>css=a[href$=alunos]</arg>
<tag>PageContent</tag>
<tag>Setter</tag>
<doc>Simulates mouse click on the element found by ``selector``.</doc>
<status status="PASS" starttime="20210504 09:46:45.148" endtime="20210504 09:46:45.228"/>
</kw>
<kw name="Wait For Elements State" library="Browser">
<arg>css=h1 &gt;&gt; text=Gestão de Alunos</arg>
<arg>visible</arg>
<arg>5</arg>
<tag>PageContent</tag>
<tag>Wait</tag>
<doc>Waits for the element found by ``selector`` to satisfy state option.</doc>
<msg timestamp="20210504 09:46:45.249" level="INFO">Wait for Element with selector: css=h1 &gt;&gt; text=Gestão de Alunos</msg>
<status status="PASS" starttime="20210504 09:46:45.229" endtime="20210504 09:46:45.249"/>
</kw>
<status status="PASS" starttime="20210504 09:46:45.147" endtime="20210504 09:46:45.249"/>
</kw>
<kw name="Go to Form Student" library="students">
<kw name="Click" library="Browser">
<arg>css=a[href$="alunos/new"]</arg>
<tag>PageContent</tag>
<tag>Setter</tag>
<doc>Simulates mouse click on the element found by ``selector``.</doc>
<status status="PASS" starttime="20210504 09:46:45.250" endtime="20210504 09:46:45.323"/>
</kw>
<kw name="Wait For Elements State" library="Browser">
<arg>css=h1 &gt;&gt; text=Novo aluno</arg>
<arg>visible</arg>
<arg>5</arg>
<tag>PageContent</tag>
<tag>Wait</tag>
<doc>Waits for the element found by ``selector`` to satisfy state option.</doc>
<msg timestamp="20210504 09:46:45.345" level="INFO">Wait for Element with selector: css=h1 &gt;&gt; text=Novo aluno</msg>
<status status="PASS" starttime="20210504 09:46:45.324" endtime="20210504 09:46:45.345"/>
</kw>
<status status="PASS" starttime="20210504 09:46:45.249" endtime="20210504 09:46:45.346"/>
</kw>
<kw name="Field Should Be Type" library="components">
<arg>${element}</arg>
<arg>${type}</arg>
<kw name="Get Attribute" library="Browser">
<var>${attr}</var>
<arg>${element}</arg>
<arg>type</arg>
<tag>Assertion</tag>
<tag>Getter</tag>
<tag>PageContent</tag>
<doc>Returns the HTML ``attribute`` of the element found by ``selector``.</doc>
<msg timestamp="20210504 09:46:45.380" level="INFO">${attr} = number</msg>
<status status="PASS" starttime="20210504 09:46:45.347" endtime="20210504 09:46:45.380"/>
</kw>
<kw name="Should Be Equal" library="BuiltIn">
<arg>${attr}</arg>
<arg>${type}</arg>
<doc>Fails if the given objects are unequal.</doc>
<status status="PASS" starttime="20210504 09:46:45.380" endtime="20210504 09:46:45.381"/>
</kw>
<status status="PASS" starttime="20210504 09:46:45.346" endtime="20210504 09:46:45.381"/>
</kw>
<status status="PASS" starttime="20210504 09:46:45.146" endtime="20210504 09:46:45.381"/>
</kw>
<kw name="Take Screenshot" library="Browser" type="TEARDOWN">
<tag>PageContent</tag>
<doc>Takes a screenshot of the current window and saves it to ``path``. Saves it as a png.</doc>
<msg timestamp="20210504 09:46:45.507" level="INFO" html="true">&lt;/td&gt;&lt;/tr&gt;&lt;tr&gt;&lt;td colspan="3"&gt;&lt;a href="browser/screenshot/robotframework-browser-screenshot-11.png"&gt;&lt;img src="browser/screenshot/robotframework-browser-screenshot-11.png" width="800px"&gt;&lt;/a&gt;</msg>
<status status="PASS" starttime="20210504 09:46:45.382" endtime="20210504 09:46:45.507"/>
</kw>
<tag>temp</tag>
<status status="PASS" starttime="20210504 09:46:44.570" endtime="20210504 09:46:45.507"/>
</test>
<test id="s1-s2-s1-t5" name="Cenario: Validação dos Campos do Tipo E-mail">
<kw name="Check Type Field On Student Form">
<arg>${EMAIL_FIELD}</arg>
<arg>email</arg>
<kw name="Go to Students" library="nav">
<kw name="Click" library="Browser">
<arg>css=a[href$=alunos]</arg>
<tag>PageContent</tag>
<tag>Setter</tag>
<doc>Simulates mouse click on the element found by ``selector``.</doc>
<status status="PASS" starttime="20210504 09:46:45.524" endtime="20210504 09:46:45.592"/>
</kw>
<kw name="Wait For Elements State" library="Browser">
<arg>css=h1 &gt;&gt; text=Gestão de Alunos</arg>
<arg>visible</arg>
<arg>5</arg>
<tag>PageContent</tag>
<tag>Wait</tag>
<doc>Waits for the element found by ``selector`` to satisfy state option.</doc>
<msg timestamp="20210504 09:46:45.614" level="INFO">Wait for Element with selector: css=h1 &gt;&gt; text=Gestão de Alunos</msg>
<status status="PASS" starttime="20210504 09:46:45.592" endtime="20210504 09:46:45.615"/>
</kw>
<status status="PASS" starttime="20210504 09:46:45.523" endtime="20210504 09:46:45.615"/>
</kw>
<kw name="Go to Form Student" library="students">
<kw name="Click" library="Browser">
<arg>css=a[href$="alunos/new"]</arg>
<tag>PageContent</tag>
<tag>Setter</tag>
<doc>Simulates mouse click on the element found by ``selector``.</doc>
<status status="PASS" starttime="20210504 09:46:45.616" endtime="20210504 09:46:45.749"/>
</kw>
<kw name="Wait For Elements State" library="Browser">
<arg>css=h1 &gt;&gt; text=Novo aluno</arg>
<arg>visible</arg>
<arg>5</arg>
<tag>PageContent</tag>
<tag>Wait</tag>
<doc>Waits for the element found by ``selector`` to satisfy state option.</doc>
<msg timestamp="20210504 09:46:45.773" level="INFO">Wait for Element with selector: css=h1 &gt;&gt; text=Novo aluno</msg>
<status status="PASS" starttime="20210504 09:46:45.749" endtime="20210504 09:46:45.774"/>
</kw>
<status status="PASS" starttime="20210504 09:46:45.615" endtime="20210504 09:46:45.774"/>
</kw>
<kw name="Field Should Be Type" library="components">
<arg>${element}</arg>
<arg>${type}</arg>
<kw name="Get Attribute" library="Browser">
<var>${attr}</var>
<arg>${element}</arg>
<arg>type</arg>
<tag>Assertion</tag>
<tag>Getter</tag>
<tag>PageContent</tag>
<doc>Returns the HTML ``attribute`` of the element found by ``selector``.</doc>
<msg timestamp="20210504 09:46:45.816" level="INFO">${attr} = email</msg>
<status status="PASS" starttime="20210504 09:46:45.776" endtime="20210504 09:46:45.816"/>
</kw>
<kw name="Should Be Equal" library="BuiltIn">
<arg>${attr}</arg>
<arg>${type}</arg>
<doc>Fails if the given objects are unequal.</doc>
<status status="PASS" starttime="20210504 09:46:45.816" endtime="20210504 09:46:45.817"/>
</kw>
<status status="PASS" starttime="20210504 09:46:45.775" endtime="20210504 09:46:45.817"/>
</kw>
<status status="PASS" starttime="20210504 09:46:45.522" endtime="20210504 09:46:45.818"/>
</kw>
<kw name="Take Screenshot" library="Browser" type="TEARDOWN">
<tag>PageContent</tag>
<doc>Takes a screenshot of the current window and saves it to ``path``. Saves it as a png.</doc>
<msg timestamp="20210504 09:46:45.947" level="INFO" html="true">&lt;/td&gt;&lt;/tr&gt;&lt;tr&gt;&lt;td colspan="3"&gt;&lt;a href="browser/screenshot/robotframework-browser-screenshot-12.png"&gt;&lt;img src="browser/screenshot/robotframework-browser-screenshot-12.png" width="800px"&gt;&lt;/a&gt;</msg>
<status status="PASS" starttime="20210504 09:46:45.818" endtime="20210504 09:46:45.947"/>
</kw>
<tag>temp</tag>
<status status="PASS" starttime="20210504 09:46:45.513" endtime="20210504 09:46:45.947"/>
</test>
<test id="s1-s2-s1-t6" name="Cenario: Menor de 14 anos não pode fazer cadastro">
<kw name="Create Dictionary" library="BuiltIn">
<var>&amp;{student}</var>
<arg>name=Livia da Silva</arg>
<arg>email=livia@theotokus.com</arg>
<arg>age=13</arg>
<arg>weight=50</arg>
<arg>feet_tall=1.65</arg>
<doc>Creates and returns a dictionary based on the given ``items``.</doc>
<msg timestamp="20210504 09:46:45.964" level="INFO">&amp;{student} = { name=Livia da Silva | email=livia@theotokus.com | age=13 | weight=50 | feet_tall=1.65 }</msg>
<status status="PASS" starttime="20210504 09:46:45.963" endtime="20210504 09:46:45.964"/>
</kw>
<kw name="Go to Students" library="nav">
<kw name="Click" library="Browser">
<arg>css=a[href$=alunos]</arg>
<tag>PageContent</tag>
<tag>Setter</tag>
<doc>Simulates mouse click on the element found by ``selector``.</doc>
<status status="PASS" starttime="20210504 09:46:45.965" endtime="20210504 09:46:46.056"/>
</kw>
<kw name="Wait For Elements State" library="Browser">
<arg>css=h1 &gt;&gt; text=Gestão de Alunos</arg>
<arg>visible</arg>
<arg>5</arg>
<tag>PageContent</tag>
<tag>Wait</tag>
<doc>Waits for the element found by ``selector`` to satisfy state option.</doc>
<msg timestamp="20210504 09:46:46.077" level="INFO">Wait for Element with selector: css=h1 &gt;&gt; text=Gestão de Alunos</msg>
<status status="PASS" starttime="20210504 09:46:46.057" endtime="20210504 09:46:46.078"/>
</kw>
<status status="PASS" starttime="20210504 09:46:45.965" endtime="20210504 09:46:46.078"/>
</kw>
<kw name="Go to Form Student" library="students">
<kw name="Click" library="Browser">
<arg>css=a[href$="alunos/new"]</arg>
<tag>PageContent</tag>
<tag>Setter</tag>
<doc>Simulates mouse click on the element found by ``selector``.</doc>
<status status="PASS" starttime="20210504 09:46:46.079" endtime="20210504 09:46:46.183"/>
</kw>
<kw name="Wait For Elements State" library="Browser">
<arg>css=h1 &gt;&gt; text=Novo aluno</arg>
<arg>visible</arg>
<arg>5</arg>
<tag>PageContent</tag>
<tag>Wait</tag>
<doc>Waits for the element found by ``selector`` to satisfy state option.</doc>
<msg timestamp="20210504 09:46:46.206" level="INFO">Wait for Element with selector: css=h1 &gt;&gt; text=Novo aluno</msg>
<status status="PASS" starttime="20210504 09:46:46.183" endtime="20210504 09:46:46.207"/>
</kw>
<status status="PASS" starttime="20210504 09:46:46.078" endtime="20210504 09:46:46.207"/>
</kw>
<kw name="New Student" library="students">
<arg>${student}</arg>
<kw name="Fill Text" library="Browser">
<arg>${NAME_FIELD}</arg>
<arg>${student.name}</arg>
<tag>PageContent</tag>
<tag>Setter</tag>
<doc>Clears and fills the given ``text`` into the text field found by ``selector``.</doc>
<msg timestamp="20210504 09:46:46.210" level="INFO">Fills the text 'Livia da Silva' in the given field.</msg>
<status status="PASS" starttime="20210504 09:46:46.208" endtime="20210504 09:46:46.244"/>
</kw>
<kw name="Fill Text" library="Browser">
<arg>${EMAIL_FIELD}</arg>
<arg>${student.email}</arg>
<tag>PageContent</tag>
<tag>Setter</tag>
<doc>Clears and fills the given ``text`` into the text field found by ``selector``.</doc>
<msg timestamp="20210504 09:46:46.246" level="INFO">Fills the text 'livia@theotokus.com' in the given field.</msg>
<status status="PASS" starttime="20210504 09:46:46.245" endtime="20210504 09:46:46.293"/>
</kw>
<kw name="Fill Text" library="Browser">
<arg>${AGE_FIELD}</arg>
<arg>${student.age}</arg>
<tag>PageContent</tag>
<tag>Setter</tag>
<doc>Clears and fills the given ``text`` into the text field found by ``selector``.</doc>
<msg timestamp="20210504 09:46:46.296" level="INFO">Fills the text '13' in the given field.</msg>
<status status="PASS" starttime="20210504 09:46:46.294" endtime="20210504 09:46:46.349"/>
</kw>
<kw name="Fill Text" library="Browser">
<arg>${WEIGTH_FIELD}</arg>
<arg>${student.weight}</arg>
<tag>PageContent</tag>
<tag>Setter</tag>
<doc>Clears and fills the given ``text`` into the text field found by ``selector``.</doc>
<msg timestamp="20210504 09:46:46.352" level="INFO">Fills the text '50' in the given field.</msg>
<status status="PASS" starttime="20210504 09:46:46.349" endtime="20210504 09:46:46.381"/>
</kw>
<kw name="Fill Text" library="Browser">
<arg>${FEET_TALL_FIELD}</arg>
<arg>${student.feet_tall}</arg>
<tag>PageContent</tag>
<tag>Setter</tag>
<doc>Clears and fills the given ``text`` into the text field found by ``selector``.</doc>
<msg timestamp="20210504 09:46:46.385" level="INFO">Fills the text '1.65' in the given field.</msg>
<status status="PASS" starttime="20210504 09:46:46.382" endtime="20210504 09:46:46.430"/>
</kw>
<kw name="Submit Student Form" library="students">
<kw name="Click" library="Browser">
<arg>css=button[form$=Student]</arg>
<tag>PageContent</tag>
<tag>Setter</tag>
<doc>Simulates mouse click on the element found by ``selector``.</doc>
<status status="PASS" starttime="20210504 09:46:46.431" endtime="20210504 09:46:46.481"/>
</kw>
<status status="PASS" starttime="20210504 09:46:46.430" endtime="20210504 09:46:46.481"/>
</kw>
<status status="PASS" starttime="20210504 09:46:46.207" endtime="20210504 09:46:46.481"/>
</kw>
<kw name="Alert Text Should Be" library="components">
<arg>A idade deve ser maior ou igual 14 anos</arg>
<kw name="Wait For Elements State" library="Browser">
<arg>css=form span &gt;&gt; text=${expect_text}</arg>
<arg>visible</arg>
<arg>5</arg>
<tag>PageContent</tag>
<tag>Wait</tag>
<doc>Waits for the element found by ``selector`` to satisfy state option.</doc>
<msg timestamp="20210504 09:46:46.510" level="INFO">Wait for Element with selector: css=form span &gt;&gt; text=A idade deve ser maior ou igual 14 anos</msg>
<status status="PASS" starttime="20210504 09:46:46.483" endtime="20210504 09:46:46.510"/>
</kw>
<status status="PASS" starttime="20210504 09:46:46.482" endtime="20210504 09:46:46.511"/>
</kw>
<kw name="Take Screenshot" library="Browser" type="TEARDOWN">
<tag>PageContent</tag>
<doc>Takes a screenshot of the current window and saves it to ``path``. Saves it as a png.</doc>
<msg timestamp="20210504 09:46:46.670" level="INFO" html="true">&lt;/td&gt;&lt;/tr&gt;&lt;tr&gt;&lt;td colspan="3"&gt;&lt;a href="browser/screenshot/robotframework-browser-screenshot-13.png"&gt;&lt;img src="browser/screenshot/robotframework-browser-screenshot-13.png" width="800px"&gt;&lt;/a&gt;</msg>
<status status="PASS" starttime="20210504 09:46:46.512" endtime="20210504 09:46:46.670"/>
</kw>
<status status="PASS" starttime="20210504 09:46:45.955" endtime="20210504 09:46:46.670"/>
</test>
<doc>Cadastro de alunos</doc>
<status status="FAIL" starttime="20210504 09:46:30.391" endtime="20210504 09:46:46.678"/>
</suite>
<status status="FAIL" starttime="20210504 09:46:30.388" endtime="20210504 09:46:46.744"/>
</suite>
<status status="FAIL" starttime="20210504 09:46:15.920" endtime="20210504 09:46:46.748"/>
</suite>
<statistics>
<total>
<stat pass="12" fail="1" skip="0">All Tests</stat>
</total>
<tag>
<stat pass="1" fail="0" skip="0">duplicado</stat>
<stat pass="0" fail="1" skip="0">fail</stat>
<stat pass="2" fail="0" skip="0">temp</stat>
</tag>
<suite>
<stat pass="12" fail="1" skip="0" id="s1" name="Tests">Tests</stat>
<stat pass="7" fail="0" skip="0" id="s1-s1" name="Login">Tests.Login</stat>
<stat pass="7" fail="0" skip="0" id="s1-s1-s1" name="Login">Tests.Login.Login</stat>
<stat pass="5" fail="1" skip="0" id="s1-s2" name="Students">Tests.Students</stat>
<stat pass="5" fail="1" skip="0" id="s1-s2-s1" name="Create">Tests.Students.Create</stat>
</suite>
</statistics>
<errors>
</errors>
</robot>
