<?xml version="1.0" encoding="UTF-8"?>
<robot generator="Robot 4.0 (Python 3.8.5 on linux)" generated="20210516 14:35:35.333" rpa="false" schemaversion="2">
<suite id="s1" name="Remove" source="/home/edson/workspace/courses/qa_ninja/robot_framework/bodytest/tests/plans/remove.robot">
<test id="s1-t1" name="Cenario: Remover plano cadastrado">
<kw name="Start Admin Session" library="base" type="SETUP">
<kw name="Start Browser Session" library="base">
<kw name="New Browser" library="Browser">
<arg>chromium</arg>
<arg>true</arg>
<tag>BrowserControl</tag>
<tag>Setter</tag>
<doc>Create a new playwright Browser with specified options.
See `Browser, Context and Page` for more information about Browser and related concepts.</doc>
<msg timestamp="20210516 14:35:36.138" level="INFO">{"browser": "chromium", "headless": true, "handleSIGINT": true, "handleSIGTERM": true, "handleSIGHUP": true, "timeout": 30000.0, "devtools": false, "slowMo": 0.0}</msg>
<msg timestamp="20210516 14:35:36.324" level="INFO">Successfully created browser with options: {"browser":"chromium","headless":true,"handleSIGINT":true,"handleSIGTERM":true,"handleSIGHUP":true,"timeout":30000,"devtools":false,"slowMo":0}</msg>
<status status="PASS" starttime="20210516 14:35:36.137" endtime="20210516 14:35:36.324"/>
</kw>
<kw name="New Page" library="Browser">
<arg>about:blank</arg>
<tag>BrowserControl</tag>
<tag>Setter</tag>
<doc>Open a new Page. A Page is the Playwright equivalent to a tab.
See `Browser, Context and Page` for more information about Page concept.
Returns a stable identifier for the created page.</doc>
<msg timestamp="20210516 14:35:36.422" level="INFO">Successfully initialized new page object and opened url: about:blank</msg>
<status status="PASS" starttime="20210516 14:35:36.325" endtime="20210516 14:35:36.423"/>
</kw>
<status status="PASS" starttime="20210516 14:35:36.136" endtime="20210516 14:35:36.423"/>
</kw>
<kw name="Go To Login Pages" library="auth">
<kw name="Go To" library="Browser">
<arg>https://theotokus-bodytest-web.herokuapp.com/</arg>
<tag>BrowserControl</tag>
<tag>Setter</tag>
<doc>Navigates to the given ``url``.</doc>
<msg timestamp="20210516 14:35:38.280" level="INFO">Succesfully opened URL https://theotokus-bodytest-web.herokuapp.com/</msg>
<status status="PASS" starttime="20210516 14:35:36.425" endtime="20210516 14:35:38.280"/>
</kw>
<status status="PASS" starttime="20210516 14:35:36.424" endtime="20210516 14:35:38.281"/>
</kw>
<kw name="Login With" library="auth">
<arg>admin@bodytest.com</arg>
<arg>pwd123</arg>
<kw name="Fill Text" library="Browser">
<arg>css=input[name=email]</arg>
<arg>${email}</arg>
<tag>PageContent</tag>
<tag>Setter</tag>
<doc>Clears and fills the given ``text`` into the text field found by ``selector``.</doc>
<msg timestamp="20210516 14:35:38.283" level="INFO">Fills the text 'admin@bodytest.com' in the given field.</msg>
<status status="PASS" starttime="20210516 14:35:38.282" endtime="20210516 14:35:38.356"/>
</kw>
<kw name="Fill Text" library="Browser">
<arg>css=input[name=password]</arg>
<arg>${pass}</arg>
<tag>PageContent</tag>
<tag>Setter</tag>
<doc>Clears and fills the given ``text`` into the text field found by ``selector``.</doc>
<msg timestamp="20210516 14:35:38.357" level="INFO">Fills the text 'pwd123' in the given field.</msg>
<status status="PASS" starttime="20210516 14:35:38.356" endtime="20210516 14:35:38.385"/>
</kw>
<kw name="Click" library="Browser">
<arg>text=Entrar</arg>
<tag>PageContent</tag>
<tag>Setter</tag>
<doc>Simulates mouse click on the element found by ``selector``.</doc>
<status status="PASS" starttime="20210516 14:35:38.385" endtime="20210516 14:35:38.471"/>
</kw>
<status status="PASS" starttime="20210516 14:35:38.281" endtime="20210516 14:35:38.471"/>
</kw>
<kw name="User Should Be Logged In" library="nav">
<arg>Administrador</arg>
<kw name="Get Text" library="Browser">
<arg>css=aside strong</arg>
<arg>should be</arg>
<arg>${user_name}</arg>
<tag>Assertion</tag>
<tag>Getter</tag>
<tag>PageContent</tag>
<doc>Returns text attribute of the element found by ``selector``.
See the `Finding elements` section for details about the selectors.</doc>
<status status="PASS" starttime="20210516 14:35:38.472" endtime="20210516 14:35:39.450"/>
</kw>
<status status="PASS" starttime="20210516 14:35:38.472" endtime="20210516 14:35:39.451"/>
</kw>
<status status="PASS" starttime="20210516 14:35:36.135" endtime="20210516 14:35:39.451"/>
</kw>
<kw name="Create Dictionary" library="BuiltIn">
<var>&amp;{plan}</var>
<arg>title=Plano Gama</arg>
<arg>duration=6</arg>
<arg>price=10</arg>
<doc>Creates and returns a dictionary based on the given ``items``.</doc>
<msg timestamp="20210516 14:35:39.454" level="INFO">&amp;{plan} = { title=Plano Gama | duration=6 | price=10 }</msg>
<status status="PASS" starttime="20210516 14:35:39.453" endtime="20210516 14:35:39.454"/>
</kw>
<kw name="Insert Plan" library="DeloreanLibrary">
<arg>${plan}</arg>
<msg timestamp="20210516 14:35:39.456" level="INFO">delete from plans where title = 'Plano Gama'</msg>
<msg timestamp="20210516 14:35:40.548" level="INFO">insert into plans(title, duration, price, created_at, updated_at)values('Plano Gama',6,10, NOW(), NOW());</msg>
<status status="PASS" starttime="20210516 14:35:39.455" endtime="20210516 14:35:41.656"/>
</kw>
<kw name="Go To Plans" library="nav">
<kw name="Click" library="Browser">
<arg>css=a[href$=planos]</arg>
<tag>PageContent</tag>
<tag>Setter</tag>
<doc>Simulates mouse click on the element found by ``selector``.</doc>
<status status="PASS" starttime="20210516 14:35:41.657" endtime="20210516 14:35:41.755"/>
</kw>
<kw name="Wait For Elements State" library="Browser">
<arg>css=h1 &gt;&gt; text=Gestão de Planos</arg>
<arg>visible</arg>
<arg>5</arg>
<tag>PageContent</tag>
<tag>Wait</tag>
<doc>Waits for the element found by ``selector`` to satisfy state option.</doc>
<msg timestamp="20210516 14:35:41.774" level="INFO">Wait for Element with selector: css=h1 &gt;&gt; text=Gestão de Planos</msg>
<status status="PASS" starttime="20210516 14:35:41.756" endtime="20210516 14:35:41.774"/>
</kw>
<status status="PASS" starttime="20210516 14:35:41.656" endtime="20210516 14:35:41.775"/>
</kw>
<kw name="Search Plan By Title" library="plans">
<arg>${plan.title}</arg>
<kw name="Fill Text" library="Browser">
<arg>css=input[placeholder="Buscar plano"]</arg>
<arg>${title}</arg>
<tag>PageContent</tag>
<tag>Setter</tag>
<doc>Clears and fills the given ``text`` into the text field found by ``selector``.</doc>
<msg timestamp="20210516 14:35:41.778" level="INFO">Fills the text 'Plano Gama' in the given field.</msg>
<status status="PASS" starttime="20210516 14:35:41.777" endtime="20210516 14:35:41.810"/>
</kw>
<status status="PASS" starttime="20210516 14:35:41.775" endtime="20210516 14:35:41.810"/>
</kw>
<kw name="Request Removal By Title" library="plans">
<arg>${plan.title}</arg>
<kw name="Click" library="Browser">
<arg>xpath=//td[contains(text(),"${title}")]/../td/button[@id="trash"]</arg>
<tag>PageContent</tag>
<tag>Setter</tag>
<doc>Simulates mouse click on the element found by ``selector``.</doc>
<status status="PASS" starttime="20210516 14:35:41.813" endtime="20210516 14:35:42.268"/>
</kw>
<status status="PASS" starttime="20210516 14:35:41.811" endtime="20210516 14:35:42.269"/>
</kw>
<kw name="Confirm Removal" library="students">
<kw name="Click" library="Browser">
<arg>text=SIM, pode apagar!</arg>
<tag>PageContent</tag>
<tag>Setter</tag>
<doc>Simulates mouse click on the element found by ``selector``.</doc>
<status status="PASS" starttime="20210516 14:35:42.270" endtime="20210516 14:35:42.350"/>
</kw>
<status status="PASS" starttime="20210516 14:35:42.269" endtime="20210516 14:35:42.351"/>
</kw>
<kw name="Toaster Text Should Be" library="components">
<arg>Plano removido com sucesso</arg>
<kw name="Wait For Elements State" library="Browser">
<arg>css=.Toastify__toast-body &gt;&gt; text=${expect_text}</arg>
<arg>visible</arg>
<arg>5</arg>
<tag>PageContent</tag>
<tag>Wait</tag>
<doc>Waits for the element found by ``selector`` to satisfy state option.</doc>
<msg timestamp="20210516 14:35:43.041" level="INFO">Wait for Element with selector: css=.Toastify__toast-body &gt;&gt; text=Plano removido com sucesso</msg>
<status status="PASS" starttime="20210516 14:35:42.352" endtime="20210516 14:35:43.041"/>
</kw>
<status status="PASS" starttime="20210516 14:35:42.351" endtime="20210516 14:35:43.042"/>
</kw>
<kw name="Plan Should Not Visible" library="plans">
<arg>${plan.title}</arg>
<kw name="Wait For Elements State" library="Browser">
<arg>xpath=//td[contains(text(),"${title}")]</arg>
<arg>detached</arg>
<arg>5</arg>
<tag>PageContent</tag>
<tag>Wait</tag>
<doc>Waits for the element found by ``selector`` to satisfy state option.</doc>
<msg timestamp="20210516 14:35:43.060" level="INFO">Wait for Element with selector: xpath=//td[contains(text(),"Plano Gama")]</msg>
<status status="PASS" starttime="20210516 14:35:43.045" endtime="20210516 14:35:43.061"/>
</kw>
<status status="PASS" starttime="20210516 14:35:43.042" endtime="20210516 14:35:43.061"/>
</kw>
<kw name="Thinking And Take Screenshot" library="base" type="TEARDOWN">
<arg>2</arg>
<kw name="Sleep" library="BuiltIn">
<arg>${timeout}</arg>
<doc>Pauses the test executed for the given time.</doc>
<msg timestamp="20210516 14:35:45.064" level="INFO">Slept 2 seconds</msg>
<status status="PASS" starttime="20210516 14:35:43.063" endtime="20210516 14:35:45.064"/>
</kw>
<kw name="Take Screenshot" library="Browser">
<tag>PageContent</tag>
<doc>Takes a screenshot of the current window and saves it to ``path``. Saves it as a png.</doc>
<msg timestamp="20210516 14:35:45.204" level="INFO" html="true">&lt;/td&gt;&lt;/tr&gt;&lt;tr&gt;&lt;td colspan="3"&gt;&lt;a href="browser/screenshot/robotframework-browser-screenshot-1.png"&gt;&lt;img src="browser/screenshot/robotframework-browser-screenshot-1.png" width="800px"&gt;&lt;/a&gt;</msg>
<status status="PASS" starttime="20210516 14:35:45.064" endtime="20210516 14:35:45.205"/>
</kw>
<status status="PASS" starttime="20210516 14:35:43.062" endtime="20210516 14:35:45.205"/>
</kw>
<status status="PASS" starttime="20210516 14:35:36.129" endtime="20210516 14:35:45.205"/>
</test>
<test id="s1-t2" name="Cenario: Desistir da exclusão">
<kw name="Start Admin Session" library="base" type="SETUP">
<kw name="Start Browser Session" library="base">
<kw name="New Browser" library="Browser">
<arg>chromium</arg>
<arg>true</arg>
<tag>BrowserControl</tag>
<tag>Setter</tag>
<doc>Create a new playwright Browser with specified options.
See `Browser, Context and Page` for more information about Browser and related concepts.</doc>
<msg timestamp="20210516 14:35:45.262" level="INFO">{"browser": "chromium", "headless": true, "handleSIGINT": true, "handleSIGTERM": true, "handleSIGHUP": true, "timeout": 30000.0, "devtools": false, "slowMo": 0.0}</msg>
<msg timestamp="20210516 14:35:45.418" level="INFO">Successfully created browser with options: {"browser":"chromium","headless":true,"handleSIGINT":true,"handleSIGTERM":true,"handleSIGHUP":true,"timeout":30000,"devtools":false,"slowMo":0}</msg>
<status status="PASS" starttime="20210516 14:35:45.262" endtime="20210516 14:35:45.419"/>
</kw>
<kw name="New Page" library="Browser">
<arg>about:blank</arg>
<tag>BrowserControl</tag>
<tag>Setter</tag>
<doc>Open a new Page. A Page is the Playwright equivalent to a tab.
See `Browser, Context and Page` for more information about Page concept.
Returns a stable identifier for the created page.</doc>
<msg timestamp="20210516 14:35:45.498" level="INFO">Successfully initialized new page object and opened url: about:blank</msg>
<status status="PASS" starttime="20210516 14:35:45.419" endtime="20210516 14:35:45.499"/>
</kw>
<status status="PASS" starttime="20210516 14:35:45.261" endtime="20210516 14:35:45.499"/>
</kw>
<kw name="Go To Login Pages" library="auth">
<kw name="Go To" library="Browser">
<arg>https://theotokus-bodytest-web.herokuapp.com/</arg>
<tag>BrowserControl</tag>
<tag>Setter</tag>
<doc>Navigates to the given ``url``.</doc>
<msg timestamp="20210516 14:35:47.346" level="INFO">Succesfully opened URL https://theotokus-bodytest-web.herokuapp.com/</msg>
<status status="PASS" starttime="20210516 14:35:45.500" endtime="20210516 14:35:47.346"/>
</kw>
<status status="PASS" starttime="20210516 14:35:45.499" endtime="20210516 14:35:47.347"/>
</kw>
<kw name="Login With" library="auth">
<arg>admin@bodytest.com</arg>
<arg>pwd123</arg>
<kw name="Fill Text" library="Browser">
<arg>css=input[name=email]</arg>
<arg>${email}</arg>
<tag>PageContent</tag>
<tag>Setter</tag>
<doc>Clears and fills the given ``text`` into the text field found by ``selector``.</doc>
<msg timestamp="20210516 14:35:47.349" level="INFO">Fills the text 'admin@bodytest.com' in the given field.</msg>
<status status="PASS" starttime="20210516 14:35:47.348" endtime="20210516 14:35:47.406"/>
</kw>
<kw name="Fill Text" library="Browser">
<arg>css=input[name=password]</arg>
<arg>${pass}</arg>
<tag>PageContent</tag>
<tag>Setter</tag>
<doc>Clears and fills the given ``text`` into the text field found by ``selector``.</doc>
<msg timestamp="20210516 14:35:47.407" level="INFO">Fills the text 'pwd123' in the given field.</msg>
<status status="PASS" starttime="20210516 14:35:47.407" endtime="20210516 14:35:47.434"/>
</kw>
<kw name="Click" library="Browser">
<arg>text=Entrar</arg>
<tag>PageContent</tag>
<tag>Setter</tag>
<doc>Simulates mouse click on the element found by ``selector``.</doc>
<status status="PASS" starttime="20210516 14:35:47.435" endtime="20210516 14:35:47.517"/>
</kw>
<status status="PASS" starttime="20210516 14:35:47.347" endtime="20210516 14:35:47.518"/>
</kw>
<kw name="User Should Be Logged In" library="nav">
<arg>Administrador</arg>
<kw name="Get Text" library="Browser">
<arg>css=aside strong</arg>
<arg>should be</arg>
<arg>${user_name}</arg>
<tag>Assertion</tag>
<tag>Getter</tag>
<tag>PageContent</tag>
<doc>Returns text attribute of the element found by ``selector``.
See the `Finding elements` section for details about the selectors.</doc>
<status status="PASS" starttime="20210516 14:35:47.519" endtime="20210516 14:35:48.325"/>
</kw>
<status status="PASS" starttime="20210516 14:35:47.518" endtime="20210516 14:35:48.326"/>
</kw>
<status status="PASS" starttime="20210516 14:35:45.260" endtime="20210516 14:35:48.326"/>
</kw>
<kw name="Create Dictionary" library="BuiltIn">
<var>&amp;{plan}</var>
<arg>title=Plano Hepta</arg>
<arg>duration=3</arg>
<arg>price=15</arg>
<doc>Creates and returns a dictionary based on the given ``items``.</doc>
<msg timestamp="20210516 14:35:48.328" level="INFO">&amp;{plan} = { title=Plano Hepta | duration=3 | price=15 }</msg>
<status status="PASS" starttime="20210516 14:35:48.327" endtime="20210516 14:35:48.328"/>
</kw>
<kw name="Insert Plan" library="DeloreanLibrary">
<arg>${plan}</arg>
<msg timestamp="20210516 14:35:48.332" level="INFO">delete from plans where title = 'Plano Hepta'</msg>
<msg timestamp="20210516 14:35:49.533" level="INFO">insert into plans(title, duration, price, created_at, updated_at)values('Plano Hepta',3,15, NOW(), NOW());</msg>
<status status="PASS" starttime="20210516 14:35:48.329" endtime="20210516 14:35:50.673"/>
</kw>
<kw name="Go To Plans" library="nav">
<kw name="Click" library="Browser">
<arg>css=a[href$=planos]</arg>
<tag>PageContent</tag>
<tag>Setter</tag>
<doc>Simulates mouse click on the element found by ``selector``.</doc>
<status status="PASS" starttime="20210516 14:35:50.674" endtime="20210516 14:35:50.766"/>
</kw>
<kw name="Wait For Elements State" library="Browser">
<arg>css=h1 &gt;&gt; text=Gestão de Planos</arg>
<arg>visible</arg>
<arg>5</arg>
<tag>PageContent</tag>
<tag>Wait</tag>
<doc>Waits for the element found by ``selector`` to satisfy state option.</doc>
<msg timestamp="20210516 14:35:50.782" level="INFO">Wait for Element with selector: css=h1 &gt;&gt; text=Gestão de Planos</msg>
<status status="PASS" starttime="20210516 14:35:50.767" endtime="20210516 14:35:50.783"/>
</kw>
<status status="PASS" starttime="20210516 14:35:50.673" endtime="20210516 14:35:50.783"/>
</kw>
<kw name="Search Plan By Title" library="plans">
<arg>${plan.title}</arg>
<kw name="Fill Text" library="Browser">
<arg>css=input[placeholder="Buscar plano"]</arg>
<arg>${title}</arg>
<tag>PageContent</tag>
<tag>Setter</tag>
<doc>Clears and fills the given ``text`` into the text field found by ``selector``.</doc>
<msg timestamp="20210516 14:35:50.786" level="INFO">Fills the text 'Plano Hepta' in the given field.</msg>
<status status="PASS" starttime="20210516 14:35:50.785" endtime="20210516 14:35:50.817"/>
</kw>
<status status="PASS" starttime="20210516 14:35:50.783" endtime="20210516 14:35:50.818"/>
</kw>
<kw name="Request Removal By Title" library="plans">
<arg>${plan.title}</arg>
<kw name="Click" library="Browser">
<arg>xpath=//td[contains(text(),"${title}")]/../td/button[@id="trash"]</arg>
<tag>PageContent</tag>
<tag>Setter</tag>
<doc>Simulates mouse click on the element found by ``selector``.</doc>
<status status="PASS" starttime="20210516 14:35:50.820" endtime="20210516 14:35:51.213"/>
</kw>
<status status="PASS" starttime="20210516 14:35:50.818" endtime="20210516 14:35:51.214"/>
</kw>
<kw name="Cancel Removal" library="students">
<kw name="Click" library="Browser">
<arg>text=NÃO</arg>
<tag>PageContent</tag>
<tag>Setter</tag>
<doc>Simulates mouse click on the element found by ``selector``.</doc>
<status status="PASS" starttime="20210516 14:35:51.215" endtime="20210516 14:35:51.548"/>
</kw>
<status status="PASS" starttime="20210516 14:35:51.214" endtime="20210516 14:35:51.548"/>
</kw>
<kw name="Plan Should Be Visible" library="plans">
<arg>${plan.title}</arg>
<kw name="Wait For Elements State" library="Browser">
<arg>xpath=//td[contains(text(),"${title}")]</arg>
<arg>visible</arg>
<arg>5</arg>
<tag>PageContent</tag>
<tag>Wait</tag>
<doc>Waits for the element found by ``selector`` to satisfy state option.</doc>
<msg timestamp="20210516 14:35:51.639" level="INFO">Wait for Element with selector: xpath=//td[contains(text(),"Plano Hepta")]</msg>
<status status="PASS" starttime="20210516 14:35:51.551" endtime="20210516 14:35:51.640"/>
</kw>
<status status="PASS" starttime="20210516 14:35:51.549" endtime="20210516 14:35:51.640"/>
</kw>
<kw name="Take Screenshot" library="Browser" type="TEARDOWN">
<tag>PageContent</tag>
<doc>Takes a screenshot of the current window and saves it to ``path``. Saves it as a png.</doc>
<msg timestamp="20210516 14:35:51.773" level="INFO" html="true">&lt;/td&gt;&lt;/tr&gt;&lt;tr&gt;&lt;td colspan="3"&gt;&lt;a href="browser/screenshot/robotframework-browser-screenshot-2.png"&gt;&lt;img src="browser/screenshot/robotframework-browser-screenshot-2.png" width="800px"&gt;&lt;/a&gt;</msg>
<status status="PASS" starttime="20210516 14:35:51.641" endtime="20210516 14:35:51.773"/>
</kw>
<status status="PASS" starttime="20210516 14:35:45.255" endtime="20210516 14:35:51.773"/>
</test>
<doc>Remoção de planos</doc>
<status status="PASS" starttime="20210516 14:35:35.335" endtime="20210516 14:35:51.815"/>
</suite>
<statistics>
<total>
<stat pass="2" fail="0" skip="0">All Tests</stat>
</total>
<tag>
</tag>
<suite>
<stat pass="2" fail="0" skip="0" id="s1" name="Remove">Remove</stat>
</suite>
</statistics>
<errors>
</errors>
</robot>
