<?xml version="1.0" encoding="UTF-8"?>
<robot generator="Robot 4.0 (Python 3.8.5 on linux)" generated="20210423 17:34:20.053" rpa="false" schemaversion="2">
<suite id="s1" name="Login" source="/home/edson/workspace/courses/qa_ninja/robot_framework/bodytest/tests/login.robot">
<kw name="Start Browser Session" library="base" type="SETUP">
<kw name="New Browser" library="Browser">
<arg>chromium</arg>
<arg>True</arg>
<tag>BrowserControl</tag>
<tag>Setter</tag>
<doc>Create a new playwright Browser with specified options.
See `Browser, Context and Page` for more information about Browser and related concepts.</doc>
<msg timestamp="20210423 17:34:20.803" level="INFO">{"browser": "chromium", "headless": true, "handleSIGINT": true, "handleSIGTERM": true, "handleSIGHUP": true, "timeout": 30000.0, "devtools": false, "slowMo": 0.0}</msg>
<msg timestamp="20210423 17:34:20.977" level="INFO">Successfully created browser with options: {"browser":"chromium","headless":true,"handleSIGINT":true,"handleSIGTERM":true,"handleSIGHUP":true,"timeout":30000,"devtools":false,"slowMo":0}</msg>
<status status="PASS" starttime="20210423 17:34:20.802" endtime="20210423 17:34:20.977"/>
</kw>
<kw name="New Page" library="Browser">
<arg>https://theotokus-bodytest-web.herokuapp.com/</arg>
<tag>BrowserControl</tag>
<tag>Setter</tag>
<doc>Open a new Page. A Page is the Playwright equivalent to a tab.
See `Browser, Context and Page` for more information about Page concept.
Returns a stable identifier for the created page.</doc>
<msg timestamp="20210423 17:34:22.873" level="INFO">Successfully initialized new page object and opened url: https://theotokus-bodytest-web.herokuapp.com/</msg>
<status status="PASS" starttime="20210423 17:34:20.977" endtime="20210423 17:34:22.873"/>
</kw>
<status status="PASS" starttime="20210423 17:34:20.801" endtime="20210423 17:34:22.874"/>
</kw>
<test id="s1-t1" name="Login do Administrador">
<kw name="Go To Login Pages" library="auth">
<kw name="Go To" library="Browser">
<arg>https://theotokus-bodytest-web.herokuapp.com/</arg>
<tag>BrowserControl</tag>
<tag>Setter</tag>
<doc>Navigates to the given ``url``.</doc>
<msg timestamp="20210423 17:34:23.409" level="INFO">Succesfully opened URL https://theotokus-bodytest-web.herokuapp.com/</msg>
<status status="PASS" starttime="20210423 17:34:22.892" endtime="20210423 17:34:23.410"/>
</kw>
<status status="PASS" starttime="20210423 17:34:22.891" endtime="20210423 17:34:23.411"/>
</kw>
<kw name="Login With" library="auth">
<arg>admin@bodytest.com</arg>
<arg>pwd123</arg>
<kw name="Fill Text" library="Browser">
<arg>css=input[name=email]</arg>
<arg>${email}</arg>
<tag>PageContent</tag>
<tag>Setter</tag>
<doc>Clears and fills the given ``text`` into the text field found by ``selector``.</doc>
<msg timestamp="20210423 17:34:23.413" level="INFO">Fills the text 'admin@bodytest.com' in the given field.</msg>
<status status="PASS" starttime="20210423 17:34:23.412" endtime="20210423 17:34:23.484"/>
</kw>
<kw name="Fill Text" library="Browser">
<arg>css=input[name=password]</arg>
<arg>${pass}</arg>
<tag>PageContent</tag>
<tag>Setter</tag>
<doc>Clears and fills the given ``text`` into the text field found by ``selector``.</doc>
<msg timestamp="20210423 17:34:23.485" level="INFO">Fills the text 'pwd123' in the given field.</msg>
<status status="PASS" starttime="20210423 17:34:23.484" endtime="20210423 17:34:23.516"/>
</kw>
<kw name="Click" library="Browser">
<arg>text=Entrar</arg>
<tag>PageContent</tag>
<tag>Setter</tag>
<doc>Simulates mouse click on the element found by ``selector``.</doc>
<status status="PASS" starttime="20210423 17:34:23.516" endtime="20210423 17:34:23.603"/>
</kw>
<status status="PASS" starttime="20210423 17:34:23.411" endtime="20210423 17:34:23.603"/>
</kw>
<kw name="User Should Be Logged In" library="nav">
<arg>Administrador</arg>
<kw name="Get Text" library="Browser">
<arg>css=aside strong</arg>
<arg>should be</arg>
<arg>${user_name}</arg>
<tag>Assertion</tag>
<tag>Getter</tag>
<tag>PageContent</tag>
<doc>Returns text attribute of the element found by ``selector``.
See the `Finding elements` section for details about the selectors.</doc>
<status status="PASS" starttime="20210423 17:34:23.605" endtime="20210423 17:34:24.379"/>
</kw>
<status status="PASS" starttime="20210423 17:34:23.604" endtime="20210423 17:34:24.380"/>
</kw>
<kw name="Take Screenshot" library="Browser">
<tag>PageContent</tag>
<doc>Takes a screenshot of the current window and saves it to ``path``. Saves it as a png.</doc>
<msg timestamp="20210423 17:34:24.496" level="INFO" html="true">&lt;/td&gt;&lt;/tr&gt;&lt;tr&gt;&lt;td colspan="3"&gt;&lt;a href="browser/screenshot/robotframework-browser-screenshot-1.png"&gt;&lt;img src="browser/screenshot/robotframework-browser-screenshot-1.png" width="800px"&gt;&lt;/a&gt;</msg>
<status status="PASS" starttime="20210423 17:34:24.380" endtime="20210423 17:34:24.496"/>
</kw>
<status status="PASS" starttime="20210423 17:34:22.874" endtime="20210423 17:34:24.497"/>
</test>
<test id="s1-t2" name="Senha incorreta">
<kw name="Go To Login Pages" library="auth">
<kw name="Go To" library="Browser">
<arg>https://theotokus-bodytest-web.herokuapp.com/</arg>
<tag>BrowserControl</tag>
<tag>Setter</tag>
<doc>Navigates to the given ``url``.</doc>
<msg timestamp="20210423 17:34:24.999" level="INFO">Succesfully opened URL https://theotokus-bodytest-web.herokuapp.com/</msg>
<status status="PASS" starttime="20210423 17:34:24.513" endtime="20210423 17:34:25.000"/>
</kw>
<status status="PASS" starttime="20210423 17:34:24.513" endtime="20210423 17:34:25.000"/>
</kw>
<kw name="Login With" library="auth">
<arg>admin@bodytest.com</arg>
<arg>abc123</arg>
<kw name="Fill Text" library="Browser">
<arg>css=input[name=email]</arg>
<arg>${email}</arg>
<tag>PageContent</tag>
<tag>Setter</tag>
<doc>Clears and fills the given ``text`` into the text field found by ``selector``.</doc>
<msg timestamp="20210423 17:34:25.002" level="INFO">Fills the text 'admin@bodytest.com' in the given field.</msg>
<msg timestamp="20210423 17:34:35.149" level="INFO" html="true">&lt;/td&gt;&lt;/tr&gt;&lt;tr&gt;&lt;td colspan="3"&gt;&lt;a href="Senha_incorreta_FAILURE_SCREENSHOT_6.png"&gt;&lt;img src="Senha_incorreta_FAILURE_SCREENSHOT_6.png" width="800px"&gt;&lt;/a&gt;</msg>
<msg timestamp="20210423 17:34:35.151" level="FAIL">TimeoutError: page.fill: Timeout 10000ms exceeded.
=========================== logs ===========================
waiting for selector "css=input[name=email]"
============================================================
Note: use DEBUG=pw:api environment variable to capture Playwright logs.</msg>
<status status="FAIL" starttime="20210423 17:34:25.002" endtime="20210423 17:34:35.152"/>
</kw>
<kw name="Fill Text" library="Browser">
<arg>css=input[name=password]</arg>
<arg>${pass}</arg>
<tag>PageContent</tag>
<tag>Setter</tag>
<doc>Clears and fills the given ``text`` into the text field found by ``selector``.</doc>
<status status="NOT RUN" starttime="20210423 17:34:35.152" endtime="20210423 17:34:35.152"/>
</kw>
<kw name="Click" library="Browser">
<arg>text=Entrar</arg>
<tag>PageContent</tag>
<tag>Setter</tag>
<doc>Simulates mouse click on the element found by ``selector``.</doc>
<status status="NOT RUN" starttime="20210423 17:34:35.152" endtime="20210423 17:34:35.152"/>
</kw>
<status status="FAIL" starttime="20210423 17:34:25.001" endtime="20210423 17:34:35.153"/>
</kw>
<kw name="Toaster Text Should Be" library="auth">
<arg>Usuário ou senha inválido</arg>
<status status="NOT RUN" starttime="20210423 17:34:35.153" endtime="20210423 17:34:35.153"/>
</kw>
<status status="FAIL" starttime="20210423 17:34:24.505" endtime="20210423 17:34:35.153">TimeoutError: page.fill: Timeout 10000ms exceeded.
=========================== logs ===========================
waiting for selector "css=input[name=email]"
============================================================
Note: use DEBUG=pw:api environment variable to capture Playwright logs.</status>
</test>
<test id="s1-t3" name="Email incorreto">
<kw name="Go To Login Pages" library="auth">
<kw name="Go To" library="Browser">
<arg>https://theotokus-bodytest-web.herokuapp.com/</arg>
<tag>BrowserControl</tag>
<tag>Setter</tag>
<doc>Navigates to the given ``url``.</doc>
<msg timestamp="20210423 17:34:35.681" level="INFO">Succesfully opened URL https://theotokus-bodytest-web.herokuapp.com/</msg>
<status status="PASS" starttime="20210423 17:34:35.171" endtime="20210423 17:34:35.681"/>
</kw>
<status status="PASS" starttime="20210423 17:34:35.171" endtime="20210423 17:34:35.682"/>
</kw>
<kw name="Login With" library="auth">
<arg>admin&amp;bodytest.com</arg>
<arg>abc123</arg>
<kw name="Fill Text" library="Browser">
<arg>css=input[name=email]</arg>
<arg>${email}</arg>
<tag>PageContent</tag>
<tag>Setter</tag>
<doc>Clears and fills the given ``text`` into the text field found by ``selector``.</doc>
<msg timestamp="20210423 17:34:35.684" level="INFO">Fills the text 'admin&amp;bodytest.com' in the given field.</msg>
<msg timestamp="20210423 17:34:45.831" level="INFO" html="true">&lt;/td&gt;&lt;/tr&gt;&lt;tr&gt;&lt;td colspan="3"&gt;&lt;a href="Email_incorreto_FAILURE_SCREENSHOT_5.png"&gt;&lt;img src="Email_incorreto_FAILURE_SCREENSHOT_5.png" width="800px"&gt;&lt;/a&gt;</msg>
<msg timestamp="20210423 17:34:45.832" level="FAIL">TimeoutError: page.fill: Timeout 10000ms exceeded.
=========================== logs ===========================
waiting for selector "css=input[name=email]"
============================================================
Note: use DEBUG=pw:api environment variable to capture Playwright logs.</msg>
<status status="FAIL" starttime="20210423 17:34:35.683" endtime="20210423 17:34:45.832"/>
</kw>
<kw name="Fill Text" library="Browser">
<arg>css=input[name=password]</arg>
<arg>${pass}</arg>
<tag>PageContent</tag>
<tag>Setter</tag>
<doc>Clears and fills the given ``text`` into the text field found by ``selector``.</doc>
<status status="NOT RUN" starttime="20210423 17:34:45.833" endtime="20210423 17:34:45.833"/>
</kw>
<kw name="Click" library="Browser">
<arg>text=Entrar</arg>
<tag>PageContent</tag>
<tag>Setter</tag>
<doc>Simulates mouse click on the element found by ``selector``.</doc>
<status status="NOT RUN" starttime="20210423 17:34:45.833" endtime="20210423 17:34:45.833"/>
</kw>
<status status="FAIL" starttime="20210423 17:34:35.682" endtime="20210423 17:34:45.834"/>
</kw>
<kw name="Alert Text Should Be" library="auth">
<arg>Informe um e-mail válido</arg>
<status status="NOT RUN" starttime="20210423 17:34:45.834" endtime="20210423 17:34:45.834"/>
</kw>
<status status="FAIL" starttime="20210423 17:34:35.162" endtime="20210423 17:34:45.835">TimeoutError: page.fill: Timeout 10000ms exceeded.
=========================== logs ===========================
waiting for selector "css=input[name=email]"
============================================================
Note: use DEBUG=pw:api environment variable to capture Playwright logs.</status>
</test>
<test id="s1-t4" name="Senha não informada">
<kw name="Go To Login Pages" library="auth">
<kw name="Go To" library="Browser">
<arg>https://theotokus-bodytest-web.herokuapp.com/</arg>
<tag>BrowserControl</tag>
<tag>Setter</tag>
<doc>Navigates to the given ``url``.</doc>
<msg timestamp="20210423 17:34:46.362" level="INFO">Succesfully opened URL https://theotokus-bodytest-web.herokuapp.com/</msg>
<status status="PASS" starttime="20210423 17:34:45.853" endtime="20210423 17:34:46.362"/>
</kw>
<status status="PASS" starttime="20210423 17:34:45.853" endtime="20210423 17:34:46.363"/>
</kw>
<kw name="Login With" library="auth">
<arg>admin@bodytest.com</arg>
<arg>${EMPTY}</arg>
<kw name="Fill Text" library="Browser">
<arg>css=input[name=email]</arg>
<arg>${email}</arg>
<tag>PageContent</tag>
<tag>Setter</tag>
<doc>Clears and fills the given ``text`` into the text field found by ``selector``.</doc>
<msg timestamp="20210423 17:34:46.365" level="INFO">Fills the text 'admin@bodytest.com' in the given field.</msg>
<msg timestamp="20210423 17:34:56.500" level="INFO" html="true">&lt;/td&gt;&lt;/tr&gt;&lt;tr&gt;&lt;td colspan="3"&gt;&lt;a href="Senha_no_informada_FAILURE_SCREENSHOT_2.png"&gt;&lt;img src="Senha_no_informada_FAILURE_SCREENSHOT_2.png" width="800px"&gt;&lt;/a&gt;</msg>
<msg timestamp="20210423 17:34:56.501" level="FAIL">TimeoutError: page.fill: Timeout 10000ms exceeded.
=========================== logs ===========================
waiting for selector "css=input[name=email]"
============================================================
Note: use DEBUG=pw:api environment variable to capture Playwright logs.</msg>
<status status="FAIL" starttime="20210423 17:34:46.365" endtime="20210423 17:34:56.501"/>
</kw>
<kw name="Fill Text" library="Browser">
<arg>css=input[name=password]</arg>
<arg>${pass}</arg>
<tag>PageContent</tag>
<tag>Setter</tag>
<doc>Clears and fills the given ``text`` into the text field found by ``selector``.</doc>
<status status="NOT RUN" starttime="20210423 17:34:56.502" endtime="20210423 17:34:56.502"/>
</kw>
<kw name="Click" library="Browser">
<arg>text=Entrar</arg>
<tag>PageContent</tag>
<tag>Setter</tag>
<doc>Simulates mouse click on the element found by ``selector``.</doc>
<status status="NOT RUN" starttime="20210423 17:34:56.503" endtime="20210423 17:34:56.503"/>
</kw>
<status status="FAIL" starttime="20210423 17:34:46.363" endtime="20210423 17:34:56.504"/>
</kw>
<kw name="Alert Text Should Be" library="auth">
<arg>A senha é obrigatória</arg>
<status status="NOT RUN" starttime="20210423 17:34:56.505" endtime="20210423 17:34:56.505"/>
</kw>
<status status="FAIL" starttime="20210423 17:34:45.845" endtime="20210423 17:34:56.506">TimeoutError: page.fill: Timeout 10000ms exceeded.
=========================== logs ===========================
waiting for selector "css=input[name=email]"
============================================================
Note: use DEBUG=pw:api environment variable to capture Playwright logs.</status>
</test>
<test id="s1-t5" name="Email não informado">
<kw name="Go To Login Pages" library="auth">
<kw name="Go To" library="Browser">
<arg>https://theotokus-bodytest-web.herokuapp.com/</arg>
<tag>BrowserControl</tag>
<tag>Setter</tag>
<doc>Navigates to the given ``url``.</doc>
<msg timestamp="20210423 17:34:57.051" level="INFO">Succesfully opened URL https://theotokus-bodytest-web.herokuapp.com/</msg>
<status status="PASS" starttime="20210423 17:34:56.523" endtime="20210423 17:34:57.051"/>
</kw>
<status status="PASS" starttime="20210423 17:34:56.522" endtime="20210423 17:34:57.052"/>
</kw>
<kw name="Login With" library="auth">
<arg>${EMPTY}</arg>
<arg>pwd123</arg>
<kw name="Fill Text" library="Browser">
<arg>css=input[name=email]</arg>
<arg>${email}</arg>
<tag>PageContent</tag>
<tag>Setter</tag>
<doc>Clears and fills the given ``text`` into the text field found by ``selector``.</doc>
<msg timestamp="20210423 17:34:57.056" level="INFO">Fills the text '' in the given field.</msg>
<msg timestamp="20210423 17:35:07.214" level="INFO" html="true">&lt;/td&gt;&lt;/tr&gt;&lt;tr&gt;&lt;td colspan="3"&gt;&lt;a href="Email_no_informado_FAILURE_SCREENSHOT_2.png"&gt;&lt;img src="Email_no_informado_FAILURE_SCREENSHOT_2.png" width="800px"&gt;&lt;/a&gt;</msg>
<msg timestamp="20210423 17:35:07.215" level="FAIL">TimeoutError: page.fill: Timeout 10000ms exceeded.
=========================== logs ===========================
waiting for selector "css=input[name=email]"
============================================================
Note: use DEBUG=pw:api environment variable to capture Playwright logs.</msg>
<status status="FAIL" starttime="20210423 17:34:57.055" endtime="20210423 17:35:07.215"/>
</kw>
<kw name="Fill Text" library="Browser">
<arg>css=input[name=password]</arg>
<arg>${pass}</arg>
<tag>PageContent</tag>
<tag>Setter</tag>
<doc>Clears and fills the given ``text`` into the text field found by ``selector``.</doc>
<status status="NOT RUN" starttime="20210423 17:35:07.215" endtime="20210423 17:35:07.215"/>
</kw>
<kw name="Click" library="Browser">
<arg>text=Entrar</arg>
<tag>PageContent</tag>
<tag>Setter</tag>
<doc>Simulates mouse click on the element found by ``selector``.</doc>
<status status="NOT RUN" starttime="20210423 17:35:07.215" endtime="20210423 17:35:07.216"/>
</kw>
<status status="FAIL" starttime="20210423 17:34:57.053" endtime="20210423 17:35:07.216"/>
</kw>
<kw name="Alert Text Should Be" library="auth">
<arg>O e-mail é obrigatório</arg>
<status status="NOT RUN" starttime="20210423 17:35:07.216" endtime="20210423 17:35:07.217"/>
</kw>
<status status="FAIL" starttime="20210423 17:34:56.514" endtime="20210423 17:35:07.217">TimeoutError: page.fill: Timeout 10000ms exceeded.
=========================== logs ===========================
waiting for selector "css=input[name=email]"
============================================================
Note: use DEBUG=pw:api environment variable to capture Playwright logs.</status>
</test>
<test id="s1-t6" name="Email e Senha não informados">
<kw name="Go To Login Pages" library="auth">
<kw name="Go To" library="Browser">
<arg>https://theotokus-bodytest-web.herokuapp.com/</arg>
<tag>BrowserControl</tag>
<tag>Setter</tag>
<doc>Navigates to the given ``url``.</doc>
<msg timestamp="20210423 17:35:07.769" level="INFO">Succesfully opened URL https://theotokus-bodytest-web.herokuapp.com/</msg>
<status status="PASS" starttime="20210423 17:35:07.237" endtime="20210423 17:35:07.770"/>
</kw>
<status status="PASS" starttime="20210423 17:35:07.236" endtime="20210423 17:35:07.770"/>
</kw>
<kw name="Login With" library="auth">
<arg>${EMPTY}</arg>
<arg>${EMPTY}</arg>
<kw name="Fill Text" library="Browser">
<arg>css=input[name=email]</arg>
<arg>${email}</arg>
<tag>PageContent</tag>
<tag>Setter</tag>
<doc>Clears and fills the given ``text`` into the text field found by ``selector``.</doc>
<msg timestamp="20210423 17:35:07.773" level="INFO">Fills the text '' in the given field.</msg>
<msg timestamp="20210423 17:35:17.914" level="INFO" html="true">&lt;/td&gt;&lt;/tr&gt;&lt;tr&gt;&lt;td colspan="3"&gt;&lt;a href="Email_e_Senha_no_informados_FAILURE_SCREENSHOT_2.png"&gt;&lt;img src="Email_e_Senha_no_informados_FAILURE_SCREENSHOT_2.png" width="800px"&gt;&lt;/a&gt;</msg>
<msg timestamp="20210423 17:35:17.914" level="FAIL">TimeoutError: page.fill: Timeout 10000ms exceeded.
=========================== logs ===========================
waiting for selector "css=input[name=email]"
============================================================
Note: use DEBUG=pw:api environment variable to capture Playwright logs.</msg>
<status status="FAIL" starttime="20210423 17:35:07.772" endtime="20210423 17:35:17.914"/>
</kw>
<kw name="Fill Text" library="Browser">
<arg>css=input[name=password]</arg>
<arg>${pass}</arg>
<tag>PageContent</tag>
<tag>Setter</tag>
<doc>Clears and fills the given ``text`` into the text field found by ``selector``.</doc>
<status status="NOT RUN" starttime="20210423 17:35:17.915" endtime="20210423 17:35:17.915"/>
</kw>
<kw name="Click" library="Browser">
<arg>text=Entrar</arg>
<tag>PageContent</tag>
<tag>Setter</tag>
<doc>Simulates mouse click on the element found by ``selector``.</doc>
<status status="NOT RUN" starttime="20210423 17:35:17.915" endtime="20210423 17:35:17.915"/>
</kw>
<status status="FAIL" starttime="20210423 17:35:07.770" endtime="20210423 17:35:17.916"/>
</kw>
<kw name="Alert Text Should Be" library="auth">
<arg>O e-mail é obrigatório</arg>
<status status="NOT RUN" starttime="20210423 17:35:17.916" endtime="20210423 17:35:17.916"/>
</kw>
<kw name="Alert Text Should Be" library="auth">
<arg>A senha é obrigatória</arg>
<status status="NOT RUN" starttime="20210423 17:35:17.916" endtime="20210423 17:35:17.916"/>
</kw>
<tag>temp</tag>
<status status="FAIL" starttime="20210423 17:35:07.228" endtime="20210423 17:35:17.917">TimeoutError: page.fill: Timeout 10000ms exceeded.
=========================== logs ===========================
waiting for selector "css=input[name=email]"
============================================================
Note: use DEBUG=pw:api environment variable to capture Playwright logs.</status>
</test>
<doc>Suite de testes de Login do Administrador</doc>
<status status="FAIL" starttime="20210423 17:34:20.055" endtime="20210423 17:35:17.927"/>
</suite>
<statistics>
<total>
<stat pass="1" fail="5" skip="0">All Tests</stat>
</total>
<tag>
<stat pass="0" fail="1" skip="0">temp</stat>
</tag>
<suite>
<stat pass="1" fail="5" skip="0" id="s1" name="Login">Login</stat>
</suite>
</statistics>
<errors>
</errors>
</robot>
