<?xml version="1.0" encoding="UTF-8"?>
<robot generator="Robot 4.0 (Python 3.8.5 on linux)" generated="20210510 12:03:53.367" rpa="false" schemaversion="2">
<suite id="s1" name="Tests" source="/home/edson/workspace/courses/qa_ninja/robot_framework/bodytest/tests">
<suite id="s1-s1" name="Login" source="/home/edson/workspace/courses/qa_ninja/robot_framework/bodytest/tests/login">
<suite id="s1-s1-s1" name="Login" source="/home/edson/workspace/courses/qa_ninja/robot_framework/bodytest/tests/login/login.robot">
<kw name="Start Browser Session" library="base" type="SETUP">
<kw name="New Browser" library="Browser">
<arg>chromium</arg>
<arg>true</arg>
<tag>BrowserControl</tag>
<tag>Setter</tag>
<doc>Create a new playwright Browser with specified options.
See `Browser, Context and Page` for more information about Browser and related concepts.</doc>
<msg timestamp="20210510 12:03:54.319" level="INFO">{"browser": "chromium", "headless": true, "handleSIGINT": true, "handleSIGTERM": true, "handleSIGHUP": true, "timeout": 30000.0, "devtools": false, "slowMo": 0.0}</msg>
<msg timestamp="20210510 12:03:54.499" level="INFO">Successfully created browser with options: {"browser":"chromium","headless":true,"handleSIGINT":true,"handleSIGTERM":true,"handleSIGHUP":true,"timeout":30000,"devtools":false,"slowMo":0}</msg>
<status status="PASS" starttime="20210510 12:03:54.318" endtime="20210510 12:03:54.499"/>
</kw>
<kw name="New Page" library="Browser">
<arg>about:blank</arg>
<tag>BrowserControl</tag>
<tag>Setter</tag>
<doc>Open a new Page. A Page is the Playwright equivalent to a tab.
See `Browser, Context and Page` for more information about Page concept.
Returns a stable identifier for the created page.</doc>
<msg timestamp="20210510 12:03:54.610" level="INFO">Successfully initialized new page object and opened url: about:blank</msg>
<status status="PASS" starttime="20210510 12:03:54.499" endtime="20210510 12:03:54.611"/>
</kw>
<status status="PASS" starttime="20210510 12:03:54.317" endtime="20210510 12:03:54.611"/>
</kw>
<test id="s1-s1-s1-t1" name="Cenario: Login do Administrador">
<kw name="Go To Login Pages" library="auth">
<kw name="Go To" library="Browser">
<arg>https://theotokus-bodytest-web.herokuapp.com/</arg>
<tag>BrowserControl</tag>
<tag>Setter</tag>
<doc>Navigates to the given ``url``.</doc>
<msg timestamp="20210510 12:03:56.721" level="INFO">Succesfully opened URL https://theotokus-bodytest-web.herokuapp.com/</msg>
<status status="PASS" starttime="20210510 12:03:54.626" endtime="20210510 12:03:56.721"/>
</kw>
<status status="PASS" starttime="20210510 12:03:54.625" endtime="20210510 12:03:56.721"/>
</kw>
<kw name="Login With" library="auth">
<arg>admin@bodytest.com</arg>
<arg>pwd123</arg>
<kw name="Fill Text" library="Browser">
<arg>css=input[name=email]</arg>
<arg>${email}</arg>
<tag>PageContent</tag>
<tag>Setter</tag>
<doc>Clears and fills the given ``text`` into the text field found by ``selector``.</doc>
<msg timestamp="20210510 12:03:56.724" level="INFO">Fills the text 'admin@bodytest.com' in the given field.</msg>
<status status="PASS" starttime="20210510 12:03:56.723" endtime="20210510 12:03:56.801"/>
</kw>
<kw name="Fill Text" library="Browser">
<arg>css=input[name=password]</arg>
<arg>${pass}</arg>
<tag>PageContent</tag>
<tag>Setter</tag>
<doc>Clears and fills the given ``text`` into the text field found by ``selector``.</doc>
<msg timestamp="20210510 12:03:56.802" level="INFO">Fills the text 'pwd123' in the given field.</msg>
<status status="PASS" starttime="20210510 12:03:56.801" endtime="20210510 12:03:56.837"/>
</kw>
<kw name="Click" library="Browser">
<arg>text=Entrar</arg>
<tag>PageContent</tag>
<tag>Setter</tag>
<doc>Simulates mouse click on the element found by ``selector``.</doc>
<status status="PASS" starttime="20210510 12:03:56.837" endtime="20210510 12:03:56.936"/>
</kw>
<status status="PASS" starttime="20210510 12:03:56.722" endtime="20210510 12:03:56.937"/>
</kw>
<kw name="User Should Be Logged In" library="nav">
<arg>Administrador</arg>
<kw name="Get Text" library="Browser">
<arg>css=aside strong</arg>
<arg>should be</arg>
<arg>${user_name}</arg>
<tag>Assertion</tag>
<tag>Getter</tag>
<tag>PageContent</tag>
<doc>Returns text attribute of the element found by ``selector``.
See the `Finding elements` section for details about the selectors.</doc>
<status status="PASS" starttime="20210510 12:03:56.938" endtime="20210510 12:03:57.967"/>
</kw>
<status status="PASS" starttime="20210510 12:03:56.937" endtime="20210510 12:03:57.968"/>
</kw>
<kw name="Clean Local Storage And Take Screenshot" library="base" type="TEARDOWN">
<kw name="Take Screenshot" library="Browser">
<tag>PageContent</tag>
<doc>Takes a screenshot of the current window and saves it to ``path``. Saves it as a png.</doc>
<msg timestamp="20210510 12:03:58.085" level="INFO" html="true">&lt;/td&gt;&lt;/tr&gt;&lt;tr&gt;&lt;td colspan="3"&gt;&lt;a href="browser/screenshot/robotframework-browser-screenshot-1.png"&gt;&lt;img src="browser/screenshot/robotframework-browser-screenshot-1.png" width="800px"&gt;&lt;/a&gt;</msg>
<status status="PASS" starttime="20210510 12:03:57.970" endtime="20210510 12:03:58.085"/>
</kw>
<kw name="LocalStorage Clear" library="Browser">
<tag>PageContent</tag>
<tag>Setter</tag>
<doc>Remove all saved data from the local storage.</doc>
<msg timestamp="20210510 12:03:58.095" level="INFO"/>
<status status="PASS" starttime="20210510 12:03:58.086" endtime="20210510 12:03:58.095"/>
</kw>
<status status="PASS" starttime="20210510 12:03:57.969" endtime="20210510 12:03:58.096"/>
</kw>
<status status="PASS" starttime="20210510 12:03:54.611" endtime="20210510 12:03:58.096"/>
</test>
<test id="s1-s1-s1-t2" name="Cenario: Senha incorreta">
<kw name="Go To Login Pages" library="auth">
<kw name="Go To" library="Browser">
<arg>https://theotokus-bodytest-web.herokuapp.com/</arg>
<tag>BrowserControl</tag>
<tag>Setter</tag>
<doc>Navigates to the given ``url``.</doc>
<msg timestamp="20210510 12:03:58.637" level="INFO">Succesfully opened URL https://theotokus-bodytest-web.herokuapp.com/</msg>
<status status="PASS" starttime="20210510 12:03:58.115" endtime="20210510 12:03:58.637"/>
</kw>
<status status="PASS" starttime="20210510 12:03:58.114" endtime="20210510 12:03:58.637"/>
</kw>
<kw name="Login With" library="auth">
<arg>admin@bodytest.com</arg>
<arg>abc123</arg>
<kw name="Fill Text" library="Browser">
<arg>css=input[name=email]</arg>
<arg>${email}</arg>
<tag>PageContent</tag>
<tag>Setter</tag>
<doc>Clears and fills the given ``text`` into the text field found by ``selector``.</doc>
<msg timestamp="20210510 12:03:58.640" level="INFO">Fills the text 'admin@bodytest.com' in the given field.</msg>
<status status="PASS" starttime="20210510 12:03:58.639" endtime="20210510 12:03:58.689"/>
</kw>
<kw name="Fill Text" library="Browser">
<arg>css=input[name=password]</arg>
<arg>${pass}</arg>
<tag>PageContent</tag>
<tag>Setter</tag>
<doc>Clears and fills the given ``text`` into the text field found by ``selector``.</doc>
<msg timestamp="20210510 12:03:58.691" level="INFO">Fills the text 'abc123' in the given field.</msg>
<status status="PASS" starttime="20210510 12:03:58.690" endtime="20210510 12:03:58.731"/>
</kw>
<kw name="Click" library="Browser">
<arg>text=Entrar</arg>
<tag>PageContent</tag>
<tag>Setter</tag>
<doc>Simulates mouse click on the element found by ``selector``.</doc>
<status status="PASS" starttime="20210510 12:03:58.731" endtime="20210510 12:03:58.792"/>
</kw>
<status status="PASS" starttime="20210510 12:03:58.638" endtime="20210510 12:03:58.793"/>
</kw>
<kw name="Toaster Text Should Be" library="components">
<arg>Usuário e/ou senha inválidos.</arg>
<kw name="Wait For Elements State" library="Browser">
<arg>css=.Toastify__toast-body &gt;&gt; text=${expect_text}</arg>
<arg>visible</arg>
<arg>5</arg>
<tag>PageContent</tag>
<tag>Wait</tag>
<doc>Waits for the element found by ``selector`` to satisfy state option.</doc>
<msg timestamp="20210510 12:03:59.112" level="INFO">Wait for Element with selector: css=.Toastify__toast-body &gt;&gt; text=Usuário e/ou senha inválidos.</msg>
<status status="PASS" starttime="20210510 12:03:58.794" endtime="20210510 12:03:59.112"/>
</kw>
<status status="PASS" starttime="20210510 12:03:58.793" endtime="20210510 12:03:59.113"/>
</kw>
<kw name="Thinking And Take Screenshot" library="base" type="TEARDOWN">
<arg>2</arg>
<kw name="Sleep" library="BuiltIn">
<arg>${timeout}</arg>
<doc>Pauses the test executed for the given time.</doc>
<msg timestamp="20210510 12:04:01.116" level="INFO">Slept 2 seconds</msg>
<status status="PASS" starttime="20210510 12:03:59.115" endtime="20210510 12:04:01.116"/>
</kw>
<kw name="Take Screenshot" library="Browser">
<tag>PageContent</tag>
<doc>Takes a screenshot of the current window and saves it to ``path``. Saves it as a png.</doc>
<msg timestamp="20210510 12:04:01.259" level="INFO" html="true">&lt;/td&gt;&lt;/tr&gt;&lt;tr&gt;&lt;td colspan="3"&gt;&lt;a href="browser/screenshot/robotframework-browser-screenshot-2.png"&gt;&lt;img src="browser/screenshot/robotframework-browser-screenshot-2.png" width="800px"&gt;&lt;/a&gt;</msg>
<status status="PASS" starttime="20210510 12:04:01.116" endtime="20210510 12:04:01.260"/>
</kw>
<status status="PASS" starttime="20210510 12:03:59.114" endtime="20210510 12:04:01.260"/>
</kw>
<status status="PASS" starttime="20210510 12:03:58.104" endtime="20210510 12:04:01.260"/>
</test>
<test id="s1-s1-s1-t3" name="Cenario: Email não cadastrado">
<kw name="Go To Login Pages" library="auth">
<kw name="Go To" library="Browser">
<arg>https://theotokus-bodytest-web.herokuapp.com/</arg>
<tag>BrowserControl</tag>
<tag>Setter</tag>
<doc>Navigates to the given ``url``.</doc>
<msg timestamp="20210510 12:04:01.774" level="INFO">Succesfully opened URL https://theotokus-bodytest-web.herokuapp.com/</msg>
<status status="PASS" starttime="20210510 12:04:01.277" endtime="20210510 12:04:01.774"/>
</kw>
<status status="PASS" starttime="20210510 12:04:01.276" endtime="20210510 12:04:01.774"/>
</kw>
<kw name="Login With" library="auth">
<arg>edson@gmail.com</arg>
<arg>abc123</arg>
<kw name="Fill Text" library="Browser">
<arg>css=input[name=email]</arg>
<arg>${email}</arg>
<tag>PageContent</tag>
<tag>Setter</tag>
<doc>Clears and fills the given ``text`` into the text field found by ``selector``.</doc>
<msg timestamp="20210510 12:04:01.776" level="INFO">Fills the text 'edson@gmail.com' in the given field.</msg>
<status status="PASS" starttime="20210510 12:04:01.776" endtime="20210510 12:04:01.821"/>
</kw>
<kw name="Fill Text" library="Browser">
<arg>css=input[name=password]</arg>
<arg>${pass}</arg>
<tag>PageContent</tag>
<tag>Setter</tag>
<doc>Clears and fills the given ``text`` into the text field found by ``selector``.</doc>
<msg timestamp="20210510 12:04:01.822" level="INFO">Fills the text 'abc123' in the given field.</msg>
<status status="PASS" starttime="20210510 12:04:01.821" endtime="20210510 12:04:01.850"/>
</kw>
<kw name="Click" library="Browser">
<arg>text=Entrar</arg>
<tag>PageContent</tag>
<tag>Setter</tag>
<doc>Simulates mouse click on the element found by ``selector``.</doc>
<status status="PASS" starttime="20210510 12:04:01.851" endtime="20210510 12:04:01.920"/>
</kw>
<status status="PASS" starttime="20210510 12:04:01.775" endtime="20210510 12:04:01.920"/>
</kw>
<kw name="Toaster Text Should Be" library="components">
<arg>Usuário e/ou senha inválidos.</arg>
<kw name="Wait For Elements State" library="Browser">
<arg>css=.Toastify__toast-body &gt;&gt; text=${expect_text}</arg>
<arg>visible</arg>
<arg>5</arg>
<tag>PageContent</tag>
<tag>Wait</tag>
<doc>Waits for the element found by ``selector`` to satisfy state option.</doc>
<msg timestamp="20210510 12:04:02.254" level="INFO">Wait for Element with selector: css=.Toastify__toast-body &gt;&gt; text=Usuário e/ou senha inválidos.</msg>
<status status="PASS" starttime="20210510 12:04:01.922" endtime="20210510 12:04:02.254"/>
</kw>
<status status="PASS" starttime="20210510 12:04:01.921" endtime="20210510 12:04:02.255"/>
</kw>
<kw name="Thinking And Take Screenshot" library="base" type="TEARDOWN">
<arg>2</arg>
<kw name="Sleep" library="BuiltIn">
<arg>${timeout}</arg>
<doc>Pauses the test executed for the given time.</doc>
<msg timestamp="20210510 12:04:04.258" level="INFO">Slept 2 seconds</msg>
<status status="PASS" starttime="20210510 12:04:02.257" endtime="20210510 12:04:04.258"/>
</kw>
<kw name="Take Screenshot" library="Browser">
<tag>PageContent</tag>
<doc>Takes a screenshot of the current window and saves it to ``path``. Saves it as a png.</doc>
<msg timestamp="20210510 12:04:04.387" level="INFO" html="true">&lt;/td&gt;&lt;/tr&gt;&lt;tr&gt;&lt;td colspan="3"&gt;&lt;a href="browser/screenshot/robotframework-browser-screenshot-3.png"&gt;&lt;img src="browser/screenshot/robotframework-browser-screenshot-3.png" width="800px"&gt;&lt;/a&gt;</msg>
<status status="PASS" starttime="20210510 12:04:04.258" endtime="20210510 12:04:04.388"/>
</kw>
<status status="PASS" starttime="20210510 12:04:02.256" endtime="20210510 12:04:04.388"/>
</kw>
<status status="PASS" starttime="20210510 12:04:01.268" endtime="20210510 12:04:04.388"/>
</test>
<test id="s1-s1-s1-t4" name="Cenario: Email incorreto">
<kw name="Go To Login Pages" library="auth">
<kw name="Go To" library="Browser">
<arg>https://theotokus-bodytest-web.herokuapp.com/</arg>
<tag>BrowserControl</tag>
<tag>Setter</tag>
<doc>Navigates to the given ``url``.</doc>
<msg timestamp="20210510 12:04:04.915" level="INFO">Succesfully opened URL https://theotokus-bodytest-web.herokuapp.com/</msg>
<status status="PASS" starttime="20210510 12:04:04.406" endtime="20210510 12:04:04.916"/>
</kw>
<status status="PASS" starttime="20210510 12:04:04.405" endtime="20210510 12:04:04.916"/>
</kw>
<kw name="Login With" library="auth">
<arg>admin&amp;bodytest.com</arg>
<arg>abc123</arg>
<kw name="Fill Text" library="Browser">
<arg>css=input[name=email]</arg>
<arg>${email}</arg>
<tag>PageContent</tag>
<tag>Setter</tag>
<doc>Clears and fills the given ``text`` into the text field found by ``selector``.</doc>
<msg timestamp="20210510 12:04:04.918" level="INFO">Fills the text 'admin&amp;bodytest.com' in the given field.</msg>
<status status="PASS" starttime="20210510 12:04:04.917" endtime="20210510 12:04:04.979"/>
</kw>
<kw name="Fill Text" library="Browser">
<arg>css=input[name=password]</arg>
<arg>${pass}</arg>
<tag>PageContent</tag>
<tag>Setter</tag>
<doc>Clears and fills the given ``text`` into the text field found by ``selector``.</doc>
<msg timestamp="20210510 12:04:04.980" level="INFO">Fills the text 'abc123' in the given field.</msg>
<status status="PASS" starttime="20210510 12:04:04.979" endtime="20210510 12:04:05.015"/>
</kw>
<kw name="Click" library="Browser">
<arg>text=Entrar</arg>
<tag>PageContent</tag>
<tag>Setter</tag>
<doc>Simulates mouse click on the element found by ``selector``.</doc>
<status status="PASS" starttime="20210510 12:04:05.016" endtime="20210510 12:04:05.088"/>
</kw>
<status status="PASS" starttime="20210510 12:04:04.916" endtime="20210510 12:04:05.089"/>
</kw>
<kw name="Alert Text Should Be" library="components">
<arg>Informe um e-mail válido</arg>
<kw name="Wait For Elements State" library="Browser">
<arg>css=form span &gt;&gt; text=${expect_text}</arg>
<arg>visible</arg>
<arg>5</arg>
<tag>PageContent</tag>
<tag>Wait</tag>
<doc>Waits for the element found by ``selector`` to satisfy state option.</doc>
<msg timestamp="20210510 12:04:05.139" level="INFO">Wait for Element with selector: css=form span &gt;&gt; text=Informe um e-mail válido</msg>
<status status="PASS" starttime="20210510 12:04:05.090" endtime="20210510 12:04:05.140"/>
</kw>
<status status="PASS" starttime="20210510 12:04:05.089" endtime="20210510 12:04:05.140"/>
</kw>
<kw name="Take Screenshot" library="Browser" type="TEARDOWN">
<tag>PageContent</tag>
<doc>Takes a screenshot of the current window and saves it to ``path``. Saves it as a png.</doc>
<msg timestamp="20210510 12:04:05.304" level="INFO" html="true">&lt;/td&gt;&lt;/tr&gt;&lt;tr&gt;&lt;td colspan="3"&gt;&lt;a href="browser/screenshot/robotframework-browser-screenshot-4.png"&gt;&lt;img src="browser/screenshot/robotframework-browser-screenshot-4.png" width="800px"&gt;&lt;/a&gt;</msg>
<status status="PASS" starttime="20210510 12:04:05.141" endtime="20210510 12:04:05.304"/>
</kw>
<status status="PASS" starttime="20210510 12:04:04.395" endtime="20210510 12:04:05.304"/>
</test>
<test id="s1-s1-s1-t5" name="Cenario: Senha não informada">
<kw name="Go To Login Pages" library="auth">
<kw name="Go To" library="Browser">
<arg>https://theotokus-bodytest-web.herokuapp.com/</arg>
<tag>BrowserControl</tag>
<tag>Setter</tag>
<doc>Navigates to the given ``url``.</doc>
<msg timestamp="20210510 12:04:05.837" level="INFO">Succesfully opened URL https://theotokus-bodytest-web.herokuapp.com/</msg>
<status status="PASS" starttime="20210510 12:04:05.324" endtime="20210510 12:04:05.838"/>
</kw>
<status status="PASS" starttime="20210510 12:04:05.323" endtime="20210510 12:04:05.839"/>
</kw>
<kw name="Login With" library="auth">
<arg>admin@bodytest.com</arg>
<arg>${EMPTY}</arg>
<kw name="Fill Text" library="Browser">
<arg>css=input[name=email]</arg>
<arg>${email}</arg>
<tag>PageContent</tag>
<tag>Setter</tag>
<doc>Clears and fills the given ``text`` into the text field found by ``selector``.</doc>
<msg timestamp="20210510 12:04:05.846" level="INFO">Fills the text 'admin@bodytest.com' in the given field.</msg>
<status status="PASS" starttime="20210510 12:04:05.845" endtime="20210510 12:04:05.898"/>
</kw>
<kw name="Fill Text" library="Browser">
<arg>css=input[name=password]</arg>
<arg>${pass}</arg>
<tag>PageContent</tag>
<tag>Setter</tag>
<doc>Clears and fills the given ``text`` into the text field found by ``selector``.</doc>
<msg timestamp="20210510 12:04:05.900" level="INFO">Fills the text '' in the given field.</msg>
<status status="PASS" starttime="20210510 12:04:05.899" endtime="20210510 12:04:05.929"/>
</kw>
<kw name="Click" library="Browser">
<arg>text=Entrar</arg>
<tag>PageContent</tag>
<tag>Setter</tag>
<doc>Simulates mouse click on the element found by ``selector``.</doc>
<status status="PASS" starttime="20210510 12:04:05.930" endtime="20210510 12:04:06.009"/>
</kw>
<status status="PASS" starttime="20210510 12:04:05.839" endtime="20210510 12:04:06.010"/>
</kw>
<kw name="Alert Text Should Be" library="components">
<arg>A senha é obrigatória</arg>
<kw name="Wait For Elements State" library="Browser">
<arg>css=form span &gt;&gt; text=${expect_text}</arg>
<arg>visible</arg>
<arg>5</arg>
<tag>PageContent</tag>
<tag>Wait</tag>
<doc>Waits for the element found by ``selector`` to satisfy state option.</doc>
<msg timestamp="20210510 12:04:06.040" level="INFO">Wait for Element with selector: css=form span &gt;&gt; text=A senha é obrigatória</msg>
<status status="PASS" starttime="20210510 12:04:06.011" endtime="20210510 12:04:06.040"/>
</kw>
<status status="PASS" starttime="20210510 12:04:06.010" endtime="20210510 12:04:06.041"/>
</kw>
<kw name="Take Screenshot" library="Browser" type="TEARDOWN">
<tag>PageContent</tag>
<doc>Takes a screenshot of the current window and saves it to ``path``. Saves it as a png.</doc>
<msg timestamp="20210510 12:04:06.188" level="INFO" html="true">&lt;/td&gt;&lt;/tr&gt;&lt;tr&gt;&lt;td colspan="3"&gt;&lt;a href="browser/screenshot/robotframework-browser-screenshot-5.png"&gt;&lt;img src="browser/screenshot/robotframework-browser-screenshot-5.png" width="800px"&gt;&lt;/a&gt;</msg>
<status status="PASS" starttime="20210510 12:04:06.042" endtime="20210510 12:04:06.188"/>
</kw>
<status status="PASS" starttime="20210510 12:04:05.312" endtime="20210510 12:04:06.189"/>
</test>
<test id="s1-s1-s1-t6" name="Cenario: Email não informado">
<kw name="Go To Login Pages" library="auth">
<kw name="Go To" library="Browser">
<arg>https://theotokus-bodytest-web.herokuapp.com/</arg>
<tag>BrowserControl</tag>
<tag>Setter</tag>
<doc>Navigates to the given ``url``.</doc>
<msg timestamp="20210510 12:04:06.703" level="INFO">Succesfully opened URL https://theotokus-bodytest-web.herokuapp.com/</msg>
<status status="PASS" starttime="20210510 12:04:06.206" endtime="20210510 12:04:06.703"/>
</kw>
<status status="PASS" starttime="20210510 12:04:06.205" endtime="20210510 12:04:06.704"/>
</kw>
<kw name="Login With" library="auth">
<arg>${EMPTY}</arg>
<arg>pwd123</arg>
<kw name="Fill Text" library="Browser">
<arg>css=input[name=email]</arg>
<arg>${email}</arg>
<tag>PageContent</tag>
<tag>Setter</tag>
<doc>Clears and fills the given ``text`` into the text field found by ``selector``.</doc>
<msg timestamp="20210510 12:04:06.706" level="INFO">Fills the text '' in the given field.</msg>
<status status="PASS" starttime="20210510 12:04:06.705" endtime="20210510 12:04:06.747"/>
</kw>
<kw name="Fill Text" library="Browser">
<arg>css=input[name=password]</arg>
<arg>${pass}</arg>
<tag>PageContent</tag>
<tag>Setter</tag>
<doc>Clears and fills the given ``text`` into the text field found by ``selector``.</doc>
<msg timestamp="20210510 12:04:06.748" level="INFO">Fills the text 'pwd123' in the given field.</msg>
<status status="PASS" starttime="20210510 12:04:06.748" endtime="20210510 12:04:06.776"/>
</kw>
<kw name="Click" library="Browser">
<arg>text=Entrar</arg>
<tag>PageContent</tag>
<tag>Setter</tag>
<doc>Simulates mouse click on the element found by ``selector``.</doc>
<status status="PASS" starttime="20210510 12:04:06.777" endtime="20210510 12:04:06.851"/>
</kw>
<status status="PASS" starttime="20210510 12:04:06.704" endtime="20210510 12:04:06.852"/>
</kw>
<kw name="Alert Text Should Be" library="components">
<arg>O e-mail é obrigatório</arg>
<kw name="Wait For Elements State" library="Browser">
<arg>css=form span &gt;&gt; text=${expect_text}</arg>
<arg>visible</arg>
<arg>5</arg>
<tag>PageContent</tag>
<tag>Wait</tag>
<doc>Waits for the element found by ``selector`` to satisfy state option.</doc>
<msg timestamp="20210510 12:04:06.907" level="INFO">Wait for Element with selector: css=form span &gt;&gt; text=O e-mail é obrigatório</msg>
<status status="PASS" starttime="20210510 12:04:06.853" endtime="20210510 12:04:06.907"/>
</kw>
<status status="PASS" starttime="20210510 12:04:06.852" endtime="20210510 12:04:06.907"/>
</kw>
<kw name="Take Screenshot" library="Browser" type="TEARDOWN">
<tag>PageContent</tag>
<doc>Takes a screenshot of the current window and saves it to ``path``. Saves it as a png.</doc>
<msg timestamp="20210510 12:04:07.105" level="INFO" html="true">&lt;/td&gt;&lt;/tr&gt;&lt;tr&gt;&lt;td colspan="3"&gt;&lt;a href="browser/screenshot/robotframework-browser-screenshot-6.png"&gt;&lt;img src="browser/screenshot/robotframework-browser-screenshot-6.png" width="800px"&gt;&lt;/a&gt;</msg>
<status status="PASS" starttime="20210510 12:04:06.908" endtime="20210510 12:04:07.105"/>
</kw>
<status status="PASS" starttime="20210510 12:04:06.198" endtime="20210510 12:04:07.105"/>
</test>
<test id="s1-s1-s1-t7" name="Cenario: Email e Senha não informados">
<kw name="Go To Login Pages" library="auth">
<kw name="Go To" library="Browser">
<arg>https://theotokus-bodytest-web.herokuapp.com/</arg>
<tag>BrowserControl</tag>
<tag>Setter</tag>
<doc>Navigates to the given ``url``.</doc>
<msg timestamp="20210510 12:04:07.647" level="INFO">Succesfully opened URL https://theotokus-bodytest-web.herokuapp.com/</msg>
<status status="PASS" starttime="20210510 12:04:07.123" endtime="20210510 12:04:07.648"/>
</kw>
<status status="PASS" starttime="20210510 12:04:07.122" endtime="20210510 12:04:07.648"/>
</kw>
<kw name="Login With" library="auth">
<arg>${EMPTY}</arg>
<arg>${EMPTY}</arg>
<kw name="Fill Text" library="Browser">
<arg>css=input[name=email]</arg>
<arg>${email}</arg>
<tag>PageContent</tag>
<tag>Setter</tag>
<doc>Clears and fills the given ``text`` into the text field found by ``selector``.</doc>
<msg timestamp="20210510 12:04:07.652" level="INFO">Fills the text '' in the given field.</msg>
<status status="PASS" starttime="20210510 12:04:07.651" endtime="20210510 12:04:07.717"/>
</kw>
<kw name="Fill Text" library="Browser">
<arg>css=input[name=password]</arg>
<arg>${pass}</arg>
<tag>PageContent</tag>
<tag>Setter</tag>
<doc>Clears and fills the given ``text`` into the text field found by ``selector``.</doc>
<msg timestamp="20210510 12:04:07.718" level="INFO">Fills the text '' in the given field.</msg>
<status status="PASS" starttime="20210510 12:04:07.717" endtime="20210510 12:04:07.753"/>
</kw>
<kw name="Click" library="Browser">
<arg>text=Entrar</arg>
<tag>PageContent</tag>
<tag>Setter</tag>
<doc>Simulates mouse click on the element found by ``selector``.</doc>
<status status="PASS" starttime="20210510 12:04:07.754" endtime="20210510 12:04:07.818"/>
</kw>
<status status="PASS" starttime="20210510 12:04:07.648" endtime="20210510 12:04:07.818"/>
</kw>
<kw name="Alert Text Should Be" library="components">
<arg>O e-mail é obrigatório</arg>
<kw name="Wait For Elements State" library="Browser">
<arg>css=form span &gt;&gt; text=${expect_text}</arg>
<arg>visible</arg>
<arg>5</arg>
<tag>PageContent</tag>
<tag>Wait</tag>
<doc>Waits for the element found by ``selector`` to satisfy state option.</doc>
<msg timestamp="20210510 12:04:07.841" level="INFO">Wait for Element with selector: css=form span &gt;&gt; text=O e-mail é obrigatório</msg>
<status status="PASS" starttime="20210510 12:04:07.819" endtime="20210510 12:04:07.841"/>
</kw>
<status status="PASS" starttime="20210510 12:04:07.819" endtime="20210510 12:04:07.842"/>
</kw>
<kw name="Alert Text Should Be" library="components">
<arg>A senha é obrigatória</arg>
<kw name="Wait For Elements State" library="Browser">
<arg>css=form span &gt;&gt; text=${expect_text}</arg>
<arg>visible</arg>
<arg>5</arg>
<tag>PageContent</tag>
<tag>Wait</tag>
<doc>Waits for the element found by ``selector`` to satisfy state option.</doc>
<msg timestamp="20210510 12:04:07.863" level="INFO">Wait for Element with selector: css=form span &gt;&gt; text=A senha é obrigatória</msg>
<status status="PASS" starttime="20210510 12:04:07.843" endtime="20210510 12:04:07.863"/>
</kw>
<status status="PASS" starttime="20210510 12:04:07.842" endtime="20210510 12:04:07.864"/>
</kw>
<kw name="Take Screenshot" library="Browser" type="TEARDOWN">
<tag>PageContent</tag>
<doc>Takes a screenshot of the current window and saves it to ``path``. Saves it as a png.</doc>
<msg timestamp="20210510 12:04:07.990" level="INFO" html="true">&lt;/td&gt;&lt;/tr&gt;&lt;tr&gt;&lt;td colspan="3"&gt;&lt;a href="browser/screenshot/robotframework-browser-screenshot-7.png"&gt;&lt;img src="browser/screenshot/robotframework-browser-screenshot-7.png" width="800px"&gt;&lt;/a&gt;</msg>
<status status="PASS" starttime="20210510 12:04:07.864" endtime="20210510 12:04:07.990"/>
</kw>
<status status="PASS" starttime="20210510 12:04:07.113" endtime="20210510 12:04:07.991"/>
</test>
<doc>Suite de testes de Login do Administrador</doc>
<status status="PASS" starttime="20210510 12:03:53.404" endtime="20210510 12:04:08.001"/>
</suite>
<status status="PASS" starttime="20210510 12:03:53.402" endtime="20210510 12:04:08.061"/>
</suite>
<suite id="s1-s2" name="Students" source="/home/edson/workspace/courses/qa_ninja/robot_framework/bodytest/tests/students">
<suite id="s1-s2-s1" name="Create" source="/home/edson/workspace/courses/qa_ninja/robot_framework/bodytest/tests/students/create.robot">
<kw name="Start Admin Session" library="base" type="SETUP">
<kw name="Start Browser Session" library="base">
<kw name="New Browser" library="Browser">
<arg>chromium</arg>
<arg>true</arg>
<tag>BrowserControl</tag>
<tag>Setter</tag>
<doc>Create a new playwright Browser with specified options.
See `Browser, Context and Page` for more information about Browser and related concepts.</doc>
<msg timestamp="20210510 12:04:08.087" level="INFO">{"browser": "chromium", "headless": true, "handleSIGINT": true, "handleSIGTERM": true, "handleSIGHUP": true, "timeout": 30000.0, "devtools": false, "slowMo": 0.0}</msg>
<msg timestamp="20210510 12:04:08.270" level="INFO">Successfully created browser with options: {"browser":"chromium","headless":true,"handleSIGINT":true,"handleSIGTERM":true,"handleSIGHUP":true,"timeout":30000,"devtools":false,"slowMo":0}</msg>
<status status="PASS" starttime="20210510 12:04:08.086" endtime="20210510 12:04:08.270"/>
</kw>
<kw name="New Page" library="Browser">
<arg>about:blank</arg>
<tag>BrowserControl</tag>
<tag>Setter</tag>
<doc>Open a new Page. A Page is the Playwright equivalent to a tab.
See `Browser, Context and Page` for more information about Page concept.
Returns a stable identifier for the created page.</doc>
<msg timestamp="20210510 12:04:08.375" level="INFO">Successfully initialized new page object and opened url: about:blank</msg>
<status status="PASS" starttime="20210510 12:04:08.271" endtime="20210510 12:04:08.375"/>
</kw>
<status status="PASS" starttime="20210510 12:04:08.086" endtime="20210510 12:04:08.376"/>
</kw>
<kw name="Go To Login Pages" library="auth">
<kw name="Go To" library="Browser">
<arg>https://theotokus-bodytest-web.herokuapp.com/</arg>
<tag>BrowserControl</tag>
<tag>Setter</tag>
<doc>Navigates to the given ``url``.</doc>
<msg timestamp="20210510 12:04:10.204" level="INFO">Succesfully opened URL https://theotokus-bodytest-web.herokuapp.com/</msg>
<status status="PASS" starttime="20210510 12:04:08.376" endtime="20210510 12:04:10.205"/>
</kw>
<status status="PASS" starttime="20210510 12:04:08.376" endtime="20210510 12:04:10.205"/>
</kw>
<kw name="Login With" library="auth">
<arg>admin@bodytest.com</arg>
<arg>pwd123</arg>
<kw name="Fill Text" library="Browser">
<arg>css=input[name=email]</arg>
<arg>${email}</arg>
<tag>PageContent</tag>
<tag>Setter</tag>
<doc>Clears and fills the given ``text`` into the text field found by ``selector``.</doc>
<msg timestamp="20210510 12:04:10.207" level="INFO">Fills the text 'admin@bodytest.com' in the given field.</msg>
<status status="PASS" starttime="20210510 12:04:10.207" endtime="20210510 12:04:10.263"/>
</kw>
<kw name="Fill Text" library="Browser">
<arg>css=input[name=password]</arg>
<arg>${pass}</arg>
<tag>PageContent</tag>
<tag>Setter</tag>
<doc>Clears and fills the given ``text`` into the text field found by ``selector``.</doc>
<msg timestamp="20210510 12:04:10.264" level="INFO">Fills the text 'pwd123' in the given field.</msg>
<status status="PASS" starttime="20210510 12:04:10.263" endtime="20210510 12:04:10.293"/>
</kw>
<kw name="Click" library="Browser">
<arg>text=Entrar</arg>
<tag>PageContent</tag>
<tag>Setter</tag>
<doc>Simulates mouse click on the element found by ``selector``.</doc>
<status status="PASS" starttime="20210510 12:04:10.293" endtime="20210510 12:04:10.365"/>
</kw>
<status status="PASS" starttime="20210510 12:04:10.206" endtime="20210510 12:04:10.366"/>
</kw>
<kw name="User Should Be Logged In" library="nav">
<arg>Administrador</arg>
<kw name="Get Text" library="Browser">
<arg>css=aside strong</arg>
<arg>should be</arg>
<arg>${user_name}</arg>
<tag>Assertion</tag>
<tag>Getter</tag>
<tag>PageContent</tag>
<doc>Returns text attribute of the element found by ``selector``.
See the `Finding elements` section for details about the selectors.</doc>
<status status="PASS" starttime="20210510 12:04:10.367" endtime="20210510 12:04:11.388"/>
</kw>
<status status="PASS" starttime="20210510 12:04:10.366" endtime="20210510 12:04:11.388"/>
</kw>
<status status="PASS" starttime="20210510 12:04:08.086" endtime="20210510 12:04:11.389"/>
</kw>
<test id="s1-s2-s1-t1" name="Cenario: Novo aluno">
<kw name="Create Dictionary" library="BuiltIn">
<var>&amp;{student}</var>
<arg>name=Edson José dos Santos</arg>
<arg>email=edson@theotokus.com</arg>
<arg>age=39</arg>
<arg>weight=81</arg>
<arg>feet_tall=1.82</arg>
<doc>Creates and returns a dictionary based on the given ``items``.</doc>
<msg timestamp="20210510 12:04:11.402" level="INFO">&amp;{student} = { name=Edson José dos Santos | email=edson@theotokus.com | age=39 | weight=81 | feet_tall=1.82 }</msg>
<status status="PASS" starttime="20210510 12:04:11.401" endtime="20210510 12:04:11.402"/>
</kw>
<kw name="Remove Student" library="DeloreanLibrary">
<arg>${student.email}</arg>
<msg timestamp="20210510 12:04:11.404" level="INFO">delete from students where email = 'edson@theotokus.com'</msg>
<status status="PASS" starttime="20210510 12:04:11.403" endtime="20210510 12:04:12.531"/>
</kw>
<kw name="Go to Students" library="nav">
<kw name="Click" library="Browser">
<arg>css=a[href$=alunos]</arg>
<tag>PageContent</tag>
<tag>Setter</tag>
<doc>Simulates mouse click on the element found by ``selector``.</doc>
<status status="PASS" starttime="20210510 12:04:12.533" endtime="20210510 12:04:12.649"/>
</kw>
<kw name="Wait For Elements State" library="Browser">
<arg>css=h1 &gt;&gt; text=Gestão de Alunos</arg>
<arg>visible</arg>
<arg>5</arg>
<tag>PageContent</tag>
<tag>Wait</tag>
<doc>Waits for the element found by ``selector`` to satisfy state option.</doc>
<msg timestamp="20210510 12:04:12.679" level="INFO">Wait for Element with selector: css=h1 &gt;&gt; text=Gestão de Alunos</msg>
<status status="PASS" starttime="20210510 12:04:12.649" endtime="20210510 12:04:12.679"/>
</kw>
<status status="PASS" starttime="20210510 12:04:12.532" endtime="20210510 12:04:12.679"/>
</kw>
<kw name="Go to Form Student" library="students">
<kw name="Click" library="Browser">
<arg>css=a[href$="alunos/new"]</arg>
<tag>PageContent</tag>
<tag>Setter</tag>
<doc>Simulates mouse click on the element found by ``selector``.</doc>
<status status="PASS" starttime="20210510 12:04:12.681" endtime="20210510 12:04:12.794"/>
</kw>
<kw name="Wait For Elements State" library="Browser">
<arg>css=h1 &gt;&gt; text=Novo aluno</arg>
<arg>visible</arg>
<arg>5</arg>
<tag>PageContent</tag>
<tag>Wait</tag>
<doc>Waits for the element found by ``selector`` to satisfy state option.</doc>
<msg timestamp="20210510 12:04:12.811" level="INFO">Wait for Element with selector: css=h1 &gt;&gt; text=Novo aluno</msg>
<status status="PASS" starttime="20210510 12:04:12.795" endtime="20210510 12:04:12.811"/>
</kw>
<status status="PASS" starttime="20210510 12:04:12.680" endtime="20210510 12:04:12.812"/>
</kw>
<kw name="New Student" library="students">
<arg>${student}</arg>
<kw name="Fill Text" library="Browser">
<arg>${NAME_FIELD}</arg>
<arg>${student.name}</arg>
<tag>PageContent</tag>
<tag>Setter</tag>
<doc>Clears and fills the given ``text`` into the text field found by ``selector``.</doc>
<msg timestamp="20210510 12:04:12.815" level="INFO">Fills the text 'Edson José dos Santos' in the given field.</msg>
<status status="PASS" starttime="20210510 12:04:12.813" endtime="20210510 12:04:12.875"/>
</kw>
<kw name="Fill Text" library="Browser">
<arg>${EMAIL_FIELD}</arg>
<arg>${student.email}</arg>
<tag>PageContent</tag>
<tag>Setter</tag>
<doc>Clears and fills the given ``text`` into the text field found by ``selector``.</doc>
<msg timestamp="20210510 12:04:12.878" level="INFO">Fills the text 'edson@theotokus.com' in the given field.</msg>
<status status="PASS" starttime="20210510 12:04:12.876" endtime="20210510 12:04:12.916"/>
</kw>
<kw name="Fill Text" library="Browser">
<arg>${AGE_FIELD}</arg>
<arg>${student.age}</arg>
<tag>PageContent</tag>
<tag>Setter</tag>
<doc>Clears and fills the given ``text`` into the text field found by ``selector``.</doc>
<msg timestamp="20210510 12:04:12.918" level="INFO">Fills the text '39' in the given field.</msg>
<status status="PASS" starttime="20210510 12:04:12.916" endtime="20210510 12:04:12.950"/>
</kw>
<kw name="Fill Text" library="Browser">
<arg>${WEIGTH_FIELD}</arg>
<arg>${student.weight}</arg>
<tag>PageContent</tag>
<tag>Setter</tag>
<doc>Clears and fills the given ``text`` into the text field found by ``selector``.</doc>
<msg timestamp="20210510 12:04:12.952" level="INFO">Fills the text '81' in the given field.</msg>
<status status="PASS" starttime="20210510 12:04:12.951" endtime="20210510 12:04:12.982"/>
</kw>
<kw name="Fill Text" library="Browser">
<arg>${FEET_TALL_FIELD}</arg>
<arg>${student.feet_tall}</arg>
<tag>PageContent</tag>
<tag>Setter</tag>
<doc>Clears and fills the given ``text`` into the text field found by ``selector``.</doc>
<msg timestamp="20210510 12:04:12.984" level="INFO">Fills the text '1.82' in the given field.</msg>
<status status="PASS" starttime="20210510 12:04:12.982" endtime="20210510 12:04:13.010"/>
</kw>
<kw name="Submit Student Form" library="students">
<kw name="Click" library="Browser">
<arg>css=button[form$=Student]</arg>
<tag>PageContent</tag>
<tag>Setter</tag>
<doc>Simulates mouse click on the element found by ``selector``.</doc>
<status status="PASS" starttime="20210510 12:04:13.012" endtime="20210510 12:04:13.078"/>
</kw>
<status status="PASS" starttime="20210510 12:04:13.011" endtime="20210510 12:04:13.079"/>
</kw>
<status status="PASS" starttime="20210510 12:04:12.812" endtime="20210510 12:04:13.079"/>
</kw>
<kw name="Toaster Text Should Be" library="components">
<arg>Aluno cadastrado com sucesso.</arg>
<kw name="Wait For Elements State" library="Browser">
<arg>css=.Toastify__toast-body &gt;&gt; text=${expect_text}</arg>
<arg>visible</arg>
<arg>5</arg>
<tag>PageContent</tag>
<tag>Wait</tag>
<doc>Waits for the element found by ``selector`` to satisfy state option.</doc>
<msg timestamp="20210510 12:04:13.493" level="INFO">Wait for Element with selector: css=.Toastify__toast-body &gt;&gt; text=Aluno cadastrado com sucesso.</msg>
<status status="PASS" starttime="20210510 12:04:13.081" endtime="20210510 12:04:13.493"/>
</kw>
<status status="PASS" starttime="20210510 12:04:13.080" endtime="20210510 12:04:13.494"/>
</kw>
<kw name="Thinking And Take Screenshot" library="base" type="TEARDOWN">
<arg>2</arg>
<kw name="Sleep" library="BuiltIn">
<arg>${timeout}</arg>
<doc>Pauses the test executed for the given time.</doc>
<msg timestamp="20210510 12:04:15.496" level="INFO">Slept 2 seconds</msg>
<status status="PASS" starttime="20210510 12:04:13.495" endtime="20210510 12:04:15.496"/>
</kw>
<kw name="Take Screenshot" library="Browser">
<tag>PageContent</tag>
<doc>Takes a screenshot of the current window and saves it to ``path``. Saves it as a png.</doc>
<msg timestamp="20210510 12:04:15.637" level="INFO" html="true">&lt;/td&gt;&lt;/tr&gt;&lt;tr&gt;&lt;td colspan="3"&gt;&lt;a href="browser/screenshot/robotframework-browser-screenshot-8.png"&gt;&lt;img src="browser/screenshot/robotframework-browser-screenshot-8.png" width="800px"&gt;&lt;/a&gt;</msg>
<status status="PASS" starttime="20210510 12:04:15.497" endtime="20210510 12:04:15.637"/>
</kw>
<status status="PASS" starttime="20210510 12:04:13.494" endtime="20210510 12:04:15.637"/>
</kw>
<status status="PASS" starttime="20210510 12:04:11.389" endtime="20210510 12:04:15.638"/>
</test>
<test id="s1-s2-s1-t2" name="Cenario: Não deve permitir email duplicado">
<kw name="Create Dictionary" library="BuiltIn">
<var>&amp;{student}</var>
<arg>name=Ricardo de Mauro</arg>
<arg>email=ricardo@theotokus.com</arg>
<arg>age=34</arg>
<arg>weight=98</arg>
<arg>feet_tall=1.75</arg>
<doc>Creates and returns a dictionary based on the given ``items``.</doc>
<msg timestamp="20210510 12:04:15.657" level="INFO">&amp;{student} = { name=Ricardo de Mauro | email=ricardo@theotokus.com | age=34 | weight=98 | feet_tall=1.75 }</msg>
<status status="PASS" starttime="20210510 12:04:15.656" endtime="20210510 12:04:15.657"/>
</kw>
<kw name="Insert Student" library="DeloreanLibrary">
<arg>${student}</arg>
<msg timestamp="20210510 12:04:15.658" level="INFO">delete from students where email = 'ricardo@theotokus.com'</msg>
<msg timestamp="20210510 12:04:16.784" level="INFO">insert into students(name, email, age, weight, feet_tall, created_at, updated_at)values('Ricardo de Mauro','ricardo@theotokus.com',34,98,1.75,NOW(),NOW());</msg>
<status status="PASS" starttime="20210510 12:04:15.657" endtime="20210510 12:04:17.945"/>
</kw>
<kw name="Go to Students" library="nav">
<kw name="Click" library="Browser">
<arg>css=a[href$=alunos]</arg>
<tag>PageContent</tag>
<tag>Setter</tag>
<doc>Simulates mouse click on the element found by ``selector``.</doc>
<status status="PASS" starttime="20210510 12:04:17.947" endtime="20210510 12:04:18.007"/>
</kw>
<kw name="Wait For Elements State" library="Browser">
<arg>css=h1 &gt;&gt; text=Gestão de Alunos</arg>
<arg>visible</arg>
<arg>5</arg>
<tag>PageContent</tag>
<tag>Wait</tag>
<doc>Waits for the element found by ``selector`` to satisfy state option.</doc>
<msg timestamp="20210510 12:04:18.031" level="INFO">Wait for Element with selector: css=h1 &gt;&gt; text=Gestão de Alunos</msg>
<status status="PASS" starttime="20210510 12:04:18.008" endtime="20210510 12:04:18.031"/>
</kw>
<status status="PASS" starttime="20210510 12:04:17.946" endtime="20210510 12:04:18.032"/>
</kw>
<kw name="Go to Form Student" library="students">
<kw name="Click" library="Browser">
<arg>css=a[href$="alunos/new"]</arg>
<tag>PageContent</tag>
<tag>Setter</tag>
<doc>Simulates mouse click on the element found by ``selector``.</doc>
<status status="PASS" starttime="20210510 12:04:18.033" endtime="20210510 12:04:18.115"/>
</kw>
<kw name="Wait For Elements State" library="Browser">
<arg>css=h1 &gt;&gt; text=Novo aluno</arg>
<arg>visible</arg>
<arg>5</arg>
<tag>PageContent</tag>
<tag>Wait</tag>
<doc>Waits for the element found by ``selector`` to satisfy state option.</doc>
<msg timestamp="20210510 12:04:18.133" level="INFO">Wait for Element with selector: css=h1 &gt;&gt; text=Novo aluno</msg>
<status status="PASS" starttime="20210510 12:04:18.115" endtime="20210510 12:04:18.133"/>
</kw>
<status status="PASS" starttime="20210510 12:04:18.032" endtime="20210510 12:04:18.134"/>
</kw>
<kw name="New Student" library="students">
<arg>${student}</arg>
<kw name="Fill Text" library="Browser">
<arg>${NAME_FIELD}</arg>
<arg>${student.name}</arg>
<tag>PageContent</tag>
<tag>Setter</tag>
<doc>Clears and fills the given ``text`` into the text field found by ``selector``.</doc>
<msg timestamp="20210510 12:04:18.137" level="INFO">Fills the text 'Ricardo de Mauro' in the given field.</msg>
<status status="PASS" starttime="20210510 12:04:18.135" endtime="20210510 12:04:18.176"/>
</kw>
<kw name="Fill Text" library="Browser">
<arg>${EMAIL_FIELD}</arg>
<arg>${student.email}</arg>
<tag>PageContent</tag>
<tag>Setter</tag>
<doc>Clears and fills the given ``text`` into the text field found by ``selector``.</doc>
<msg timestamp="20210510 12:04:18.178" level="INFO">Fills the text 'ricardo@theotokus.com' in the given field.</msg>
<status status="PASS" starttime="20210510 12:04:18.177" endtime="20210510 12:04:18.212"/>
</kw>
<kw name="Fill Text" library="Browser">
<arg>${AGE_FIELD}</arg>
<arg>${student.age}</arg>
<tag>PageContent</tag>
<tag>Setter</tag>
<doc>Clears and fills the given ``text`` into the text field found by ``selector``.</doc>
<msg timestamp="20210510 12:04:18.214" level="INFO">Fills the text '34' in the given field.</msg>
<status status="PASS" starttime="20210510 12:04:18.213" endtime="20210510 12:04:18.246"/>
</kw>
<kw name="Fill Text" library="Browser">
<arg>${WEIGTH_FIELD}</arg>
<arg>${student.weight}</arg>
<tag>PageContent</tag>
<tag>Setter</tag>
<doc>Clears and fills the given ``text`` into the text field found by ``selector``.</doc>
<msg timestamp="20210510 12:04:18.248" level="INFO">Fills the text '98' in the given field.</msg>
<status status="PASS" starttime="20210510 12:04:18.246" endtime="20210510 12:04:18.278"/>
</kw>
<kw name="Fill Text" library="Browser">
<arg>${FEET_TALL_FIELD}</arg>
<arg>${student.feet_tall}</arg>
<tag>PageContent</tag>
<tag>Setter</tag>
<doc>Clears and fills the given ``text`` into the text field found by ``selector``.</doc>
<msg timestamp="20210510 12:04:18.280" level="INFO">Fills the text '1.75' in the given field.</msg>
<status status="PASS" starttime="20210510 12:04:18.279" endtime="20210510 12:04:18.310"/>
</kw>
<kw name="Submit Student Form" library="students">
<kw name="Click" library="Browser">
<arg>css=button[form$=Student]</arg>
<tag>PageContent</tag>
<tag>Setter</tag>
<doc>Simulates mouse click on the element found by ``selector``.</doc>
<status status="PASS" starttime="20210510 12:04:18.311" endtime="20210510 12:04:18.365"/>
</kw>
<status status="PASS" starttime="20210510 12:04:18.311" endtime="20210510 12:04:18.366"/>
</kw>
<status status="PASS" starttime="20210510 12:04:18.134" endtime="20210510 12:04:18.366"/>
</kw>
<kw name="Toaster Text Should Be" library="components">
<arg>Email já existe no sistema.</arg>
<kw name="Wait For Elements State" library="Browser">
<arg>css=.Toastify__toast-body &gt;&gt; text=${expect_text}</arg>
<arg>visible</arg>
<arg>5</arg>
<tag>PageContent</tag>
<tag>Wait</tag>
<doc>Waits for the element found by ``selector`` to satisfy state option.</doc>
<msg timestamp="20210510 12:04:18.716" level="INFO">Wait for Element with selector: css=.Toastify__toast-body &gt;&gt; text=Email já existe no sistema.</msg>
<status status="PASS" starttime="20210510 12:04:18.367" endtime="20210510 12:04:18.716"/>
</kw>
<status status="PASS" starttime="20210510 12:04:18.367" endtime="20210510 12:04:18.717"/>
</kw>
<kw name="Thinking And Take Screenshot" library="base" type="TEARDOWN">
<arg>2</arg>
<kw name="Sleep" library="BuiltIn">
<arg>${timeout}</arg>
<doc>Pauses the test executed for the given time.</doc>
<msg timestamp="20210510 12:04:20.719" level="INFO">Slept 2 seconds</msg>
<status status="PASS" starttime="20210510 12:04:18.718" endtime="20210510 12:04:20.719"/>
</kw>
<kw name="Take Screenshot" library="Browser">
<tag>PageContent</tag>
<doc>Takes a screenshot of the current window and saves it to ``path``. Saves it as a png.</doc>
<msg timestamp="20210510 12:04:20.861" level="INFO" html="true">&lt;/td&gt;&lt;/tr&gt;&lt;tr&gt;&lt;td colspan="3"&gt;&lt;a href="browser/screenshot/robotframework-browser-screenshot-9.png"&gt;&lt;img src="browser/screenshot/robotframework-browser-screenshot-9.png" width="800px"&gt;&lt;/a&gt;</msg>
<status status="PASS" starttime="20210510 12:04:20.720" endtime="20210510 12:04:20.861"/>
</kw>
<status status="PASS" starttime="20210510 12:04:18.717" endtime="20210510 12:04:20.862"/>
</kw>
<tag>duplicado</tag>
<status status="PASS" starttime="20210510 12:04:15.649" endtime="20210510 12:04:20.862"/>
</test>
<test id="s1-s2-s1-t3" name="Cenario: Todos os campos devem ser obrigatórios">
<kw name="Set Variable" library="BuiltIn">
<var>@{expected_alerts}</var>
<arg>Nome é obrigatório</arg>
<arg>O e-mail é obrigatório</arg>
<arg>idade é obrigatória</arg>
<arg>o peso é obrigatório</arg>
<arg>a Altura é obrigatória</arg>
<doc>Returns the given values which can then be assigned to a variables.</doc>
<msg timestamp="20210510 12:04:20.881" level="INFO">@{expected_alerts} = [ Nome é obrigatório | O e-mail é obrigatório | idade é obrigatória | o peso é obrigatório | a Altura é obrigatória ]</msg>
<status status="PASS" starttime="20210510 12:04:20.880" endtime="20210510 12:04:20.881"/>
</kw>
<kw name="Create List" library="BuiltIn">
<var>@{got_alerts}</var>
<doc>Returns a list containing given items.</doc>
<msg timestamp="20210510 12:04:20.883" level="INFO">@{got_alerts} = [ ]</msg>
<status status="PASS" starttime="20210510 12:04:20.882" endtime="20210510 12:04:20.883"/>
</kw>
<kw name="Go to Students" library="nav">
<kw name="Click" library="Browser">
<arg>css=a[href$=alunos]</arg>
<tag>PageContent</tag>
<tag>Setter</tag>
<doc>Simulates mouse click on the element found by ``selector``.</doc>
<status status="PASS" starttime="20210510 12:04:20.884" endtime="20210510 12:04:21.019"/>
</kw>
<kw name="Wait For Elements State" library="Browser">
<arg>css=h1 &gt;&gt; text=Gestão de Alunos</arg>
<arg>visible</arg>
<arg>5</arg>
<tag>PageContent</tag>
<tag>Wait</tag>
<doc>Waits for the element found by ``selector`` to satisfy state option.</doc>
<msg timestamp="20210510 12:04:21.033" level="INFO">Wait for Element with selector: css=h1 &gt;&gt; text=Gestão de Alunos</msg>
<status status="PASS" starttime="20210510 12:04:21.020" endtime="20210510 12:04:21.034"/>
</kw>
<status status="PASS" starttime="20210510 12:04:20.883" endtime="20210510 12:04:21.034"/>
</kw>
<kw name="Go to Form Student" library="students">
<kw name="Click" library="Browser">
<arg>css=a[href$="alunos/new"]</arg>
<tag>PageContent</tag>
<tag>Setter</tag>
<doc>Simulates mouse click on the element found by ``selector``.</doc>
<status status="PASS" starttime="20210510 12:04:21.035" endtime="20210510 12:04:21.177"/>
</kw>
<kw name="Wait For Elements State" library="Browser">
<arg>css=h1 &gt;&gt; text=Novo aluno</arg>
<arg>visible</arg>
<arg>5</arg>
<tag>PageContent</tag>
<tag>Wait</tag>
<doc>Waits for the element found by ``selector`` to satisfy state option.</doc>
<msg timestamp="20210510 12:04:21.201" level="INFO">Wait for Element with selector: css=h1 &gt;&gt; text=Novo aluno</msg>
<status status="PASS" starttime="20210510 12:04:21.177" endtime="20210510 12:04:21.202"/>
</kw>
<status status="PASS" starttime="20210510 12:04:21.034" endtime="20210510 12:04:21.202"/>
</kw>
<kw name="Submit Student Form" library="students">
<kw name="Click" library="Browser">
<arg>css=button[form$=Student]</arg>
<tag>PageContent</tag>
<tag>Setter</tag>
<doc>Simulates mouse click on the element found by ``selector``.</doc>
<status status="PASS" starttime="20210510 12:04:21.203" endtime="20210510 12:04:21.296"/>
</kw>
<status status="PASS" starttime="20210510 12:04:21.202" endtime="20210510 12:04:21.297"/>
</kw>
<for flavor="IN RANGE">
<var>${index}</var>
<value>1</value>
<value>6</value>
<iter>
<var name="${index}">1</var>
<kw name="Get Required Alerts" library="components">
<var>${span}</var>
<arg>${index}</arg>
<kw name="Get Text" library="Browser">
<var>${span}</var>
<arg>xpath=(//form//span)[${index}]</arg>
<tag>Assertion</tag>
<tag>Getter</tag>
<tag>PageContent</tag>
<doc>Returns text attribute of the element found by ``selector``.
See the `Finding elements` section for details about the selectors.</doc>
<msg timestamp="20210510 12:04:21.352" level="INFO">${span} = Nome é obrigatório</msg>
<status status="PASS" starttime="20210510 12:04:21.299" endtime="20210510 12:04:21.352"/>
</kw>
<msg timestamp="20210510 12:04:21.353" level="INFO">${span} = Nome é obrigatório</msg>
<status status="PASS" starttime="20210510 12:04:21.298" endtime="20210510 12:04:21.353"/>
</kw>
<kw name="Append To List" library="Collections">
<arg>${got_alerts}</arg>
<arg>${span}</arg>
<doc>Adds ``values`` to the end of ``list``.</doc>
<status status="PASS" starttime="20210510 12:04:21.354" endtime="20210510 12:04:21.355"/>
</kw>
<status status="PASS" starttime="20210510 12:04:21.298" endtime="20210510 12:04:21.355"/>
</iter>
<iter>
<var name="${index}">2</var>
<kw name="Get Required Alerts" library="components">
<var>${span}</var>
<arg>${index}</arg>
<kw name="Get Text" library="Browser">
<var>${span}</var>
<arg>xpath=(//form//span)[${index}]</arg>
<tag>Assertion</tag>
<tag>Getter</tag>
<tag>PageContent</tag>
<doc>Returns text attribute of the element found by ``selector``.
See the `Finding elements` section for details about the selectors.</doc>
<msg timestamp="20210510 12:04:21.407" level="INFO">${span} = O e-mail é obrigatório</msg>
<status status="PASS" starttime="20210510 12:04:21.357" endtime="20210510 12:04:21.407"/>
</kw>
<msg timestamp="20210510 12:04:21.407" level="INFO">${span} = O e-mail é obrigatório</msg>
<status status="PASS" starttime="20210510 12:04:21.355" endtime="20210510 12:04:21.407"/>
</kw>
<kw name="Append To List" library="Collections">
<arg>${got_alerts}</arg>
<arg>${span}</arg>
<doc>Adds ``values`` to the end of ``list``.</doc>
<status status="PASS" starttime="20210510 12:04:21.408" endtime="20210510 12:04:21.408"/>
</kw>
<status status="PASS" starttime="20210510 12:04:21.355" endtime="20210510 12:04:21.408"/>
</iter>
<iter>
<var name="${index}">3</var>
<kw name="Get Required Alerts" library="components">
<var>${span}</var>
<arg>${index}</arg>
<kw name="Get Text" library="Browser">
<var>${span}</var>
<arg>xpath=(//form//span)[${index}]</arg>
<tag>Assertion</tag>
<tag>Getter</tag>
<tag>PageContent</tag>
<doc>Returns text attribute of the element found by ``selector``.
See the `Finding elements` section for details about the selectors.</doc>
<msg timestamp="20210510 12:04:21.450" level="INFO">${span} = idade é obrigatória</msg>
<status status="PASS" starttime="20210510 12:04:21.409" endtime="20210510 12:04:21.450"/>
</kw>
<msg timestamp="20210510 12:04:21.450" level="INFO">${span} = idade é obrigatória</msg>
<status status="PASS" starttime="20210510 12:04:21.408" endtime="20210510 12:04:21.450"/>
</kw>
<kw name="Append To List" library="Collections">
<arg>${got_alerts}</arg>
<arg>${span}</arg>
<doc>Adds ``values`` to the end of ``list``.</doc>
<status status="PASS" starttime="20210510 12:04:21.451" endtime="20210510 12:04:21.452"/>
</kw>
<status status="PASS" starttime="20210510 12:04:21.408" endtime="20210510 12:04:21.452"/>
</iter>
<iter>
<var name="${index}">4</var>
<kw name="Get Required Alerts" library="components">
<var>${span}</var>
<arg>${index}</arg>
<kw name="Get Text" library="Browser">
<var>${span}</var>
<arg>xpath=(//form//span)[${index}]</arg>
<tag>Assertion</tag>
<tag>Getter</tag>
<tag>PageContent</tag>
<doc>Returns text attribute of the element found by ``selector``.
See the `Finding elements` section for details about the selectors.</doc>
<msg timestamp="20210510 12:04:21.503" level="INFO">${span} = o peso é obrigatório</msg>
<status status="PASS" starttime="20210510 12:04:21.458" endtime="20210510 12:04:21.503"/>
</kw>
<msg timestamp="20210510 12:04:21.503" level="INFO">${span} = o peso é obrigatório</msg>
<status status="PASS" starttime="20210510 12:04:21.452" endtime="20210510 12:04:21.504"/>
</kw>
<kw name="Append To List" library="Collections">
<arg>${got_alerts}</arg>
<arg>${span}</arg>
<doc>Adds ``values`` to the end of ``list``.</doc>
<status status="PASS" starttime="20210510 12:04:21.504" endtime="20210510 12:04:21.505"/>
</kw>
<status status="PASS" starttime="20210510 12:04:21.452" endtime="20210510 12:04:21.505"/>
</iter>
<iter>
<var name="${index}">5</var>
<kw name="Get Required Alerts" library="components">
<var>${span}</var>
<arg>${index}</arg>
<kw name="Get Text" library="Browser">
<var>${span}</var>
<arg>xpath=(//form//span)[${index}]</arg>
<tag>Assertion</tag>
<tag>Getter</tag>
<tag>PageContent</tag>
<doc>Returns text attribute of the element found by ``selector``.
See the `Finding elements` section for details about the selectors.</doc>
<msg timestamp="20210510 12:04:21.543" level="INFO">${span} = a Altura é obrigatória</msg>
<status status="PASS" starttime="20210510 12:04:21.506" endtime="20210510 12:04:21.543"/>
</kw>
<msg timestamp="20210510 12:04:21.543" level="INFO">${span} = a Altura é obrigatória</msg>
<status status="PASS" starttime="20210510 12:04:21.505" endtime="20210510 12:04:21.544"/>
</kw>
<kw name="Append To List" library="Collections">
<arg>${got_alerts}</arg>
<arg>${span}</arg>
<doc>Adds ``values`` to the end of ``list``.</doc>
<status status="PASS" starttime="20210510 12:04:21.544" endtime="20210510 12:04:21.544"/>
</kw>
<status status="PASS" starttime="20210510 12:04:21.505" endtime="20210510 12:04:21.545"/>
</iter>
<status status="PASS" starttime="20210510 12:04:21.297" endtime="20210510 12:04:21.545"/>
</for>
<kw name="Log" library="BuiltIn">
<arg>${expected_alerts}</arg>
<doc>Logs the given message with the given level.</doc>
<msg timestamp="20210510 12:04:21.547" level="INFO">['Nome é obrigatório', 'O e-mail é obrigatório', 'idade é obrigatória', 'o peso é obrigatório', 'a Altura é obrigatória']</msg>
<status status="PASS" starttime="20210510 12:04:21.546" endtime="20210510 12:04:21.547"/>
</kw>
<kw name="Log" library="BuiltIn">
<arg>${got_alerts}</arg>
<doc>Logs the given message with the given level.</doc>
<msg timestamp="20210510 12:04:21.550" level="INFO">['Nome é obrigatório', 'O e-mail é obrigatório', 'idade é obrigatória', 'o peso é obrigatório', 'a Altura é obrigatória']</msg>
<status status="PASS" starttime="20210510 12:04:21.549" endtime="20210510 12:04:21.550"/>
</kw>
<kw name="Lists Should Be Equal" library="Collections">
<arg>${expected_alerts}</arg>
<arg>${got_alerts}</arg>
<doc>Fails if given lists are unequal.</doc>
<status status="PASS" starttime="20210510 12:04:21.552" endtime="20210510 12:04:21.554"/>
</kw>
<kw name="Take Screenshot" library="Browser" type="TEARDOWN">
<tag>PageContent</tag>
<doc>Takes a screenshot of the current window and saves it to ``path``. Saves it as a png.</doc>
<msg timestamp="20210510 12:04:21.747" level="INFO" html="true">&lt;/td&gt;&lt;/tr&gt;&lt;tr&gt;&lt;td colspan="3"&gt;&lt;a href="browser/screenshot/robotframework-browser-screenshot-10.png"&gt;&lt;img src="browser/screenshot/robotframework-browser-screenshot-10.png" width="800px"&gt;&lt;/a&gt;</msg>
<status status="PASS" starttime="20210510 12:04:21.556" endtime="20210510 12:04:21.747"/>
</kw>
<tag>fail</tag>
<status status="PASS" starttime="20210510 12:04:20.872" endtime="20210510 12:04:21.748"/>
</test>
<test id="s1-s2-s1-t4" name="Cenario: Validação dos Campos Numéricos">
<kw name="Check Type Field On Student Form">
<arg>${AGE_FIELD}</arg>
<arg>number</arg>
<kw name="Go to Students" library="nav">
<kw name="Click" library="Browser">
<arg>css=a[href$=alunos]</arg>
<tag>PageContent</tag>
<tag>Setter</tag>
<doc>Simulates mouse click on the element found by ``selector``.</doc>
<status status="PASS" starttime="20210510 12:04:21.763" endtime="20210510 12:04:21.885"/>
</kw>
<kw name="Wait For Elements State" library="Browser">
<arg>css=h1 &gt;&gt; text=Gestão de Alunos</arg>
<arg>visible</arg>
<arg>5</arg>
<tag>PageContent</tag>
<tag>Wait</tag>
<doc>Waits for the element found by ``selector`` to satisfy state option.</doc>
<msg timestamp="20210510 12:04:21.905" level="INFO">Wait for Element with selector: css=h1 &gt;&gt; text=Gestão de Alunos</msg>
<status status="PASS" starttime="20210510 12:04:21.886" endtime="20210510 12:04:21.905"/>
</kw>
<status status="PASS" starttime="20210510 12:04:21.763" endtime="20210510 12:04:21.906"/>
</kw>
<kw name="Go to Form Student" library="students">
<kw name="Click" library="Browser">
<arg>css=a[href$="alunos/new"]</arg>
<tag>PageContent</tag>
<tag>Setter</tag>
<doc>Simulates mouse click on the element found by ``selector``.</doc>
<status status="PASS" starttime="20210510 12:04:21.907" endtime="20210510 12:04:22.005"/>
</kw>
<kw name="Wait For Elements State" library="Browser">
<arg>css=h1 &gt;&gt; text=Novo aluno</arg>
<arg>visible</arg>
<arg>5</arg>
<tag>PageContent</tag>
<tag>Wait</tag>
<doc>Waits for the element found by ``selector`` to satisfy state option.</doc>
<msg timestamp="20210510 12:04:22.022" level="INFO">Wait for Element with selector: css=h1 &gt;&gt; text=Novo aluno</msg>
<status status="PASS" starttime="20210510 12:04:22.005" endtime="20210510 12:04:22.022"/>
</kw>
<status status="PASS" starttime="20210510 12:04:21.906" endtime="20210510 12:04:22.023"/>
</kw>
<kw name="Field Should Be Type" library="components">
<arg>${element}</arg>
<arg>${type}</arg>
<kw name="Get Attribute" library="Browser">
<var>${attr}</var>
<arg>${element}</arg>
<arg>type</arg>
<tag>Assertion</tag>
<tag>Getter</tag>
<tag>PageContent</tag>
<doc>Returns the HTML ``attribute`` of the element found by ``selector``.</doc>
<msg timestamp="20210510 12:04:22.050" level="INFO">${attr} = number</msg>
<status status="PASS" starttime="20210510 12:04:22.024" endtime="20210510 12:04:22.050"/>
</kw>
<kw name="Should Be Equal" library="BuiltIn">
<arg>${attr}</arg>
<arg>${type}</arg>
<doc>Fails if the given objects are unequal.</doc>
<status status="PASS" starttime="20210510 12:04:22.051" endtime="20210510 12:04:22.052"/>
</kw>
<status status="PASS" starttime="20210510 12:04:22.023" endtime="20210510 12:04:22.053"/>
</kw>
<status status="PASS" starttime="20210510 12:04:21.762" endtime="20210510 12:04:22.053"/>
</kw>
<kw name="Check Type Field On Student Form">
<arg>${WEIGTH_FIELD}</arg>
<arg>number</arg>
<kw name="Go to Students" library="nav">
<kw name="Click" library="Browser">
<arg>css=a[href$=alunos]</arg>
<tag>PageContent</tag>
<tag>Setter</tag>
<doc>Simulates mouse click on the element found by ``selector``.</doc>
<status status="PASS" starttime="20210510 12:04:22.055" endtime="20210510 12:04:22.146"/>
</kw>
<kw name="Wait For Elements State" library="Browser">
<arg>css=h1 &gt;&gt; text=Gestão de Alunos</arg>
<arg>visible</arg>
<arg>5</arg>
<tag>PageContent</tag>
<tag>Wait</tag>
<doc>Waits for the element found by ``selector`` to satisfy state option.</doc>
<msg timestamp="20210510 12:04:22.165" level="INFO">Wait for Element with selector: css=h1 &gt;&gt; text=Gestão de Alunos</msg>
<status status="PASS" starttime="20210510 12:04:22.147" endtime="20210510 12:04:22.165"/>
</kw>
<status status="PASS" starttime="20210510 12:04:22.055" endtime="20210510 12:04:22.165"/>
</kw>
<kw name="Go to Form Student" library="students">
<kw name="Click" library="Browser">
<arg>css=a[href$="alunos/new"]</arg>
<tag>PageContent</tag>
<tag>Setter</tag>
<doc>Simulates mouse click on the element found by ``selector``.</doc>
<status status="PASS" starttime="20210510 12:04:22.167" endtime="20210510 12:04:22.261"/>
</kw>
<kw name="Wait For Elements State" library="Browser">
<arg>css=h1 &gt;&gt; text=Novo aluno</arg>
<arg>visible</arg>
<arg>5</arg>
<tag>PageContent</tag>
<tag>Wait</tag>
<doc>Waits for the element found by ``selector`` to satisfy state option.</doc>
<msg timestamp="20210510 12:04:22.280" level="INFO">Wait for Element with selector: css=h1 &gt;&gt; text=Novo aluno</msg>
<status status="PASS" starttime="20210510 12:04:22.262" endtime="20210510 12:04:22.281"/>
</kw>
<status status="PASS" starttime="20210510 12:04:22.166" endtime="20210510 12:04:22.281"/>
</kw>
<kw name="Field Should Be Type" library="components">
<arg>${element}</arg>
<arg>${type}</arg>
<kw name="Get Attribute" library="Browser">
<var>${attr}</var>
<arg>${element}</arg>
<arg>type</arg>
<tag>Assertion</tag>
<tag>Getter</tag>
<tag>PageContent</tag>
<doc>Returns the HTML ``attribute`` of the element found by ``selector``.</doc>
<msg timestamp="20210510 12:04:22.307" level="INFO">${attr} = number</msg>
<status status="PASS" starttime="20210510 12:04:22.283" endtime="20210510 12:04:22.307"/>
</kw>
<kw name="Should Be Equal" library="BuiltIn">
<arg>${attr}</arg>
<arg>${type}</arg>
<doc>Fails if the given objects are unequal.</doc>
<status status="PASS" starttime="20210510 12:04:22.308" endtime="20210510 12:04:22.308"/>
</kw>
<status status="PASS" starttime="20210510 12:04:22.281" endtime="20210510 12:04:22.309"/>
</kw>
<status status="PASS" starttime="20210510 12:04:22.054" endtime="20210510 12:04:22.309"/>
</kw>
<kw name="Check Type Field On Student Form">
<arg>${FEET_TALL_FIELD}</arg>
<arg>number</arg>
<kw name="Go to Students" library="nav">
<kw name="Click" library="Browser">
<arg>css=a[href$=alunos]</arg>
<tag>PageContent</tag>
<tag>Setter</tag>
<doc>Simulates mouse click on the element found by ``selector``.</doc>
<status status="PASS" starttime="20210510 12:04:22.311" endtime="20210510 12:04:22.427"/>
</kw>
<kw name="Wait For Elements State" library="Browser">
<arg>css=h1 &gt;&gt; text=Gestão de Alunos</arg>
<arg>visible</arg>
<arg>5</arg>
<tag>PageContent</tag>
<tag>Wait</tag>
<doc>Waits for the element found by ``selector`` to satisfy state option.</doc>
<msg timestamp="20210510 12:04:22.444" level="INFO">Wait for Element with selector: css=h1 &gt;&gt; text=Gestão de Alunos</msg>
<status status="PASS" starttime="20210510 12:04:22.427" endtime="20210510 12:04:22.444"/>
</kw>
<status status="PASS" starttime="20210510 12:04:22.311" endtime="20210510 12:04:22.444"/>
</kw>
<kw name="Go to Form Student" library="students">
<kw name="Click" library="Browser">
<arg>css=a[href$="alunos/new"]</arg>
<tag>PageContent</tag>
<tag>Setter</tag>
<doc>Simulates mouse click on the element found by ``selector``.</doc>
<status status="PASS" starttime="20210510 12:04:22.445" endtime="20210510 12:04:22.540"/>
</kw>
<kw name="Wait For Elements State" library="Browser">
<arg>css=h1 &gt;&gt; text=Novo aluno</arg>
<arg>visible</arg>
<arg>5</arg>
<tag>PageContent</tag>
<tag>Wait</tag>
<doc>Waits for the element found by ``selector`` to satisfy state option.</doc>
<msg timestamp="20210510 12:04:22.556" level="INFO">Wait for Element with selector: css=h1 &gt;&gt; text=Novo aluno</msg>
<status status="PASS" starttime="20210510 12:04:22.541" endtime="20210510 12:04:22.557"/>
</kw>
<status status="PASS" starttime="20210510 12:04:22.445" endtime="20210510 12:04:22.557"/>
</kw>
<kw name="Field Should Be Type" library="components">
<arg>${element}</arg>
<arg>${type}</arg>
<kw name="Get Attribute" library="Browser">
<var>${attr}</var>
<arg>${element}</arg>
<arg>type</arg>
<tag>Assertion</tag>
<tag>Getter</tag>
<tag>PageContent</tag>
<doc>Returns the HTML ``attribute`` of the element found by ``selector``.</doc>
<msg timestamp="20210510 12:04:22.589" level="INFO">${attr} = number</msg>
<status status="PASS" starttime="20210510 12:04:22.559" endtime="20210510 12:04:22.589"/>
</kw>
<kw name="Should Be Equal" library="BuiltIn">
<arg>${attr}</arg>
<arg>${type}</arg>
<doc>Fails if the given objects are unequal.</doc>
<status status="PASS" starttime="20210510 12:04:22.589" endtime="20210510 12:04:22.590"/>
</kw>
<status status="PASS" starttime="20210510 12:04:22.557" endtime="20210510 12:04:22.591"/>
</kw>
<status status="PASS" starttime="20210510 12:04:22.309" endtime="20210510 12:04:22.591"/>
</kw>
<kw name="Take Screenshot" library="Browser" type="TEARDOWN">
<tag>PageContent</tag>
<doc>Takes a screenshot of the current window and saves it to ``path``. Saves it as a png.</doc>
<msg timestamp="20210510 12:04:22.754" level="INFO" html="true">&lt;/td&gt;&lt;/tr&gt;&lt;tr&gt;&lt;td colspan="3"&gt;&lt;a href="browser/screenshot/robotframework-browser-screenshot-11.png"&gt;&lt;img src="browser/screenshot/robotframework-browser-screenshot-11.png" width="800px"&gt;&lt;/a&gt;</msg>
<status status="PASS" starttime="20210510 12:04:22.592" endtime="20210510 12:04:22.754"/>
</kw>
<tag>temp</tag>
<status status="PASS" starttime="20210510 12:04:21.755" endtime="20210510 12:04:22.754"/>
</test>
<test id="s1-s2-s1-t5" name="Cenario: Validação dos Campos do Tipo E-mail">
<kw name="Check Type Field On Student Form">
<arg>${EMAIL_FIELD}</arg>
<arg>email</arg>
<kw name="Go to Students" library="nav">
<kw name="Click" library="Browser">
<arg>css=a[href$=alunos]</arg>
<tag>PageContent</tag>
<tag>Setter</tag>
<doc>Simulates mouse click on the element found by ``selector``.</doc>
<status status="PASS" starttime="20210510 12:04:22.774" endtime="20210510 12:04:22.879"/>
</kw>
<kw name="Wait For Elements State" library="Browser">
<arg>css=h1 &gt;&gt; text=Gestão de Alunos</arg>
<arg>visible</arg>
<arg>5</arg>
<tag>PageContent</tag>
<tag>Wait</tag>
<doc>Waits for the element found by ``selector`` to satisfy state option.</doc>
<msg timestamp="20210510 12:04:22.917" level="INFO">Wait for Element with selector: css=h1 &gt;&gt; text=Gestão de Alunos</msg>
<status status="PASS" starttime="20210510 12:04:22.880" endtime="20210510 12:04:22.918"/>
</kw>
<status status="PASS" starttime="20210510 12:04:22.773" endtime="20210510 12:04:22.918"/>
</kw>
<kw name="Go to Form Student" library="students">
<kw name="Click" library="Browser">
<arg>css=a[href$="alunos/new"]</arg>
<tag>PageContent</tag>
<tag>Setter</tag>
<doc>Simulates mouse click on the element found by ``selector``.</doc>
<status status="PASS" starttime="20210510 12:04:22.919" endtime="20210510 12:04:23.045"/>
</kw>
<kw name="Wait For Elements State" library="Browser">
<arg>css=h1 &gt;&gt; text=Novo aluno</arg>
<arg>visible</arg>
<arg>5</arg>
<tag>PageContent</tag>
<tag>Wait</tag>
<doc>Waits for the element found by ``selector`` to satisfy state option.</doc>
<msg timestamp="20210510 12:04:23.070" level="INFO">Wait for Element with selector: css=h1 &gt;&gt; text=Novo aluno</msg>
<status status="PASS" starttime="20210510 12:04:23.045" endtime="20210510 12:04:23.071"/>
</kw>
<status status="PASS" starttime="20210510 12:04:22.918" endtime="20210510 12:04:23.071"/>
</kw>
<kw name="Field Should Be Type" library="components">
<arg>${element}</arg>
<arg>${type}</arg>
<kw name="Get Attribute" library="Browser">
<var>${attr}</var>
<arg>${element}</arg>
<arg>type</arg>
<tag>Assertion</tag>
<tag>Getter</tag>
<tag>PageContent</tag>
<doc>Returns the HTML ``attribute`` of the element found by ``selector``.</doc>
<msg timestamp="20210510 12:04:23.104" level="INFO">${attr} = email</msg>
<status status="PASS" starttime="20210510 12:04:23.073" endtime="20210510 12:04:23.104"/>
</kw>
<kw name="Should Be Equal" library="BuiltIn">
<arg>${attr}</arg>
<arg>${type}</arg>
<doc>Fails if the given objects are unequal.</doc>
<status status="PASS" starttime="20210510 12:04:23.105" endtime="20210510 12:04:23.106"/>
</kw>
<status status="PASS" starttime="20210510 12:04:23.072" endtime="20210510 12:04:23.106"/>
</kw>
<status status="PASS" starttime="20210510 12:04:22.772" endtime="20210510 12:04:23.107"/>
</kw>
<kw name="Take Screenshot" library="Browser" type="TEARDOWN">
<tag>PageContent</tag>
<doc>Takes a screenshot of the current window and saves it to ``path``. Saves it as a png.</doc>
<msg timestamp="20210510 12:04:23.243" level="INFO" html="true">&lt;/td&gt;&lt;/tr&gt;&lt;tr&gt;&lt;td colspan="3"&gt;&lt;a href="browser/screenshot/robotframework-browser-screenshot-12.png"&gt;&lt;img src="browser/screenshot/robotframework-browser-screenshot-12.png" width="800px"&gt;&lt;/a&gt;</msg>
<status status="PASS" starttime="20210510 12:04:23.107" endtime="20210510 12:04:23.243"/>
</kw>
<tag>temp</tag>
<status status="PASS" starttime="20210510 12:04:22.762" endtime="20210510 12:04:23.243"/>
</test>
<test id="s1-s2-s1-t6" name="Cenario: Menor de 14 anos não pode fazer cadastro">
<kw name="Create Dictionary" library="BuiltIn">
<var>&amp;{student}</var>
<arg>name=Livia da Silva</arg>
<arg>email=livia@theotokus.com</arg>
<arg>age=13</arg>
<arg>weight=50</arg>
<arg>feet_tall=1.65</arg>
<doc>Creates and returns a dictionary based on the given ``items``.</doc>
<msg timestamp="20210510 12:04:23.258" level="INFO">&amp;{student} = { name=Livia da Silva | email=livia@theotokus.com | age=13 | weight=50 | feet_tall=1.65 }</msg>
<status status="PASS" starttime="20210510 12:04:23.257" endtime="20210510 12:04:23.258"/>
</kw>
<kw name="Go to Students" library="nav">
<kw name="Click" library="Browser">
<arg>css=a[href$=alunos]</arg>
<tag>PageContent</tag>
<tag>Setter</tag>
<doc>Simulates mouse click on the element found by ``selector``.</doc>
<status status="PASS" starttime="20210510 12:04:23.262" endtime="20210510 12:04:23.382"/>
</kw>
<kw name="Wait For Elements State" library="Browser">
<arg>css=h1 &gt;&gt; text=Gestão de Alunos</arg>
<arg>visible</arg>
<arg>5</arg>
<tag>PageContent</tag>
<tag>Wait</tag>
<doc>Waits for the element found by ``selector`` to satisfy state option.</doc>
<msg timestamp="20210510 12:04:23.399" level="INFO">Wait for Element with selector: css=h1 &gt;&gt; text=Gestão de Alunos</msg>
<status status="PASS" starttime="20210510 12:04:23.382" endtime="20210510 12:04:23.400"/>
</kw>
<status status="PASS" starttime="20210510 12:04:23.259" endtime="20210510 12:04:23.400"/>
</kw>
<kw name="Go to Form Student" library="students">
<kw name="Click" library="Browser">
<arg>css=a[href$="alunos/new"]</arg>
<tag>PageContent</tag>
<tag>Setter</tag>
<doc>Simulates mouse click on the element found by ``selector``.</doc>
<status status="PASS" starttime="20210510 12:04:23.401" endtime="20210510 12:04:23.486"/>
</kw>
<kw name="Wait For Elements State" library="Browser">
<arg>css=h1 &gt;&gt; text=Novo aluno</arg>
<arg>visible</arg>
<arg>5</arg>
<tag>PageContent</tag>
<tag>Wait</tag>
<doc>Waits for the element found by ``selector`` to satisfy state option.</doc>
<msg timestamp="20210510 12:04:23.507" level="INFO">Wait for Element with selector: css=h1 &gt;&gt; text=Novo aluno</msg>
<status status="PASS" starttime="20210510 12:04:23.486" endtime="20210510 12:04:23.507"/>
</kw>
<status status="PASS" starttime="20210510 12:04:23.400" endtime="20210510 12:04:23.508"/>
</kw>
<kw name="New Student" library="students">
<arg>${student}</arg>
<kw name="Fill Text" library="Browser">
<arg>${NAME_FIELD}</arg>
<arg>${student.name}</arg>
<tag>PageContent</tag>
<tag>Setter</tag>
<doc>Clears and fills the given ``text`` into the text field found by ``selector``.</doc>
<msg timestamp="20210510 12:04:23.511" level="INFO">Fills the text 'Livia da Silva' in the given field.</msg>
<status status="PASS" starttime="20210510 12:04:23.509" endtime="20210510 12:04:23.546"/>
</kw>
<kw name="Fill Text" library="Browser">
<arg>${EMAIL_FIELD}</arg>
<arg>${student.email}</arg>
<tag>PageContent</tag>
<tag>Setter</tag>
<doc>Clears and fills the given ``text`` into the text field found by ``selector``.</doc>
<msg timestamp="20210510 12:04:23.548" level="INFO">Fills the text 'livia@theotokus.com' in the given field.</msg>
<status status="PASS" starttime="20210510 12:04:23.547" endtime="20210510 12:04:23.587"/>
</kw>
<kw name="Fill Text" library="Browser">
<arg>${AGE_FIELD}</arg>
<arg>${student.age}</arg>
<tag>PageContent</tag>
<tag>Setter</tag>
<doc>Clears and fills the given ``text`` into the text field found by ``selector``.</doc>
<msg timestamp="20210510 12:04:23.589" level="INFO">Fills the text '13' in the given field.</msg>
<status status="PASS" starttime="20210510 12:04:23.587" endtime="20210510 12:04:23.633"/>
</kw>
<kw name="Fill Text" library="Browser">
<arg>${WEIGTH_FIELD}</arg>
<arg>${student.weight}</arg>
<tag>PageContent</tag>
<tag>Setter</tag>
<doc>Clears and fills the given ``text`` into the text field found by ``selector``.</doc>
<msg timestamp="20210510 12:04:23.635" level="INFO">Fills the text '50' in the given field.</msg>
<status status="PASS" starttime="20210510 12:04:23.633" endtime="20210510 12:04:23.664"/>
</kw>
<kw name="Fill Text" library="Browser">
<arg>${FEET_TALL_FIELD}</arg>
<arg>${student.feet_tall}</arg>
<tag>PageContent</tag>
<tag>Setter</tag>
<doc>Clears and fills the given ``text`` into the text field found by ``selector``.</doc>
<msg timestamp="20210510 12:04:23.666" level="INFO">Fills the text '1.65' in the given field.</msg>
<status status="PASS" starttime="20210510 12:04:23.664" endtime="20210510 12:04:23.693"/>
</kw>
<kw name="Submit Student Form" library="students">
<kw name="Click" library="Browser">
<arg>css=button[form$=Student]</arg>
<tag>PageContent</tag>
<tag>Setter</tag>
<doc>Simulates mouse click on the element found by ``selector``.</doc>
<status status="PASS" starttime="20210510 12:04:23.695" endtime="20210510 12:04:23.747"/>
</kw>
<status status="PASS" starttime="20210510 12:04:23.694" endtime="20210510 12:04:23.748"/>
</kw>
<status status="PASS" starttime="20210510 12:04:23.508" endtime="20210510 12:04:23.748"/>
</kw>
<kw name="Alert Text Should Be" library="components">
<arg>A idade deve ser maior ou igual 14 anos</arg>
<kw name="Wait For Elements State" library="Browser">
<arg>css=form span &gt;&gt; text=${expect_text}</arg>
<arg>visible</arg>
<arg>5</arg>
<tag>PageContent</tag>
<tag>Wait</tag>
<doc>Waits for the element found by ``selector`` to satisfy state option.</doc>
<msg timestamp="20210510 12:04:23.776" level="INFO">Wait for Element with selector: css=form span &gt;&gt; text=A idade deve ser maior ou igual 14 anos</msg>
<status status="PASS" starttime="20210510 12:04:23.749" endtime="20210510 12:04:23.777"/>
</kw>
<status status="PASS" starttime="20210510 12:04:23.748" endtime="20210510 12:04:23.777"/>
</kw>
<kw name="Take Screenshot" library="Browser" type="TEARDOWN">
<tag>PageContent</tag>
<doc>Takes a screenshot of the current window and saves it to ``path``. Saves it as a png.</doc>
<msg timestamp="20210510 12:04:23.912" level="INFO" html="true">&lt;/td&gt;&lt;/tr&gt;&lt;tr&gt;&lt;td colspan="3"&gt;&lt;a href="browser/screenshot/robotframework-browser-screenshot-13.png"&gt;&lt;img src="browser/screenshot/robotframework-browser-screenshot-13.png" width="800px"&gt;&lt;/a&gt;</msg>
<status status="PASS" starttime="20210510 12:04:23.778" endtime="20210510 12:04:23.912"/>
</kw>
<status status="PASS" starttime="20210510 12:04:23.250" endtime="20210510 12:04:23.913"/>
</test>
<doc>Cadastro de alunos</doc>
<status status="PASS" starttime="20210510 12:04:08.072" endtime="20210510 12:04:23.920"/>
</suite>
<suite id="s1-s2-s2" name="Remove" source="/home/edson/workspace/courses/qa_ninja/robot_framework/bodytest/tests/students/remove.robot">
<test id="s1-s2-s2-t1" name="Cenario: Remover aluno cadastrado">
<kw name="Start Admin Session" library="base" type="SETUP">
<kw name="Start Browser Session" library="base">
<kw name="New Browser" library="Browser">
<arg>chromium</arg>
<arg>true</arg>
<tag>BrowserControl</tag>
<tag>Setter</tag>
<doc>Create a new playwright Browser with specified options.
See `Browser, Context and Page` for more information about Browser and related concepts.</doc>
<msg timestamp="20210510 12:04:24.000" level="INFO">{"browser": "chromium", "headless": true, "handleSIGINT": true, "handleSIGTERM": true, "handleSIGHUP": true, "timeout": 30000.0, "devtools": false, "slowMo": 0.0}</msg>
<msg timestamp="20210510 12:04:24.210" level="INFO">Successfully created browser with options: {"browser":"chromium","headless":true,"handleSIGINT":true,"handleSIGTERM":true,"handleSIGHUP":true,"timeout":30000,"devtools":false,"slowMo":0}</msg>
<status status="PASS" starttime="20210510 12:04:23.999" endtime="20210510 12:04:24.211"/>
</kw>
<kw name="New Page" library="Browser">
<arg>about:blank</arg>
<tag>BrowserControl</tag>
<tag>Setter</tag>
<doc>Open a new Page. A Page is the Playwright equivalent to a tab.
See `Browser, Context and Page` for more information about Page concept.
Returns a stable identifier for the created page.</doc>
<msg timestamp="20210510 12:04:24.308" level="INFO">Successfully initialized new page object and opened url: about:blank</msg>
<status status="PASS" starttime="20210510 12:04:24.212" endtime="20210510 12:04:24.309"/>
</kw>
<status status="PASS" starttime="20210510 12:04:23.999" endtime="20210510 12:04:24.309"/>
</kw>
<kw name="Go To Login Pages" library="auth">
<kw name="Go To" library="Browser">
<arg>https://theotokus-bodytest-web.herokuapp.com/</arg>
<tag>BrowserControl</tag>
<tag>Setter</tag>
<doc>Navigates to the given ``url``.</doc>
<msg timestamp="20210510 12:04:26.163" level="INFO">Succesfully opened URL https://theotokus-bodytest-web.herokuapp.com/</msg>
<status status="PASS" starttime="20210510 12:04:24.310" endtime="20210510 12:04:26.163"/>
</kw>
<status status="PASS" starttime="20210510 12:04:24.309" endtime="20210510 12:04:26.163"/>
</kw>
<kw name="Login With" library="auth">
<arg>admin@bodytest.com</arg>
<arg>pwd123</arg>
<kw name="Fill Text" library="Browser">
<arg>css=input[name=email]</arg>
<arg>${email}</arg>
<tag>PageContent</tag>
<tag>Setter</tag>
<doc>Clears and fills the given ``text`` into the text field found by ``selector``.</doc>
<msg timestamp="20210510 12:04:26.165" level="INFO">Fills the text 'admin@bodytest.com' in the given field.</msg>
<status status="PASS" starttime="20210510 12:04:26.165" endtime="20210510 12:04:26.235"/>
</kw>
<kw name="Fill Text" library="Browser">
<arg>css=input[name=password]</arg>
<arg>${pass}</arg>
<tag>PageContent</tag>
<tag>Setter</tag>
<doc>Clears and fills the given ``text`` into the text field found by ``selector``.</doc>
<msg timestamp="20210510 12:04:26.236" level="INFO">Fills the text 'pwd123' in the given field.</msg>
<status status="PASS" starttime="20210510 12:04:26.235" endtime="20210510 12:04:26.275"/>
</kw>
<kw name="Click" library="Browser">
<arg>text=Entrar</arg>
<tag>PageContent</tag>
<tag>Setter</tag>
<doc>Simulates mouse click on the element found by ``selector``.</doc>
<status status="PASS" starttime="20210510 12:04:26.276" endtime="20210510 12:04:26.347"/>
</kw>
[...]
<arg>${item['name']}</arg>
<kw name="Wait For Elements State" library="Browser">
<arg>css=table tbody tr &gt;&gt; text=${name}</arg>
<arg>visible</arg>
<arg>5</arg>
<tag>PageContent</tag>
<tag>Wait</tag>
<doc>Waits for the element found by ``selector`` to satisfy state option.</doc>
<msg timestamp="20210510 12:04:57.809" level="INFO">Wait for Element with selector: css=table tbody tr &gt;&gt; text=David Beckham</msg>
<status status="PASS" starttime="20210510 12:04:57.792" endtime="20210510 12:04:57.810"/>
</kw>
<status status="PASS" starttime="20210510 12:04:57.791" endtime="20210510 12:04:57.810"/>
</kw>
<status status="PASS" starttime="20210510 12:04:57.790" endtime="20210510 12:04:57.810"/>
</iter>
<status status="PASS" starttime="20210510 12:04:56.860" endtime="20210510 12:04:57.810"/>
</for>
<kw name="Total Items Should Be" library="components">
<arg>${total}</arg>
<kw name="Set Variable" library="BuiltIn">
<var>${element}</var>
<arg>css=#pagination .total</arg>
<doc>Returns the given values which can then be assigned to a variables.</doc>
<msg timestamp="20210510 12:04:57.813" level="INFO">${element} = css=#pagination .total</msg>
<status status="PASS" starttime="20210510 12:04:57.812" endtime="20210510 12:04:57.813"/>
</kw>
<kw name="Wait For Elements State" library="Browser">
<arg>${element}</arg>
<arg>visible</arg>
<arg>5</arg>
<tag>PageContent</tag>
<tag>Wait</tag>
<doc>Waits for the element found by ``selector`` to satisfy state option.</doc>
<msg timestamp="20210510 12:04:57.836" level="INFO">Wait for Element with selector: css=#pagination .total</msg>
<status status="PASS" starttime="20210510 12:04:57.813" endtime="20210510 12:04:57.836"/>
</kw>
<kw name="Get Text" library="Browser">
<arg>${element}</arg>
<arg>==</arg>
<arg>Total: ${number}</arg>
<tag>Assertion</tag>
<tag>Getter</tag>
<tag>PageContent</tag>
<doc>Returns text attribute of the element found by ``selector``.
See the `Finding elements` section for details about the selectors.</doc>
<status status="PASS" starttime="20210510 12:04:57.837" endtime="20210510 12:04:57.877"/>
</kw>
<status status="PASS" starttime="20210510 12:04:57.811" endtime="20210510 12:04:57.878"/>
</kw>
<kw name="Take Screenshot" library="Browser" type="TEARDOWN">
<tag>PageContent</tag>
<doc>Takes a screenshot of the current window and saves it to ``path``. Saves it as a png.</doc>
<msg timestamp="20210510 12:04:58.014" level="INFO" html="true">&lt;/td&gt;&lt;/tr&gt;&lt;tr&gt;&lt;td colspan="3"&gt;&lt;a href="browser/screenshot/robotframework-browser-screenshot-18.png"&gt;&lt;img src="browser/screenshot/robotframework-browser-screenshot-18.png" width="800px"&gt;&lt;/a&gt;</msg>
<status status="PASS" starttime="20210510 12:04:57.879" endtime="20210510 12:04:58.014"/>
</kw>
<tag>temp</tag>
<status status="PASS" starttime="20210510 12:04:49.774" endtime="20210510 12:04:58.014"/>
</test>
<doc>Buscar alunos</doc>
<status status="PASS" starttime="20210510 12:04:39.870" endtime="20210510 12:04:58.023"/>
</suite>
<suite id="s1-s2-s4" name="Update" source="/home/edson/workspace/courses/qa_ninja/robot_framework/bodytest/tests/students/update.robot">
<kw name="Start Admin Session" library="base" type="SETUP">
<kw name="Start Browser Session" library="base">
<kw name="New Browser" library="Browser">
<arg>chromium</arg>
<arg>true</arg>
<tag>BrowserControl</tag>
<tag>Setter</tag>
<doc>Create a new playwright Browser with specified options.
See `Browser, Context and Page` for more information about Browser and related concepts.</doc>
<msg timestamp="20210510 12:04:58.084" level="INFO">{"browser": "chromium", "headless": true, "handleSIGINT": true, "handleSIGTERM": true, "handleSIGHUP": true, "timeout": 30000.0, "devtools": false, "slowMo": 0.0}</msg>
<msg timestamp="20210510 12:04:58.264" level="INFO">Successfully created browser with options: {"browser":"chromium","headless":true,"handleSIGINT":true,"handleSIGTERM":true,"handleSIGHUP":true,"timeout":30000,"devtools":false,"slowMo":0}</msg>
<status status="PASS" starttime="20210510 12:04:58.083" endtime="20210510 12:04:58.264"/>
</kw>
<kw name="New Page" library="Browser">
<arg>about:blank</arg>
<tag>BrowserControl</tag>
<tag>Setter</tag>
<doc>Open a new Page. A Page is the Playwright equivalent to a tab.
See `Browser, Context and Page` for more information about Page concept.
Returns a stable identifier for the created page.</doc>
<msg timestamp="20210510 12:04:58.365" level="INFO">Successfully initialized new page object and opened url: about:blank</msg>
<status status="PASS" starttime="20210510 12:04:58.264" endtime="20210510 12:04:58.366"/>
</kw>
<status status="PASS" starttime="20210510 12:04:58.083" endtime="20210510 12:04:58.366"/>
</kw>
<kw name="Go To Login Pages" library="auth">
<kw name="Go To" library="Browser">
<arg>https://theotokus-bodytest-web.herokuapp.com/</arg>
<tag>BrowserControl</tag>
<tag>Setter</tag>
<doc>Navigates to the given ``url``.</doc>
<msg timestamp="20210510 12:05:00.390" level="INFO">Succesfully opened URL https://theotokus-bodytest-web.herokuapp.com/</msg>
<status status="PASS" starttime="20210510 12:04:58.367" endtime="20210510 12:05:00.391"/>
</kw>
<status status="PASS" starttime="20210510 12:04:58.367" endtime="20210510 12:05:00.391"/>
</kw>
<kw name="Login With" library="auth">
<arg>admin@bodytest.com</arg>
<arg>pwd123</arg>
<kw name="Fill Text" library="Browser">
<arg>css=input[name=email]</arg>
<arg>${email}</arg>
<tag>PageContent</tag>
<tag>Setter</tag>
<doc>Clears and fills the given ``text`` into the text field found by ``selector``.</doc>
<msg timestamp="20210510 12:05:00.393" level="INFO">Fills the text 'admin@bodytest.com' in the given field.</msg>
<status status="PASS" starttime="20210510 12:05:00.392" endtime="20210510 12:05:00.452"/>
</kw>
<kw name="Fill Text" library="Browser">
<arg>css=input[name=password]</arg>
<arg>${pass}</arg>
<tag>PageContent</tag>
<tag>Setter</tag>
<doc>Clears and fills the given ``text`` into the text field found by ``selector``.</doc>
<msg timestamp="20210510 12:05:00.453" level="INFO">Fills the text 'pwd123' in the given field.</msg>
<status status="PASS" starttime="20210510 12:05:00.452" endtime="20210510 12:05:00.482"/>
</kw>
<kw name="Click" library="Browser">
<arg>text=Entrar</arg>
<tag>PageContent</tag>
<tag>Setter</tag>
<doc>Simulates mouse click on the element found by ``selector``.</doc>
<status status="PASS" starttime="20210510 12:05:00.482" endtime="20210510 12:05:00.563"/>
</kw>
<status status="PASS" starttime="20210510 12:05:00.391" endtime="20210510 12:05:00.563"/>
</kw>
<kw name="User Should Be Logged In" library="nav">
<arg>Administrador</arg>
<kw name="Get Text" library="Browser">
<arg>css=aside strong</arg>
<arg>should be</arg>
<arg>${user_name}</arg>
<tag>Assertion</tag>
<tag>Getter</tag>
<tag>PageContent</tag>
<doc>Returns text attribute of the element found by ``selector``.
See the `Finding elements` section for details about the selectors.</doc>
<status status="PASS" starttime="20210510 12:05:00.564" endtime="20210510 12:05:01.583"/>
</kw>
<status status="PASS" starttime="20210510 12:05:00.563" endtime="20210510 12:05:01.584"/>
</kw>
<status status="PASS" starttime="20210510 12:04:58.083" endtime="20210510 12:05:01.584"/>
</kw>
<test id="s1-s2-s4-t1" name="Cenario: Atualizar um aluno já cadastrado">
<kw name="Get JSON" library="base">
<var>${fixture}</var>
<arg>students-update.json</arg>
<kw name="Get File" library="OperatingSystem">
<var>${file}</var>
<arg>${EXECDIR}/resources/fixtures/${file_name}</arg>
<doc>Returns the contents of a specified file.</doc>
<msg timestamp="20210510 12:05:01.600" level="INFO" html="true">Getting file '&lt;a href="file:///home/edson/workspace/courses/qa_ninja/robot_framework/bodytest/resources/fixtures/students-update.json"&gt;/home/edson/workspace/courses/qa_ninja/robot_framework/bodytest/resources/fixtures/students-update.json&lt;/a&gt;'.</msg>
<msg timestamp="20210510 12:05:01.600" level="INFO">${file} = {
    "before": {
        "name": "Kamala Khan",
        "email": "kamalakhan@gmail.com",
        "age": 15,
        "weight": 60,
        "feet_tall": 1.70
    },
    "after": {
        "name": "Ms M...</msg>
<status status="PASS" starttime="20210510 12:05:01.599" endtime="20210510 12:05:01.600"/>
</kw>
<kw name="Evaluate" library="BuiltIn">
<var>${json_object}</var>
<arg>json.loads($file)</arg>
<arg>json</arg>
<doc>Evaluates the given expression in Python and returns the result.</doc>
<msg timestamp="20210510 12:05:01.601" level="INFO">${json_object} = {'before': {'name': 'Kamala Khan', 'email': 'kamalakhan@gmail.com', 'age': 15, 'weight': 60, 'feet_tall': 1.7}, 'after': {'name': 'Ms Marvel', 'email': 'ms@marvel.com', 'age': 16, 'weight': 65, 'feet_...</msg>
<status status="PASS" starttime="20210510 12:05:01.601" endtime="20210510 12:05:01.602"/>
</kw>
<msg timestamp="20210510 12:05:01.603" level="INFO">${fixture} = {'before': {'name': 'Kamala Khan', 'email': 'kamalakhan@gmail.com', 'age': 15, 'weight': 60, 'feet_tall': 1.7}, 'after': {'name': 'Ms Marvel', 'email': 'ms@marvel.com', 'age': 16, 'weight': 65, 'feet_...</msg>
<status status="PASS" starttime="20210510 12:05:01.598" endtime="20210510 12:05:01.603"/>
</kw>
<kw name="Set Variable" library="BuiltIn">
<var>${kamalakhan}</var>
<arg>${fixture['before']}</arg>
<doc>Returns the given values which can then be assigned to a variables.</doc>
<msg timestamp="20210510 12:05:01.605" level="INFO">${kamalakhan} = {'name': 'Kamala Khan', 'email': 'kamalakhan@gmail.com', 'age': 15, 'weight': 60, 'feet_tall': 1.7}</msg>
<status status="PASS" starttime="20210510 12:05:01.603" endtime="20210510 12:05:01.605"/>
</kw>
<kw name="Set Variable" library="BuiltIn">
<var>${msmarvel}</var>
<arg>${fixture['after']}</arg>
<doc>Returns the given values which can then be assigned to a variables.</doc>
<msg timestamp="20210510 12:05:01.607" level="INFO">${msmarvel} = {'name': 'Ms Marvel', 'email': 'ms@marvel.com', 'age': 16, 'weight': 65, 'feet_tall': 1.72}</msg>
<status status="PASS" starttime="20210510 12:05:01.606" endtime="20210510 12:05:01.608"/>
</kw>
<kw name="Remove Student By Name" library="DeloreanLibrary">
<arg>${kamalakhan['name']}</arg>
<msg timestamp="20210510 12:05:01.609" level="INFO">delete from students where name LIKE '%Kamala Khan%'</msg>
<status status="PASS" starttime="20210510 12:05:01.608" endtime="20210510 12:05:02.724"/>
</kw>
<kw name="Remove Student By Name" library="DeloreanLibrary">
<arg>${msmarvel['name']}</arg>
<msg timestamp="20210510 12:05:02.727" level="INFO">delete from students where name LIKE '%Ms Marvel%'</msg>
<status status="PASS" starttime="20210510 12:05:02.725" endtime="20210510 12:05:03.846"/>
</kw>
<kw name="Insert Student" library="DeloreanLibrary">
<arg>${kamalakhan}</arg>
<msg timestamp="20210510 12:05:03.848" level="INFO">delete from students where email = 'kamalakhan@gmail.com'</msg>
<msg timestamp="20210510 12:05:04.979" level="INFO">insert into students(name, email, age, weight, feet_tall, created_at, updated_at)values('Kamala Khan','kamalakhan@gmail.com',15,60,1.7,NOW(),NOW());</msg>
<status status="PASS" starttime="20210510 12:05:03.847" endtime="20210510 12:05:06.109"/>
</kw>
<kw name="Go to Students" library="nav">
<kw name="Click" library="Browser">
<arg>css=a[href$=alunos]</arg>
<tag>PageContent</tag>
<tag>Setter</tag>
<doc>Simulates mouse click on the element found by ``selector``.</doc>
<status status="PASS" starttime="20210510 12:05:06.111" endtime="20210510 12:05:06.217"/>
</kw>
<kw name="Wait For Elements State" library="Browser">
<arg>css=h1 &gt;&gt; text=Gestão de Alunos</arg>
<arg>visible</arg>
<arg>5</arg>
<tag>PageContent</tag>
<tag>Wait</tag>
<doc>Waits for the element found by ``selector`` to satisfy state option.</doc>
<msg timestamp="20210510 12:05:06.236" level="INFO">Wait for Element with selector: css=h1 &gt;&gt; text=Gestão de Alunos</msg>
<status status="PASS" starttime="20210510 12:05:06.217" endtime="20210510 12:05:06.237"/>
</kw>
<status status="PASS" starttime="20210510 12:05:06.110" endtime="20210510 12:05:06.238"/>
</kw>
<kw name="Search Student By Name" library="students">
<arg>${kamalakhan['name']}</arg>
<kw name="Fill Text" library="Browser">
<arg>css=input[placeholder="Buscar aluno"]</arg>
<arg>${name}</arg>
<tag>PageContent</tag>
<tag>Setter</tag>
<doc>Clears and fills the given ``text`` into the text field found by ``selector``.</doc>
<msg timestamp="20210510 12:05:06.242" level="INFO">Fills the text 'Kamala Khan' in the given field.</msg>
<status status="PASS" starttime="20210510 12:05:06.241" endtime="20210510 12:05:06.282"/>
</kw>
<status status="PASS" starttime="20210510 12:05:06.238" endtime="20210510 12:05:06.283"/>
</kw>
<kw name="Go To Student Update Form" library="students">
<arg>${kamalakhan['email']}</arg>
<kw name="Click" library="Browser">
<arg>xpath=//td[contains(text(),'${email}')]/..//a[@class='edit']</arg>
<tag>PageContent</tag>
<tag>Setter</tag>
<doc>Simulates mouse click on the element found by ``selector``.</doc>
<status status="PASS" starttime="20210510 12:05:06.285" endtime="20210510 12:05:07.219"/>
</kw>
<kw name="Wait For Elements State" library="Browser">
<arg>css=h1 &gt;&gt; text=Edição de aluno</arg>
<arg>visible</arg>
<arg>5</arg>
<tag>PageContent</tag>
<tag>Wait</tag>
<doc>Waits for the element found by ``selector`` to satisfy state option.</doc>
<msg timestamp="20210510 12:05:07.234" level="INFO">Wait for Element with selector: css=h1 &gt;&gt; text=Edição de aluno</msg>
<status status="PASS" starttime="20210510 12:05:07.219" endtime="20210510 12:05:07.234"/>
</kw>
<status status="PASS" starttime="20210510 12:05:06.283" endtime="20210510 12:05:07.235"/>
</kw>
<kw name="Update a Student" library="students">
<arg>${msmarvel}</arg>
<kw name="Fill Text" library="Browser">
<arg>${NAME_FIELD}</arg>
<arg>${student['name']}</arg>
<tag>PageContent</tag>
<tag>Setter</tag>
<doc>Clears and fills the given ``text`` into the text field found by ``selector``.</doc>
<msg timestamp="20210510 12:05:07.238" level="INFO">Fills the text 'Ms Marvel' in the given field.</msg>
<status status="PASS" starttime="20210510 12:05:07.237" endtime="20210510 12:05:07.279"/>
</kw>
<kw name="Fill Text" library="Browser">
<arg>${EMAIL_FIELD}</arg>
<arg>${student['email']}</arg>
<tag>PageContent</tag>
<tag>Setter</tag>
<doc>Clears and fills the given ``text`` into the text field found by ``selector``.</doc>
<msg timestamp="20210510 12:05:07.282" level="INFO">Fills the text 'ms@marvel.com' in the given field.</msg>
<status status="PASS" starttime="20210510 12:05:07.280" endtime="20210510 12:05:07.315"/>
</kw>
<kw name="Fill Text" library="Browser">
<arg>${AGE_FIELD}</arg>
<arg>${student['age']}</arg>
<tag>PageContent</tag>
<tag>Setter</tag>
<doc>Clears and fills the given ``text`` into the text field found by ``selector``.</doc>
<msg timestamp="20210510 12:05:07.316" level="INFO">Fills the text '16' in the given field.</msg>
<status status="PASS" starttime="20210510 12:05:07.315" endtime="20210510 12:05:07.352"/>
</kw>
<kw name="Fill Text" library="Browser">
<arg>${WEIGTH_FIELD}</arg>
<arg>${student['weight']}</arg>
<tag>PageContent</tag>
<tag>Setter</tag>
<doc>Clears and fills the given ``text`` into the text field found by ``selector``.</doc>
<msg timestamp="20210510 12:05:07.354" level="INFO">Fills the text '65' in the given field.</msg>
<status status="PASS" starttime="20210510 12:05:07.353" endtime="20210510 12:05:07.391"/>
</kw>
<kw name="Fill Text" library="Browser">
<arg>${FEET_TALL_FIELD}</arg>
<arg>${student['feet_tall']}</arg>
<tag>PageContent</tag>
<tag>Setter</tag>
<doc>Clears and fills the given ``text`` into the text field found by ``selector``.</doc>
<msg timestamp="20210510 12:05:07.393" level="INFO">Fills the text '1.72' in the given field.</msg>
<status status="PASS" starttime="20210510 12:05:07.392" endtime="20210510 12:05:07.428"/>
</kw>
<kw name="Submit Student Form" library="students">
<kw name="Click" library="Browser">
<arg>css=button[form$=Student]</arg>
<tag>PageContent</tag>
<tag>Setter</tag>
<doc>Simulates mouse click on the element found by ``selector``.</doc>
<status status="PASS" starttime="20210510 12:05:07.429" endtime="20210510 12:05:07.485"/>
</kw>
<status status="PASS" starttime="20210510 12:05:07.428" endtime="20210510 12:05:07.485"/>
</kw>
<status status="PASS" starttime="20210510 12:05:07.235" endtime="20210510 12:05:07.485"/>
</kw>
<kw name="Toaster Text Should Be" library="components">
<arg>Aluno atualizado com sucesso.</arg>
<kw name="Wait For Elements State" library="Browser">
<arg>css=.Toastify__toast-body &gt;&gt; text=${expect_text}</arg>
<arg>visible</arg>
<arg>5</arg>
<tag>PageContent</tag>
<tag>Wait</tag>
<doc>Waits for the element found by ``selector`` to satisfy state option.</doc>
<msg timestamp="20210510 12:05:07.890" level="INFO">Wait for Element with selector: css=.Toastify__toast-body &gt;&gt; text=Aluno atualizado com sucesso.</msg>
<status status="PASS" starttime="20210510 12:05:07.488" endtime="20210510 12:05:07.890"/>
</kw>
<status status="PASS" starttime="20210510 12:05:07.486" endtime="20210510 12:05:07.891"/>
</kw>
<kw name="Submit Student Form" library="students">
<kw name="Click" library="Browser">
<arg>css=button[form$=Student]</arg>
<tag>PageContent</tag>
<tag>Setter</tag>
<doc>Simulates mouse click on the element found by ``selector``.</doc>
<status status="PASS" starttime="20210510 12:05:07.892" endtime="20210510 12:05:07.965"/>
</kw>
<status status="PASS" starttime="20210510 12:05:07.891" endtime="20210510 12:05:07.965"/>
</kw>
<kw name="Thinking And Take Screenshot" library="base" type="TEARDOWN">
<arg>2</arg>
<kw name="Sleep" library="BuiltIn">
<arg>${timeout}</arg>
<doc>Pauses the test executed for the given time.</doc>
<msg timestamp="20210510 12:05:09.967" level="INFO">Slept 2 seconds</msg>
<status status="PASS" starttime="20210510 12:05:07.967" endtime="20210510 12:05:09.968"/>
</kw>
<kw name="Take Screenshot" library="Browser">
<tag>PageContent</tag>
<doc>Takes a screenshot of the current window and saves it to ``path``. Saves it as a png.</doc>
<msg timestamp="20210510 12:05:10.101" level="INFO" html="true">&lt;/td&gt;&lt;/tr&gt;&lt;tr&gt;&lt;td colspan="3"&gt;&lt;a href="browser/screenshot/robotframework-browser-screenshot-19.png"&gt;&lt;img src="browser/screenshot/robotframework-browser-screenshot-19.png" width="800px"&gt;&lt;/a&gt;</msg>
<status status="PASS" starttime="20210510 12:05:09.969" endtime="20210510 12:05:10.101"/>
</kw>
<status status="PASS" starttime="20210510 12:05:07.966" endtime="20210510 12:05:10.101"/>
</kw>
<status status="PASS" starttime="20210510 12:05:01.584" endtime="20210510 12:05:10.101"/>
</test>
<doc>Atualizar alunos</doc>
<status status="PASS" starttime="20210510 12:04:58.067" endtime="20210510 12:05:10.112"/>
</suite>
<status status="PASS" starttime="20210510 12:04:08.067" endtime="20210510 12:05:10.159"/>
</suite>
<status status="PASS" starttime="20210510 12:03:53.369" endtime="20210510 12:05:10.171"/>
</suite>
<statistics>
<total>
<stat pass="19" fail="0" skip="0">All Tests</stat>
</total>
<tag>
<stat pass="1" fail="0" skip="0">duplicado</stat>
<stat pass="1" fail="0" skip="0">fail</stat>
<stat pass="3" fail="0" skip="0">temp</stat>
</tag>
<suite>
<stat pass="19" fail="0" skip="0" id="s1" name="Tests">Tests</stat>
<stat pass="7" fail="0" skip="0" id="s1-s1" name="Login">Tests.Login</stat>
<stat pass="7" fail="0" skip="0" id="s1-s1-s1" name="Login">Tests.Login.Login</stat>
<stat pass="12" fail="0" skip="0" id="s1-s2" name="Students">Tests.Students</stat>
<stat pass="6" fail="0" skip="0" id="s1-s2-s1" name="Create">Tests.Students.Create</stat>
<stat pass="2" fail="0" skip="0" id="s1-s2-s2" name="Remove">Tests.Students.Remove</stat>
<stat pass="3" fail="0" skip="0" id="s1-s2-s3" name="Search">Tests.Students.Search</stat>
<stat pass="1" fail="0" skip="0" id="s1-s2-s4" name="Update">Tests.Students.Update</stat>
</suite>
</statistics>
<errors>
</errors>
</robot>
