<?xml version="1.0" encoding="UTF-8"?>
<robot generator="Robot 4.0 (Python 3.8.5 on linux)" generated="20210507 13:59:50.207" rpa="false" schemaversion="2">
<suite id="s1" name="Search" source="/home/edson/workspace/courses/qa_ninja/robot_framework/bodytest/tests/students/search.robot">
<test id="s1-t1" name="Cenario: Busca alunos por um único termo">
<kw name="Get File" library="OperatingSystem">
<var>${file}</var>
<arg>${EXECDIR}/resources/fixtures/students-search.json</arg>
<doc>Returns the contents of a specified file.</doc>
<msg timestamp="20210507 13:59:51.000" level="INFO" html="true">Getting file '&lt;a href="file:///home/edson/workspace/courses/qa_ninja/robot_framework/bodytest/resources/fixtures/students-search.json"&gt;/home/edson/workspace/courses/qa_ninja/robot_framework/bodytest/resources/fixtures/students-search.json&lt;/a&gt;'.</msg>
<msg timestamp="20210507 13:59:51.000" level="INFO">${file} = {
    "students":[
        {
            "name":"David Guetta",
            "email":"dguetta@gmail.com",
            "age":35,
            "feet_tall":1.75
        },

        {
            "name":"Da...</msg>
<status status="PASS" starttime="20210507 13:59:50.999" endtime="20210507 13:59:51.001"/>
</kw>
<kw name="Evaluate" library="BuiltIn">
<var>${json_object}</var>
<arg>json.loads($file)</arg>
<arg>json</arg>
<doc>Evaluates the given expression in Python and returns the result.</doc>
<msg timestamp="20210507 13:59:51.012" level="INFO">${json_object} = {'students': [{'name': 'David Guetta', 'email': 'dguetta@gmail.com', 'age': 35, 'feet_tall': 1.75}, {'name': 'David Bowie', 'email': 'dbowie@gmail.com', 'age': 35, 'feet_tall': 1.75}, {'name': 'David ...</msg>
<status status="PASS" starttime="20210507 13:59:51.002" endtime="20210507 13:59:51.012"/>
</kw>
<kw name="Log To Console" library="BuiltIn">
<arg>${json_object}</arg>
<doc>Logs the given message to the console.</doc>
<status status="PASS" starttime="20210507 13:59:51.012" endtime="20210507 13:59:51.013"/>
</kw>
<tag>temp</tag>
<status status="PASS" starttime="20210507 13:59:50.993" endtime="20210507 13:59:51.014"/>
</test>
<doc>Buscar alunos</doc>
<status status="PASS" starttime="20210507 13:59:50.209" endtime="20210507 13:59:51.020"/>
</suite>
<statistics>
<total>
<stat pass="1" fail="0" skip="0">All Tests</stat>
</total>
<tag>
<stat pass="1" fail="0" skip="0">temp</stat>
</tag>
<suite>
<stat pass="1" fail="0" skip="0" id="s1" name="Search">Search</stat>
</suite>
</statistics>
<errors>
</errors>
</robot>
