<?xml version="1.0" encoding="UTF-8"?>
<robot generator="Robot 4.0 (Python 3.8.5 on linux)" generated="20210423 10:58:47.461" rpa="false" schemaversion="2">
<suite id="s1" name="Login" source="/home/edson/workspace/courses/qa_ninja/robot_framework/bodytest/tests/login.robot">
<test id="s1-t1" name="Email e Senha não informados">
<kw name="New Browser" library="Browser">
<arg>chromium</arg>
<arg>False</arg>
<tag>BrowserControl</tag>
<tag>Setter</tag>
<doc>Create a new playwright Browser with specified options.
See `Browser, Context and Page` for more information about Browser and related concepts.</doc>
<msg timestamp="20210423 10:58:48.349" level="INFO">{"browser": "chromium", "headless": false, "handleSIGINT": true, "handleSIGTERM": true, "handleSIGHUP": true, "timeout": 30000.0, "devtools": false, "slowMo": 0.0}</msg>
<msg timestamp="20210423 10:58:48.831" level="INFO">Successfully created browser with options: {"browser":"chromium","headless":false,"handleSIGINT":true,"handleSIGTERM":true,"handleSIGHUP":true,"timeout":30000,"devtools":false,"slowMo":0}</msg>
<status status="PASS" starttime="20210423 10:58:48.348" endtime="20210423 10:58:48.831"/>
</kw>
<kw name="New Page" library="Browser">
<arg>https://theotokus-bodytest-web.herokuapp.com/</arg>
<tag>BrowserControl</tag>
<tag>Setter</tag>
<doc>Open a new Page. A Page is the Playwright equivalent to a tab.
See `Browser, Context and Page` for more information about Page concept.
Returns a stable identifier for the created page.</doc>
<msg timestamp="20210423 10:58:51.188" level="INFO">Successfully initialized new page object and opened url: https://theotokus-bodytest-web.herokuapp.com/</msg>
<status status="PASS" starttime="20210423 10:58:48.843" endtime="20210423 10:58:51.189"/>
</kw>
<kw name="Fill Text" library="Browser">
<arg>css=input[name=email]</arg>
<arg>${EMPTY}</arg>
<tag>PageContent</tag>
<tag>Setter</tag>
<doc>Clears and fills the given ``text`` into the text field found by ``selector``.</doc>
<msg timestamp="20210423 10:58:51.192" level="INFO">Fills the text '' in the given field.</msg>
<status status="PASS" starttime="20210423 10:58:51.189" endtime="20210423 10:58:51.288"/>
</kw>
<kw name="Fill Text" library="Browser">
<arg>css=input[name=password]</arg>
<arg>${EMPTY}</arg>
<tag>PageContent</tag>
<tag>Setter</tag>
<doc>Clears and fills the given ``text`` into the text field found by ``selector``.</doc>
<msg timestamp="20210423 10:58:51.290" level="INFO">Fills the text '' in the given field.</msg>
<status status="PASS" starttime="20210423 10:58:51.289" endtime="20210423 10:58:51.335"/>
</kw>
<kw name="Click" library="Browser">
<arg>text=Entrar</arg>
<tag>PageContent</tag>
<tag>Setter</tag>
<doc>Simulates mouse click on the element found by ``selector``.</doc>
<status status="PASS" starttime="20210423 10:58:51.336" endtime="20210423 10:58:51.423"/>
</kw>
<kw name="Wait For Elements State" library="Browser">
<arg>css=form span &gt;&gt; text=O e-mail é obrigatório</arg>
<arg>visible</arg>
<arg>5</arg>
<tag>PageContent</tag>
<tag>Wait</tag>
<doc>Waits for the element found by ``selector`` to satisfy state option.</doc>
<msg timestamp="20210423 10:58:51.454" level="INFO">Wait for Element with selector: css=form span &gt;&gt; text=O e-mail é obrigatório</msg>
<status status="PASS" starttime="20210423 10:58:51.424" endtime="20210423 10:58:51.455"/>
</kw>
<kw name="Wait For Elements State" library="Browser">
<arg>css=form span &gt;&gt; text=A senha é obrigatória</arg>
<arg>visible</arg>
<arg>5</arg>
<tag>PageContent</tag>
<tag>Wait</tag>
<doc>Waits for the element found by ``selector`` to satisfy state option.</doc>
<msg timestamp="20210423 10:58:51.487" level="INFO">Wait for Element with selector: css=form span &gt;&gt; text=A senha é obrigatória</msg>
<status status="PASS" starttime="20210423 10:58:51.455" endtime="20210423 10:58:51.487"/>
</kw>
<tag>temp</tag>
<status status="PASS" starttime="20210423 10:58:48.342" endtime="20210423 10:58:51.488"/>
</test>
<doc>Suite de testes de Login do Administrador</doc>
<status status="PASS" starttime="20210423 10:58:47.464" endtime="20210423 10:58:51.630"/>
</suite>
<statistics>
<total>
<stat pass="1" fail="0" skip="0">All Tests</stat>
</total>
<tag>
<stat pass="1" fail="0" skip="0">temp</stat>
</tag>
<suite>
<stat pass="1" fail="0" skip="0" id="s1" name="Login">Login</stat>
</suite>
</statistics>
<errors>
</errors>
</robot>
