<?xml version="1.0" encoding="UTF-8"?>
<robot generator="Robot 4.0 (Python 3.8.5 on linux)" generated="20210527 11:55:07.739" rpa="false" schemaversion="2">
<suite id="s1" name="Create" source="/home/edson/workspace/courses/qa_ninja/robot_framework/bodytest/tests/enrollments/create.robot">
<kw name="Start Admin Session" library="base" type="SETUP">
<kw name="Start Browser Session" library="base">
<kw name="New Browser" library="Browser">
<arg>chromium</arg>
<arg>true</arg>
<tag>BrowserControl</tag>
<tag>Setter</tag>
<doc>Create a new playwright Browser with specified options.
See `Browser, Context and Page` for more information about Browser and related concepts.</doc>
<msg timestamp="20210527 11:55:08.576" level="INFO">{"browser": "chromium", "headless": true, "handleSIGINT": true, "handleSIGTERM": true, "handleSIGHUP": true, "timeout": 30000.0, "devtools": false, "slowMo": 0.0}</msg>
<msg timestamp="20210527 11:55:08.758" level="INFO">Successfully created browser with options: {"browser":"chromium","headless":true,"handleSIGINT":true,"handleSIGTERM":true,"handleSIGHUP":true,"timeout":30000,"devtools":false,"slowMo":0}</msg>
<status status="PASS" starttime="20210527 11:55:08.575" endtime="20210527 11:55:08.758"/>
</kw>
<kw name="New Page" library="Browser">
<arg>about:blank</arg>
<tag>BrowserControl</tag>
<tag>Setter</tag>
<doc>Open a new Page. A Page is the Playwright equivalent to a tab.
See `Browser, Context and Page` for more information about Page concept.
Returns a stable identifier for the created page.</doc>
<msg timestamp="20210527 11:55:08.870" level="INFO">Successfully initialized new page object and opened url: about:blank</msg>
<status status="PASS" starttime="20210527 11:55:08.759" endtime="20210527 11:55:08.870"/>
</kw>
<status status="PASS" starttime="20210527 11:55:08.574" endtime="20210527 11:55:08.871"/>
</kw>
<kw name="Go To Login Pages" library="auth">
<kw name="Go To" library="Browser">
<arg>https://theotokus-bodytest-web.herokuapp.com/</arg>
<tag>BrowserControl</tag>
<tag>Setter</tag>
<doc>Navigates to the given ``url``.</doc>
<msg timestamp="20210527 11:55:10.969" level="INFO">Succesfully opened URL https://theotokus-bodytest-web.herokuapp.com/</msg>
<status status="PASS" starttime="20210527 11:55:08.872" endtime="20210527 11:55:10.969"/>
</kw>
<status status="PASS" starttime="20210527 11:55:08.871" endtime="20210527 11:55:10.969"/>
</kw>
<kw name="Login With" library="auth">
<arg>admin@bodytest.com</arg>
<arg>pwd123</arg>
<kw name="Fill Text" library="Browser">
<arg>css=input[name=email]</arg>
<arg>${email}</arg>
<tag>PageContent</tag>
<tag>Setter</tag>
<doc>Clears and fills the given ``text`` into the text field found by ``selector``.</doc>
<msg timestamp="20210527 11:55:10.971" level="INFO">Fills the text 'admin@bodytest.com' in the given field.</msg>
<status status="PASS" starttime="20210527 11:55:10.970" endtime="20210527 11:55:11.050"/>
</kw>
<kw name="Fill Text" library="Browser">
<arg>css=input[name=password]</arg>
<arg>${pass}</arg>
<tag>PageContent</tag>
<tag>Setter</tag>
<doc>Clears and fills the given ``text`` into the text field found by ``selector``.</doc>
<msg timestamp="20210527 11:55:11.051" level="INFO">Fills the text 'pwd123' in the given field.</msg>
<status status="PASS" starttime="20210527 11:55:11.051" endtime="20210527 11:55:11.086"/>
</kw>
<kw name="Click" library="Browser">
<arg>text=Entrar</arg>
<tag>PageContent</tag>
<tag>Setter</tag>
<doc>Simulates mouse click on the element found by ``selector``.</doc>
<status status="PASS" starttime="20210527 11:55:11.086" endtime="20210527 11:55:11.175"/>
</kw>
<status status="PASS" starttime="20210527 11:55:10.970" endtime="20210527 11:55:11.176"/>
</kw>
<kw name="User Should Be Logged In" library="nav">
<arg>Administrador</arg>
<kw name="Get Text" library="Browser">
<arg>css=aside strong</arg>
<arg>should be</arg>
<arg>${user_name}</arg>
<tag>Assertion</tag>
<tag>Getter</tag>
<tag>PageContent</tag>
<doc>Returns text attribute of the element found by ``selector``.
See the `Finding elements` section for details about the selectors.</doc>
<status status="PASS" starttime="20210527 11:55:11.177" endtime="20210527 11:55:12.453"/>
</kw>
<status status="PASS" starttime="20210527 11:55:11.176" endtime="20210527 11:55:12.454"/>
</kw>
<status status="PASS" starttime="20210527 11:55:08.574" endtime="20210527 11:55:12.454"/>
</kw>
<test id="s1-t1" name="Cenario: Deve exibir data inicial e final conforme o plano escolhido">
<kw name="Go To Enrolls" library="nav">
<kw name="Click" library="Browser">
<arg>css=a[href$=matriculas]</arg>
<tag>PageContent</tag>
<tag>Setter</tag>
<doc>Simulates mouse click on the element found by ``selector``.</doc>
<status status="PASS" starttime="20210527 11:55:12.475" endtime="20210527 11:55:12.578"/>
</kw>
<kw name="Wait For Elements State" library="Browser">
<arg>css=h1 &gt;&gt; text=Gestão de Matrículas</arg>
<arg>visible</arg>
<arg>5</arg>
<tag>PageContent</tag>
<tag>Wait</tag>
<doc>Waits for the element found by ``selector`` to satisfy state option.</doc>
<msg timestamp="20210527 11:55:12.597" level="INFO">Wait for Element with selector: css=h1 &gt;&gt; text=Gestão de Matrículas</msg>
<status status="PASS" starttime="20210527 11:55:12.578" endtime="20210527 11:55:12.597"/>
</kw>
<status status="PASS" starttime="20210527 11:55:12.475" endtime="20210527 11:55:12.598"/>
</kw>
<kw name="Go To Form Enroll" library="enrolls">
<kw name="Click" library="Browser">
<arg>css=a[href$="matriculas/new"]</arg>
<tag>PageContent</tag>
<tag>Setter</tag>
<doc>Simulates mouse click on the element found by ``selector``.</doc>
<status status="PASS" starttime="20210527 11:55:12.599" endtime="20210527 11:55:12.729"/>
</kw>
<kw name="Wait For Elements State" library="Browser">
<arg>css=h1 &gt;&gt; text=Nova matrícula</arg>
<arg>visible</arg>
<arg>5</arg>
<tag>PageContent</tag>
<tag>Wait</tag>
<doc>Waits for the element found by ``selector`` to satisfy state option.</doc>
<msg timestamp="20210527 11:55:12.747" level="INFO">Wait for Element with selector: css=h1 &gt;&gt; text=Nova matrícula</msg>
<status status="PASS" starttime="20210527 11:55:12.729" endtime="20210527 11:55:12.747"/>
</kw>
<status status="PASS" starttime="20210527 11:55:12.598" endtime="20210527 11:55:12.747"/>
</kw>
<kw name="Fill Text" library="Browser">
<arg>css=input[aria-label="student_id"]</arg>
<arg>John Connor</arg>
<tag>PageContent</tag>
<tag>Setter</tag>
<doc>Clears and fills the given ``text`` into the text field found by ``selector``.</doc>
<msg timestamp="20210527 11:55:12.748" level="INFO">Fills the text 'John Connor' in the given field.</msg>
<status status="PASS" starttime="20210527 11:55:12.748" endtime="20210527 11:55:12.828"/>
</kw>
<kw name="Sleep" library="BuiltIn">
<arg>5</arg>
<doc>Pauses the test executed for the given time.</doc>
<msg timestamp="20210527 11:55:17.830" level="INFO">Slept 5 seconds</msg>
<status status="PASS" starttime="20210527 11:55:12.829" endtime="20210527 11:55:17.830"/>
</kw>
<kw name="Get Page Source" library="Browser">
<var>${code}</var>
<tag>Assertion</tag>
<tag>Getter</tag>
<tag>PageContent</tag>
<doc>Gets pages HTML source as a string.</doc>
<msg timestamp="20210527 11:55:17.862" level="INFO">${code} = &lt;!DOCTYPE html&gt;&lt;html lang="en"&gt;&lt;head&gt;&lt;meta charset="utf-8"&gt;&lt;link rel="icon" href="/favicon.ico"&gt;&lt;meta name="viewport" content="width=device-width,initial-scale=1"&gt;&lt;meta name="theme-color" content="#00...</msg>
<status status="PASS" starttime="20210527 11:55:17.831" endtime="20210527 11:55:17.862"/>
</kw>
<kw name="Log" library="BuiltIn">
<arg>${code}</arg>
<doc>Logs the given message with the given level.</doc>
<msg timestamp="20210527 11:55:17.863" level="INFO">&lt;!DOCTYPE html&gt;&lt;html lang="en"&gt;&lt;head&gt;&lt;meta charset="utf-8"&gt;&lt;link rel="icon" href="/favicon.ico"&gt;&lt;meta name="viewport" content="width=device-width,initial-scale=1"&gt;&lt;meta name="theme-color" content="#000000"&gt;&lt;meta name="description" content="Web site created using create-react-app"&gt;&lt;link rel="apple-touch-icon" href="logo192.png"&gt;&lt;link rel="manifest" href="/manifest.json"&gt;&lt;title&gt;Bodytest - Gestão de Academias | By Papito&lt;/title&gt;&lt;link href="/static/css/2.087cce2f.chunk.css" rel="stylesheet"&gt;&lt;style data-styled="" data-styled-version="4.4.1"&gt;&lt;/style&gt;&lt;style data-styled="" data-styled-version="4.4.1"&gt;&lt;/style&gt;&lt;style&gt;.swal2-popup.swal2-toast{flex-direction:row;align-items:center;width:auto;padding:.625em;overflow-y:hidden;background:#fff;box-shadow:0 0 .625em #d9d9d9}.swal2-popup.swal2-toast .swal2-header{flex-direction:row;padding:0}.swal2-popup.swal2-toast .swal2-title{flex-grow:1;justify-content:flex-start;margin:0 .6em;font-size:1em}.swal2-popup.swal2-toast .swal2-footer{margin:.5em 0 0;padding:.5em 0 0;font-size:.8em}.swal2-popup.swal2-toast .swal2-close{position:static;width:.8em;height:.8em;line-height:.8}.swal2-popup.swal2-toast .swal2-content{justify-content:flex-start;padding:0;font-size:1em}.swal2-popup.swal2-toast .swal2-icon{width:2em;min-width:2em;height:2em;margin:0}.swal2-popup.swal2-toast .swal2-icon .swal2-icon-content{display:flex;align-items:center;font-size:1.8em;font-weight:700}@media all and (-ms-high-contrast:none),(-ms-high-contrast:active){.swal2-popup.swal2-toast .swal2-icon .swal2-icon-content{font-size:.25em}}.swal2-popup.swal2-toast .swal2-icon.swal2-success .swal2-success-ring{width:2em;height:2em}.swal2-popup.swal2-toast .swal2-icon.swal2-error [class^=swal2-x-mark-line]{top:.875em;width:1.375em}.swal2-popup.swal2-toast .swal2-icon.swal2-error [class^=swal2-x-mark-line][class$=left]{left:.3125em}.swal2-popup.swal2-toast .swal2-icon.swal2-error [class^=swal2-x-mark-line][class$=right]{right:.3125em}.swal2-popup.swal2-toast .swal2-actions{flex-basis:auto!important;width:auto;height:auto;margin:0 .3125em}.swal2-popup.swal2-toast .swal2-styled{margin:0 .3125em;padding:.3125em .625em;font-size:1em}.swal2-popup.swal2-toast .swal2-styled:focus{box-shadow:0 0 0 1px #fff,0 0 0 3px rgba(50,100,150,.4)}.swal2-popup.swal2-toast .swal2-success{border-color:#a5dc86}.swal2-popup.swal2-toast .swal2-success [class^=swal2-success-circular-line]{position:absolute;width:1.6em;height:3em;transform:rotate(45deg);border-radius:50%}.swal2-popup.swal2-toast .swal2-success [class^=swal2-success-circular-line][class$=left]{top:-.8em;left:-.5em;transform:rotate(-45deg);transform-origin:2em 2em;border-radius:4em 0 0 4em}.swal2-popup.swal2-toast .swal2-success [class^=swal2-success-circular-line][class$=right]{top:-.25em;left:.9375em;transform-origin:0 1.5em;border-radius:0 4em 4em 0}.swal2-popup.swal2-toast .swal2-success .swal2-success-ring{width:2em;height:2em}.swal2-popup.swal2-toast .swal2-success .swal2-success-fix{top:0;left:.4375em;width:.4375em;height:2.6875em}.swal2-popup.swal2-toast .swal2-success [class^=swal2-success-line]{height:.3125em}.swal2-popup.swal2-toast .swal2-success [class^=swal2-success-line][class$=tip]{top:1.125em;left:.1875em;width:.75em}.swal2-popup.swal2-toast .swal2-success [class^=swal2-success-line][class$=long]{top:.9375em;right:.1875em;width:1.375em}.swal2-popup.swal2-toast .swal2-success.swal2-icon-show .swal2-success-line-tip{-webkit-animation:swal2-toast-animate-success-line-tip .75s;animation:swal2-toast-animate-success-line-tip .75s}.swal2-popup.swal2-toast .swal2-success.swal2-icon-show .swal2-success-line-long{-webkit-animation:swal2-toast-animate-success-line-long .75s;animation:swal2-toast-animate-success-line-long .75s}.swal2-popup.swal2-toast.swal2-show{-webkit-animation:swal2-toast-show .5s;animation:swal2-toast-show .5s}.swal2-popup.swal2-toast.swal2-hide{-webkit-animation:swal2-toast-hide .1s forwards;animation:swal2-toast-hide .1s forwards}.swal2-container{display:flex;position:fixed;z-index:1060;top:0;right:0;bottom:0;left:0;flex-direction:row;align-items:center;justify-content:center;padding:.625em;overflow-x:hidden;transition:background-color .1s;-webkit-overflow-scrolling:touch}.swal2-container.swal2-backdrop-show,.swal2-container.swal2-noanimation{background:rgba(0,0,0,.4)}.swal2-container.swal2-backdrop-hide{background:0 0!important}.swal2-container.swal2-top{align-items:flex-start}.swal2-container.swal2-top-left,.swal2-container.swal2-top-start{align-items:flex-start;justify-content:flex-start}.swal2-container.swal2-top-end,.swal2-container.swal2-top-right{align-items:flex-start;justify-content:flex-end}.swal2-container.swal2-center{align-items:center}.swal2-container.swal2-center-left,.swal2-container.swal2-center-start{align-items:center;justify-content:flex-start}.swal2-container.swal2-center-end,.swal2-container.swal2-center-right{align-items:center;justify-content:flex-end}.swal2-container.swal2-bottom{align-items:flex-end}.swal2-container.swal2-bottom-left,.swal2-container.swal2-bottom-start{align-items:flex-end;justify-content:flex-start}.swal2-container.swal2-bottom-end,.swal2-container.swal2-bottom-right{align-items:flex-end;justify-content:flex-end}.swal2-container.swal2-bottom-end&gt;:first-child,.swal2-container.swal2-bottom-left&gt;:first-child,.swal2-container.swal2-bottom-right&gt;:first-child,.swal2-container.swal2-bottom-start&gt;:first-child,.swal2-container.swal2-bottom&gt;:first-child{margin-top:auto}.swal2-container.swal2-grow-fullscreen&gt;.swal2-modal{display:flex!important;flex:1;align-self:stretch;justify-content:center}.swal2-container.swal2-grow-row&gt;.swal2-modal{display:flex!important;flex:1;align-content:center;justify-content:center}.swal2-container.swal2-grow-column{flex:1;flex-direction:column}.swal2-container.swal2-grow-column.swal2-bottom,.swal2-container.swal2-grow-column.swal2-center,.swal2-container.swal2-grow-column.swal2-top{align-items:center}.swal2-container.swal2-grow-column.swal2-bottom-left,.swal2-container.swal2-grow-column.swal2-bottom-start,.swal2-container.swal2-grow-column.swal2-center-left,.swal2-container.swal2-grow-column.swal2-center-start,.swal2-container.swal2-grow-column.swal2-top-left,.swal2-container.swal2-grow-column.swal2-top-start{align-items:flex-start}.swal2-container.swal2-grow-column.swal2-bottom-end,.swal2-container.swal2-grow-column.swal2-bottom-right,.swal2-container.swal2-grow-column.swal2-center-end,.swal2-container.swal2-grow-column.swal2-center-right,.swal2-container.swal2-grow-column.swal2-top-end,.swal2-container.swal2-grow-column.swal2-top-right{align-items:flex-end}.swal2-container.swal2-grow-column&gt;.swal2-modal{display:flex!important;flex:1;align-content:center;justify-content:center}.swal2-container.swal2-no-transition{transition:none!important}.swal2-container:not(.swal2-top):not(.swal2-top-start):not(.swal2-top-end):not(.swal2-top-left):not(.swal2-top-right):not(.swal2-center-start):not(.swal2-center-end):not(.swal2-center-left):not(.swal2-center-right):not(.swal2-bottom):not(.swal2-bottom-start):not(.swal2-bottom-end):not(.swal2-bottom-left):not(.swal2-bottom-right):not(.swal2-grow-fullscreen)&gt;.swal2-modal{margin:auto}@media all and (-ms-high-contrast:none),(-ms-high-contrast:active){.swal2-container .swal2-modal{margin:0!important}}.swal2-popup{display:none;position:relative;box-sizing:border-box;flex-direction:column;justify-content:center;width:32em;max-width:100%;padding:1.25em;border:none;border-radius:.3125em;background:#fff;font-family:inherit;font-size:1rem}.swal2-popup:focus{outline:0}.swal2-popup.swal2-loading{overflow-y:hidden}.swal2-header{display:flex;flex-direction:column;align-items:center;padding:0 1.8em}.swal2-title{position:relative;max-width:100%;margin:0 0 .4em;padding:0;color:#595959;font-size:1.875em;font-weight:600;text-align:center;text-transform:none;word-wrap:break-word}.swal2-actions{display:flex;z-index:1;flex-wrap:wrap;align-items:center;justify-content:center;width:100%;margin:1.25em auto 0}.swal2-actions:not(.swal2-loading) .swal2-styled[disabled]{opacity:.4}.swal2-actions:not(.swal2-loading) .swal2-styled:hover{background-image:linear-gradient(rgba(0,0,0,.1),rgba(0,0,0,.1))}.swal2-actions:not(.swal2-loading) .swal2-styled:active{background-image:linear-gradient(rgba(0,0,0,.2),rgba(0,0,0,.2))}.swal2-actions.swal2-loading .swal2-styled.swal2-confirm{box-sizing:border-box;width:2.5em;height:2.5em;margin:.46875em;padding:0;-webkit-animation:swal2-rotate-loading 1.5s linear 0s infinite normal;animation:swal2-rotate-loading 1.5s linear 0s infinite normal;border:.25em solid transparent;border-radius:100%;border-color:transparent;background-color:transparent!important;color:transparent!important;cursor:default;-webkit-user-select:none;-moz-user-select:none;-ms-user-select:none;user-select:none}.swal2-actions.swal2-loading .swal2-styled.swal2-cancel{margin-right:30px;margin-left:30px}.swal2-actions.swal2-loading :not(.swal2-styled).swal2-confirm::after{content:"";display:inline-block;width:15px;height:15px;margin-left:5px;-webkit-animation:swal2-rotate-loading 1.5s linear 0s infinite normal;animation:swal2-rotate-loading 1.5s linear 0s infinite normal;border:3px solid #999;border-radius:50%;border-right-color:transparent;box-shadow:1px 1px 1px #fff}.swal2-styled{margin:.3125em;padding:.625em 2em;box-shadow:none;font-weight:500}.swal2-styled:not([disabled]){cursor:pointer}.swal2-styled.swal2-confirm{border:0;border-radius:.25em;background:initial;background-color:#3085d6;color:#fff;font-size:1.0625em}.swal2-styled.swal2-cancel{border:0;border-radius:.25em;background:initial;background-color:#aaa;color:#fff;font-size:1.0625em}.swal2-styled:focus{outline:0;box-shadow:0 0 0 1px #fff,0 0 0 3px rgba(50,100,150,.4)}.swal2-styled::-moz-focus-inner{border:0}.swal2-footer{justify-content:center;margin:1.25em 0 0;padding:1em 0 0;border-top:1px solid #eee;color:#545454;font-size:1em}.swal2-timer-progress-bar-container{position:absolute;right:0;bottom:0;left:0;height:.25em;overflow:hidden;border-bottom-right-radius:.3125em;border-bottom-left-radius:.3125em}.swal2-timer-progress-bar{width:100%;height:.25em;background:rgba(0,0,0,.2)}.swal2-image{max-width:100%;margin:1.25em auto}.swal2-close{position:absolute;z-index:2;top:0;right:0;align-items:center;justify-content:center;width:1.2em;height:1.2em;padding:0;overflow:hidden;transition:color .1s ease-out;border:none;border-radius:0;background:0 0;color:#ccc;font-family:serif;font-size:2.5em;line-height:1.2;cursor:pointer}.swal2-close:hover{transform:none;background:0 0;color:#f27474}.swal2-close::-moz-focus-inner{border:0}.swal2-content{z-index:1;justify-content:center;margin:0;padding:0 1.6em;color:#545454;font-size:1.125em;font-weight:400;line-height:normal;text-align:center;word-wrap:break-word}.swal2-checkbox,.swal2-file,.swal2-input,.swal2-radio,.swal2-select,.swal2-textarea{margin:1em auto}.swal2-file,.swal2-input,.swal2-textarea{box-sizing:border-box;width:100%;transition:border-color .3s,box-shadow .3s;border:1px solid #d9d9d9;border-radius:.1875em;background:inherit;box-shadow:inset 0 1px 1px rgba(0,0,0,.06);color:inherit;font-size:1.125em}.swal2-file.swal2-inputerror,.swal2-input.swal2-inputerror,.swal2-textarea.swal2-inputerror{border-color:#f27474!important;box-shadow:0 0 2px #f27474!important}.swal2-file:focus,.swal2-input:focus,.swal2-textarea:focus{border:1px solid #b4dbed;outline:0;box-shadow:0 0 3px #c4e6f5}.swal2-file::-moz-placeholder,.swal2-input::-moz-placeholder,.swal2-textarea::-moz-placeholder{color:#ccc}.swal2-file:-ms-input-placeholder,.swal2-input:-ms-input-placeholder,.swal2-textarea:-ms-input-placeholder{color:#ccc}.swal2-file::-ms-input-placeholder,.swal2-input::-ms-input-placeholder,.swal2-textarea::-ms-input-placeholder{color:#ccc}.swal2-file::placeholder,.swal2-input::placeholder,.swal2-textarea::placeholder{color:#ccc}.swal2-range{margin:1em auto;background:#fff}.swal2-range input{width:80%}.swal2-range output{width:20%;color:inherit;font-weight:600;text-align:center}.swal2-range input,.swal2-range output{height:2.625em;padding:0;font-size:1.125em;line-height:2.625em}.swal2-input{height:2.625em;padding:0 .75em}.swal2-input[type=number]{max-width:10em}.swal2-file{background:inherit;font-size:1.125em}.swal2-textarea{height:6.75em;padding:.75em}.swal2-select{min-width:50%;max-width:100%;padding:.375em .625em;background:inherit;color:inherit;font-size:1.125em}.swal2-checkbox,.swal2-radio{align-items:center;justify-content:center;background:#fff;color:inherit}.swal2-checkbox label,.swal2-radio label{margin:0 .6em;font-size:1.125em}.swal2-checkbox input,.swal2-radio input{margin:0 .4em}.swal2-validation-message{display:none;align-items:center;justify-content:center;padding:.625em;overflow:hidden;background:#f0f0f0;color:#666;font-size:1em;font-weight:300}.swal2-validation-message::before{content:"!";display:inline-block;width:1.5em;min-width:1.5em;height:1.5em;margin:0 .625em;border-radius:50%;background-color:#f27474;color:#fff;font-weight:600;line-height:1.5em;text-align:center}.swal2-icon{position:relative;box-sizing:content-box;justify-content:center;width:5em;height:5em;margin:1.25em auto 1.875em;border:.25em solid transparent;border-radius:50%;font-family:inherit;line-height:5em;cursor:default;-webkit-user-select:none;-moz-user-select:none;-ms-user-select:none;user-select:none}.swal2-icon .swal2-icon-content{display:flex;align-items:center;font-size:3.75em}.swal2-icon.swal2-error{border-color:#f27474;color:#f27474}.swal2-icon.swal2-error .swal2-x-mark{position:relative;flex-grow:1}.swal2-icon.swal2-error [class^=swal2-x-mark-line]{display:block;position:absolute;top:2.3125em;width:2.9375em;height:.3125em;border-radius:.125em;background-color:#f27474}.swal2-icon.swal2-error [class^=swal2-x-mark-line][class$=left]{left:1.0625em;transform:rotate(45deg)}.swal2-icon.swal2-error [class^=swal2-x-mark-line][class$=right]{right:1em;transform:rotate(-45deg)}.swal2-icon.swal2-error.swal2-icon-show{-webkit-animation:swal2-animate-error-icon .5s;animation:swal2-animate-error-icon .5s}.swal2-icon.swal2-error.swal2-icon-show .swal2-x-mark{-webkit-animation:swal2-animate-error-x-mark .5s;animation:swal2-animate-error-x-mark .5s}.swal2-icon.swal2-warning{border-color:#facea8;color:#f8bb86}.swal2-icon.swal2-info{border-color:#9de0f6;color:#3fc3ee}.swal2-icon.swal2-question{border-color:#c9dae1;color:#87adbd}.swal2-icon.swal2-success{border-color:#a5dc86;color:#a5dc86}.swal2-icon.swal2-success [class^=swal2-success-circular-line]{position:absolute;width:3.75em;height:7.5em;transform:rotate(45deg);border-radius:50%}.swal2-icon.swal2-success [class^=swal2-success-circular-line][class$=left]{top:-.4375em;left:-2.0635em;transform:rotate(-45deg);transform-origin:3.75em 3.75em;border-radius:7.5em 0 0 7.5em}.swal2-icon.swal2-success [class^=swal2-success-circular-line][class$=right]{top:-.6875em;left:1.875em;transform:rotate(-45deg);transform-origin:0 3.75em;border-radius:0 7.5em 7.5em 0}.swal2-icon.swal2-success .swal2-success-ring{position:absolute;z-index:2;top:-.25em;left:-.25em;box-sizing:content-box;width:100%;height:100%;border:.25em solid rgba(165,220,134,.3);border-radius:50%}.swal2-icon.swal2-success .swal2-success-fix{position:absolute;z-index:1;top:.5em;left:1.625em;width:.4375em;height:5.625em;transform:rotate(-45deg)}.swal2-icon.swal2-success [class^=swal2-success-line]{display:block;position:absolute;z-index:2;height:.3125em;border-radius:.125em;background-color:#a5dc86}.swal2-icon.swal2-success [class^=swal2-success-line][class$=tip]{top:2.875em;left:.8125em;width:1.5625em;transform:rotate(45deg)}.swal2-icon.swal2-success [class^=swal2-success-line][class$=long]{top:2.375em;right:.5em;width:2.9375em;transform:rotate(-45deg)}.swal2-icon.swal2-success.swal2-icon-show .swal2-success-line-tip{-webkit-animation:swal2-animate-success-line-tip .75s;animation:swal2-animate-success-line-tip .75s}.swal2-icon.swal2-success.swal2-icon-show .swal2-success-line-long{-webkit-animation:swal2-animate-success-line-long .75s;animation:swal2-animate-success-line-long .75s}.swal2-icon.swal2-success.swal2-icon-show .swal2-success-circular-line-right{-webkit-animation:swal2-rotate-success-circular-line 4.25s ease-in;animation:swal2-rotate-success-circular-line 4.25s ease-in}.swal2-progress-steps{align-items:center;margin:0 0 1.25em;padding:0;background:inherit;font-weight:600}.swal2-progress-steps li{display:inline-block;position:relative}.swal2-progress-steps .swal2-progress-step{z-index:20;width:2em;height:2em;border-radius:2em;background:#3085d6;color:#fff;line-height:2em;text-align:center}.swal2-progress-steps .swal2-progress-step.swal2-active-progress-step{background:#3085d6}.swal2-progress-steps .swal2-progress-step.swal2-active-progress-step~.swal2-progress-step{background:#add8e6;color:#fff}.swal2-progress-steps .swal2-progress-step.swal2-active-progress-step~.swal2-progress-step-line{background:#add8e6}.swal2-progress-steps .swal2-progress-step-line{z-index:10;width:2.5em;height:.4em;margin:0 -1px;background:#3085d6}[class^=swal2]{-webkit-tap-highlight-color:transparent}.swal2-show{-webkit-animation:swal2-show .3s;animation:swal2-show .3s}.swal2-hide{-webkit-animation:swal2-hide .15s forwards;animation:swal2-hide .15s forwards}.swal2-noanimation{transition:none}.swal2-scrollbar-measure{position:absolute;top:-9999px;width:50px;height:50px;overflow:scroll}.swal2-rtl .swal2-close{right:auto;left:0}.swal2-rtl .swal2-timer-progress-bar{right:0;left:auto}@supports (-ms-accelerator:true){.swal2-range input{width:100%!important}.swal2-range output{display:none}}@media all and (-ms-high-contrast:none),(-ms-high-contrast:active){.swal2-range input{width:100%!important}.swal2-range output{display:none}}@-moz-document url-prefix(){.swal2-close:focus{outline:2px solid rgba(50,100,150,.4)}}@-webkit-keyframes swal2-toast-show{0%{transform:translateY(-.625em) rotateZ(2deg)}33%{transform:translateY(0) rotateZ(-2deg)}66%{transform:translateY(.3125em) rotateZ(2deg)}100%{transform:translateY(0) rotateZ(0)}}@keyframes swal2-toast-show{0%{transform:translateY(-.625em) rotateZ(2deg)}33%{transform:translateY(0) rotateZ(-2deg)}66%{transform:translateY(.3125em) rotateZ(2deg)}100%{transform:translateY(0) rotateZ(0)}}@-webkit-keyframes swal2-toast-hide{100%{transform:rotateZ(1deg);opacity:0}}@keyframes swal2-toast-hide{100%{transform:rotateZ(1deg);opacity:0}}@-webkit-keyframes swal2-toast-animate-success-line-tip{0%{top:.5625em;left:.0625em;width:0}54%{top:.125em;left:.125em;width:0}70%{top:.625em;left:-.25em;width:1.625em}84%{top:1.0625em;left:.75em;width:.5em}100%{top:1.125em;left:.1875em;width:.75em}}@keyframes swal2-toast-animate-success-line-tip{0%{top:.5625em;left:.0625em;width:0}54%{top:.125em;left:.125em;width:0}70%{top:.625em;left:-.25em;width:1.625em}84%{top:1.0625em;left:.75em;width:.5em}100%{top:1.125em;left:.1875em;width:.75em}}@-webkit-keyframes swal2-toast-animate-success-line-long{0%{top:1.625em;right:1.375em;width:0}65%{top:1.25em;right:.9375em;width:0}84%{top:.9375em;right:0;width:1.125em}100%{top:.9375em;right:.1875em;width:1.375em}}@keyframes swal2-toast-animate-success-line-long{0%{top:1.625em;right:1.375em;width:0}65%{top:1.25em;right:.9375em;width:0}84%{top:.9375em;right:0;width:1.125em}100%{top:.9375em;right:.1875em;width:1.375em}}@-webkit-keyframes swal2-show{0%{transform:scale(.7)}45%{transform:scale(1.05)}80%{transform:scale(.95)}100%{transform:scale(1)}}@keyframes swal2-show{0%{transform:scale(.7)}45%{transform:scale(1.05)}80%{transform:scale(.95)}100%{transform:scale(1)}}@-webkit-keyframes swal2-hide{0%{transform:scale(1);opacity:1}100%{transform:scale(.5);opacity:0}}@keyframes swal2-hide{0%{transform:scale(1);opacity:1}100%{transform:scale(.5);opacity:0}}@-webkit-keyframes swal2-animate-success-line-tip{0%{top:1.1875em;left:.0625em;width:0}54%{top:1.0625em;left:.125em;width:0}70%{top:2.1875em;left:-.375em;width:3.125em}84%{top:3em;left:1.3125em;width:1.0625em}100%{top:2.8125em;left:.8125em;width:1.5625em}}@keyframes swal2-animate-success-line-tip{0%{top:1.1875em;left:.0625em;width:0}54%{top:1.0625em;left:.125em;width:0}70%{top:2.1875em;left:-.375em;width:3.125em}84%{top:3em;left:1.3125em;width:1.0625em}100%{top:2.8125em;left:.8125em;width:1.5625em}}@-webkit-keyframes swal2-animate-success-line-long{0%{top:3.375em;right:2.875em;width:0}65%{top:3.375em;right:2.875em;width:0}84%{top:2.1875em;right:0;width:3.4375em}100%{top:2.375em;right:.5em;width:2.9375em}}@keyframes swal2-animate-success-line-long{0%{top:3.375em;right:2.875em;width:0}65%{top:3.375em;right:2.875em;width:0}84%{top:2.1875em;right:0;width:3.4375em}100%{top:2.375em;right:.5em;width:2.9375em}}@-webkit-keyframes swal2-rotate-success-circular-line{0%{transform:rotate(-45deg)}5%{transform:rotate(-45deg)}12%{transform:rotate(-405deg)}100%{transform:rotate(-405deg)}}@keyframes swal2-rotate-success-circular-line{0%{transform:rotate(-45deg)}5%{transform:rotate(-45deg)}12%{transform:rotate(-405deg)}100%{transform:rotate(-405deg)}}@-webkit-keyframes swal2-animate-error-x-mark{0%{margin-top:1.625em;transform:scale(.4);opacity:0}50%{margin-top:1.625em;transform:scale(.4);opacity:0}80%{margin-top:-.375em;transform:scale(1.15)}100%{margin-top:0;transform:scale(1);opacity:1}}@keyframes swal2-animate-error-x-mark{0%{margin-top:1.625em;transform:scale(.4);opacity:0}50%{margin-top:1.625em;transform:scale(.4);opacity:0}80%{margin-top:-.375em;transform:scale(1.15)}100%{margin-top:0;transform:scale(1);opacity:1}}@-webkit-keyframes swal2-animate-error-icon{0%{transform:rotateX(100deg);opacity:0}100%{transform:rotateX(0);opacity:1}}@keyframes swal2-animate-error-icon{0%{transform:rotateX(100deg);opacity:0}100%{transform:rotateX(0);opacity:1}}@-webkit-keyframes swal2-rotate-loading{0%{transform:rotate(0)}100%{transform:rotate(360deg)}}@keyframes swal2-rotate-loading{0%{transform:rotate(0)}100%{transform:rotate(360deg)}}body.swal2-shown:not(.swal2-no-backdrop):not(.swal2-toast-shown){overflow:hidden}body.swal2-height-auto{height:auto!important}body.swal2-no-backdrop .swal2-container{top:auto;right:auto;bottom:auto;left:auto;max-width:calc(100% - .625em * 2);background-color:transparent!important}body.swal2-no-backdrop .swal2-container&gt;.swal2-modal{box-shadow:0 0 10px rgba(0,0,0,.4)}body.swal2-no-backdrop .swal2-container.swal2-top{top:0;left:50%;transform:translateX(-50%)}body.swal2-no-backdrop .swal2-container.swal2-top-left,body.swal2-no-backdrop .swal2-container.swal2-top-start{top:0;left:0}body.swal2-no-backdrop .swal2-container.swal2-top-end,body.swal2-no-backdrop .swal2-container.swal2-top-right{top:0;right:0}body.swal2-no-backdrop .swal2-container.swal2-center{top:50%;left:50%;transform:translate(-50%,-50%)}body.swal2-no-backdrop .swal2-container.swal2-center-left,body.swal2-no-backdrop .swal2-container.swal2-center-start{top:50%;left:0;transform:translateY(-50%)}body.swal2-no-backdrop .swal2-container.swal2-center-end,body.swal2-no-backdrop .swal2-container.swal2-center-right{top:50%;right:0;transform:translateY(-50%)}body.swal2-no-backdrop .swal2-container.swal2-bottom{bottom:0;left:50%;transform:translateX(-50%)}body.swal2-no-backdrop .swal2-container.swal2-bottom-left,body.swal2-no-backdrop .swal2-container.swal2-bottom-start{bottom:0;left:0}body.swal2-no-backdrop .swal2-container.swal2-bottom-end,body.swal2-no-backdrop .swal2-container.swal2-bottom-right{right:0;bottom:0}@media print{body.swal2-shown:not(.swal2-no-backdrop):not(.swal2-toast-shown){overflow-y:scroll!important}body.swal2-shown:not(.swal2-no-backdrop):not(.swal2-toast-shown)&gt;[aria-hidden=true]{display:none}body.swal2-shown:not(.swal2-no-backdrop):not(.swal2-toast-shown) .swal2-container{position:static!important}}body.swal2-toast-shown .swal2-container{background-color:transparent}body.swal2-toast-shown .swal2-container.swal2-top{top:0;right:auto;bottom:auto;left:50%;transform:translateX(-50%)}body.swal2-toast-shown .swal2-container.swal2-top-end,body.swal2-toast-shown .swal2-container.swal2-top-right{top:0;right:0;bottom:auto;left:auto}body.swal2-toast-shown .swal2-container.swal2-top-left,body.swal2-toast-shown .swal2-container.swal2-top-start{top:0;right:auto;bottom:auto;left:0}body.swal2-toast-shown .swal2-container.swal2-center-left,body.swal2-toast-shown .swal2-container.swal2-center-start{top:50%;right:auto;bottom:auto;left:0;transform:translateY(-50%)}body.swal2-toast-shown .swal2-container.swal2-center{top:50%;right:auto;bottom:auto;left:50%;transform:translate(-50%,-50%)}body.swal2-toast-shown .swal2-container.swal2-center-end,body.swal2-toast-shown .swal2-container.swal2-center-right{top:50%;right:0;bottom:auto;left:auto;transform:translateY(-50%)}body.swal2-toast-shown .swal2-container.swal2-bottom-left,body.swal2-toast-shown .swal2-container.swal2-bottom-start{top:auto;right:auto;bottom:0;left:0}body.swal2-toast-shown .swal2-container.swal2-bottom{top:auto;right:auto;bottom:0;left:50%;transform:translateX(-50%)}body.swal2-toast-shown .swal2-container.swal2-bottom-end,body.swal2-toast-shown .swal2-container.swal2-bottom-right{top:auto;right:0;bottom:0;left:auto}body.swal2-toast-column .swal2-toast{flex-direction:column;align-items:stretch}body.swal2-toast-column .swal2-toast .swal2-actions{flex:1;align-self:stretch;height:2.2em;margin-top:.3125em}body.swal2-toast-column .swal2-toast .swal2-loading{justify-content:center}body.swal2-toast-column .swal2-toast .swal2-input{height:2em;margin:.3125em auto;font-size:1em}body.swal2-toast-column .swal2-toast .swal2-validation-message{font-size:1em}&lt;/style&gt;&lt;style data-emotion="css"&gt;&lt;/style&gt;&lt;/head&gt;&lt;body&gt;&lt;noscript&gt;You need to enable JavaScript to run this app.&lt;/noscript&gt;&lt;div id="root"&gt;&lt;div class="sc-gqjmRU deGmeM"&gt;&lt;div class="sc-htpNat bObXIs"&gt;&lt;div class="sc-bxivhb gAqCEh"&gt;&lt;nav&gt;&lt;div class="sc-ifAKCX dSSxmt"&gt;&lt;img src="/static/media/logo.4cd9e6b0.svg" alt="Bodytest"&gt;&lt;/div&gt;&lt;ul&gt;&lt;li&gt;&lt;a class="sc-EHOje iSDdWL" href="/alunos"&gt;ALUNOS&lt;/a&gt;&lt;/li&gt;&lt;li&gt;&lt;a class="sc-EHOje iSDdWL" href="/planos"&gt;PLANOS&lt;/a&gt;&lt;/li&gt;&lt;li&gt;&lt;a class="sc-EHOje iSDdWL active" href="/matriculas" aria-current="page" style="color: rgb(25, 25, 32);"&gt;MATRÍCULAS&lt;/a&gt;&lt;/li&gt;&lt;/ul&gt;&lt;/nav&gt;&lt;aside&gt;&lt;div class="sc-bZQynM cvwFyC"&gt;&lt;div&gt;&lt;strong&gt;Administrador&lt;/strong&gt;&lt;span&gt;Sair&lt;/span&gt;&lt;/div&gt;&lt;/div&gt;&lt;/aside&gt;&lt;/div&gt;&lt;/div&gt;&lt;div class="sc-jzJRlG jzOHiu"&gt;&lt;div class="sc-hSdWYo fyxrtL"&gt;&lt;h1 class="sc-chPdSV esgOZN"&gt;Nova matrícula&lt;/h1&gt;&lt;div class="sc-eHgmQL cshLsC"&gt;&lt;a color="#dddddd" class="sc-cvbbAY WlwcI" href="/matriculas"&gt;&lt;span&gt;&lt;svg stroke="currentColor" fill="currentColor" stroke-width="0" viewBox="0 0 24 24" size="24" color="#fff" height="24" width="24" xmlns="http://www.w3.org/2000/svg" style="color: rgb(255, 255, 255);"&gt;&lt;path d="M20 11H7.83l5.59-5.59L12 4l-8 8 8 8 1.41-1.41L7.83 13H20v-2z"&gt;&lt;/path&gt;&lt;/svg&gt;&lt;span&gt;Voltar&lt;/span&gt;&lt;/span&gt;&lt;/a&gt;&lt;button color="#4DC097" type="submit" form="formEnrollment" label="" class="sc-csuQGl iAPAwe"&gt;&lt;svg stroke="currentColor" fill="currentColor" stroke-width="0" viewBox="0 0 24 24" size="24" color="#fff" height="24" width="24" xmlns="http://www.w3.org/2000/svg" style="color: rgb(255, 255, 255);"&gt;&lt;path d="M9 16.2L4.8 12l-1.4 1.4L9 19 21 7l-1.4-1.4L9 16.2z"&gt;&lt;/path&gt;&lt;/svg&gt;Salvar&lt;/button&gt;&lt;/div&gt;&lt;/div&gt;&lt;div class="sc-jWBwVP eOPMJm"&gt;&lt;form id="formEnrollment" data-testid="form"&gt;&lt;div class="sc-cSHVUG eNjhhN"&gt;&lt;div class="sc-kAzzGY cMaRKd"&gt;&lt;label class="sc-jTzLTM ctggdr"&gt;ALUNO&lt;/label&gt;&lt;div class=" css-2b097c-container"&gt;&lt;span aria-live="polite" class="css-1laao21-a11yText"&gt;&lt;span id="aria-selection-event"&gt;&amp;nbsp;&lt;/span&gt;&lt;span id="aria-context"&gt;&amp;nbsp; option John Connor focused, 1 of 1. 1 result available for search term John Connor. student_id is focused ,type to refine list, press Down to open the menu, &lt;/span&gt;&lt;/span&gt;&lt;div class=" css-1pahdxg-control"&gt;&lt;div class=" css-1hwfws3"&gt;&lt;div class="css-1g6gooi"&gt;&lt;div class="" style="display: inline-block;"&gt;&lt;input autocapitalize="none" autocomplete="off" autocorrect="off" id="react-select-2-input" spellcheck="false" tabindex="0" type="text" aria-autocomplete="list" aria-label="student_id" value="John Connor" style="box-sizing: content-box; width: 83px; background: 0px center; border: 0px; font-size: inherit; opacity: 1; outline: 0px; padding: 0px; color: inherit;"&gt;&lt;div style="position: absolute; top: 0px; left: 0px; visibility: hidden; height: 0px; overflow: scroll; white-space: pre; font-size: 14px; font-family: Roboto, sans-serif; font-weight: 400; font-style: normal; letter-spacing: normal; text-transform: none;"&gt;John Connor&lt;/div&gt;&lt;/div&gt;&lt;/div&gt;&lt;/div&gt;&lt;div class=" css-1wy0on6"&gt;&lt;span class=" css-1okebmr-indicatorSeparator"&gt;&lt;/span&gt;&lt;div aria-hidden="true" class=" css-1gtu0rj-indicatorContainer"&gt;&lt;svg height="20" width="20" viewBox="0 0 20 20" aria-hidden="true" focusable="false" class="css-19bqh2r"&gt;&lt;path d="M4.516 7.548c0.436-0.446 1.043-0.481 1.576 0l3.908 3.747 3.908-3.747c0.533-0.481 1.141-0.446 1.574 0 0.436 0.445 0.408 1.197 0 1.615-0.406 0.418-4.695 4.502-4.695 4.502-0.217 0.223-0.502 0.335-0.787 0.335s-0.57-0.112-0.789-0.335c0 0-4.287-4.084-4.695-4.502s-0.436-1.17 0-1.615z"&gt;&lt;/path&gt;&lt;/svg&gt;&lt;/div&gt;&lt;/div&gt;&lt;/div&gt;&lt;div class=" css-26l3qy-menu"&gt;&lt;div class=" css-11unzgr"&gt;&lt;div class=" css-1n7v3ny-option" id="react-select-2-option-0" tabindex="-1"&gt;John Connor&lt;/div&gt;&lt;/div&gt;&lt;/div&gt;&lt;input name="student_id" type="hidden" value=""&gt;&lt;/div&gt;&lt;/div&gt;&lt;/div&gt;&lt;br&gt;&lt;div class="sc-cSHVUG eNjhhN"&gt;&lt;div class="sc-kAzzGY iwKnSm"&gt;&lt;div class="sc-Rmtcm chAupB"&gt;&lt;label class="sc-jTzLTM ctggdr"&gt;PLANO&lt;/label&gt;&lt;div class=" css-2b097c-container"&gt;&lt;div class=" css-yk16xz-control"&gt;&lt;div class=" css-1hwfws3"&gt;&lt;div class=" css-1wa3eu0-placeholder"&gt;Selecione...&lt;/div&gt;&lt;div class="css-1g6gooi"&gt;&lt;div class="" style="display: inline-block;"&gt;&lt;input autocapitalize="none" autocomplete="off" autocorrect="off" id="react-select-3-input" spellcheck="false" tabindex="0" type="text" aria-autocomplete="list" aria-label="plan_id" value="" style="box-sizing: content-box; width: 2px; background: 0px center; border: 0px; font-size: inherit; opacity: 1; outline: 0px; padding: 0px; color: inherit;"&gt;&lt;div style="position: absolute; top: 0px; left: 0px; visibility: hidden; height: 0px; overflow: scroll; white-space: pre; font-size: 14px; font-family: Roboto, sans-serif; font-weight: 400; font-style: normal; letter-spacing: normal; text-transform: none;"&gt;&lt;/div&gt;&lt;/div&gt;&lt;/div&gt;&lt;/div&gt;&lt;div class=" css-1wy0on6"&gt;&lt;span class=" css-1okebmr-indicatorSeparator"&gt;&lt;/span&gt;&lt;div aria-hidden="true" class=" css-tlfecz-indicatorContainer"&gt;&lt;svg height="20" width="20" viewBox="0 0 20 20" aria-hidden="true" focusable="false" class="css-19bqh2r"&gt;&lt;path d="M4.516 7.548c0.436-0.446 1.043-0.481 1.576 0l3.908 3.747 3.908-3.747c0.533-0.481 1.141-0.446 1.574 0 0.436 0.445 0.408 1.197 0 1.615-0.406 0.418-4.695 4.502-4.695 4.502-0.217 0.223-0.502 0.335-0.787 0.335s-0.57-0.112-0.789-0.335c0 0-4.287-4.084-4.695-4.502s-0.436-1.17 0-1.615z"&gt;&lt;/path&gt;&lt;/svg&gt;&lt;/div&gt;&lt;/div&gt;&lt;/div&gt;&lt;input name="plan_id" type="hidden" value=""&gt;&lt;/div&gt;&lt;/div&gt;&lt;/div&gt;&lt;div class="sc-kAzzGY iwKnSm"&gt;&lt;div class="sc-Rmtcm chAupB"&gt;&lt;label class="sc-jTzLTM ctggdr"&gt;DATA DE INÍCIO&lt;/label&gt;&lt;input name="start_date" disabled="" class="sc-bRBYWo ginZPt" value=""&gt;&lt;/div&gt;&lt;/div&gt;&lt;div class="sc-kAzzGY iwKnSm"&gt;&lt;div class="sc-Rmtcm chAupB"&gt;&lt;label class="sc-jTzLTM ctggdr"&gt;DATA DE TÉRMINO&lt;/label&gt;&lt;input name="end_date" disabled="" class="sc-bRBYWo ginZPt" value=""&gt;&lt;/div&gt;&lt;/div&gt;&lt;div class="sc-kAzzGY iwKnSm"&gt;&lt;div class="sc-Rmtcm chAupB"&gt;&lt;label class="sc-jTzLTM ctggdr"&gt;VALOR FINAL&lt;/label&gt;&lt;input name="total_amount" disabled="" class="sc-bRBYWo ginZPt" value=""&gt;&lt;/div&gt;&lt;/div&gt;&lt;/div&gt;&lt;/form&gt;&lt;/div&gt;&lt;/div&gt;&lt;/div&gt;&lt;div class="Toastify"&gt;&lt;/div&gt;&lt;/div&gt;&lt;script&gt;!function(i){function e(e){for(var t,r,n=e[0],o=e[1],u=e[2],l=0,f=[];l&lt;n.length;l++)r=n[l],Object.prototype.hasOwnProperty.call(p,r)&amp;&amp;p[r]&amp;&amp;f.push(p[r][0]),p[r]=0;for(t in o)Object.prototype.hasOwnProperty.call(o,t)&amp;&amp;(i[t]=o[t]);for(s&amp;&amp;s(e);f.length;)f.shift()();return c.push.apply(c,u||[]),a()}function a(){for(var e,t=0;t&lt;c.length;t++){for(var r=c[t],n=!0,o=1;o&lt;r.length;o++){var u=r[o];0!==p[u]&amp;&amp;(n=!1)}n&amp;&amp;(c.splice(t--,1),e=l(l.s=r[0]))}return e}var r={},p={1:0},c=[];function l(e){if(r[e])return r[e].exports;var t=r[e]={i:e,l:!1,exports:{}};return i[e].call(t.exports,t,t.exports,l),t.l=!0,t.exports}l.m=i,l.c=r,l.d=function(e,t,r){l.o(e,t)||Object.defineProperty(e,t,{enumerable:!0,get:r})},l.r=function(e){"undefined"!=typeof Symbol&amp;&amp;Symbol.toStringTag&amp;&amp;Object.defineProperty(e,Symbol.toStringTag,{value:"Module"}),Object.defineProperty(e,"__esModule",{value:!0})},l.t=function(t,e){if(1&amp;e&amp;&amp;(t=l(t)),8&amp;e)return t;if(4&amp;e&amp;&amp;"object"==typeof t&amp;&amp;t&amp;&amp;t.__esModule)return t;var r=Object.create(null);if(l.r(r),Object.defineProperty(r,"default",{enumerable:!0,value:t}),2&amp;e&amp;&amp;"string"!=typeof t)for(var n in t)l.d(r,n,function(e){return t[e]}.bind(null,n));return r},l.n=function(e){var t=e&amp;&amp;e.__esModule?function(){return e.default}:function(){return e};return l.d(t,"a",t),t},l.o=function(e,t){return Object.prototype.hasOwnProperty.call(e,t)},l.p="/";var t=this["webpackJsonpbodytest-web"]=this["webpackJsonpbodytest-web"]||[],n=t.push.bind(t);t.push=e,t=t.slice();for(var o=0;o&lt;t.length;o++)e(t[o]);var s=n;a()}([])&lt;/script&gt;&lt;script src="/static/js/2.216ffed2.chunk.js"&gt;&lt;/script&gt;&lt;script src="/static/js/main.0f692579.chunk.js"&gt;&lt;/script&gt;&lt;/body&gt;&lt;/html&gt;</msg>
<status status="PASS" starttime="20210527 11:55:17.863" endtime="20210527 11:55:17.864"/>
</kw>
<kw name="Take Screenshot" library="Browser" type="TEARDOWN">
<tag>PageContent</tag>
<doc>Takes a screenshot of the current window and saves it to ``path``. Saves it as a png.</doc>
<msg timestamp="20210527 11:55:17.999" level="INFO" html="true">&lt;/td&gt;&lt;/tr&gt;&lt;tr&gt;&lt;td colspan="3"&gt;&lt;a href="browser/screenshot/robotframework-browser-screenshot-1.png"&gt;&lt;img src="browser/screenshot/robotframework-browser-screenshot-1.png" width="800px"&gt;&lt;/a&gt;</msg>
<status status="PASS" starttime="20210527 11:55:17.864" endtime="20210527 11:55:18.000"/>
</kw>
<status status="PASS" starttime="20210527 11:55:12.454" endtime="20210527 11:55:18.000"/>
</test>
<doc>Gestão de MAtriculas</doc>
<status status="PASS" starttime="20210527 11:55:07.740" endtime="20210527 11:55:18.009"/>
</suite>
<statistics>
<total>
<stat pass="1" fail="0" skip="0">All Tests</stat>
</total>
<tag>
</tag>
<suite>
<stat pass="1" fail="0" skip="0" id="s1" name="Create">Create</stat>
</suite>
</statistics>
<errors>
</errors>
</robot>
