<?xml version="1.0" encoding="UTF-8"?>
<robot generator="Robot 4.0 (Python 3.8.5 on linux)" generated="20210515 13:01:10.877" rpa="false" schemaversion="2">
<suite id="s1" name="Remove" source="/home/edson/workspace/courses/qa_ninja/robot_framework/bodytest/tests/plans/remove.robot">
<test id="s1-t1" name="Cenario: Remover plano cadastrado">
<kw name="Start Admin Session" library="base" type="SETUP">
<kw name="Start Browser Session" library="base">
<kw name="New Browser" library="Browser">
<arg>chromium</arg>
<arg>false</arg>
<tag>BrowserControl</tag>
<tag>Setter</tag>
<doc>Create a new playwright Browser with specified options.
See `Browser, Context and Page` for more information about Browser and related concepts.</doc>
<msg timestamp="20210515 13:01:11.689" level="INFO">{"browser": "chromium", "headless": false, "handleSIGINT": true, "handleSIGTERM": true, "handleSIGHUP": true, "timeout": 30000.0, "devtools": false, "slowMo": 0.0}</msg>
<msg timestamp="20210515 13:01:12.120" level="INFO">Successfully created browser with options: {"browser":"chromium","headless":false,"handleSIGINT":true,"handleSIGTERM":true,"handleSIGHUP":true,"timeout":30000,"devtools":false,"slowMo":0}</msg>
<status status="PASS" starttime="20210515 13:01:11.688" endtime="20210515 13:01:12.121"/>
</kw>
<kw name="New Page" library="Browser">
<arg>about:blank</arg>
<tag>BrowserControl</tag>
<tag>Setter</tag>
<doc>Open a new Page. A Page is the Playwright equivalent to a tab.
See `Browser, Context and Page` for more information about Page concept.
Returns a stable identifier for the created page.</doc>
<msg timestamp="20210515 13:01:12.482" level="INFO">Successfully initialized new page object and opened url: about:blank</msg>
<status status="PASS" starttime="20210515 13:01:12.122" endtime="20210515 13:01:12.482"/>
</kw>
<status status="PASS" starttime="20210515 13:01:11.687" endtime="20210515 13:01:12.483"/>
</kw>
<kw name="Go To Login Pages" library="auth">
<kw name="Go To" library="Browser">
<arg>https://theotokus-bodytest-web.herokuapp.com/</arg>
<tag>BrowserControl</tag>
<tag>Setter</tag>
<doc>Navigates to the given ``url``.</doc>
<msg timestamp="20210515 13:01:14.453" level="INFO">Succesfully opened URL https://theotokus-bodytest-web.herokuapp.com/</msg>
<status status="PASS" starttime="20210515 13:01:12.483" endtime="20210515 13:01:14.454"/>
</kw>
<status status="PASS" starttime="20210515 13:01:12.483" endtime="20210515 13:01:14.454"/>
</kw>
<kw name="Login With" library="auth">
<arg>admin@bodytest.com</arg>
<arg>pwd123</arg>
<kw name="Fill Text" library="Browser">
<arg>css=input[name=email]</arg>
<arg>${email}</arg>
<tag>PageContent</tag>
<tag>Setter</tag>
<doc>Clears and fills the given ``text`` into the text field found by ``selector``.</doc>
<msg timestamp="20210515 13:01:14.456" level="INFO">Fills the text 'admin@bodytest.com' in the given field.</msg>
<status status="PASS" starttime="20210515 13:01:14.455" endtime="20210515 13:01:14.530"/>
</kw>
<kw name="Fill Text" library="Browser">
<arg>css=input[name=password]</arg>
<arg>${pass}</arg>
<tag>PageContent</tag>
<tag>Setter</tag>
<doc>Clears and fills the given ``text`` into the text field found by ``selector``.</doc>
<msg timestamp="20210515 13:01:14.531" level="INFO">Fills the text 'pwd123' in the given field.</msg>
<status status="PASS" starttime="20210515 13:01:14.531" endtime="20210515 13:01:14.566"/>
</kw>
<kw name="Click" library="Browser">
<arg>text=Entrar</arg>
<tag>PageContent</tag>
<tag>Setter</tag>
<doc>Simulates mouse click on the element found by ``selector``.</doc>
<status status="PASS" starttime="20210515 13:01:14.566" endtime="20210515 13:01:14.658"/>
</kw>
<status status="PASS" starttime="20210515 13:01:14.454" endtime="20210515 13:01:14.658"/>
</kw>
<kw name="User Should Be Logged In" library="nav">
<arg>Administrador</arg>
<kw name="Get Text" library="Browser">
<arg>css=aside strong</arg>
<arg>should be</arg>
<arg>${user_name}</arg>
<tag>Assertion</tag>
<tag>Getter</tag>
<tag>PageContent</tag>
<doc>Returns text attribute of the element found by ``selector``.
See the `Finding elements` section for details about the selectors.</doc>
<status status="PASS" starttime="20210515 13:01:14.659" endtime="20210515 13:01:15.523"/>
</kw>
<status status="PASS" starttime="20210515 13:01:14.659" endtime="20210515 13:01:15.523"/>
</kw>
<status status="PASS" starttime="20210515 13:01:11.685" endtime="20210515 13:01:15.524"/>
</kw>
<kw name="Create Dictionary" library="BuiltIn">
<var>&amp;{plan}</var>
<arg>title=Plano Gama</arg>
<arg>duration=6</arg>
<arg>price=10</arg>
<doc>Creates and returns a dictionary based on the given ``items``.</doc>
<msg timestamp="20210515 13:01:15.526" level="INFO">&amp;{plan} = { title=Plano Gama | duration=6 | price=10 }</msg>
<status status="PASS" starttime="20210515 13:01:15.524" endtime="20210515 13:01:15.526"/>
</kw>
<kw name="Insert Plan" library="DeloreanLibrary">
<arg>${plan}</arg>
<msg timestamp="20210515 13:01:15.527" level="INFO">delete from plans where title = 'Plano Gama'</msg>
<msg timestamp="20210515 13:01:16.682" level="INFO">insert into plans(title, duration, price, created_at, updated_at)values('Plano Gama',6,10, NOW(), NOW());</msg>
<status status="PASS" starttime="20210515 13:01:15.526" endtime="20210515 13:01:17.867"/>
</kw>
<kw name="Go To Plans" library="nav">
<kw name="Click" library="Browser">
<arg>css=a[href$=planos]</arg>
<tag>PageContent</tag>
<tag>Setter</tag>
<doc>Simulates mouse click on the element found by ``selector``.</doc>
<status status="PASS" starttime="20210515 13:01:17.869" endtime="20210515 13:01:17.972"/>
</kw>
<kw name="Wait For Elements State" library="Browser">
<arg>css=h1 &gt;&gt; text=Gestão de Planos</arg>
<arg>visible</arg>
<arg>5</arg>
<tag>PageContent</tag>
<tag>Wait</tag>
<doc>Waits for the element found by ``selector`` to satisfy state option.</doc>
<msg timestamp="20210515 13:01:17.999" level="INFO">Wait for Element with selector: css=h1 &gt;&gt; text=Gestão de Planos</msg>
<status status="PASS" starttime="20210515 13:01:17.973" endtime="20210515 13:01:17.999"/>
</kw>
<status status="PASS" starttime="20210515 13:01:17.868" endtime="20210515 13:01:18.000"/>
</kw>
<kw name="Search Plan By Title" library="plans">
<arg>${plan.title}</arg>
<kw name="Fill Text" library="Browser">
<arg>css=input[placeholder="Buscar plano"]</arg>
<arg>${title}</arg>
<tag>PageContent</tag>
<tag>Setter</tag>
<doc>Clears and fills the given ``text`` into the text field found by ``selector``.</doc>
<msg timestamp="20210515 13:01:18.002" level="INFO">Fills the text 'Plano Gama' in the given field.</msg>
<status status="PASS" starttime="20210515 13:01:18.002" endtime="20210515 13:01:18.042"/>
</kw>
<status status="PASS" starttime="20210515 13:01:18.000" endtime="20210515 13:01:18.042"/>
</kw>
<kw name="Request Removal By Title" library="plans">
<arg>${plan.title}</arg>
<kw name="Click" library="Browser">
<arg>xpath=//td[contains(text(),"${title}")]/../td/button[@id="trash"]</arg>
<tag>PageContent</tag>
<tag>Setter</tag>
<doc>Simulates mouse click on the element found by ``selector``.</doc>
<status status="PASS" starttime="20210515 13:01:18.045" endtime="20210515 13:01:18.401"/>
</kw>
<status status="PASS" starttime="20210515 13:01:18.043" endtime="20210515 13:01:18.401"/>
</kw>
<kw name="Confirm Removal" library="plans">
<kw name="Click" library="Browser">
<arg>text=SIM, pode apagar!</arg>
<tag>PageContent</tag>
<tag>Setter</tag>
<doc>Simulates mouse click on the element found by ``selector``.</doc>
<status status="PASS" starttime="20210515 13:01:18.403" endtime="20210515 13:01:18.743"/>
</kw>
<status status="PASS" starttime="20210515 13:01:18.402" endtime="20210515 13:01:18.743"/>
</kw>
<kw name="Toaster Text Should Be" library="components">
<arg>Plano removido com sucesso</arg>
<kw name="Wait For Elements State" library="Browser">
<arg>css=.Toastify__toast-body &gt;&gt; text=${expect_text}</arg>
<arg>visible</arg>
<arg>5</arg>
<tag>PageContent</tag>
<tag>Wait</tag>
<doc>Waits for the element found by ``selector`` to satisfy state option.</doc>
<msg timestamp="20210515 13:01:19.245" level="INFO">Wait for Element with selector: css=.Toastify__toast-body &gt;&gt; text=Plano removido com sucesso</msg>
<status status="PASS" starttime="20210515 13:01:18.744" endtime="20210515 13:01:19.246"/>
</kw>
<status status="PASS" starttime="20210515 13:01:18.743" endtime="20210515 13:01:19.246"/>
</kw>
<kw name="Plan Should Not Visible" library="plans">
<arg>${plan.title}</arg>
<kw name="Wait For Elements State" library="Browser">
<arg>xpath=//td[contains(text(),"${title}")]</arg>
<arg>detached</arg>
<arg>5</arg>
<tag>PageContent</tag>
<tag>Wait</tag>
<doc>Waits for the element found by ``selector`` to satisfy state option.</doc>
<msg timestamp="20210515 13:01:19.271" level="INFO">Wait for Element with selector: xpath=//td[contains(text(),"Plano Gama")]</msg>
<status status="PASS" starttime="20210515 13:01:19.250" endtime="20210515 13:01:19.271"/>
</kw>
<status status="PASS" starttime="20210515 13:01:19.247" endtime="20210515 13:01:19.271"/>
</kw>
<kw name="Thinking And Take Screenshot" library="base" type="TEARDOWN">
<arg>2</arg>
<kw name="Sleep" library="BuiltIn">
<arg>${timeout}</arg>
<doc>Pauses the test executed for the given time.</doc>
<msg timestamp="20210515 13:01:21.274" level="INFO">Slept 2 seconds</msg>
<status status="PASS" starttime="20210515 13:01:19.273" endtime="20210515 13:01:21.274"/>
</kw>
<kw name="Take Screenshot" library="Browser">
<tag>PageContent</tag>
<doc>Takes a screenshot of the current window and saves it to ``path``. Saves it as a png.</doc>
<msg timestamp="20210515 13:01:21.462" level="INFO" html="true">&lt;/td&gt;&lt;/tr&gt;&lt;tr&gt;&lt;td colspan="3"&gt;&lt;a href="browser/screenshot/robotframework-browser-screenshot-1.png"&gt;&lt;img src="browser/screenshot/robotframework-browser-screenshot-1.png" width="800px"&gt;&lt;/a&gt;</msg>
<status status="PASS" starttime="20210515 13:01:21.275" endtime="20210515 13:01:21.463"/>
</kw>
<status status="PASS" starttime="20210515 13:01:19.272" endtime="20210515 13:01:21.463"/>
</kw>
<status status="PASS" starttime="20210515 13:01:11.677" endtime="20210515 13:01:21.463"/>
</test>
<test id="s1-t2" name="Cenario: Desistir da exclusão">
<kw name="Start Admin Session" library="base" type="SETUP">
<kw name="Start Browser Session" library="base">
<kw name="New Browser" library="Browser">
<arg>chromium</arg>
<arg>false</arg>
<tag>BrowserControl</tag>
<tag>Setter</tag>
<doc>Create a new playwright Browser with specified options.
See `Browser, Context and Page` for more information about Browser and related concepts.</doc>
<msg timestamp="20210515 13:01:21.581" level="INFO">{"browser": "chromium", "headless": false, "handleSIGINT": true, "handleSIGTERM": true, "handleSIGHUP": true, "timeout": 30000.0, "devtools": false, "slowMo": 0.0}</msg>
<msg timestamp="20210515 13:01:22.040" level="INFO">Successfully created browser with options: {"browser":"chromium","headless":false,"handleSIGINT":true,"handleSIGTERM":true,"handleSIGHUP":true,"timeout":30000,"devtools":false,"slowMo":0}</msg>
<status status="PASS" starttime="20210515 13:01:21.580" endtime="20210515 13:01:22.041"/>
</kw>
<kw name="New Page" library="Browser">
<arg>about:blank</arg>
<tag>BrowserControl</tag>
<tag>Setter</tag>
<doc>Open a new Page. A Page is the Playwright equivalent to a tab.
See `Browser, Context and Page` for more information about Page concept.
Returns a stable identifier for the created page.</doc>
<msg timestamp="20210515 13:01:22.412" level="INFO">Successfully initialized new page object and opened url: about:blank</msg>
<status status="PASS" starttime="20210515 13:01:22.041" endtime="20210515 13:01:22.412"/>
</kw>
<status status="PASS" starttime="20210515 13:01:21.579" endtime="20210515 13:01:22.413"/>
</kw>
<kw name="Go To Login Pages" library="auth">
<kw name="Go To" library="Browser">
<arg>https://theotokus-bodytest-web.herokuapp.com/</arg>
<tag>BrowserControl</tag>
<tag>Setter</tag>
<doc>Navigates to the given ``url``.</doc>
<msg timestamp="20210515 13:01:24.301" level="INFO">Succesfully opened URL https://theotokus-bodytest-web.herokuapp.com/</msg>
<status status="PASS" starttime="20210515 13:01:22.414" endtime="20210515 13:01:24.301"/>
</kw>
<status status="PASS" starttime="20210515 13:01:22.413" endtime="20210515 13:01:24.302"/>
</kw>
<kw name="Login With" library="auth">
<arg>admin@bodytest.com</arg>
<arg>pwd123</arg>
<kw name="Fill Text" library="Browser">
<arg>css=input[name=email]</arg>
<arg>${email}</arg>
<tag>PageContent</tag>
<tag>Setter</tag>
<doc>Clears and fills the given ``text`` into the text field found by ``selector``.</doc>
<msg timestamp="20210515 13:01:24.304" level="INFO">Fills the text 'admin@bodytest.com' in the given field.</msg>
<status status="PASS" starttime="20210515 13:01:24.303" endtime="20210515 13:01:24.358"/>
</kw>
<kw name="Fill Text" library="Browser">
<arg>css=input[name=password]</arg>
<arg>${pass}</arg>
<tag>PageContent</tag>
<tag>Setter</tag>
<doc>Clears and fills the given ``text`` into the text field found by ``selector``.</doc>
<msg timestamp="20210515 13:01:24.360" level="INFO">Fills the text 'pwd123' in the given field.</msg>
<status status="PASS" starttime="20210515 13:01:24.359" endtime="20210515 13:01:24.395"/>
</kw>
<kw name="Click" library="Browser">
<arg>text=Entrar</arg>
<tag>PageContent</tag>
<tag>Setter</tag>
<doc>Simulates mouse click on the element found by ``selector``.</doc>
<status status="PASS" starttime="20210515 13:01:24.395" endtime="20210515 13:01:24.475"/>
</kw>
<status status="PASS" starttime="20210515 13:01:24.302" endtime="20210515 13:01:24.476"/>
</kw>
<kw name="User Should Be Logged In" library="nav">
<arg>Administrador</arg>
<kw name="Get Text" library="Browser">
<arg>css=aside strong</arg>
<arg>should be</arg>
<arg>${user_name}</arg>
<tag>Assertion</tag>
<tag>Getter</tag>
<tag>PageContent</tag>
<doc>Returns text attribute of the element found by ``selector``.
See the `Finding elements` section for details about the selectors.</doc>
<status status="PASS" starttime="20210515 13:01:24.477" endtime="20210515 13:01:25.211"/>
</kw>
<status status="PASS" starttime="20210515 13:01:24.476" endtime="20210515 13:01:25.211"/>
</kw>
<status status="PASS" starttime="20210515 13:01:21.577" endtime="20210515 13:01:25.212"/>
</kw>
<kw name="Create Dictionary" library="BuiltIn">
<var>&amp;{plan}</var>
<arg>title=Plano Hepta</arg>
<arg>duration=3</arg>
<arg>price=15</arg>
<doc>Creates and returns a dictionary based on the given ``items``.</doc>
<msg timestamp="20210515 13:01:25.213" level="INFO">&amp;{plan} = { title=Plano Hepta | duration=3 | price=15 }</msg>
<status status="PASS" starttime="20210515 13:01:25.212" endtime="20210515 13:01:25.214"/>
</kw>
<kw name="Insert Plan" library="DeloreanLibrary">
<arg>${plan}</arg>
<msg timestamp="20210515 13:01:25.215" level="INFO">delete from plans where title = 'Plano Hepta'</msg>
<msg timestamp="20210515 13:01:26.358" level="INFO">insert into plans(title, duration, price, created_at, updated_at)values('Plano Hepta',3,15, NOW(), NOW());</msg>
<status status="PASS" starttime="20210515 13:01:25.214" endtime="20210515 13:01:27.548"/>
</kw>
<kw name="Go To Plans" library="nav">
<kw name="Click" library="Browser">
<arg>css=a[href$=planos]</arg>
<tag>PageContent</tag>
<tag>Setter</tag>
<doc>Simulates mouse click on the element found by ``selector``.</doc>
<status status="PASS" starttime="20210515 13:01:27.550" endtime="20210515 13:01:27.651"/>
</kw>
<kw name="Wait For Elements State" library="Browser">
<arg>css=h1 &gt;&gt; text=Gestão de Planos</arg>
<arg>visible</arg>
<arg>5</arg>
<tag>PageContent</tag>
<tag>Wait</tag>
<doc>Waits for the element found by ``selector`` to satisfy state option.</doc>
<msg timestamp="20210515 13:01:27.669" level="INFO">Wait for Element with selector: css=h1 &gt;&gt; text=Gestão de Planos</msg>
<status status="PASS" starttime="20210515 13:01:27.651" endtime="20210515 13:01:27.670"/>
</kw>
<status status="PASS" starttime="20210515 13:01:27.548" endtime="20210515 13:01:27.670"/>
</kw>
<kw name="Search Plan By Title" library="plans">
<arg>${plan.title}</arg>
<kw name="Fill Text" library="Browser">
<arg>css=input[placeholder="Buscar plano"]</arg>
<arg>${title}</arg>
<tag>PageContent</tag>
<tag>Setter</tag>
<doc>Clears and fills the given ``text`` into the text field found by ``selector``.</doc>
<msg timestamp="20210515 13:01:27.674" level="INFO">Fills the text 'Plano Hepta' in the given field.</msg>
<status status="PASS" starttime="20210515 13:01:27.673" endtime="20210515 13:01:27.718"/>
</kw>
<status status="PASS" starttime="20210515 13:01:27.671" endtime="20210515 13:01:27.718"/>
</kw>
<kw name="Request Removal By Title" library="plans">
<arg>${plan.title}</arg>
<kw name="Click" library="Browser">
<arg>xpath=//td[contains(text(),"${title}")]/../td/button[@id="trash"]</arg>
<tag>PageContent</tag>
<tag>Setter</tag>
<doc>Simulates mouse click on the element found by ``selector``.</doc>
<status status="PASS" starttime="20210515 13:01:27.721" endtime="20210515 13:01:28.092"/>
</kw>
<status status="PASS" starttime="20210515 13:01:27.719" endtime="20210515 13:01:28.092"/>
</kw>
<kw name="Cancel Removal" library="plans">
<kw name="Click" library="Browser">
<arg>text=NÃO</arg>
<tag>PageContent</tag>
<tag>Setter</tag>
<doc>Simulates mouse click on the element found by ``selector``.</doc>
<status status="PASS" starttime="20210515 13:01:28.093" endtime="20210515 13:01:28.427"/>
</kw>
<status status="PASS" starttime="20210515 13:01:28.092" endtime="20210515 13:01:28.428"/>
</kw>
<kw name="Plan Should Be Visible" library="plans">
<arg>${plan.title}</arg>
<kw name="Wait For Elements State" library="Browser">
<arg>xpath=//td[contains(text(),"${title}")]</arg>
<arg>visible</arg>
<arg>5</arg>
<tag>PageContent</tag>
<tag>Wait</tag>
<doc>Waits for the element found by ``selector`` to satisfy state option.</doc>
<msg timestamp="20210515 13:01:28.542" level="INFO">Wait for Element with selector: xpath=//td[contains(text(),"Plano Hepta")]</msg>
<status status="PASS" starttime="20210515 13:01:28.431" endtime="20210515 13:01:28.542"/>
</kw>
<status status="PASS" starttime="20210515 13:01:28.428" endtime="20210515 13:01:28.542"/>
</kw>
<kw name="Take Screenshot" library="Browser" type="TEARDOWN">
<tag>PageContent</tag>
<doc>Takes a screenshot of the current window and saves it to ``path``. Saves it as a png.</doc>
<msg timestamp="20210515 13:01:28.729" level="INFO" html="true">&lt;/td&gt;&lt;/tr&gt;&lt;tr&gt;&lt;td colspan="3"&gt;&lt;a href="browser/screenshot/robotframework-browser-screenshot-2.png"&gt;&lt;img src="browser/screenshot/robotframework-browser-screenshot-2.png" width="800px"&gt;&lt;/a&gt;</msg>
<status status="PASS" starttime="20210515 13:01:28.543" endtime="20210515 13:01:28.729"/>
</kw>
<tag>remove</tag>
<status status="PASS" starttime="20210515 13:01:21.572" endtime="20210515 13:01:28.730"/>
</test>
<doc>Remoção de planos</doc>
<status status="PASS" starttime="20210515 13:01:10.879" endtime="20210515 13:01:28.843"/>
</suite>
<statistics>
<total>
<stat pass="2" fail="0" skip="0">All Tests</stat>
</total>
<tag>
<stat pass="1" fail="0" skip="0">remove</stat>
</tag>
<suite>
<stat pass="2" fail="0" skip="0" id="s1" name="Remove">Remove</stat>
</suite>
</statistics>
<errors>
</errors>
</robot>
