<?xml version="1.0" encoding="UTF-8"?>
<robot generator="Robot 4.0 (Python 3.8.5 on linux)" generated="20210504 09:40:20.850" rpa="false" schemaversion="2">
<suite id="s1" name="Cadastro Alunos" source="/home/edson/workspace/courses/qa_ninja/robot_framework/bodytest/tests/cadastro_alunos.robot">
<kw name="Start Admin Session" library="base" type="SETUP">
<kw name="Start Browser Session" library="base">
<kw name="New Browser" library="Browser">
<arg>chromium</arg>
<arg>true</arg>
<tag>BrowserControl</tag>
<tag>Setter</tag>
<doc>Create a new playwright Browser with specified options.
See `Browser, Context and Page` for more information about Browser and related concepts.</doc>
<msg timestamp="20210504 09:40:21.627" level="INFO">{"browser": "chromium", "headless": true, "handleSIGINT": true, "handleSIGTERM": true, "handleSIGHUP": true, "timeout": 30000.0, "devtools": false, "slowMo": 0.0}</msg>
<msg timestamp="20210504 09:40:21.797" level="INFO">Successfully created browser with options: {"browser":"chromium","headless":true,"handleSIGINT":true,"handleSIGTERM":true,"handleSIGHUP":true,"timeout":30000,"devtools":false,"slowMo":0}</msg>
<status status="PASS" starttime="20210504 09:40:21.626" endtime="20210504 09:40:21.798"/>
</kw>
<kw name="New Page" library="Browser">
<arg>about:blank</arg>
<tag>BrowserControl</tag>
<tag>Setter</tag>
<doc>Open a new Page. A Page is the Playwright equivalent to a tab.
See `Browser, Context and Page` for more information about Page concept.
Returns a stable identifier for the created page.</doc>
<msg timestamp="20210504 09:40:21.899" level="INFO">Successfully initialized new page object and opened url: about:blank</msg>
<status status="PASS" starttime="20210504 09:40:21.798" endtime="20210504 09:40:21.899"/>
</kw>
<status status="PASS" starttime="20210504 09:40:21.625" endtime="20210504 09:40:21.899"/>
</kw>
<kw name="Go To Login Pages" library="auth">
<kw name="Go To" library="Browser">
<arg>https://theotokus-bodytest-web.herokuapp.com/</arg>
<tag>BrowserControl</tag>
<tag>Setter</tag>
<doc>Navigates to the given ``url``.</doc>
<msg timestamp="20210504 09:40:24.229" level="INFO">Succesfully opened URL https://theotokus-bodytest-web.herokuapp.com/</msg>
<status status="PASS" starttime="20210504 09:40:21.900" endtime="20210504 09:40:24.230"/>
</kw>
<status status="PASS" starttime="20210504 09:40:21.900" endtime="20210504 09:40:24.230"/>
</kw>
<kw name="Login With" library="auth">
<arg>admin@bodytest.com</arg>
<arg>pwd123</arg>
<kw name="Fill Text" library="Browser">
<arg>css=input[name=email]</arg>
<arg>${email}</arg>
<tag>PageContent</tag>
<tag>Setter</tag>
<doc>Clears and fills the given ``text`` into the text field found by ``selector``.</doc>
<msg timestamp="20210504 09:40:24.233" level="INFO">Fills the text 'admin@bodytest.com' in the given field.</msg>
<status status="PASS" starttime="20210504 09:40:24.232" endtime="20210504 09:40:24.303"/>
</kw>
<kw name="Fill Text" library="Browser">
<arg>css=input[name=password]</arg>
<arg>${pass}</arg>
<tag>PageContent</tag>
<tag>Setter</tag>
<doc>Clears and fills the given ``text`` into the text field found by ``selector``.</doc>
<msg timestamp="20210504 09:40:24.304" level="INFO">Fills the text 'pwd123' in the given field.</msg>
<status status="PASS" starttime="20210504 09:40:24.303" endtime="20210504 09:40:24.333"/>
</kw>
<kw name="Click" library="Browser">
<arg>text=Entrar</arg>
<tag>PageContent</tag>
<tag>Setter</tag>
<doc>Simulates mouse click on the element found by ``selector``.</doc>
<status status="PASS" starttime="20210504 09:40:24.334" endtime="20210504 09:40:24.414"/>
</kw>
<status status="PASS" starttime="20210504 09:40:24.231" endtime="20210504 09:40:24.414"/>
</kw>
<kw name="User Should Be Logged In" library="nav">
<arg>Administrador</arg>
<kw name="Get Text" library="Browser">
<arg>css=aside strong</arg>
<arg>should be</arg>
<arg>${user_name}</arg>
<tag>Assertion</tag>
<tag>Getter</tag>
<tag>PageContent</tag>
<doc>Returns text attribute of the element found by ``selector``.
See the `Finding elements` section for details about the selectors.</doc>
<status status="PASS" starttime="20210504 09:40:24.416" endtime="20210504 09:40:25.382"/>
</kw>
<status status="PASS" starttime="20210504 09:40:24.415" endtime="20210504 09:40:25.382"/>
</kw>
<status status="PASS" starttime="20210504 09:40:21.624" endtime="20210504 09:40:25.383"/>
</kw>
<test id="s1-t1" name="Cenario: Novo aluno">
<kw name="Create Dictionary" library="BuiltIn">
<var>&amp;{student}</var>
<arg>name=Edson José dos Santos</arg>
<arg>email=edson@theotokus.com</arg>
<arg>age=39</arg>
<arg>weight=81</arg>
<arg>feet_tall=1.82</arg>
<doc>Creates and returns a dictionary based on the given ``items``.</doc>
<msg timestamp="20210504 09:40:25.394" level="INFO">&amp;{student} = { name=Edson José dos Santos | email=edson@theotokus.com | age=39 | weight=81 | feet_tall=1.82 }</msg>
<status status="PASS" starttime="20210504 09:40:25.393" endtime="20210504 09:40:25.394"/>
</kw>
<kw name="Remove Student" library="DeloreanLibrary">
<arg>${student.email}</arg>
<msg timestamp="20210504 09:40:25.396" level="INFO">delete from students where email = 'edson@theotokus.com'</msg>
<status status="PASS" starttime="20210504 09:40:25.394" endtime="20210504 09:40:26.951"/>
</kw>
<kw name="Go to Students" library="nav">
<kw name="Click" library="Browser">
<arg>css=a[href$=alunos]</arg>
<tag>PageContent</tag>
<tag>Setter</tag>
<doc>Simulates mouse click on the element found by ``selector``.</doc>
<status status="PASS" starttime="20210504 09:40:26.953" endtime="20210504 09:40:27.044"/>
</kw>
<kw name="Wait For Elements State" library="Browser">
<arg>css=h1 &gt;&gt; text=Gestão de Alunos</arg>
<arg>visible</arg>
<arg>5</arg>
<tag>PageContent</tag>
<tag>Wait</tag>
<doc>Waits for the element found by ``selector`` to satisfy state option.</doc>
<msg timestamp="20210504 09:40:27.060" level="INFO">Wait for Element with selector: css=h1 &gt;&gt; text=Gestão de Alunos</msg>
<status status="PASS" starttime="20210504 09:40:27.045" endtime="20210504 09:40:27.061"/>
</kw>
<status status="PASS" starttime="20210504 09:40:26.952" endtime="20210504 09:40:27.061"/>
</kw>
<kw name="Go to Form Student" library="students">
<kw name="Click" library="Browser">
<arg>css=a[href$="alunos/new"]</arg>
<tag>PageContent</tag>
<tag>Setter</tag>
<doc>Simulates mouse click on the element found by ``selector``.</doc>
<status status="PASS" starttime="20210504 09:40:27.062" endtime="20210504 09:40:27.143"/>
</kw>
<kw name="Wait For Elements State" library="Browser">
<arg>css=h1 &gt;&gt; text=Novo aluno</arg>
<arg>visible</arg>
<arg>5</arg>
<tag>PageContent</tag>
<tag>Wait</tag>
<doc>Waits for the element found by ``selector`` to satisfy state option.</doc>
<msg timestamp="20210504 09:40:27.159" level="INFO">Wait for Element with selector: css=h1 &gt;&gt; text=Novo aluno</msg>
<status status="PASS" starttime="20210504 09:40:27.143" endtime="20210504 09:40:27.159"/>
</kw>
<status status="PASS" starttime="20210504 09:40:27.061" endtime="20210504 09:40:27.159"/>
</kw>
<kw name="New Student" library="students">
<arg>${student}</arg>
<kw name="Fill Text" library="Browser">
<arg>${NAME_FIELD}</arg>
<arg>${student.name}</arg>
<tag>PageContent</tag>
<tag>Setter</tag>
<doc>Clears and fills the given ``text`` into the text field found by ``selector``.</doc>
<msg timestamp="20210504 09:40:27.162" level="INFO">Fills the text 'Edson José dos Santos' in the given field.</msg>
<status status="PASS" starttime="20210504 09:40:27.161" endtime="20210504 09:40:27.193"/>
</kw>
<kw name="Fill Text" library="Browser">
<arg>${EMAIL_FIELD}</arg>
<arg>${student.email}</arg>
<tag>PageContent</tag>
<tag>Setter</tag>
<doc>Clears and fills the given ``text`` into the text field found by ``selector``.</doc>
<msg timestamp="20210504 09:40:27.195" level="INFO">Fills the text 'edson@theotokus.com' in the given field.</msg>
<status status="PASS" starttime="20210504 09:40:27.193" endtime="20210504 09:40:27.224"/>
</kw>
<kw name="Fill Text" library="Browser">
<arg>${AGE_FIELD}</arg>
<arg>${student.age}</arg>
<tag>PageContent</tag>
<tag>Setter</tag>
<doc>Clears and fills the given ``text`` into the text field found by ``selector``.</doc>
<msg timestamp="20210504 09:40:27.226" level="INFO">Fills the text '39' in the given field.</msg>
<status status="PASS" starttime="20210504 09:40:27.225" endtime="20210504 09:40:27.259"/>
</kw>
<kw name="Fill Text" library="Browser">
<arg>${WEIGTH_FIELD}</arg>
<arg>${student.weight}</arg>
<tag>PageContent</tag>
<tag>Setter</tag>
<doc>Clears and fills the given ``text`` into the text field found by ``selector``.</doc>
<msg timestamp="20210504 09:40:27.261" level="INFO">Fills the text '81' in the given field.</msg>
<status status="PASS" starttime="20210504 09:40:27.260" endtime="20210504 09:40:27.289"/>
</kw>
<kw name="Fill Text" library="Browser">
<arg>${FEET_TALL_FIELD}</arg>
<arg>${student.feet_tall}</arg>
<tag>PageContent</tag>
<tag>Setter</tag>
<doc>Clears and fills the given ``text`` into the text field found by ``selector``.</doc>
<msg timestamp="20210504 09:40:27.291" level="INFO">Fills the text '1.82' in the given field.</msg>
<status status="PASS" starttime="20210504 09:40:27.289" endtime="20210504 09:40:27.316"/>
</kw>
<kw name="Submit Student Form" library="students">
<kw name="Click" library="Browser">
<arg>css=button[form$=Student]</arg>
<tag>PageContent</tag>
<tag>Setter</tag>
<doc>Simulates mouse click on the element found by ``selector``.</doc>
<status status="PASS" starttime="20210504 09:40:27.317" endtime="20210504 09:40:27.383"/>
</kw>
<status status="PASS" starttime="20210504 09:40:27.316" endtime="20210504 09:40:27.383"/>
</kw>
<status status="PASS" starttime="20210504 09:40:27.160" endtime="20210504 09:40:27.383"/>
</kw>
<kw name="Toaster Text Should Be" library="components">
<arg>Aluno cadastrado com sucesso.</arg>
<kw name="Wait For Elements State" library="Browser">
<arg>css=.Toastify__toast-body &gt;&gt; text=${expect_text}</arg>
<arg>visible</arg>
<arg>5</arg>
<tag>PageContent</tag>
<tag>Wait</tag>
<doc>Waits for the element found by ``selector`` to satisfy state option.</doc>
<msg timestamp="20210504 09:40:27.864" level="INFO">Wait for Element with selector: css=.Toastify__toast-body &gt;&gt; text=Aluno cadastrado com sucesso.</msg>
<status status="PASS" starttime="20210504 09:40:27.384" endtime="20210504 09:40:27.864"/>
</kw>
<status status="PASS" starttime="20210504 09:40:27.383" endtime="20210504 09:40:27.864"/>
</kw>
<kw name="Thinking And Take Screenshot" library="base" type="TEARDOWN">
<arg>2</arg>
<kw name="Sleep" library="BuiltIn">
<arg>${timeout}</arg>
<doc>Pauses the test executed for the given time.</doc>
<msg timestamp="20210504 09:40:29.867" level="INFO">Slept 2 seconds</msg>
<status status="PASS" starttime="20210504 09:40:27.866" endtime="20210504 09:40:29.868"/>
</kw>
<kw name="Take Screenshot" library="Browser">
<tag>PageContent</tag>
<doc>Takes a screenshot of the current window and saves it to ``path``. Saves it as a png.</doc>
<msg timestamp="20210504 09:40:29.995" level="INFO" html="true">&lt;/td&gt;&lt;/tr&gt;&lt;tr&gt;&lt;td colspan="3"&gt;&lt;a href="browser/screenshot/robotframework-browser-screenshot-1.png"&gt;&lt;img src="browser/screenshot/robotframework-browser-screenshot-1.png" width="800px"&gt;&lt;/a&gt;</msg>
<status status="PASS" starttime="20210504 09:40:29.868" endtime="20210504 09:40:29.995"/>
</kw>
<status status="PASS" starttime="20210504 09:40:27.865" endtime="20210504 09:40:29.995"/>
</kw>
<status status="PASS" starttime="20210504 09:40:25.383" endtime="20210504 09:40:29.995"/>
</test>
<test id="s1-t2" name="Cenario: Não deve permitir email duplicado">
<kw name="Create Dictionary" library="BuiltIn">
<var>&amp;{student}</var>
<arg>name=Ricardo de Mauro</arg>
<arg>email=ricardo@theotokus.com</arg>
<arg>age=34</arg>
<arg>weight=98</arg>
<arg>feet_tall=1.75</arg>
<doc>Creates and returns a dictionary based on the given ``items``.</doc>
<msg timestamp="20210504 09:40:30.024" level="INFO">&amp;{student} = { name=Ricardo de Mauro | email=ricardo@theotokus.com | age=34 | weight=98 | feet_tall=1.75 }</msg>
<status status="PASS" starttime="20210504 09:40:30.023" endtime="20210504 09:40:30.025"/>
</kw>
<kw name="Insert Student" library="DeloreanLibrary">
<arg>${student}</arg>
<msg timestamp="20210504 09:40:30.025" level="INFO">delete from students where email = 'ricardo@theotokus.com'</msg>
<msg timestamp="20210504 09:40:31.549" level="INFO">insert into students(name, email, age, weight, feet_tall, created_at, updated_at)values('Ricardo de Mauro','ricardo@theotokus.com',34,98,1.75,NOW(),NOW());</msg>
<status status="PASS" starttime="20210504 09:40:30.025" endtime="20210504 09:40:33.057"/>
</kw>
<kw name="Go to Students" library="nav">
<kw name="Click" library="Browser">
<arg>css=a[href$=alunos]</arg>
<tag>PageContent</tag>
<tag>Setter</tag>
<doc>Simulates mouse click on the element found by ``selector``.</doc>
<status status="PASS" starttime="20210504 09:40:33.059" endtime="20210504 09:40:33.115"/>
</kw>
<kw name="Wait For Elements State" library="Browser">
<arg>css=h1 &gt;&gt; text=Gestão de Alunos</arg>
<arg>visible</arg>
<arg>5</arg>
<tag>PageContent</tag>
<tag>Wait</tag>
<doc>Waits for the element found by ``selector`` to satisfy state option.</doc>
<msg timestamp="20210504 09:40:33.136" level="INFO">Wait for Element with selector: css=h1 &gt;&gt; text=Gestão de Alunos</msg>
<status status="PASS" starttime="20210504 09:40:33.115" endtime="20210504 09:40:33.136"/>
</kw>
<status status="PASS" starttime="20210504 09:40:33.057" endtime="20210504 09:40:33.136"/>
</kw>
<kw name="Go to Form Student" library="students">
<kw name="Click" library="Browser">
<arg>css=a[href$="alunos/new"]</arg>
<tag>PageContent</tag>
<tag>Setter</tag>
<doc>Simulates mouse click on the element found by ``selector``.</doc>
<status status="PASS" starttime="20210504 09:40:33.138" endtime="20210504 09:40:33.213"/>
</kw>
<kw name="Wait For Elements State" library="Browser">
<arg>css=h1 &gt;&gt; text=Novo aluno</arg>
<arg>visible</arg>
<arg>5</arg>
<tag>PageContent</tag>
<tag>Wait</tag>
<doc>Waits for the element found by ``selector`` to satisfy state option.</doc>
<msg timestamp="20210504 09:40:33.230" level="INFO">Wait for Element with selector: css=h1 &gt;&gt; text=Novo aluno</msg>
<status status="PASS" starttime="20210504 09:40:33.214" endtime="20210504 09:40:33.230"/>
</kw>
<status status="PASS" starttime="20210504 09:40:33.137" endtime="20210504 09:40:33.230"/>
</kw>
<kw name="New Student" library="students">
<arg>${student}</arg>
<kw name="Fill Text" library="Browser">
<arg>${NAME_FIELD}</arg>
<arg>${student.name}</arg>
<tag>PageContent</tag>
<tag>Setter</tag>
<doc>Clears and fills the given ``text`` into the text field found by ``selector``.</doc>
<msg timestamp="20210504 09:40:33.233" level="INFO">Fills the text 'Ricardo de Mauro' in the given field.</msg>
<status status="PASS" starttime="20210504 09:40:33.232" endtime="20210504 09:40:33.260"/>
</kw>
<kw name="Fill Text" library="Browser">
<arg>${EMAIL_FIELD}</arg>
<arg>${student.email}</arg>
<tag>PageContent</tag>
<tag>Setter</tag>
<doc>Clears and fills the given ``text`` into the text field found by ``selector``.</doc>
<msg timestamp="20210504 09:40:33.261" level="INFO">Fills the text 'ricardo@theotokus.com' in the given field.</msg>
<status status="PASS" starttime="20210504 09:40:33.260" endtime="20210504 09:40:33.288"/>
</kw>
<kw name="Fill Text" library="Browser">
<arg>${AGE_FIELD}</arg>
<arg>${student.age}</arg>
<tag>PageContent</tag>
<tag>Setter</tag>
<doc>Clears and fills the given ``text`` into the text field found by ``selector``.</doc>
<msg timestamp="20210504 09:40:33.290" level="INFO">Fills the text '34' in the given field.</msg>
<status status="PASS" starttime="20210504 09:40:33.289" endtime="20210504 09:40:33.316"/>
</kw>
<kw name="Fill Text" library="Browser">
<arg>${WEIGTH_FIELD}</arg>
<arg>${student.weight}</arg>
<tag>PageContent</tag>
<tag>Setter</tag>
<doc>Clears and fills the given ``text`` into the text field found by ``selector``.</doc>
<msg timestamp="20210504 09:40:33.318" level="INFO">Fills the text '98' in the given field.</msg>
<status status="PASS" starttime="20210504 09:40:33.317" endtime="20210504 09:40:33.343"/>
</kw>
<kw name="Fill Text" library="Browser">
<arg>${FEET_TALL_FIELD}</arg>
<arg>${student.feet_tall}</arg>
<tag>PageContent</tag>
<tag>Setter</tag>
<doc>Clears and fills the given ``text`` into the text field found by ``selector``.</doc>
<msg timestamp="20210504 09:40:33.345" level="INFO">Fills the text '1.75' in the given field.</msg>
<status status="PASS" starttime="20210504 09:40:33.343" endtime="20210504 09:40:33.374"/>
</kw>
<kw name="Submit Student Form" library="students">
<kw name="Click" library="Browser">
<arg>css=button[form$=Student]</arg>
<tag>PageContent</tag>
<tag>Setter</tag>
<doc>Simulates mouse click on the element found by ``selector``.</doc>
<status status="PASS" starttime="20210504 09:40:33.375" endtime="20210504 09:40:33.447"/>
</kw>
<status status="PASS" starttime="20210504 09:40:33.374" endtime="20210504 09:40:33.448"/>
</kw>
<status status="PASS" starttime="20210504 09:40:33.231" endtime="20210504 09:40:33.448"/>
</kw>
<kw name="Toaster Text Should Be" library="components">
<arg>Email já existe no sistema.</arg>
<kw name="Wait For Elements State" library="Browser">
<arg>css=.Toastify__toast-body &gt;&gt; text=${expect_text}</arg>
<arg>visible</arg>
<arg>5</arg>
<tag>PageContent</tag>
<tag>Wait</tag>
<doc>Waits for the element found by ``selector`` to satisfy state option.</doc>
<msg timestamp="20210504 09:40:33.808" level="INFO">Wait for Element with selector: css=.Toastify__toast-body &gt;&gt; text=Email já existe no sistema.</msg>
<status status="PASS" starttime="20210504 09:40:33.450" endtime="20210504 09:40:33.808"/>
</kw>
<status status="PASS" starttime="20210504 09:40:33.448" endtime="20210504 09:40:33.809"/>
</kw>
<kw name="Thinking And Take Screenshot" library="base" type="TEARDOWN">
<arg>2</arg>
<kw name="Sleep" library="BuiltIn">
<arg>${timeout}</arg>
<doc>Pauses the test executed for the given time.</doc>
<msg timestamp="20210504 09:40:35.811" level="INFO">Slept 2 seconds</msg>
<status status="PASS" starttime="20210504 09:40:33.811" endtime="20210504 09:40:35.812"/>
</kw>
<kw name="Take Screenshot" library="Browser">
<tag>PageContent</tag>
<doc>Takes a screenshot of the current window and saves it to ``path``. Saves it as a png.</doc>
<msg timestamp="20210504 09:40:35.942" level="INFO" html="true">&lt;/td&gt;&lt;/tr&gt;&lt;tr&gt;&lt;td colspan="3"&gt;&lt;a href="browser/screenshot/robotframework-browser-screenshot-2.png"&gt;&lt;img src="browser/screenshot/robotframework-browser-screenshot-2.png" width="800px"&gt;&lt;/a&gt;</msg>
<status status="PASS" starttime="20210504 09:40:35.812" endtime="20210504 09:40:35.942"/>
</kw>
<status status="PASS" starttime="20210504 09:40:33.809" endtime="20210504 09:40:35.943"/>
</kw>
<tag>duplicado</tag>
<status status="PASS" starttime="20210504 09:40:30.015" endtime="20210504 09:40:35.943"/>
</test>
<test id="s1-t3" name="Cenario: Todos os campos devem ser obrigatórios">
<kw name="Set Variable" library="BuiltIn">
<var>@{expected_alerts}</var>
<arg>Nome é obrigatório</arg>
<arg>O e-mail é obrigatório</arg>
<arg>idade é obrigatória</arg>
<arg>o peso é obrigatório</arg>
<arg>a Altura é obrigatória</arg>
<doc>Returns the given values which can then be assigned to a variables.</doc>
<msg timestamp="20210504 09:40:35.960" level="INFO">@{expected_alerts} = [ Nome é obrigatório | O e-mail é obrigatório | idade é obrigatória | o peso é obrigatório | a Altura é obrigatória ]</msg>
<status status="PASS" starttime="20210504 09:40:35.959" endtime="20210504 09:40:35.960"/>
</kw>
<kw name="Create List" library="BuiltIn">
<var>@{got_alerts}</var>
<doc>Returns a list containing given items.</doc>
<msg timestamp="20210504 09:40:35.961" level="INFO">@{got_alerts} = [ ]</msg>
<status status="PASS" starttime="20210504 09:40:35.960" endtime="20210504 09:40:35.961"/>
</kw>
<kw name="Go to Students" library="nav">
<kw name="Click" library="Browser">
<arg>css=a[href$=alunos]</arg>
<tag>PageContent</tag>
<tag>Setter</tag>
<doc>Simulates mouse click on the element found by ``selector``.</doc>
<status status="PASS" starttime="20210504 09:40:35.962" endtime="20210504 09:40:36.056"/>
</kw>
<kw name="Wait For Elements State" library="Browser">
<arg>css=h1 &gt;&gt; text=Gestão de Alunos</arg>
<arg>visible</arg>
<arg>5</arg>
<tag>PageContent</tag>
<tag>Wait</tag>
<doc>Waits for the element found by ``selector`` to satisfy state option.</doc>
<msg timestamp="20210504 09:40:36.072" level="INFO">Wait for Element with selector: css=h1 &gt;&gt; text=Gestão de Alunos</msg>
<status status="PASS" starttime="20210504 09:40:36.056" endtime="20210504 09:40:36.073"/>
</kw>
<status status="PASS" starttime="20210504 09:40:35.961" endtime="20210504 09:40:36.073"/>
</kw>
<kw name="Go to Form Student" library="students">
<kw name="Click" library="Browser">
<arg>css=a[href$="alunos/new"]</arg>
<tag>PageContent</tag>
<tag>Setter</tag>
<doc>Simulates mouse click on the element found by ``selector``.</doc>
<status status="PASS" starttime="20210504 09:40:36.075" endtime="20210504 09:40:36.150"/>
</kw>
<kw name="Wait For Elements State" library="Browser">
<arg>css=h1 &gt;&gt; text=Novo aluno</arg>
<arg>visible</arg>
<arg>5</arg>
<tag>PageContent</tag>
<tag>Wait</tag>
<doc>Waits for the element found by ``selector`` to satisfy state option.</doc>
<msg timestamp="20210504 09:40:36.166" level="INFO">Wait for Element with selector: css=h1 &gt;&gt; text=Novo aluno</msg>
<status status="PASS" starttime="20210504 09:40:36.150" endtime="20210504 09:40:36.166"/>
</kw>
<status status="PASS" starttime="20210504 09:40:36.074" endtime="20210504 09:40:36.166"/>
</kw>
<kw name="Submit Student Form" library="students">
<kw name="Click" library="Browser">
<arg>css=button[form$=Student]</arg>
<tag>PageContent</tag>
<tag>Setter</tag>
<doc>Simulates mouse click on the element found by ``selector``.</doc>
<status status="PASS" starttime="20210504 09:40:36.169" endtime="20210504 09:40:36.244"/>
</kw>
<status status="PASS" starttime="20210504 09:40:36.168" endtime="20210504 09:40:36.245"/>
</kw>
<for flavor="IN RANGE">
<var>${index}</var>
<value>1</value>
<value>6</value>
<iter>
<var name="${index}">1</var>
<kw name="Get Required Alerts" library="components">
<var>${span}</var>
<arg>${index}</arg>
<kw name="Get Text" library="Browser">
<var>${span}</var>
<arg>xpath=(//form//span)[${index}])</arg>
<tag>Assertion</tag>
<tag>Getter</tag>
<tag>PageContent</tag>
<doc>Returns text attribute of the element found by ``selector``.
See the `Finding elements` section for details about the selectors.</doc>
<msg timestamp="20210504 09:40:37.409" level="INFO" html="true">&lt;/td&gt;&lt;/tr&gt;&lt;tr&gt;&lt;td colspan="3"&gt;&lt;a href="Cenario_Todos_os_campos_devem_ser_obrigatrios_FAILURE_SCREENSHOT_4.png"&gt;&lt;img src="Cenario_Todos_os_campos_devem_ser_obrigatrios_FAILURE_SCREENSHOT_4.png" width="800px"&gt;&lt;/a&gt;</msg>
<msg timestamp="20210504 09:40:37.412" level="FAIL">Error: page.waitForSelector: Evaluation failed: DOMException: Failed to execute 'evaluate' on 'Document': The string '(//form//span)[1])' is not a valid XPath expression.
    at Object.query (&lt;anonymous&gt;:2868:29)
    at InjectedScript._queryEngine (&lt;anonymous&gt;:1591:47)
    at InjectedScript._querySelectorRecursively (&lt;anonymous&gt;:1547:25)
    at InjectedScript.querySelector (&lt;anonymous&gt;:1538:25)
    at eval (eval at evaluate (:303:29), &lt;anonymous&gt;:4:38)
    at onRaf (&lt;anonymous&gt;:1667:37)
    at &lt;anonymous&gt;:1677:13
    at Object.run (&lt;anonymous&gt;:1735:28)
    at eval (eval at evaluate (:303:29), &lt;anonymous&gt;:1:14)
    at UtilityScript.evaluate (&lt;anonymous&gt;:305:22)
=========================== logs ===========================
waiting for selector "xpath=(//form//span)[1])"
============================================================
Note: use DEBUG=pw:api environment variable to capture Playwright logs.</msg>
<status status="FAIL" starttime="20210504 09:40:36.246" endtime="20210504 09:40:37.412"/>
</kw>
<status status="FAIL" starttime="20210504 09:40:36.245" endtime="20210504 09:40:37.412"/>
</kw>
<kw name="Append To List" library="Collections">
<arg>${got_alerts}</arg>
<arg>${span}</arg>
<doc>Adds ``values`` to the end of ``list``.</doc>
<status status="NOT RUN" starttime="20210504 09:40:37.412" endtime="20210504 09:40:37.412"/>
</kw>
<status status="FAIL" starttime="20210504 09:40:36.245" endtime="20210504 09:40:37.413"/>
</iter>
<status status="FAIL" starttime="20210504 09:40:36.245" endtime="20210504 09:40:37.413"/>
</for>
<kw name="Log" library="BuiltIn">
<arg>${expected_alerts}</arg>
<doc>Logs the given message with the given level.</doc>
<status status="NOT RUN" starttime="20210504 09:40:37.413" endtime="20210504 09:40:37.413"/>
</kw>
<kw name="Log" library="BuiltIn">
<arg>${got_alerts}</arg>
<doc>Logs the given message with the given level.</doc>
<status status="NOT RUN" starttime="20210504 09:40:37.413" endtime="20210504 09:40:37.414"/>
</kw>
<kw name="List Should Be Equal">
<arg>${expected_alerts}</arg>
<arg>${got_alerts}</arg>
<status status="NOT RUN" starttime="20210504 09:40:37.423" endtime="20210504 09:40:37.424"/>
</kw>
<kw name="Take Screenshot" library="Browser" type="TEARDOWN">
<tag>PageContent</tag>
<doc>Takes a screenshot of the current window and saves it to ``path``. Saves it as a png.</doc>
<msg timestamp="20210504 09:40:37.547" level="INFO" html="true">&lt;/td&gt;&lt;/tr&gt;&lt;tr&gt;&lt;td colspan="3"&gt;&lt;a href="browser/screenshot/robotframework-browser-screenshot-3.png"&gt;&lt;img src="browser/screenshot/robotframework-browser-screenshot-3.png" width="800px"&gt;&lt;/a&gt;</msg>
<status status="PASS" starttime="20210504 09:40:37.425" endtime="20210504 09:40:37.547"/>
</kw>
<tag>fail</tag>
<status status="FAIL" starttime="20210504 09:40:35.951" endtime="20210504 09:40:37.547">Error: page.waitForSelector: Evaluation failed: DOMException: Failed to execute 'evaluate' on 'Document': The string '(//form//span)[1])' is not a valid XPath expression.
    at Object.query (&lt;anonymous&gt;:2868:29)
    at InjectedScript._queryEngine (&lt;anonymous&gt;:1591:47)
    at InjectedScript._querySelectorRecursively (&lt;anonymous&gt;:1547:25)
    at InjectedScript.querySelector (&lt;anonymous&gt;:1538:25)
    at eval (eval at evaluate (:303:29), &lt;anonymous&gt;:4:38)
    at onRaf (&lt;anonymous&gt;:1667:37)
    at &lt;anonymous&gt;:1677:13
    at Object.run (&lt;anonymous&gt;:1735:28)
    at eval (eval at evaluate (:303:29), &lt;anonymous&gt;:1:14)
    at UtilityScript.evaluate (&lt;anonymous&gt;:305:22)
=========================== logs ===========================
waiting for selector "xpath=(//form//span)[1])"
============================================================
Note: use DEBUG=pw:api environment variable to capture Playwright logs.</status>
</test>
<test id="s1-t4" name="Cenario: Validação dos Campos Numéricos">
<kw name="Check Type Field On Student Form">
<arg>${AGE_FIELD}</arg>
<arg>number</arg>
<kw name="Go to Students" library="nav">
<kw name="Click" library="Browser">
<arg>css=a[href$=alunos]</arg>
<tag>PageContent</tag>
<tag>Setter</tag>
<doc>Simulates mouse click on the element found by ``selector``.</doc>
<status status="PASS" starttime="20210504 09:40:37.563" endtime="20210504 09:40:37.644"/>
</kw>
<kw name="Wait For Elements State" library="Browser">
<arg>css=h1 &gt;&gt; text=Gestão de Alunos</arg>
<arg>visible</arg>
<arg>5</arg>
<tag>PageContent</tag>
<tag>Wait</tag>
<doc>Waits for the element found by ``selector`` to satisfy state option.</doc>
<msg timestamp="20210504 09:40:37.661" level="INFO">Wait for Element with selector: css=h1 &gt;&gt; text=Gestão de Alunos</msg>
<status status="PASS" starttime="20210504 09:40:37.644" endtime="20210504 09:40:37.661"/>
</kw>
<status status="PASS" starttime="20210504 09:40:37.562" endtime="20210504 09:40:37.662"/>
</kw>
<kw name="Go to Form Student" library="students">
<kw name="Click" library="Browser">
<arg>css=a[href$="alunos/new"]</arg>
<tag>PageContent</tag>
<tag>Setter</tag>
<doc>Simulates mouse click on the element found by ``selector``.</doc>
<status status="PASS" starttime="20210504 09:40:37.663" endtime="20210504 09:40:37.775"/>
</kw>
<kw name="Wait For Elements State" library="Browser">
<arg>css=h1 &gt;&gt; text=Novo aluno</arg>
<arg>visible</arg>
<arg>5</arg>
<tag>PageContent</tag>
<tag>Wait</tag>
<doc>Waits for the element found by ``selector`` to satisfy state option.</doc>
<msg timestamp="20210504 09:40:37.793" level="INFO">Wait for Element with selector: css=h1 &gt;&gt; text=Novo aluno</msg>
<status status="PASS" starttime="20210504 09:40:37.776" endtime="20210504 09:40:37.793"/>
</kw>
<status status="PASS" starttime="20210504 09:40:37.662" endtime="20210504 09:40:37.794"/>
</kw>
<kw name="Field Should Be Type" library="components">
<arg>${element}</arg>
<arg>${type}</arg>
<kw name="Get Attribute" library="Browser">
<var>${attr}</var>
<arg>${element}</arg>
<arg>type</arg>
<tag>Assertion</tag>
<tag>Getter</tag>
<tag>PageContent</tag>
<doc>Returns the HTML ``attribute`` of the element found by ``selector``.</doc>
<msg timestamp="20210504 09:40:37.835" level="INFO">${attr} = number</msg>
<status status="PASS" starttime="20210504 09:40:37.795" endtime="20210504 09:40:37.835"/>
</kw>
<kw name="Should Be Equal" library="BuiltIn">
<arg>${attr}</arg>
<arg>${type}</arg>
<doc>Fails if the given objects are unequal.</doc>
<status status="PASS" starttime="20210504 09:40:37.835" endtime="20210504 09:40:37.836"/>
</kw>
<status status="PASS" starttime="20210504 09:40:37.794" endtime="20210504 09:40:37.836"/>
</kw>
<status status="PASS" starttime="20210504 09:40:37.561" endtime="20210504 09:40:37.836"/>
</kw>
<kw name="Check Type Field On Student Form">
<arg>${WEIGTH_FIELD}</arg>
<arg>number</arg>
<kw name="Go to Students" library="nav">
<kw name="Click" library="Browser">
<arg>css=a[href$=alunos]</arg>
<tag>PageContent</tag>
<tag>Setter</tag>
<doc>Simulates mouse click on the element found by ``selector``.</doc>
<status status="PASS" starttime="20210504 09:40:37.841" endtime="20210504 09:40:37.928"/>
</kw>
<kw name="Wait For Elements State" library="Browser">
<arg>css=h1 &gt;&gt; text=Gestão de Alunos</arg>
<arg>visible</arg>
<arg>5</arg>
<tag>PageContent</tag>
<tag>Wait</tag>
<doc>Waits for the element found by ``selector`` to satisfy state option.</doc>
<msg timestamp="20210504 09:40:37.941" level="INFO">Wait for Element with selector: css=h1 &gt;&gt; text=Gestão de Alunos</msg>
<status status="PASS" starttime="20210504 09:40:37.929" endtime="20210504 09:40:37.942"/>
</kw>
<status status="PASS" starttime="20210504 09:40:37.838" endtime="20210504 09:40:37.942"/>
</kw>
<kw name="Go to Form Student" library="students">
<kw name="Click" library="Browser">
<arg>css=a[href$="alunos/new"]</arg>
<tag>PageContent</tag>
<tag>Setter</tag>
<doc>Simulates mouse click on the element found by ``selector``.</doc>
<status status="PASS" starttime="20210504 09:40:37.943" endtime="20210504 09:40:38.018"/>
</kw>
<kw name="Wait For Elements State" library="Browser">
<arg>css=h1 &gt;&gt; text=Novo aluno</arg>
<arg>visible</arg>
<arg>5</arg>
<tag>PageContent</tag>
<tag>Wait</tag>
<doc>Waits for the element found by ``selector`` to satisfy state option.</doc>
<msg timestamp="20210504 09:40:38.034" level="INFO">Wait for Element with selector: css=h1 &gt;&gt; text=Novo aluno</msg>
<status status="PASS" starttime="20210504 09:40:38.018" endtime="20210504 09:40:38.034"/>
</kw>
<status status="PASS" starttime="20210504 09:40:37.942" endtime="20210504 09:40:38.034"/>
</kw>
<kw name="Field Should Be Type" library="components">
<arg>${element}</arg>
<arg>${type}</arg>
<kw name="Get Attribute" library="Browser">
<var>${attr}</var>
<arg>${element}</arg>
<arg>type</arg>
<tag>Assertion</tag>
<tag>Getter</tag>
<tag>PageContent</tag>
<doc>Returns the HTML ``attribute`` of the element found by ``selector``.</doc>
<msg timestamp="20210504 09:40:38.063" level="INFO">${attr} = number</msg>
<status status="PASS" starttime="20210504 09:40:38.035" endtime="20210504 09:40:38.063"/>
</kw>
<kw name="Should Be Equal" library="BuiltIn">
<arg>${attr}</arg>
<arg>${type}</arg>
<doc>Fails if the given objects are unequal.</doc>
<status status="PASS" starttime="20210504 09:40:38.063" endtime="20210504 09:40:38.064"/>
</kw>
<status status="PASS" starttime="20210504 09:40:38.034" endtime="20210504 09:40:38.064"/>
</kw>
<status status="PASS" starttime="20210504 09:40:37.837" endtime="20210504 09:40:38.065"/>
</kw>
<kw name="Check Type Field On Student Form">
<arg>${FEET_TALL_FIELD}</arg>
<arg>number</arg>
<kw name="Go to Students" library="nav">
<kw name="Click" library="Browser">
<arg>css=a[href$=alunos]</arg>
<tag>PageContent</tag>
<tag>Setter</tag>
<doc>Simulates mouse click on the element found by ``selector``.</doc>
<status status="PASS" starttime="20210504 09:40:38.067" endtime="20210504 09:40:38.127"/>
</kw>
<kw name="Wait For Elements State" library="Browser">
<arg>css=h1 &gt;&gt; text=Gestão de Alunos</arg>
<arg>visible</arg>
<arg>5</arg>
<tag>PageContent</tag>
<tag>Wait</tag>
<doc>Waits for the element found by ``selector`` to satisfy state option.</doc>
<msg timestamp="20210504 09:40:38.143" level="INFO">Wait for Element with selector: css=h1 &gt;&gt; text=Gestão de Alunos</msg>
<status status="PASS" starttime="20210504 09:40:38.127" endtime="20210504 09:40:38.143"/>
</kw>
<status status="PASS" starttime="20210504 09:40:38.067" endtime="20210504 09:40:38.144"/>
</kw>
<kw name="Go to Form Student" library="students">
<kw name="Click" library="Browser">
<arg>css=a[href$="alunos/new"]</arg>
<tag>PageContent</tag>
<tag>Setter</tag>
<doc>Simulates mouse click on the element found by ``selector``.</doc>
<status status="PASS" starttime="20210504 09:40:38.145" endtime="20210504 09:40:38.223"/>
</kw>
<kw name="Wait For Elements State" library="Browser">
<arg>css=h1 &gt;&gt; text=Novo aluno</arg>
<arg>visible</arg>
<arg>5</arg>
<tag>PageContent</tag>
<tag>Wait</tag>
<doc>Waits for the element found by ``selector`` to satisfy state option.</doc>
<msg timestamp="20210504 09:40:38.236" level="INFO">Wait for Element with selector: css=h1 &gt;&gt; text=Novo aluno</msg>
<status status="PASS" starttime="20210504 09:40:38.223" endtime="20210504 09:40:38.236"/>
</kw>
<status status="PASS" starttime="20210504 09:40:38.144" endtime="20210504 09:40:38.237"/>
</kw>
<kw name="Field Should Be Type" library="components">
<arg>${element}</arg>
<arg>${type}</arg>
<kw name="Get Attribute" library="Browser">
<var>${attr}</var>
<arg>${element}</arg>
<arg>type</arg>
<tag>Assertion</tag>
<tag>Getter</tag>
<tag>PageContent</tag>
<doc>Returns the HTML ``attribute`` of the element found by ``selector``.</doc>
<msg timestamp="20210504 09:40:38.260" level="INFO">${attr} = number</msg>
<status status="PASS" starttime="20210504 09:40:38.238" endtime="20210504 09:40:38.260"/>
</kw>
<kw name="Should Be Equal" library="BuiltIn">
<arg>${attr}</arg>
<arg>${type}</arg>
<doc>Fails if the given objects are unequal.</doc>
<status status="PASS" starttime="20210504 09:40:38.260" endtime="20210504 09:40:38.261"/>
</kw>
<status status="PASS" starttime="20210504 09:40:38.237" endtime="20210504 09:40:38.262"/>
</kw>
<status status="PASS" starttime="20210504 09:40:38.065" endtime="20210504 09:40:38.262"/>
</kw>
<kw name="Take Screenshot" library="Browser" type="TEARDOWN">
<tag>PageContent</tag>
<doc>Takes a screenshot of the current window and saves it to ``path``. Saves it as a png.</doc>
<msg timestamp="20210504 09:40:38.383" level="INFO" html="true">&lt;/td&gt;&lt;/tr&gt;&lt;tr&gt;&lt;td colspan="3"&gt;&lt;a href="browser/screenshot/robotframework-browser-screenshot-4.png"&gt;&lt;img src="browser/screenshot/robotframework-browser-screenshot-4.png" width="800px"&gt;&lt;/a&gt;</msg>
<status status="PASS" starttime="20210504 09:40:38.263" endtime="20210504 09:40:38.384"/>
</kw>
<tag>temp</tag>
<status status="PASS" starttime="20210504 09:40:37.554" endtime="20210504 09:40:38.384"/>
</test>
<test id="s1-t5" name="Cenario: Validação dos Campos do Tipo E-mail">
<kw name="Check Type Field On Student Form">
<arg>${EMAIL_FIELD}</arg>
<arg>email</arg>
<kw name="Go to Students" library="nav">
<kw name="Click" library="Browser">
<arg>css=a[href$=alunos]</arg>
<tag>PageContent</tag>
<tag>Setter</tag>
<doc>Simulates mouse click on the element found by ``selector``.</doc>
<status status="PASS" starttime="20210504 09:40:38.403" endtime="20210504 09:40:38.469"/>
</kw>
<kw name="Wait For Elements State" library="Browser">
<arg>css=h1 &gt;&gt; text=Gestão de Alunos</arg>
<arg>visible</arg>
<arg>5</arg>
<tag>PageContent</tag>
<tag>Wait</tag>
<doc>Waits for the element found by ``selector`` to satisfy state option.</doc>
<msg timestamp="20210504 09:40:38.485" level="INFO">Wait for Element with selector: css=h1 &gt;&gt; text=Gestão de Alunos</msg>
<status status="PASS" starttime="20210504 09:40:38.470" endtime="20210504 09:40:38.485"/>
</kw>
<status status="PASS" starttime="20210504 09:40:38.402" endtime="20210504 09:40:38.486"/>
</kw>
<kw name="Go to Form Student" library="students">
<kw name="Click" library="Browser">
<arg>css=a[href$="alunos/new"]</arg>
<tag>PageContent</tag>
<tag>Setter</tag>
<doc>Simulates mouse click on the element found by ``selector``.</doc>
<status status="PASS" starttime="20210504 09:40:38.487" endtime="20210504 09:40:38.567"/>
</kw>
<kw name="Wait For Elements State" library="Browser">
<arg>css=h1 &gt;&gt; text=Novo aluno</arg>
<arg>visible</arg>
<arg>5</arg>
<tag>PageContent</tag>
<tag>Wait</tag>
<doc>Waits for the element found by ``selector`` to satisfy state option.</doc>
<msg timestamp="20210504 09:40:38.582" level="INFO">Wait for Element with selector: css=h1 &gt;&gt; text=Novo aluno</msg>
<status status="PASS" starttime="20210504 09:40:38.567" endtime="20210504 09:40:38.582"/>
</kw>
<status status="PASS" starttime="20210504 09:40:38.486" endtime="20210504 09:40:38.583"/>
</kw>
<kw name="Field Should Be Type" library="components">
<arg>${element}</arg>
<arg>${type}</arg>
<kw name="Get Attribute" library="Browser">
<var>${attr}</var>
<arg>${element}</arg>
<arg>type</arg>
<tag>Assertion</tag>
<tag>Getter</tag>
<tag>PageContent</tag>
<doc>Returns the HTML ``attribute`` of the element found by ``selector``.</doc>
<msg timestamp="20210504 09:40:38.609" level="INFO">${attr} = email</msg>
<status status="PASS" starttime="20210504 09:40:38.584" endtime="20210504 09:40:38.609"/>
</kw>
<kw name="Should Be Equal" library="BuiltIn">
<arg>${attr}</arg>
<arg>${type}</arg>
<doc>Fails if the given objects are unequal.</doc>
<status status="PASS" starttime="20210504 09:40:38.609" endtime="20210504 09:40:38.610"/>
</kw>
<status status="PASS" starttime="20210504 09:40:38.583" endtime="20210504 09:40:38.611"/>
</kw>
<status status="PASS" starttime="20210504 09:40:38.401" endtime="20210504 09:40:38.611"/>
</kw>
<kw name="Take Screenshot" library="Browser" type="TEARDOWN">
<tag>PageContent</tag>
<doc>Takes a screenshot of the current window and saves it to ``path``. Saves it as a png.</doc>
<msg timestamp="20210504 09:40:38.724" level="INFO" html="true">&lt;/td&gt;&lt;/tr&gt;&lt;tr&gt;&lt;td colspan="3"&gt;&lt;a href="browser/screenshot/robotframework-browser-screenshot-5.png"&gt;&lt;img src="browser/screenshot/robotframework-browser-screenshot-5.png" width="800px"&gt;&lt;/a&gt;</msg>
<status status="PASS" starttime="20210504 09:40:38.612" endtime="20210504 09:40:38.724"/>
</kw>
<tag>temp</tag>
<status status="PASS" starttime="20210504 09:40:38.392" endtime="20210504 09:40:38.725"/>
</test>
<test id="s1-t6" name="Cenario: Menor de 14 anos não pode fazer cadastro">
<kw name="Create Dictionary" library="BuiltIn">
<var>&amp;{student}</var>
<arg>name=Livia da Silva</arg>
<arg>email=livia@theotokus.com</arg>
<arg>age=13</arg>
<arg>weight=50</arg>
<arg>feet_tall=1.65</arg>
<doc>Creates and returns a dictionary based on the given ``items``.</doc>
<msg timestamp="20210504 09:40:38.743" level="INFO">&amp;{student} = { name=Livia da Silva | email=livia@theotokus.com | age=13 | weight=50 | feet_tall=1.65 }</msg>
<status status="PASS" starttime="20210504 09:40:38.742" endtime="20210504 09:40:38.743"/>
</kw>
<kw name="Go to Students" library="nav">
<kw name="Click" library="Browser">
<arg>css=a[href$=alunos]</arg>
<tag>PageContent</tag>
<tag>Setter</tag>
<doc>Simulates mouse click on the element found by ``selector``.</doc>
<status status="PASS" starttime="20210504 09:40:38.744" endtime="20210504 09:40:38.811"/>
</kw>
<kw name="Wait For Elements State" library="Browser">
<arg>css=h1 &gt;&gt; text=Gestão de Alunos</arg>
<arg>visible</arg>
<arg>5</arg>
<tag>PageContent</tag>
<tag>Wait</tag>
<doc>Waits for the element found by ``selector`` to satisfy state option.</doc>
<msg timestamp="20210504 09:40:38.831" level="INFO">Wait for Element with selector: css=h1 &gt;&gt; text=Gestão de Alunos</msg>
<status status="PASS" starttime="20210504 09:40:38.812" endtime="20210504 09:40:38.832"/>
</kw>
<status status="PASS" starttime="20210504 09:40:38.743" endtime="20210504 09:40:38.832"/>
</kw>
<kw name="Go to Form Student" library="students">
<kw name="Click" library="Browser">
<arg>css=a[href$="alunos/new"]</arg>
<tag>PageContent</tag>
<tag>Setter</tag>
<doc>Simulates mouse click on the element found by ``selector``.</doc>
<status status="PASS" starttime="20210504 09:40:38.833" endtime="20210504 09:40:38.917"/>
</kw>
<kw name="Wait For Elements State" library="Browser">
<arg>css=h1 &gt;&gt; text=Novo aluno</arg>
<arg>visible</arg>
<arg>5</arg>
<tag>PageContent</tag>
<tag>Wait</tag>
<doc>Waits for the element found by ``selector`` to satisfy state option.</doc>
<msg timestamp="20210504 09:40:38.930" level="INFO">Wait for Element with selector: css=h1 &gt;&gt; text=Novo aluno</msg>
<status status="PASS" starttime="20210504 09:40:38.917" endtime="20210504 09:40:38.930"/>
</kw>
<status status="PASS" starttime="20210504 09:40:38.833" endtime="20210504 09:40:38.930"/>
</kw>
<kw name="New Student" library="students">
<arg>${student}</arg>
<kw name="Fill Text" library="Browser">
<arg>${NAME_FIELD}</arg>
<arg>${student.name}</arg>
<tag>PageContent</tag>
<tag>Setter</tag>
<doc>Clears and fills the given ``text`` into the text field found by ``selector``.</doc>
<msg timestamp="20210504 09:40:38.934" level="INFO">Fills the text 'Livia da Silva' in the given field.</msg>
<status status="PASS" starttime="20210504 09:40:38.932" endtime="20210504 09:40:38.969"/>
</kw>
<kw name="Fill Text" library="Browser">
<arg>${EMAIL_FIELD}</arg>
<arg>${student.email}</arg>
<tag>PageContent</tag>
<tag>Setter</tag>
<doc>Clears and fills the given ``text`` into the text field found by ``selector``.</doc>
<msg timestamp="20210504 09:40:38.971" level="INFO">Fills the text 'livia@theotokus.com' in the given field.</msg>
<status status="PASS" starttime="20210504 09:40:38.970" endtime="20210504 09:40:39.005"/>
</kw>
<kw name="Fill Text" library="Browser">
<arg>${AGE_FIELD}</arg>
<arg>${student.age}</arg>
<tag>PageContent</tag>
<tag>Setter</tag>
<doc>Clears and fills the given ``text`` into the text field found by ``selector``.</doc>
<msg timestamp="20210504 09:40:39.006" level="INFO">Fills the text '13' in the given field.</msg>
<status status="PASS" starttime="20210504 09:40:39.005" endtime="20210504 09:40:39.031"/>
</kw>
<kw name="Fill Text" library="Browser">
<arg>${WEIGTH_FIELD}</arg>
<arg>${student.weight}</arg>
<tag>PageContent</tag>
<tag>Setter</tag>
<doc>Clears and fills the given ``text`` into the text field found by ``selector``.</doc>
<msg timestamp="20210504 09:40:39.033" level="INFO">Fills the text '50' in the given field.</msg>
<status status="PASS" starttime="20210504 09:40:39.031" endtime="20210504 09:40:39.065"/>
</kw>
<kw name="Fill Text" library="Browser">
<arg>${FEET_TALL_FIELD}</arg>
<arg>${student.feet_tall}</arg>
<tag>PageContent</tag>
<tag>Setter</tag>
<doc>Clears and fills the given ``text`` into the text field found by ``selector``.</doc>
<msg timestamp="20210504 09:40:39.067" level="INFO">Fills the text '1.65' in the given field.</msg>
<status status="PASS" starttime="20210504 09:40:39.065" endtime="20210504 09:40:39.091"/>
</kw>
<kw name="Submit Student Form" library="students">
<kw name="Click" library="Browser">
<arg>css=button[form$=Student]</arg>
<tag>PageContent</tag>
<tag>Setter</tag>
<doc>Simulates mouse click on the element found by ``selector``.</doc>
<status status="PASS" starttime="20210504 09:40:39.092" endtime="20210504 09:40:39.155"/>
</kw>
<status status="PASS" starttime="20210504 09:40:39.092" endtime="20210504 09:40:39.156"/>
</kw>
<status status="PASS" starttime="20210504 09:40:38.931" endtime="20210504 09:40:39.156"/>
</kw>
<kw name="Alert Text Should Be" library="components">
<arg>A idade deve ser maior ou igual 14 anos</arg>
<kw name="Wait For Elements State" library="Browser">
<arg>css=form span &gt;&gt; text=${expect_text}</arg>
<arg>visible</arg>
<arg>5</arg>
<tag>PageContent</tag>
<tag>Wait</tag>
<doc>Waits for the element found by ``selector`` to satisfy state option.</doc>
<msg timestamp="20210504 09:40:39.179" level="INFO">Wait for Element with selector: css=form span &gt;&gt; text=A idade deve ser maior ou igual 14 anos</msg>
<status status="PASS" starttime="20210504 09:40:39.158" endtime="20210504 09:40:39.180"/>
</kw>
<status status="PASS" starttime="20210504 09:40:39.157" endtime="20210504 09:40:39.180"/>
</kw>
<kw name="Take Screenshot" library="Browser" type="TEARDOWN">
<tag>PageContent</tag>
<doc>Takes a screenshot of the current window and saves it to ``path``. Saves it as a png.</doc>
<msg timestamp="20210504 09:40:39.306" level="INFO" html="true">&lt;/td&gt;&lt;/tr&gt;&lt;tr&gt;&lt;td colspan="3"&gt;&lt;a href="browser/screenshot/robotframework-browser-screenshot-6.png"&gt;&lt;img src="browser/screenshot/robotframework-browser-screenshot-6.png" width="800px"&gt;&lt;/a&gt;</msg>
<status status="PASS" starttime="20210504 09:40:39.181" endtime="20210504 09:40:39.306"/>
</kw>
<status status="PASS" starttime="20210504 09:40:38.732" endtime="20210504 09:40:39.306"/>
</test>
<doc>Cadastro de alunos</doc>
<status status="FAIL" starttime="20210504 09:40:20.851" endtime="20210504 09:40:39.315"/>
</suite>
<statistics>
<total>
<stat pass="5" fail="1" skip="0">All Tests</stat>
</total>
<tag>
<stat pass="1" fail="0" skip="0">duplicado</stat>
<stat pass="0" fail="1" skip="0">fail</stat>
<stat pass="2" fail="0" skip="0">temp</stat>
</tag>
<suite>
<stat pass="5" fail="1" skip="0" id="s1" name="Cadastro Alunos">Cadastro Alunos</stat>
</suite>
</statistics>
<errors>
</errors>
</robot>
