<?xml version="1.0" encoding="UTF-8"?>
<robot generator="Robot 4.0 (Python 3.8.5 on linux)" generated="20210422 20:35:46.677" rpa="false" schemaversion="2">
<suite id="s1" name="Login" source="/home/edson/workspace/courses/qa_ninja/robot_framework/bodytest/tests/login.robot">
<test id="s1-t1" name="Senha incorreta">
<kw name="New Browser" library="Browser">
<arg>chromium</arg>
<arg>False</arg>
<tag>BrowserControl</tag>
<tag>Setter</tag>
<doc>Create a new playwright Browser with specified options.
See `Browser, Context and Page` for more information about Browser and related concepts.</doc>
<msg timestamp="20210422 20:35:47.587" level="INFO">{"browser": "chromium", "headless": false, "handleSIGINT": true, "handleSIGTERM": true, "handleSIGHUP": true, "timeout": 30000.0, "devtools": false, "slowMo": 0.0}</msg>
<msg timestamp="20210422 20:35:48.060" level="INFO">Successfully created browser with options: {"browser":"chromium","headless":false,"handleSIGINT":true,"handleSIGTERM":true,"handleSIGHUP":true,"timeout":30000,"devtools":false,"slowMo":0}</msg>
<status status="PASS" starttime="20210422 20:35:47.586" endtime="20210422 20:35:48.060"/>
</kw>
<kw name="New Page" library="Browser">
<arg>https://theotokus-bodytest-web.herokuapp.com/</arg>
<tag>BrowserControl</tag>
<tag>Setter</tag>
<doc>Open a new Page. A Page is the Playwright equivalent to a tab.
See `Browser, Context and Page` for more information about Page concept.
Returns a stable identifier for the created page.</doc>
<msg timestamp="20210422 20:35:50.415" level="INFO">Successfully initialized new page object and opened url: https://theotokus-bodytest-web.herokuapp.com/</msg>
<status status="PASS" starttime="20210422 20:35:48.061" endtime="20210422 20:35:50.415"/>
</kw>
<kw name="Fill Text" library="Browser">
<arg>css=input[name=email]</arg>
<arg>admin@bodytest.com</arg>
<tag>PageContent</tag>
<tag>Setter</tag>
<doc>Clears and fills the given ``text`` into the text field found by ``selector``.</doc>
<msg timestamp="20210422 20:35:50.417" level="INFO">Fills the text 'admin@bodytest.com' in the given field.</msg>
<status status="PASS" starttime="20210422 20:35:50.416" endtime="20210422 20:35:50.533"/>
</kw>
<kw name="Fill Text" library="Browser">
<arg>css=input[name=password]</arg>
<arg>abc123</arg>
<tag>PageContent</tag>
<tag>Setter</tag>
<doc>Clears and fills the given ``text`` into the text field found by ``selector``.</doc>
<msg timestamp="20210422 20:35:50.534" level="INFO">Fills the text 'abc123' in the given field.</msg>
<status status="PASS" starttime="20210422 20:35:50.533" endtime="20210422 20:35:50.584"/>
</kw>
<kw name="Click" library="Browser">
<arg>text=Entrar</arg>
<tag>PageContent</tag>
<tag>Setter</tag>
<doc>Simulates mouse click on the element found by ``selector``.</doc>
<status status="PASS" starttime="20210422 20:35:50.585" endtime="20210422 20:35:50.715"/>
</kw>
<kw name="Wait For Elements State" library="Browser">
<arg>css=.Toastify__toast-body &gt;&gt; text=Usuário ou senha inválido</arg>
<arg>visible</arg>
<arg>5</arg>
<tag>PageContent</tag>
<tag>Wait</tag>
<doc>Waits for the element found by ``selector`` to satisfy state option.</doc>
<msg timestamp="20210422 20:35:51.489" level="INFO">Wait for Element with selector: css=.Toastify__toast-body &gt;&gt; text=Usuário ou senha inválido</msg>
<status status="PASS" starttime="20210422 20:35:50.715" endtime="20210422 20:35:51.490"/>
</kw>
<tag>temp</tag>
<status status="PASS" starttime="20210422 20:35:47.581" endtime="20210422 20:35:51.491"/>
</test>
<doc>Suite de testes de Login do Administrador</doc>
<status status="PASS" starttime="20210422 20:35:46.679" endtime="20210422 20:35:51.694"/>
</suite>
<statistics>
<total>
<stat pass="1" fail="0" skip="0">All Tests</stat>
</total>
<tag>
<stat pass="1" fail="0" skip="0">temp</stat>
</tag>
<suite>
<stat pass="1" fail="0" skip="0" id="s1" name="Login">Login</stat>
</suite>
</statistics>
<errors>
</errors>
</robot>
