<?xml version="1.0" encoding="UTF-8"?>
<robot generator="Robot 4.0 (Python 3.8.5 on linux)" generated="20210506 12:39:23.411" rpa="false" schemaversion="2">
<suite id="s1" name="Search" source="/home/edson/workspace/courses/qa_ninja/robot_framework/bodytest/tests/students/search.robot">
<kw name="Start Admin Session" library="base" type="SETUP">
<kw name="Start Browser Session" library="base">
<kw name="New Browser" library="Browser">
<arg>chromium</arg>
<arg>true</arg>
<tag>BrowserControl</tag>
<tag>Setter</tag>
<doc>Create a new playwright Browser with specified options.
See `Browser, Context and Page` for more information about Browser and related concepts.</doc>
<msg timestamp="20210506 12:39:24.473" level="INFO">{"browser": "chromium", "headless": true, "handleSIGINT": true, "handleSIGTERM": true, "handleSIGHUP": true, "timeout": 30000.0, "devtools": false, "slowMo": 0.0}</msg>
<msg timestamp="20210506 12:39:24.681" level="INFO">Successfully created browser with options: {"browser":"chromium","headless":true,"handleSIGINT":true,"handleSIGTERM":true,"handleSIGHUP":true,"timeout":30000,"devtools":false,"slowMo":0}</msg>
<status status="PASS" starttime="20210506 12:39:24.472" endtime="20210506 12:39:24.681"/>
</kw>
<kw name="New Page" library="Browser">
<arg>about:blank</arg>
<tag>BrowserControl</tag>
<tag>Setter</tag>
<doc>Open a new Page. A Page is the Playwright equivalent to a tab.
See `Browser, Context and Page` for more information about Page concept.
Returns a stable identifier for the created page.</doc>
<msg timestamp="20210506 12:39:24.802" level="INFO">Successfully initialized new page object and opened url: about:blank</msg>
<status status="PASS" starttime="20210506 12:39:24.682" endtime="20210506 12:39:24.803"/>
</kw>
<status status="PASS" starttime="20210506 12:39:24.472" endtime="20210506 12:39:24.803"/>
</kw>
<kw name="Go To Login Pages" library="auth">
<kw name="Go To" library="Browser">
<arg>https://theotokus-bodytest-web.herokuapp.com/</arg>
<tag>BrowserControl</tag>
<tag>Setter</tag>
<doc>Navigates to the given ``url``.</doc>
<msg timestamp="20210506 12:39:26.794" level="INFO">Succesfully opened URL https://theotokus-bodytest-web.herokuapp.com/</msg>
<status status="PASS" starttime="20210506 12:39:24.803" endtime="20210506 12:39:26.794"/>
</kw>
<status status="PASS" starttime="20210506 12:39:24.803" endtime="20210506 12:39:26.795"/>
</kw>
<kw name="Login With" library="auth">
<arg>admin@bodytest.com</arg>
<arg>pwd123</arg>
<kw name="Fill Text" library="Browser">
<arg>css=input[name=email]</arg>
<arg>${email}</arg>
<tag>PageContent</tag>
<tag>Setter</tag>
<doc>Clears and fills the given ``text`` into the text field found by ``selector``.</doc>
<msg timestamp="20210506 12:39:26.796" level="INFO">Fills the text 'admin@bodytest.com' in the given field.</msg>
<status status="PASS" starttime="20210506 12:39:26.796" endtime="20210506 12:39:26.891"/>
</kw>
<kw name="Fill Text" library="Browser">
<arg>css=input[name=password]</arg>
<arg>${pass}</arg>
<tag>PageContent</tag>
<tag>Setter</tag>
<doc>Clears and fills the given ``text`` into the text field found by ``selector``.</doc>
<msg timestamp="20210506 12:39:26.892" level="INFO">Fills the text 'pwd123' in the given field.</msg>
<status status="PASS" starttime="20210506 12:39:26.892" endtime="20210506 12:39:26.927"/>
</kw>
<kw name="Click" library="Browser">
<arg>text=Entrar</arg>
<tag>PageContent</tag>
<tag>Setter</tag>
<doc>Simulates mouse click on the element found by ``selector``.</doc>
<status status="PASS" starttime="20210506 12:39:26.928" endtime="20210506 12:39:27.050"/>
</kw>
<status status="PASS" starttime="20210506 12:39:26.795" endtime="20210506 12:39:27.050"/>
</kw>
<kw name="User Should Be Logged In" library="nav">
<arg>Administrador</arg>
<kw name="Get Text" library="Browser">
<arg>css=aside strong</arg>
<arg>should be</arg>
<arg>${user_name}</arg>
<tag>Assertion</tag>
<tag>Getter</tag>
<tag>PageContent</tag>
<doc>Returns text attribute of the element found by ``selector``.
See the `Finding elements` section for details about the selectors.</doc>
<status status="PASS" starttime="20210506 12:39:27.051" endtime="20210506 12:39:28.078"/>
</kw>
<status status="PASS" starttime="20210506 12:39:27.050" endtime="20210506 12:39:28.079"/>
</kw>
<status status="PASS" starttime="20210506 12:39:24.471" endtime="20210506 12:39:28.079"/>
</kw>
<test id="s1-t1" name="Cenario: Busca exata">
<kw name="Create Dictionary" library="BuiltIn">
<var>&amp;{student}</var>
<arg>name=Steve Jobs</arg>
<arg>email=jobs@yahoo.com</arg>
<arg>age=51</arg>
<arg>weight=78</arg>
<arg>feet_tall=1.52</arg>
<doc>Creates and returns a dictionary based on the given ``items``.</doc>
<msg timestamp="20210506 12:39:28.099" level="INFO">&amp;{student} = { name=Steve Jobs | email=jobs@yahoo.com | age=51 | weight=78 | feet_tall=1.52 }</msg>
<status status="PASS" starttime="20210506 12:39:28.098" endtime="20210506 12:39:28.099"/>
</kw>
<kw name="Remove Student By Name" library="DeloreanLibrary">
<arg>${student.name}</arg>
<msg timestamp="20210506 12:39:28.101" level="INFO">delete from students where name LIKE '%Steve Jobs%'</msg>
<status status="PASS" starttime="20210506 12:39:28.099" endtime="20210506 12:39:29.335"/>
</kw>
<kw name="Insert Student" library="DeloreanLibrary">
<arg>${student}</arg>
<msg timestamp="20210506 12:39:29.336" level="INFO">delete from students where email = 'jobs@yahoo.com'</msg>
<msg timestamp="20210506 12:39:30.433" level="INFO">insert into students(name, email, age, weight, feet_tall, created_at, updated_at)values('Steve Jobs','jobs@yahoo.com',51,78,1.52,NOW(),NOW());</msg>
<status status="PASS" starttime="20210506 12:39:29.335" endtime="20210506 12:39:31.580"/>
</kw>
<kw name="Go to Students" library="nav">
<kw name="Click" library="Browser">
<arg>css=a[href$=alunos]</arg>
<tag>PageContent</tag>
<tag>Setter</tag>
<doc>Simulates mouse click on the element found by ``selector``.</doc>
<status status="PASS" starttime="20210506 12:39:31.582" endtime="20210506 12:39:31.696"/>
</kw>
<kw name="Wait For Elements State" library="Browser">
<arg>css=h1 &gt;&gt; text=Gestão de Alunos</arg>
<arg>visible</arg>
<arg>5</arg>
<tag>PageContent</tag>
<tag>Wait</tag>
<doc>Waits for the element found by ``selector`` to satisfy state option.</doc>
<msg timestamp="20210506 12:39:31.726" level="INFO">Wait for Element with selector: css=h1 &gt;&gt; text=Gestão de Alunos</msg>
<status status="PASS" starttime="20210506 12:39:31.697" endtime="20210506 12:39:31.726"/>
</kw>
<status status="PASS" starttime="20210506 12:39:31.580" endtime="20210506 12:39:31.727"/>
</kw>
<kw name="Search Student By Name" library="students">
<arg>${student.name}</arg>
<kw name="Fill Text" library="Browser">
<arg>css=input[placeholder="Buscar aluno"]</arg>
<arg>${name}</arg>
<tag>PageContent</tag>
<tag>Setter</tag>
<doc>Clears and fills the given ``text`` into the text field found by ``selector``.</doc>
<msg timestamp="20210506 12:39:31.729" level="INFO">Fills the text 'Steve Jobs' in the given field.</msg>
<status status="PASS" starttime="20210506 12:39:31.729" endtime="20210506 12:39:31.773"/>
</kw>
<status status="PASS" starttime="20210506 12:39:31.727" endtime="20210506 12:39:31.774"/>
</kw>
<kw name="Student Should Be Visible" library="students">
<arg>${student.name}</arg>
<kw name="Wait For Elements State" library="Browser">
<arg>xpath=//td[contains(text(),"${email}")]</arg>
<arg>visible</arg>
<arg>5</arg>
<tag>PageContent</tag>
<tag>Wait</tag>
<doc>Waits for the element found by ``selector`` to satisfy state option.</doc>
<msg timestamp="20210506 12:39:32.063" level="INFO">Wait for Element with selector: xpath=//td[contains(text(),"Steve Jobs")]</msg>
<status status="PASS" starttime="20210506 12:39:31.776" endtime="20210506 12:39:32.063"/>
</kw>
<status status="PASS" starttime="20210506 12:39:31.774" endtime="20210506 12:39:32.064"/>
</kw>
<kw name="Total Items Should Be">
<arg>1</arg>
<kw name="Set Variable" library="BuiltIn">
<var>${element}</var>
<arg>css=#pagination .total</arg>
<doc>Returns the given values which can then be assigned to a variables.</doc>
<msg timestamp="20210506 12:39:32.065" level="INFO">${element} = css=#pagination .total</msg>
<status status="PASS" starttime="20210506 12:39:32.065" endtime="20210506 12:39:32.066"/>
</kw>
<kw name="Wait For Elements State" library="Browser">
<arg>${element}</arg>
<arg>visible</arg>
<arg>5</arg>
<tag>PageContent</tag>
<tag>Wait</tag>
<doc>Waits for the element found by ``selector`` to satisfy state option.</doc>
<msg timestamp="20210506 12:39:32.094" level="INFO">Wait for Element with selector: css=#pagination .total</msg>
<status status="PASS" starttime="20210506 12:39:32.066" endtime="20210506 12:39:32.094"/>
</kw>
<kw name="Get Text" library="Browser">
<arg>${element}</arg>
<arg>==</arg>
<arg>Total: ${number}</arg>
<tag>Assertion</tag>
<tag>Getter</tag>
<tag>PageContent</tag>
<doc>Returns text attribute of the element found by ``selector``.
See the `Finding elements` section for details about the selectors.</doc>
<status status="PASS" starttime="20210506 12:39:32.095" endtime="20210506 12:39:32.625"/>
</kw>
<status status="PASS" starttime="20210506 12:39:32.064" endtime="20210506 12:39:32.626"/>
</kw>
<kw name="Take Screenshot" library="Browser" type="TEARDOWN">
<tag>PageContent</tag>
<doc>Takes a screenshot of the current window and saves it to ``path``. Saves it as a png.</doc>
<msg timestamp="20210506 12:39:32.747" level="INFO" html="true">&lt;/td&gt;&lt;/tr&gt;&lt;tr&gt;&lt;td colspan="3"&gt;&lt;a href="browser/screenshot/robotframework-browser-screenshot-1.png"&gt;&lt;img src="browser/screenshot/robotframework-browser-screenshot-1.png" width="800px"&gt;&lt;/a&gt;</msg>
<status status="PASS" starttime="20210506 12:39:32.627" endtime="20210506 12:39:32.747"/>
</kw>
<status status="PASS" starttime="20210506 12:39:28.080" endtime="20210506 12:39:32.747"/>
</test>
<doc>Buscar alunos</doc>
<status status="PASS" starttime="20210506 12:39:23.412" endtime="20210506 12:39:32.758"/>
</suite>
<statistics>
<total>
<stat pass="1" fail="0" skip="0">All Tests</stat>
</total>
<tag>
</tag>
<suite>
<stat pass="1" fail="0" skip="0" id="s1" name="Search">Search</stat>
</suite>
</statistics>
<errors>
</errors>
</robot>
